Warning: text mode turns off computation of q-values
Using motif +MODEL_SP_P35869_AHR_HUMAN:34:272_5NJ8_A_1_A.Profiletest_1 of width 12.
Using motif -MODEL_SP_P35869_AHR_HUMAN:34:272_5NJ8_A_1_A.Profiletest_1 of width 12.
Warning: text mode turns off computation of q-values
Using motif +MODEL_SP_P35869_AHR_HUMAN:34:272_5NJ8_A_1_A.Profiletest_1 of width 12.
Using motif -MODEL_SP_P35869_AHR_HUMAN:34:272_5NJ8_A_1_A.Profiletest_1 of width 12.
Warning: text mode turns off computation of q-values
Using motif +MODEL_SP_P35869_AHR_HUMAN:34:272_5NJ8_A_1_A.Profiletest_1 of width 12.
Using motif -MODEL_SP_P35869_AHR_HUMAN:34:272_5NJ8_A_1_A.Profiletest_1 of width 12.
Warning: text mode turns off computation of q-values
Using motif +MODEL_SP_P35869_AHR_HUMAN:34:272_5NJ8_A_1_A.Profiletest_1 of width 12.
Using motif -MODEL_SP_P35869_AHR_HUMAN:34:272_5NJ8_A_1_A.Profiletest_1 of width 12.
Warning: text mode turns off computation of q-values
Using motif +MODEL_SP_P35869_AHR_HUMAN:34:272_5NJ8_A_1_A.Profiletest_1 of width 12.
Using motif -MODEL_SP_P35869_AHR_HUMAN:34:272_5NJ8_A_1_A.Profiletest_1 of width 12.
Check families...
Read DNA named Profiletest (lenght 38) 
Read PDB files from directory /home/pgohl/ModCRE_Package/profiling
	-- Add PDB file MODEL_SP_P35869_AHR_HUMAN:34:272_5NJ8_A_1_A.pdb
	-- Add PDB file MODEL_SP_P35869_AHR_HUMAN:34:272_5NJ8_A_2_A.pdb
Open to write /home/pgohl/ModCRE_Package/profiling/profilerinput.txt_profiling.34_272/summary_profilerinput.txt_profiling.34_272.txt
Read DNA named Profiletest (lenght 38) 
Start iteration to check and run profiles
	-- Found protein profile MODEL_SP_P35869_AHR_HUMAN:34:272_5NJ8_A_2_A.Profiletest_1
		-- Add in the list of done
	-- Get protein profile MODEL_SP_P35869_AHR_HUMAN:34:272_5NJ8_A_1_A.Profiletest_1
Output files MODEL_SP_P35869_AHR_HUMAN:34:272_5NJ8_A_1_A.Profiletest_1 (folder /home/pgohl/ModCRE_Package/profiling/profilerinput.txt_profiling.34_272)
Read DNA named Profiletest_1 (lenght 38) 
Generate PWM /home/pgohl/ModCRE_Package/profiling/profilerinput.txt_profiling.34_272/MODEL_SP_P35869_AHR_HUMAN:34:272_5NJ8_A_1_A.Profiletest_1 ...
	--Get protein /home/pgohl/ModCRE_Package/profiling/MODEL_SP_P35869_AHR_HUMAN:34:272_5NJ8_A_1_A.pdb ...
		-- calculate secondary structure ...
	--Get DNA /home/pgohl/ModCRE_Package/profiling/MODEL_SP_P35869_AHR_HUMAN:34:272_5NJ8_A_1_A.pdb ...
		-- calculate contacts ...
		-- calculate protein-dna pairs ...
	--Load potentials ...
		-- Search potential for chain A ... 
		-- Read known 5nj8_A ...
		-- Family bHLH has potential pbm,family, ,acc,0.94, 22 
		-- Load /home/pgohl/ModCRE_Package/pbm/potentials/5nj8_A.acc  ...
		-- Threshold MSA 0.940000 Radius 22.000000 ...
	--Get MSA object ...
	--Refine MSA object ...
		--Add binding site contacts of chain A ...
		--Add binding site contacts of nucleotide 1 [ 5 ] ...
		--Add binding site contacts of nucleotide 2 [ 8 ] ...
		--Add binding site contacts of nucleotide 3 [ 8 ] ...
		--Add binding site contacts of nucleotide 4 [ 8 ] ...
		--Add binding site contacts of nucleotide 5 [ 9 ] ...
		--Add binding site contacts of nucleotide 6 [ 9 ] ...
		--Add binding site contacts of nucleotide 7 [ 7 ] ...
		--Add binding site contacts of nucleotide 8 [ 6 ] ...
		--Add binding site contacts of nucleotide 9 [ 4 ] ...
		--Add binding site contacts of nucleotide 10 [ 3 ] ...
		--Add binding site contacts of nucleotide 11 [ 3 ] ...
		--Get Maximum/minimum score  ...
		--Maximum/minimum = [32.388 : -5.015]  ...
		--Set binding size 12...
		--Clean sequences...
		--Generate sequences...
		--Score sequences...
WARNING: discrepancy on the number of basepairs 12 vs [ 1 to 12 ] probably caused by considering a fragment before the end
		--Add 162 [ 6.1% ] of best sequences ...
	--Write PWM ...
		--PWM...
		--PWM in MEME format...
		--MSA...
		--Logos...
Get FIMO scores
	-- Threshold 0.5
	-- execute system '--text' fimo option
	-- Threshold 0.1
	-- execute system '--text' fimo option
	-- Threshold 0.05
	-- execute system '--text' fimo option
	-- Threshold 0.01
	-- execute system '--text' fimo option
	-- Threshold 0.001
	-- execute system '--text' fimo option
Reading PDB file MODEL_SP_P35869_AHR_HUMAN:34:272_5NJ8_A_1_A.pdb ...
	-- Get DSSP ...
	-- Get DNA object ...
	-- Get contacts ...
	-- Get interface ...
	-- Get triads ...
	-- Load potentials ...
		-- Search potential for chain A ... 
		-- Read known 5nj8_A ...
		-- Family bHLH has potential pbm,family, ,acc,0.94, 22 
		-- Load /home/pgohl/ModCRE_Package/pbm/potentials/5nj8_A.acc  ...
		-- Threshold MSA 0.940000 Radius 15.000000 ...
	-- Get MSA for potential 3d ...
	-- Get MSA for potential 3dc ...
	-- Get MSA for potential local ...
	-- Get MSA for potential pair ...
	-- Get MSA for potential s3dc ...
	-- Get MSA for potential s3dc_di ...
	-- Get MSA for potential s3dc_dd ...
Interface by PDB
	-- Length 12
	-- Starting basepairs in structure 1
	-- Last basepairs in structure 12
Score 1: fragment AAAAAAAAAAAA
	-- Thread DNA fragment on triads ...
	-- Calculate scores with potential: all ...
Warning to use Max/Min [ -830.210580 vs -830.210580 ]
Warning to use Max/Min [ 9.084643 vs 9.084643 ]
	-- CHECK BY PATRICK: one iteration done 38, 13, 0 ...
Score 2: fragment AAAAAAAAAAAA
	-- Thread DNA fragment on triads ...
	-- Calculate scores with potential: all ...
Warning to use Max/Min [ -830.210580 vs -830.210580 ]
Warning to use Max/Min [ 9.084643 vs 9.084643 ]
	-- CHECK BY PATRICK: one iteration done 38, 13, 1 ...
Score 3: fragment AAAAAAAAAAAT
	-- Thread DNA fragment on triads ...
	-- Calculate scores with potential: all ...
Warning to use Max/Min [ -830.210580 vs -830.210580 ]
Warning to use Max/Min [ 9.084643 vs 9.084643 ]
	-- CHECK BY PATRICK: one iteration done 38, 13, 2 ...
Score 4: fragment AAAAAAAAAATT
	-- Thread DNA fragment on triads ...
	-- Calculate scores with potential: all ...
Warning to use Max/Min [ -830.210580 vs -830.210580 ]
Warning to use Max/Min [ 9.084643 vs 9.084643 ]
	-- CHECK BY PATRICK: one iteration done 38, 13, 3 ...
Score 5: fragment AAAAAAAAATTT
	-- Thread DNA fragment on triads ...
	-- Calculate scores with potential: all ...
Warning to use Max/Min [ -830.210580 vs -830.210580 ]
Warning to use Max/Min [ 9.084643 vs 9.084643 ]
	-- CHECK BY PATRICK: one iteration done 38, 13, 4 ...
Score 6: fragment AAAAAAAATTTA
	-- Thread DNA fragment on triads ...
	-- Calculate scores with potential: all ...
Warning to use Max/Min [ -830.210580 vs -830.210580 ]
Warning to use Max/Min [ 9.084643 vs 9.084643 ]
	-- CHECK BY PATRICK: one iteration done 38, 13, 5 ...
Score 7: fragment AAAAAAATTTAG
	-- Thread DNA fragment on triads ...
	-- Calculate scores with potential: all ...
Warning to use Max/Min [ -830.210580 vs -830.210580 ]
Warning to use Max/Min [ 9.084643 vs 9.084643 ]
	-- CHECK BY PATRICK: one iteration done 38, 13, 6 ...
Score 8: fragment AAAAAATTTAGG
	-- Thread DNA fragment on triads ...
	-- Calculate scores with potential: all ...
Warning to use Max/Min [ -830.210580 vs -830.210580 ]
Warning to use Max/Min [ 9.084643 vs 9.084643 ]
	-- CHECK BY PATRICK: one iteration done 38, 13, 7 ...
Score 9: fragment AAAAATTTAGGA
	-- Thread DNA fragment on triads ...
	-- Calculate scores with potential: all ...
Warning to use Max/Min [ -830.210580 vs -830.210580 ]
Warning to use Max/Min [ 9.084643 vs 9.084643 ]
	-- CHECK BY PATRICK: one iteration done 38, 13, 8 ...
Score 10: fragment AAAATTTAGGAG
	-- Thread DNA fragment on triads ...
	-- Calculate scores with potential: all ...
Warning to use Max/Min [ -830.210580 vs -830.210580 ]
Warning to use Max/Min [ 9.084643 vs 9.084643 ]
	-- CHECK BY PATRICK: one iteration done 38, 13, 9 ...
Score 11: fragment AAATTTAGGAGG
	-- Thread DNA fragment on triads ...
	-- Calculate scores with potential: all ...
Warning to use Max/Min [ -830.210580 vs -830.210580 ]
Warning to use Max/Min [ 9.084643 vs 9.084643 ]
	-- CHECK BY PATRICK: one iteration done 38, 13, 10 ...
Score 12: fragment AATTTAGGAGGC
	-- Thread DNA fragment on triads ...
	-- Calculate scores with potential: all ...
Warning to use Max/Min [ -830.210580 vs -830.210580 ]
Warning to use Max/Min [ 9.084643 vs 9.084643 ]
	-- CHECK BY PATRICK: one iteration done 38, 13, 11 ...
Score 13: fragment ATTTAGGAGGCC
	-- Thread DNA fragment on triads ...
	-- Calculate scores with potential: all ...
Warning to use Max/Min [ -830.210580 vs -830.210580 ]
Warning to use Max/Min [ 9.084643 vs 9.084643 ]
	-- CHECK BY PATRICK: one iteration done 38, 13, 12 ...
Score 14: fragment TTTAGGAGGCCC
	-- Thread DNA fragment on triads ...
	-- Calculate scores with potential: all ...
Warning to use Max/Min [ -830.210580 vs -830.210580 ]
Warning to use Max/Min [ 9.084643 vs 9.084643 ]
	-- CHECK BY PATRICK: one iteration done 38, 13, 13 ...
Score 15: fragment TTAGGAGGCCCA
	-- Thread DNA fragment on triads ...
	-- Calculate scores with potential: all ...
Warning to use Max/Min [ -830.210580 vs -830.210580 ]
Warning to use Max/Min [ 9.084643 vs 9.084643 ]
	-- CHECK BY PATRICK: one iteration done 38, 13, 14 ...
Score 16: fragment TAGGAGGCCCAA
	-- Thread DNA fragment on triads ...
	-- Calculate scores with potential: all ...
Warning to use Max/Min [ -830.210580 vs -830.210580 ]
Warning to use Max/Min [ 9.084643 vs 9.084643 ]
	-- CHECK BY PATRICK: one iteration done 38, 13, 15 ...
Score 17: fragment AGGAGGCCCAAA
	-- Thread DNA fragment on triads ...
	-- Calculate scores with potential: all ...
Warning to use Max/Min [ -830.210580 vs -830.210580 ]
Warning to use Max/Min [ 9.084643 vs 9.084643 ]
	-- CHECK BY PATRICK: one iteration done 38, 13, 16 ...
Score 18: fragment GGAGGCCCAAAA
	-- Thread DNA fragment on triads ...
	-- Calculate scores with potential: all ...
Warning to use Max/Min [ -830.210580 vs -830.210580 ]
Warning to use Max/Min [ 9.084643 vs 9.084643 ]
	-- CHECK BY PATRICK: one iteration done 38, 13, 17 ...
Score 19: fragment GAGGCCCAAAAA
	-- Thread DNA fragment on triads ...
	-- Calculate scores with potential: all ...
Warning to use Max/Min [ -830.210580 vs -830.210580 ]
Warning to use Max/Min [ 9.084643 vs 9.084643 ]
	-- CHECK BY PATRICK: one iteration done 38, 13, 18 ...
Score 20: fragment AGGCCCAAAAAA
	-- Thread DNA fragment on triads ...
	-- Calculate scores with potential: all ...
Warning to use Max/Min [ -830.210580 vs -830.210580 ]
Warning to use Max/Min [ 9.084643 vs 9.084643 ]
	-- CHECK BY PATRICK: one iteration done 38, 13, 19 ...
Score 21: fragment GGCCCAAAAAAA
	-- Thread DNA fragment on triads ...
	-- Calculate scores with potential: all ...
Warning to use Max/Min [ -830.210580 vs -830.210580 ]
Warning to use Max/Min [ 9.084643 vs 9.084643 ]
	-- CHECK BY PATRICK: one iteration done 38, 13, 20 ...
Score 22: fragment GCCCAAAAAAAA
	-- Thread DNA fragment on triads ...
	-- Calculate scores with potential: all ...
Warning to use Max/Min [ -830.210580 vs -830.210580 ]
Warning to use Max/Min [ 9.084643 vs 9.084643 ]
	-- CHECK BY PATRICK: one iteration done 38, 13, 21 ...
Score 23: fragment CCCAAAAAAAAA
	-- Thread DNA fragment on triads ...
	-- Calculate scores with potential: all ...
Warning to use Max/Min [ -830.210580 vs -830.210580 ]
Warning to use Max/Min [ 9.084643 vs 9.084643 ]
	-- CHECK BY PATRICK: one iteration done 38, 13, 22 ...
Score 24: fragment CCAAAAAAAAAA
	-- Thread DNA fragment on triads ...
	-- Calculate scores with potential: all ...
Warning to use Max/Min [ -830.210580 vs -830.210580 ]
Warning to use Max/Min [ 9.084643 vs 9.084643 ]
	-- CHECK BY PATRICK: one iteration done 38, 13, 23 ...
Score 25: fragment CAAAAAAAAAAA
	-- Thread DNA fragment on triads ...
	-- Calculate scores with potential: all ...
Warning to use Max/Min [ -830.210580 vs -830.210580 ]
Warning to use Max/Min [ 9.084643 vs 9.084643 ]
	-- CHECK BY PATRICK: one iteration done 38, 13, 24 ...
Score 26: fragment AAAAAAAAAAAA
	-- Thread DNA fragment on triads ...
	-- Calculate scores with potential: all ...
Warning to use Max/Min [ -830.210580 vs -830.210580 ]
Warning to use Max/Min [ 9.084643 vs 9.084643 ]
	-- CHECK BY PATRICK: one iteration done 38, 13, 25 ...
Score 27: fragment AAAAAAAAAAAA
	-- Thread DNA fragment on triads ...
	-- Calculate scores with potential: all ...
Warning to use Max/Min [ -830.210580 vs -830.210580 ]
Warning to use Max/Min [ 9.084643 vs 9.084643 ]
	-- CHECK BY PATRICK: one iteration done 38, 13, 26 ...
	-- CHECK BY PATRICK: PASSED ...
Number of profiles already done 2
	-- Check files done ...
		-- #List of profiles
		-- MODEL_SP_P35869_AHR_HUMAN:34:272_5NJ8_A_2_A.Profiletest_1	DONE
		-- MODEL_SP_P35869_AHR_HUMAN:34:272_5NJ8_A_1_A.Profiletest_1	DONE
	-- Still running protein profiles  False ...
	-- Continue iteration False ...
WARNING FIMO: skip motif_id	motif_alt_id	sequence_name	start	stop	strand	score	p-value	q-value	matched_sequence
/home/pgohl/ModCRE_Package/exe/../ModCRElib/profile/profile.py:1066: RuntimeWarning:

invalid value encountered in divide

/home/pgohl/ModCRE_Package/exe/../ModCRElib/profile/profile.py:1069: RuntimeWarning:

invalid value encountered in divide

WARNING FIMO: skip motif_id	motif_alt_id	sequence_name	start	stop	strand	score	p-value	q-value	matched_sequence
/home/pgohl/ModCRE_Package/exe/../ModCRElib/profile/profile.py:1145: RuntimeWarning:

invalid value encountered in divide

/home/pgohl/ModCRE_Package/exe/../ModCRElib/profile/profile.py:1234: RuntimeWarning:

invalid value encountered in divide

Making profiles with DNA Profiletest_1
	-- AAAAAAAAAAAAATTTAGGAGGCCCAAAAAAAAAAAAA
		-- Add protein profile MODEL_SP_P35869_AHR_HUMAN:34:272_5NJ8_A_2_A.Profiletest_1 
			-- DNA in protein profile AAAAAAAAAAAAATTTAGGAGGCCCAAAAAAAAAAAAA
		-- Add protein profile MODEL_SP_P35869_AHR_HUMAN:34:272_5NJ8_A_1_A.Profiletest_1 
			-- DNA in protein profile AAAAAAAAAAAAATTTAGGAGGCCCAAAAAAAAAAAAA
	-- Write tables profilerinput.txt_profiling.Profiletest_1.mean 
	-- Plot profiles of scores profilerinput.txt_profiling.Profiletest_1.average 
Comparison of two or more TFs binding the same DNA
-- DNA Profiletest_1 AAAAAAAAAAAAATTTAGGAGGCCCAAAAAAAAAAAAA
Done
