Warning: text mode turns off computation of q-values
Using motif +5nj8_1A of width 12.
Using motif -5nj8_1A of width 12.
Using motif +5nj8_2A of width 12.
Using motif -5nj8_2A of width 12.
Warning: text mode turns off computation of q-values
Using motif +5nj8_1A of width 12.
Using motif -5nj8_1A of width 12.
Using motif +5nj8_2A of width 12.
Using motif -5nj8_2A of width 12.

SCAN of DNA sequence with a database of PWMs
  Structural Bioinformatics Lab 2017

--Parse dimers file...
--Parse DNA fasta file...
--Scan DNA sequence to database of PWMs...
	--Using provided pwms database...
	files used are /home/pgohl/ModCRE_Package/pwm/scanning_database.txt, /home/pgohl/ModCRE_Package/profiling/profile.fa,  /home/pgohl/ModCRE_Package/pwm/scanning_database.txt 
	-- execute system '--text' fimo option
	-- execute system '--text' fimo option
total process time: 0.1345832347869873 seconds
--Use PWMs of folds...
	--Total number of hits: 1
SCAN FIMO HIT 5nj8_1A
SCAN CLUSTER ADD 5nj8 FOLD HIT 5nj8_A FIMO HIT 5nj8_1A START 18
	--Use hit 5nj8_1A
		--Check to include hit 5nj8_1A
		--Dimer fold 5nj8_A
			--Include hit 5nj8_1B on dimer side [ 18 - 29 ]
	-- Save MEMBERS scanning/members.pickle
	-- Save CLUSTERS scanning/clusters.pickle
total process time: 0.1371314525604248 seconds
--Thread orthologous transcription factors...
	--Check hit 5nj8_1A
		--Using fold 5nj8_A for threading...
			--Threading sp|P35869|AHR_HUMAN Aryl hydrocarbon receptor OS=Homo sapiens OX=9606 GN=AHR PE=1 SV=2 ...
			--Add threading file P35869.5nj8_1A.18-29.txt ...
			--Threading sp|A9YTQ3|AHRR_HUMAN Aryl hydrocarbon receptor repressor OS=Homo sapiens OX=9606 GN=AHRR PE=1 SV=3 ...
			--Add threading file A9YTQ3.5nj8_1A.18-29.txt ...
			--Threading sp|Q14190|SIM2_HUMAN Single-minded homolog 2 OS=Homo sapiens OX=9606 GN=SIM2 PE=1 SV=2 ...
			--Add threading file Q14190.5nj8_1A.18-29.txt ...
			--Threading sp|P81133|SIM1_HUMAN Single-minded homolog 1 OS=Homo sapiens OX=9606 GN=SIM1 PE=1 SV=2 ...
			--Add threading file P81133.5nj8_1A.18-29.txt ...
			--Threading sp|Q16665|HIF1A_HUMAN Hypoxia-inducible factor 1-alpha OS=Homo sapiens OX=9606 GN=HIF1A PE=1 SV=1 ...
			--Add threading file Q16665.5nj8_1A.18-29.txt ...
			--Threading sp|O00327|BMAL1_HUMAN Basic helix-loop-helix ARNT-like protein 1 OS=Homo sapiens OX=9606 GN=BMAL1 PE=1 SV=2 ...
			--Add threading file O00327.5nj8_1A.18-29.txt ...
			--Threading sp|Q9Y6Q9|NCOA3_HUMAN Nuclear receptor coactivator 3 OS=Homo sapiens OX=9606 GN=NCOA3 PE=1 SV=1 ...
			--Add threading file Q9Y6Q9.5nj8_1A.18-29.txt ...
			--Threading sp|Q9Y2N7|HIF3A_HUMAN Hypoxia-inducible factor 3-alpha OS=Homo sapiens OX=9606 GN=HIF3A PE=1 SV=2 ...
			--Add threading file Q9Y2N7.5nj8_1A.18-29.txt ...
			--Threading sp|Q99814|EPAS1_HUMAN Endothelial PAS domain-containing protein 1 OS=Homo sapiens OX=9606 GN=EPAS1 PE=1 SV=3 ...
			--Add threading file Q99814.5nj8_1A.18-29.txt ...
			--Threading sp|Q8IUM7|NPAS4_HUMAN Neuronal PAS domain-containing protein 4 OS=Homo sapiens OX=9606 GN=NPAS4 PE=1 SV=1 ...
			--Add threading file Q8IUM7.5nj8_1A.18-29.txt ...
			--Threading sp|Q15788|NCOA1_HUMAN Nuclear receptor coactivator 1 OS=Homo sapiens OX=9606 GN=NCOA1 PE=1 SV=3 ...
			--Add threading file Q15788.5nj8_1A.18-29.txt ...
			--Threading sp|Q8WYA1|BMAL2_HUMAN Basic helix-loop-helix ARNT-like protein 2 OS=Homo sapiens OX=9606 GN=BMAL2 PE=1 SV=2 ...
			--Add threading file Q8WYA1.5nj8_1A.18-29.txt ...
			--Threading sp|Q99743|NPAS2_HUMAN Neuronal PAS domain-containing protein 2 OS=Homo sapiens OX=9606 GN=NPAS2 PE=1 SV=3 ...
			--Add threading file Q99743.5nj8_1A.18-29.txt ...
			--Threading sp|Q15596|NCOA2_HUMAN Nuclear receptor coactivator 2 OS=Homo sapiens OX=9606 GN=NCOA2 PE=1 SV=2 ...
			--Add threading file Q15596.5nj8_1A.18-29.txt ...
			--Threading sp|O15516|CLOCK_HUMAN Circadian locomoter output cycles protein kaput OS=Homo sapiens OX=9606 GN=CLOCK PE=1 SV=1 ...
			--Add threading file O15516.5nj8_1A.18-29.txt ...
			--Threading sp|Q9HBZ2|ARNT2_HUMAN Aryl hydrocarbon receptor nuclear translocator 2 OS=Homo sapiens OX=9606 GN=ARNT2 PE=1 SV=2 ...
			--Add threading file Q9HBZ2.5nj8_1A.18-29.txt ...
			--Threading sp|P27540|ARNT_HUMAN Aryl hydrocarbon receptor nuclear translocator OS=Homo sapiens OX=9606 GN=ARNT PE=1 SV=1 ...
			--Add threading file P27540.5nj8_1A.18-29.txt ...
			--Threading sp|Q9NQ87|HEYL_HUMAN Hairy/enhancer-of-split related with YRPW motif-like protein OS=Homo sapiens OX=9606 GN=HEYL PE=1 SV=2 ...
			--Add threading file Q9NQ87.5nj8_1A.18-29.txt ...
			--Threading sp|Q5TA89|HES5_HUMAN Transcription factor HES-5 OS=Homo sapiens OX=9606 GN=HES5 PE=2 SV=1 ...
			--Add threading file Q5TA89.5nj8_1A.18-29.txt ...
		--Using fold 5nj8_B for threading...
			--Threading sp|P27540|ARNT_HUMAN Aryl hydrocarbon receptor nuclear translocator OS=Homo sapiens OX=9606 GN=ARNT PE=1 SV=1 ...
			--Add threading file P27540.5nj8_1B.18-29.txt ...
			--Threading sp|Q9HBZ2|ARNT2_HUMAN Aryl hydrocarbon receptor nuclear translocator 2 OS=Homo sapiens OX=9606 GN=ARNT2 PE=1 SV=2 ...
			--Add threading file Q9HBZ2.5nj8_1B.18-29.txt ...
			--Threading sp|O00327|BMAL1_HUMAN Basic helix-loop-helix ARNT-like protein 1 OS=Homo sapiens OX=9606 GN=BMAL1 PE=1 SV=2 ...
			--Add threading file O00327.5nj8_1B.18-29.txt ...
			--Threading sp|Q15788|NCOA1_HUMAN Nuclear receptor coactivator 1 OS=Homo sapiens OX=9606 GN=NCOA1 PE=1 SV=3 ...
			--Add threading file Q15788.5nj8_1B.18-29.txt ...
			--Threading sp|Q99742|NPAS1_HUMAN Neuronal PAS domain-containing protein 1 OS=Homo sapiens OX=9606 GN=NPAS1 PE=2 SV=2 ...
			--Add threading file Q99742.5nj8_1B.18-29.txt ...
			--Threading sp|Q99814|EPAS1_HUMAN Endothelial PAS domain-containing protein 1 OS=Homo sapiens OX=9606 GN=EPAS1 PE=1 SV=3 ...
			--Add threading file Q99814.5nj8_1B.18-29.txt ...
			--Threading sp|Q14190|SIM2_HUMAN Single-minded homolog 2 OS=Homo sapiens OX=9606 GN=SIM2 PE=1 SV=2 ...
			--Add threading file Q14190.5nj8_1B.18-29.txt ...
			--Threading sp|Q9Y6Q9|NCOA3_HUMAN Nuclear receptor coactivator 3 OS=Homo sapiens OX=9606 GN=NCOA3 PE=1 SV=1 ...
			--Add threading file Q9Y6Q9.5nj8_1B.18-29.txt ...
			--Threading sp|Q8IXF0|NPAS3_HUMAN Neuronal PAS domain-containing protein 3 OS=Homo sapiens OX=9606 GN=NPAS3 PE=2 SV=1 ...
			--Add threading file Q8IXF0.5nj8_1B.18-29.txt ...
			--Threading sp|Q9Y2N7|HIF3A_HUMAN Hypoxia-inducible factor 3-alpha OS=Homo sapiens OX=9606 GN=HIF3A PE=1 SV=2 ...
			--Add threading file Q9Y2N7.5nj8_1B.18-29.txt ...
			--Threading sp|Q16665|HIF1A_HUMAN Hypoxia-inducible factor 1-alpha OS=Homo sapiens OX=9606 GN=HIF1A PE=1 SV=1 ...
			--Add threading file Q16665.5nj8_1B.18-29.txt ...
			--Threading sp|Q15596|NCOA2_HUMAN Nuclear receptor coactivator 2 OS=Homo sapiens OX=9606 GN=NCOA2 PE=1 SV=2 ...
			--Add threading file Q15596.5nj8_1B.18-29.txt ...
			--Threading sp|A9YTQ3|AHRR_HUMAN Aryl hydrocarbon receptor repressor OS=Homo sapiens OX=9606 GN=AHRR PE=1 SV=3 ...
			--Add threading file A9YTQ3.5nj8_1B.18-29.txt ...
	-- Save HOMOLOGS scanning/homologs.pickle
	-- Save ORTHOLOGS scanning/orthologs.pickle
total process time: 1.8286468982696533 seconds
--Score orthologous transcription factors...
	--Score on fragment 18-29 centered on 5nj8_1A
	-- Evaluate hit 5nj8_1A
		--Get DNA object 5nj8...
		--Get DSSP 5nj8...
		--Get contacts 5nj8...
		--Get PDB 5nj8_A...
		--Get PDB 5nj8.dna.1.pdb...
		--Get triads 5nj8_A.txt...
		--Load potentials...
		-- Search potential for chain A ... 
		-- Load /home/pgohl/ModCRE_Package/pdb/potentials/general.acc  ...
		-- Threshold MSA 0.820000 Radius 0.000000 ...
	-- Evaluate hit 5nj8_1B
		--Get DNA object 5nj8...
		--Get DSSP 5nj8...
		--Get contacts 5nj8...
		--Get PDB 5nj8_B...
		--Get PDB 5nj8.dna.1.pdb...
		--Get triads 5nj8_B.txt...
		--Load potentials...
		-- Search potential for chain B ... 
		-- Load /home/pgohl/ModCRE_Package/pdb/potentials/general.acc  ...
		-- Threshold MSA 0.820000 Radius 0.000000 ...
total process time: 2.744349718093872 seconds
--Create output by folds and clean unnecessary files...
	--Cluster 0 on  5nj8_1A 
	--Select output on hit 5nj8_1A (32 orthologs)
		--Check P35869.5nj8_1A.18-29.txt score    0.00000 (first template)
		--Check A9YTQ3.5nj8_1A.18-29.txt score    0.00000 (first template)
		--Check Q14190.5nj8_1A.18-29.txt score    0.00000 (first template)
		--Check P81133.5nj8_1A.18-29.txt score    0.00000 (first template)
		--Check Q16665.5nj8_1A.18-29.txt score    0.00000 (first template)
		--Check O00327.5nj8_1A.18-29.txt score    0.00000 (first template)
		--Check Q9Y6Q9.5nj8_1A.18-29.txt score    0.00000 (first template)
		--Check Q9Y2N7.5nj8_1A.18-29.txt score    0.00000 (first template)
		--Check Q99814.5nj8_1A.18-29.txt score    0.00000 (first template)
		--Check Q8IUM7.5nj8_1A.18-29.txt score    0.00000 (first template)
		--Check Q15788.5nj8_1A.18-29.txt score    0.00000 (first template)
		--Check Q8WYA1.5nj8_1A.18-29.txt score    0.00000 (first template)
		--Check Q99743.5nj8_1A.18-29.txt score    0.00000 (first template)
		--Check Q15596.5nj8_1A.18-29.txt score    0.00000 (first template)
		--Check O15516.5nj8_1A.18-29.txt score    0.00000 (first template)
		--Check Q9HBZ2.5nj8_1A.18-29.txt score    0.00000 (first template)
		--Check P27540.5nj8_1A.18-29.txt score    0.00000 (first template)
		--Check Q9NQ87.5nj8_1A.18-29.txt score    0.00000 (first template)
		--Check Q5TA89.5nj8_1A.18-29.txt score    0.00000 (first template)
		--Check P27540.5nj8_1B.18-29.txt score    0.00000 (first template)
		--Check Q9HBZ2.5nj8_1B.18-29.txt score    0.00000 (first template)
		--Check O00327.5nj8_1B.18-29.txt score    0.00000 (first template)
		--Check Q15788.5nj8_1B.18-29.txt score    0.00000 (first template)
		--Check Q99742.5nj8_1B.18-29.txt score    0.00000 (first template)
		--Check Q99814.5nj8_1B.18-29.txt score    0.00000 (first template)
		--Check Q14190.5nj8_1B.18-29.txt score    0.00000 (first template)
		--Check Q9Y6Q9.5nj8_1B.18-29.txt score    0.00000 (first template)
		--Check Q8IXF0.5nj8_1B.18-29.txt score    0.00000 (first template)
		--Check Q9Y2N7.5nj8_1B.18-29.txt score    0.00000 (first template)
		--Check Q16665.5nj8_1B.18-29.txt score    0.00000 (first template)
		--Check Q15596.5nj8_1B.18-29.txt score    0.00000 (first template)
		--Check A9YTQ3.5nj8_1B.18-29.txt score    0.00000 (first template)
	--Add orthologs for hit 5nj8_1A (32 orthologs)
		--  P35869.5nj8_1A.18-29.txt score    0.00000 
		--  A9YTQ3.5nj8_1A.18-29.txt score    0.00000 
		--  Q14190.5nj8_1A.18-29.txt score    0.00000 
		--  P81133.5nj8_1A.18-29.txt score    0.00000 
		--  Q16665.5nj8_1A.18-29.txt score    0.00000 
		--  O00327.5nj8_1A.18-29.txt score    0.00000 
		--  Q9Y6Q9.5nj8_1A.18-29.txt score    0.00000 
		--  Q9Y2N7.5nj8_1A.18-29.txt score    0.00000 
		--  Q99814.5nj8_1A.18-29.txt score    0.00000 
		--  Q8IUM7.5nj8_1A.18-29.txt score    0.00000 
		--  Q15788.5nj8_1A.18-29.txt score    0.00000 
		--  Q8WYA1.5nj8_1A.18-29.txt score    0.00000 
		--  Q99743.5nj8_1A.18-29.txt score    0.00000 
		--  Q15596.5nj8_1A.18-29.txt score    0.00000 
		--  O15516.5nj8_1A.18-29.txt score    0.00000 
		--  Q9HBZ2.5nj8_1A.18-29.txt score    0.00000 
		--  P27540.5nj8_1A.18-29.txt score    0.00000 
		--  Q9NQ87.5nj8_1A.18-29.txt score    0.00000 
		--  Q5TA89.5nj8_1A.18-29.txt score    0.00000 
		--  P27540.5nj8_1B.18-29.txt score    0.00000 
		--  Q9HBZ2.5nj8_1B.18-29.txt score    0.00000 
		--  O00327.5nj8_1B.18-29.txt score    0.00000 
		--  Q15788.5nj8_1B.18-29.txt score    0.00000 
		--  Q99742.5nj8_1B.18-29.txt score    0.00000 
		--  Q99814.5nj8_1B.18-29.txt score    0.00000 
		--  Q14190.5nj8_1B.18-29.txt score    0.00000 
		--  Q9Y6Q9.5nj8_1B.18-29.txt score    0.00000 
		--  Q8IXF0.5nj8_1B.18-29.txt score    0.00000 
		--  Q9Y2N7.5nj8_1B.18-29.txt score    0.00000 
		--  Q16665.5nj8_1B.18-29.txt score    0.00000 
		--  Q15596.5nj8_1B.18-29.txt score    0.00000 
		--  A9YTQ3.5nj8_1B.18-29.txt score    0.00000 
total process time: 2.7568740844726562 seconds

######################### CONTINUE WITH THE CLUSTERING OF CLOSE BINDING COMPLEXES #################################

--TF ensembles described by PWMs of complexes...
	-- Check hit 5nj8_1A ...
		-- Use TF 5nj8 in range: 18 - 29 with chains A 
	-- Check hits for fold 5nj8 ( 1 hits )...
		-- Starting cluster around 18 - 29  with chains {'A'} 
		-- Rename cluster A_1_18_29  as A_1_18_29 
			-- Add hit A_1_18_29  to A_1_18_29  
	--Results for PDB 5nj8 (threading A9YTQ3.5nj8_1B.18-29.txt)...
		-- Cluster members check. Chains: ['A'] (data B1) Binding site: 18 (18) - 29 (29) 
		-- Full length check. Chains: ['A'] (data B1) Binding site: 18 (18) - 29 (29) 
	--Results for PDB 5nj8 (threading Q5TA89.5nj8_1A.18-29.txt)...
		-- Cluster members check. Chains: ['A'] (data A1) Binding site: 18 (18) - 29 (29) 
			--Add threading file Q5TA89.5nj8_1A.18-29.txt
		-- Full length check. Chains: ['A'] (data A1) Binding site: 18 (18) - 29 (29) 
			--Add threading file Q5TA89.5nj8_1A.18-29.txt
	--Results for PDB 5nj8 (threading O00327.5nj8_1A.18-29.txt)...
		-- Cluster members check. Chains: ['A'] (data A1) Binding site: 18 (18) - 29 (29) 
			--Add threading file O00327.5nj8_1A.18-29.txt
		-- Full length check. Chains: ['A'] (data A1) Binding site: 18 (18) - 29 (29) 
			--Add threading file O00327.5nj8_1A.18-29.txt
	--Results for PDB 5nj8 (threading Q8IXF0.5nj8_1B.18-29.txt)...
		-- Cluster members check. Chains: ['A'] (data B1) Binding site: 18 (18) - 29 (29) 
		-- Full length check. Chains: ['A'] (data B1) Binding site: 18 (18) - 29 (29) 
	--Results for PDB 5nj8 (threading A9YTQ3.5nj8_1A.18-29.txt)...
		-- Cluster members check. Chains: ['A'] (data A1) Binding site: 18 (18) - 29 (29) 
			--Add threading file A9YTQ3.5nj8_1A.18-29.txt
		-- Full length check. Chains: ['A'] (data A1) Binding site: 18 (18) - 29 (29) 
			--Add threading file A9YTQ3.5nj8_1A.18-29.txt
	--Results for PDB 5nj8 (threading Q15596.5nj8_1B.18-29.txt)...
		-- Cluster members check. Chains: ['A'] (data B1) Binding site: 18 (18) - 29 (29) 
		-- Full length check. Chains: ['A'] (data B1) Binding site: 18 (18) - 29 (29) 
	--Results for PDB 5nj8 (threading Q9Y6Q9.5nj8_1A.18-29.txt)...
		-- Cluster members check. Chains: ['A'] (data A1) Binding site: 18 (18) - 29 (29) 
			--Add threading file Q9Y6Q9.5nj8_1A.18-29.txt
		-- Full length check. Chains: ['A'] (data A1) Binding site: 18 (18) - 29 (29) 
			--Add threading file Q9Y6Q9.5nj8_1A.18-29.txt
	--Results for PDB 5nj8 (threading O15516.5nj8_1A.18-29.txt)...
		-- Cluster members check. Chains: ['A'] (data A1) Binding site: 18 (18) - 29 (29) 
			--Add threading file O15516.5nj8_1A.18-29.txt
		-- Full length check. Chains: ['A'] (data A1) Binding site: 18 (18) - 29 (29) 
			--Add threading file O15516.5nj8_1A.18-29.txt
	--Results for PDB 5nj8 (threading Q15788.5nj8_1B.18-29.txt)...
		-- Cluster members check. Chains: ['A'] (data B1) Binding site: 18 (18) - 29 (29) 
		-- Full length check. Chains: ['A'] (data B1) Binding site: 18 (18) - 29 (29) 
	--Results for PDB 5nj8 (threading Q9HBZ2.5nj8_1A.18-29.txt)...
		-- Cluster members check. Chains: ['A'] (data A1) Binding site: 18 (18) - 29 (29) 
			--Add threading file Q9HBZ2.5nj8_1A.18-29.txt
		-- Full length check. Chains: ['A'] (data A1) Binding site: 18 (18) - 29 (29) 
			--Add threading file Q9HBZ2.5nj8_1A.18-29.txt
	--Results for PDB 5nj8 (threading Q14190.5nj8_1B.18-29.txt)...
		-- Cluster members check. Chains: ['A'] (data B1) Binding site: 18 (18) - 29 (29) 
		-- Full length check. Chains: ['A'] (data B1) Binding site: 18 (18) - 29 (29) 
	--Results for PDB 5nj8 (threading Q9Y6Q9.5nj8_1B.18-29.txt)...
		-- Cluster members check. Chains: ['A'] (data B1) Binding site: 18 (18) - 29 (29) 
		-- Full length check. Chains: ['A'] (data B1) Binding site: 18 (18) - 29 (29) 
	--Results for PDB 5nj8 (threading Q9Y2N7.5nj8_1A.18-29.txt)...
		-- Cluster members check. Chains: ['A'] (data A1) Binding site: 18 (18) - 29 (29) 
			--Add threading file Q9Y2N7.5nj8_1A.18-29.txt
		-- Full length check. Chains: ['A'] (data A1) Binding site: 18 (18) - 29 (29) 
			--Add threading file Q9Y2N7.5nj8_1A.18-29.txt
	--Results for PDB 5nj8 (threading Q15788.5nj8_1A.18-29.txt)...
		-- Cluster members check. Chains: ['A'] (data A1) Binding site: 18 (18) - 29 (29) 
			--Add threading file Q15788.5nj8_1A.18-29.txt
		-- Full length check. Chains: ['A'] (data A1) Binding site: 18 (18) - 29 (29) 
			--Add threading file Q15788.5nj8_1A.18-29.txt
	--Results for PDB 5nj8 (threading Q99814.5nj8_1B.18-29.txt)...
		-- Cluster members check. Chains: ['A'] (data B1) Binding site: 18 (18) - 29 (29) 
		-- Full length check. Chains: ['A'] (data B1) Binding site: 18 (18) - 29 (29) 
	--Results for PDB 5nj8 (threading Q8WYA1.5nj8_1A.18-29.txt)...
		-- Cluster members check. Chains: ['A'] (data A1) Binding site: 18 (18) - 29 (29) 
WARNING FIMO: skip motif_id	motif_alt_id	sequence_name	start	stop	strand	score	p-value	q-value	matched_sequence
WARNING FIMO: skip motif_id	motif_alt_id	sequence_name	start	stop	strand	score	p-value	q-value	matched_sequence
			--Add threading file Q8WYA1.5nj8_1A.18-29.txt
		-- Full length check. Chains: ['A'] (data A1) Binding site: 18 (18) - 29 (29) 
			--Add threading file Q8WYA1.5nj8_1A.18-29.txt
	--Results for PDB 5nj8 (threading P35869.5nj8_1A.18-29.txt)...
		-- Cluster members check. Chains: ['A'] (data A1) Binding site: 18 (18) - 29 (29) 
			--Add threading file P35869.5nj8_1A.18-29.txt
		-- Full length check. Chains: ['A'] (data A1) Binding site: 18 (18) - 29 (29) 
			--Add threading file P35869.5nj8_1A.18-29.txt
	--Results for PDB 5nj8 (threading Q9NQ87.5nj8_1A.18-29.txt)...
		-- Cluster members check. Chains: ['A'] (data A1) Binding site: 18 (18) - 29 (29) 
			--Add threading file Q9NQ87.5nj8_1A.18-29.txt
		-- Full length check. Chains: ['A'] (data A1) Binding site: 18 (18) - 29 (29) 
			--Add threading file Q9NQ87.5nj8_1A.18-29.txt
	--Results for PDB 5nj8 (threading Q16665.5nj8_1B.18-29.txt)...
		-- Cluster members check. Chains: ['A'] (data B1) Binding site: 18 (18) - 29 (29) 
		-- Full length check. Chains: ['A'] (data B1) Binding site: 18 (18) - 29 (29) 
	--Results for PDB 5nj8 (threading P81133.5nj8_1A.18-29.txt)...
		-- Cluster members check. Chains: ['A'] (data A1) Binding site: 18 (18) - 29 (29) 
			--Add threading file P81133.5nj8_1A.18-29.txt
		-- Full length check. Chains: ['A'] (data A1) Binding site: 18 (18) - 29 (29) 
			--Add threading file P81133.5nj8_1A.18-29.txt
	--Results for PDB 5nj8 (threading Q99814.5nj8_1A.18-29.txt)...
		-- Cluster members check. Chains: ['A'] (data A1) Binding site: 18 (18) - 29 (29) 
			--Add threading file Q99814.5nj8_1A.18-29.txt
		-- Full length check. Chains: ['A'] (data A1) Binding site: 18 (18) - 29 (29) 
			--Add threading file Q99814.5nj8_1A.18-29.txt
	--Results for PDB 5nj8 (threading Q16665.5nj8_1A.18-29.txt)...
		-- Cluster members check. Chains: ['A'] (data A1) Binding site: 18 (18) - 29 (29) 
			--Add threading file Q16665.5nj8_1A.18-29.txt
		-- Full length check. Chains: ['A'] (data A1) Binding site: 18 (18) - 29 (29) 
			--Add threading file Q16665.5nj8_1A.18-29.txt
	--Results for PDB 5nj8 (threading P27540.5nj8_1A.18-29.txt)...
		-- Cluster members check. Chains: ['A'] (data A1) Binding site: 18 (18) - 29 (29) 
			--Add threading file P27540.5nj8_1A.18-29.txt
		-- Full length check. Chains: ['A'] (data A1) Binding site: 18 (18) - 29 (29) 
			--Add threading file P27540.5nj8_1A.18-29.txt
	--Results for PDB 5nj8 (threading Q9Y2N7.5nj8_1B.18-29.txt)...
		-- Cluster members check. Chains: ['A'] (data B1) Binding site: 18 (18) - 29 (29) 
		-- Full length check. Chains: ['A'] (data B1) Binding site: 18 (18) - 29 (29) 
	--Results for PDB 5nj8 (threading Q14190.5nj8_1A.18-29.txt)...
		-- Cluster members check. Chains: ['A'] (data A1) Binding site: 18 (18) - 29 (29) 
			--Add threading file Q14190.5nj8_1A.18-29.txt
		-- Full length check. Chains: ['A'] (data A1) Binding site: 18 (18) - 29 (29) 
			--Add threading file Q14190.5nj8_1A.18-29.txt
	--Results for PDB 5nj8 (threading Q99742.5nj8_1B.18-29.txt)...
		-- Cluster members check. Chains: ['A'] (data B1) Binding site: 18 (18) - 29 (29) 
		-- Full length check. Chains: ['A'] (data B1) Binding site: 18 (18) - 29 (29) 
	--Results for PDB 5nj8 (threading O00327.5nj8_1B.18-29.txt)...
		-- Cluster members check. Chains: ['A'] (data B1) Binding site: 18 (18) - 29 (29) 
		-- Full length check. Chains: ['A'] (data B1) Binding site: 18 (18) - 29 (29) 
	--Results for PDB 5nj8 (threading Q9HBZ2.5nj8_1B.18-29.txt)...
		-- Cluster members check. Chains: ['A'] (data B1) Binding site: 18 (18) - 29 (29) 
		-- Full length check. Chains: ['A'] (data B1) Binding site: 18 (18) - 29 (29) 
	--Results for PDB 5nj8 (threading Q8IUM7.5nj8_1A.18-29.txt)...
		-- Cluster members check. Chains: ['A'] (data A1) Binding site: 18 (18) - 29 (29) 
			--Add threading file Q8IUM7.5nj8_1A.18-29.txt
		-- Full length check. Chains: ['A'] (data A1) Binding site: 18 (18) - 29 (29) 
			--Add threading file Q8IUM7.5nj8_1A.18-29.txt
	--Results for PDB 5nj8 (threading Q15596.5nj8_1A.18-29.txt)...
		-- Cluster members check. Chains: ['A'] (data A1) Binding site: 18 (18) - 29 (29) 
			--Add threading file Q15596.5nj8_1A.18-29.txt
		-- Full length check. Chains: ['A'] (data A1) Binding site: 18 (18) - 29 (29) 
			--Add threading file Q15596.5nj8_1A.18-29.txt
	--Results for PDB 5nj8 (threading Q99743.5nj8_1A.18-29.txt)...
		-- Cluster members check. Chains: ['A'] (data A1) Binding site: 18 (18) - 29 (29) 
			--Add threading file Q99743.5nj8_1A.18-29.txt
		-- Full length check. Chains: ['A'] (data A1) Binding site: 18 (18) - 29 (29) 
			--Add threading file Q99743.5nj8_1A.18-29.txt
	--Results for PDB 5nj8 (threading P27540.5nj8_1B.18-29.txt)...
		-- Cluster members check. Chains: ['A'] (data B1) Binding site: 18 (18) - 29 (29) 
		-- Full length check. Chains: ['A'] (data B1) Binding site: 18 (18) - 29 (29) 
		 Complex with cluster named 5nj8_A_1_18_29 
total process time: 2.758021116256714 seconds
--TF clusters around binding sites...
	--Check complexes in region 18 - 29 involving hits of 5nj8_A_1_18_29 ...
		-- Use complex hits: ['5nj8_1A']
		-- Use complex threads: ['Q9HBZ2.5nj8_1A.18-29.txt', 'Q9Y2N7.5nj8_1A.18-29.txt', 'Q9Y6Q9.5nj8_1A.18-29.txt', 'Q16665.5nj8_1A.18-29.txt', 'Q99814.5nj8_1A.18-29.txt', 'Q14190.5nj8_1A.18-29.txt', 'Q15788.5nj8_1A.18-29.txt', 'P81133.5nj8_1A.18-29.txt', 'O00327.5nj8_1A.18-29.txt', 'Q8WYA1.5nj8_1A.18-29.txt', 'Q15596.5nj8_1A.18-29.txt', 'A9YTQ3.5nj8_1A.18-29.txt', 'P27540.5nj8_1A.18-29.txt', 'P35869.5nj8_1A.18-29.txt', 'Q9NQ87.5nj8_1A.18-29.txt', 'Q8IUM7.5nj8_1A.18-29.txt', 'Q5TA89.5nj8_1A.18-29.txt', 'Q99743.5nj8_1A.18-29.txt', 'O15516.5nj8_1A.18-29.txt']
		-- Use complex range:  [18, 19, 20, 21, 22, 23, 24, 25, 26, 27, 28, 29]
		--Add cluster 0 (by hit 5nj8_1A in [18-29])...

	--Merging complexes into fragments of DNA....
	--Check merging fragment 18_29 with previous...
		--Start segment 1

	--Check DNA segments and group clusters of TFs....

	--Check DNA segments and group threaded TFs....
--Create output of merged TF clusters around binding sites...
total process time: 2.758439302444458 seconds
Done
