CisBP_ID	Uniprot_ID	Specie	Specie_ID	Family
M1327_1.02	Unknown	Arabidopsis thaliana	Unknown	Myb/SANT
M0748_1.02	Unknown	Caenorhabditis elegans	Unknown	Forkhead
M1374_1.02	Unknown	Saccharomyces cerevisiae	Unknown	Myb/SANT
M1373_1.02	Unknown	Saccharomyces cerevisiae	Unknown	Myb/SANT
M1181_1.02	Unknown	Coprinopsis scobicola	Unknown	Homeodomain
M0042_1.02	Unknown	Oryza sativa	Unknown	AP2
M0573_1.02	Unknown	Neurospora crassa	Unknown	C2H2 ZF;Zinc cluster
M1660_1.02	Unknown	Manihot esculenta	Unknown	TCP
M0435_1.02	Unknown	Mus musculus	Unknown	C2H2 ZF
M0357_1.02	Unknown	Saccharomyces cerevisiae	Unknown	bZIP
M0686_1.02	Unknown	Mus musculus	Unknown	Ets
M0685_1.02	Unknown	Mus musculus	Unknown	Ets
M0886_1.02	Unknown	Danio rerio	Unknown	Homeodomain
M0326_1.02	Unknown	Caenorhabditis elegans	Unknown	bZIP
M1667_1.02	Unknown	Danio rerio	Unknown	THAP finger
M0789_1.02	Unknown	Caenorhabditis elegans	Unknown	GATA
M1456_1.02	Unknown	Mus musculus	Unknown	Nuclear receptor
M0815_1.02	Unknown	Tetraodon nigroviridis	Unknown	GCM
M0353_1.02	Unknown	Saccharomyces cerevisiae	Unknown	bZIP
M0519_1.02	Unknown	Saccharomyces cerevisiae	Unknown	C2H2 ZF
M0520_1.02	Unknown	Saccharomyces cerevisiae	Unknown	C2H2 ZF
M0015_1.02	Unknown	Arabidopsis thaliana	Unknown	AP2
M0349_1.02	Unknown	Caenorhabditis elegans	Unknown	bZIP
M0338_1.02	Unknown	Neurospora crassa	Unknown	bZIP
M1110_1.02	Unknown	Caenorhabditis elegans	Unknown	Homeodomain
M0310_1.02	Unknown	Mus musculus	Unknown	bZIP
M1554_1.02	Unknown	Xenopus tropicalis	Unknown	SAND
M0786_1.02	Unknown	Caenorhabditis elegans	Unknown	GATA
M0144_1.02	Unknown	Naegleria gruberi	Unknown	AT hook
M1558_1.02	Unknown	Xenopus laevis	Unknown	SAND
M0035_1.02	Unknown	Arabidopsis thaliana	Unknown	AP2
M0218_1.02	Unknown	Mus musculus	Unknown	bHLH
M0256_1.02	Unknown	Arabidopsis thaliana	Unknown	bZIP
M1606_1.02	Unknown	Neurospora crassa	Unknown	Sox
M1059_1.02	Unknown	Mus musculus	Unknown	Homeodomain
M1060_1.02	Unknown	Mus musculus	Unknown	Homeodomain
M1537_1.02	Unknown	Schistosoma japonicum	Unknown	RFX
M1062_1.02	Unknown	Mus musculus	Unknown	Homeodomain
M1227_1.02	Unknown	Apis mellifera	Unknown	POU;Homeodomain
M0518_1.02	Unknown	Saccharomyces cerevisiae	Unknown	C2H2 ZF
M0517_1.02	Unknown	Saccharomyces cerevisiae	Unknown	C2H2 ZF
M1303_1.02	Unknown	Cannabis sativa	Unknown	Myb/SANT
M0941_1.02	Unknown	Mus musculus	Unknown	Homeodomain
M1637_1.02	Unknown	Caenorhabditis elegans	Unknown	T-box
M0920_1.02	Unknown	Mus musculus	Unknown	Homeodomain
M0169_1.02	Unknown	Caenorhabditis elegans	Unknown	bHLH
M1324_1.02	Unknown	Arabidopsis thaliana	Unknown	Myb/SANT
M0755_1.02	Unknown	Trionyx sinensis	Unknown	Forkhead
M1586_1.02	Unknown	Mus musculus	Unknown	Sox
M0752_1.02	Unknown	Saccharomyces cerevisiae	Unknown	Forkhead
M0751_1.02	Unknown	Saccharomyces cerevisiae	Unknown	Forkhead
M1536_1.02	Unknown	Saccharomyces cerevisiae	Unknown	RFX
M1345_1.02	Unknown	Arabidopsis thaliana	Unknown	Myb/SANT
M1213_1.02	Unknown	Phaeosphaeria nodorum	Unknown	Homeodomain
M1117_1.02	Unknown	Tetraodon nigroviridis	Unknown	Homeodomain
M0227_1.02	Unknown	Caenorhabditis elegans	Unknown	bHLH
M0883_1.02	Unknown	Danio rerio	Unknown	Homeodomain
M0308_1.02	Unknown	Mus musculus	Unknown	bZIP
M1470_1.02	Unknown	Drosophila melanogaster	Unknown	Nuclear receptor
M1795_1.02	Unknown	Saccharomyces cerevisiae	Unknown	Zinc cluster
M1794_1.02	Unknown	Saccharomyces cerevisiae	Unknown	Zinc cluster
M1367_1.02	Unknown	Neurospora crassa	Unknown	Myb/SANT
M0811_1.02	Unknown	Meleagris gallopavo	Unknown	GCM
M0591_1.02	Unknown	Arabidopsis thaliana	Unknown	CxC
M1680_1.02	Unknown	Arabidopsis thaliana	Unknown	WRKY
M0011_1.02	Unknown	Arabidopsis thaliana	Unknown	AP2
M0427_1.02	Unknown	Mus musculus	Unknown	C2H2 ZF
M1239_1.02	Unknown	Mus musculus	Unknown	POU;Homeodomain
M1238_1.02	Unknown	Mus musculus	Unknown	POU;Homeodomain
M0298_1.02	Unknown	Mus musculus	Unknown	bZIP
M0299_1.02	Unknown	Mus musculus	Unknown	bZIP
M0940_1.02	Unknown	Mus musculus	Unknown	Homeodomain
M1758_1.02	Unknown	Neurospora crassa	Unknown	Zinc cluster
M0803_1.02	Unknown	Saccharomyces cerevisiae	Unknown	GATA
M0056_1.02	Unknown	Plasmodium falciparum	Unknown	AP2
M1573_1.02	Unknown	Mus musculus	Unknown	SMAD
M0769_1.02	Unknown	Arabidopsis thaliana	Unknown	GATA
M0856_1.02	Unknown	Caenorhabditis elegans	Unknown	Homeodomain
M1622_1.02	Unknown	Capsaspora owczarzaki	Unknown	T-box
M0008_1.02	Unknown	Arabidopsis thaliana	Unknown	AP2
M0220_1.02	Unknown	Mus musculus	Unknown	bHLH
M1438_1.02	Unknown	Mus musculus	Unknown	Nuclear receptor
M1439_1.02	Unknown	Mus musculus	Unknown	Nuclear receptor
M1350_1.02	Unknown	Dictyostelium discoideum	Unknown	Myb/SANT
M0890_1.02	Unknown	Homo sapiens	Unknown	Homeodomain
M0977_1.02	Unknown	Mus musculus	Unknown	Homeodomain
M1151_1.02	Unknown	Oikopleura dioica	Unknown	Homeodomain
M0654_1.02	Unknown	Arabidopsis thaliana	Unknown	Dof
M0123_1.02	Unknown	Aspergillus terreus	Unknown	AT hook
M0100_1.02	Unknown	Acyrtosiphon pisum	Unknown	ARID/BRIGHT
M1786_1.02	Unknown	Saccharomyces cerevisiae	Unknown	Zinc cluster
M1272_1.02	Unknown	Xenopus tropicalis	Unknown	IRF
M0175_1.02	Unknown	Mus musculus	Unknown	bHLH
M0598_1.02	Unknown	Ostreococcus tauri	Unknown	CxC
M1481_1.02	Unknown	Caenorhabditis elegans	Unknown	Nuclear receptor
M0113_1.02	Unknown	Neurospora crassa	Unknown	ARID/BRIGHT
M0802_1.02	Unknown	Saccharomyces cerevisiae	Unknown	GATA
M0801_1.02	Unknown	Saccharomyces cerevisiae	Unknown	GATA
M0328_1.02	Unknown	Oryza sativa	Unknown	bZIP
M0327_1.02	Unknown	Oryza sativa	Unknown	bZIP
M0604_1.02	Unknown	Danio rerio	Unknown	CxxC
M0286_1.02	Unknown	Dictyostelium discoideum	Unknown	bZIP
M0596_1.02	Unknown	Drosophila yakuba	Unknown	CxC
M0710_1.02	Unknown	Mus musculus	Unknown	Ets
M0329_1.02	Unknown	Oryza sativa	Unknown	bZIP
M1075_1.02	Unknown	Rattus norvegicus	Unknown	Homeodomain
M1427_1.02	Unknown	Caenorhabditis elegans	Unknown	Nuclear receptor
M1086_1.02	Unknown	Caenorhabditis elegans	Unknown	Homeodomain
M1109_1.02	Unknown	Caenorhabditis elegans	Unknown	Homeodomain
M1476_1.02	Unknown	Caenorhabditis elegans	Unknown	Nuclear receptor
M0499_1.02	Unknown	Caenorhabditis elegans	Unknown	C2H2 ZF
M0869_1.02	Unknown	Caenorhabditis briggsae	Unknown	Homeodomain
M0688_1.02	Unknown	Mus musculus	Unknown	Ets
M0687_1.02	Unknown	Mus musculus	Unknown	Ets
M0560_1.02	Unknown	PBM CONSTRUCTS	Unknown	C2H2 ZF
M1430_1.02	Unknown	Caenorhabditis briggsae	Unknown	Nuclear receptor
M0322_1.02	Unknown	Xenopus tropicalis	Unknown	bZIP
M1621_1.02	Unknown	Oryza sativa	Unknown	Storekeeper
M1413_1.02	Unknown	Physcomitrella patens	Unknown	NAC/NAM
M1457_1.02	Unknown	Mus musculus	Unknown	Nuclear receptor
M0916_1.02	Unknown	Mus musculus	Unknown	Homeodomain
M0171_1.02	Unknown	Caenorhabditis elegans	Unknown	bHLH
M0641_1.02	Unknown	Drosophila melanogaster	Unknown	DM
M1614_1.02	Unknown	Saccharomyces cerevisiae	Unknown	Sox
M1101_1.02	Unknown	Drosophila melanogaster	Unknown	Homeodomain
M0805_1.02	Unknown	Saccharomyces cerevisiae	Unknown	GATA
M0804_1.02	Unknown	Saccharomyces cerevisiae	Unknown	GATA
M1114_1.02	Unknown	Neurospora crassa	Unknown	Homeodomain
M1201_1.02	Unknown	Nematostella vectensis	Unknown	Homeodomain
M1738_1.02	Unknown	Neurospora crassa	Unknown	Zinc cluster
M0467_1.02	Unknown	Neurospora crassa	Unknown	C2H2 ZF
M0074_1.02	Unknown	Physcomitrella patens	Unknown	AP2
M0412_1.02	Unknown	Mus musculus	Unknown	C2H2 ZF
M1788_1.02	Unknown	Saccharomyces cerevisiae	Unknown	Zinc cluster
M1787_1.02	Unknown	Saccharomyces cerevisiae	Unknown	Zinc cluster
M0476_1.02	Unknown	Neurospora crassa	Unknown	C2H2 ZF
M0104_1.02	Unknown	Mus musculus	Unknown	ARID/BRIGHT
M1674_1.02	Unknown	Saccharomyces cerevisiae	Unknown	Unknown
M0276_1.02	Unknown	Caenorhabditis elegans	Unknown	bZIP
M1601_1.02	Unknown	Mus musculus	Unknown	Sox
M1257_1.02	Unknown	Trichomonas vaginalis	Unknown	IBD
M1321_1.02	Unknown	Arabidopsis thaliana	Unknown	Myb/SANT
M1293_1.02	Unknown	Medicago truncatula	Unknown	MADF
M1359_1.02	Unknown	Mus musculus	Unknown	Myb/SANT
M1411_1.02	Unknown	Oryza sativa	Unknown	NAC/NAM
M1380_1.02	Unknown	Trichomonas vaginalis	Unknown	Myb/SANT
M0278_1.02	Unknown	Aspergillus nidulans	Unknown	bZIP
M0332_1.02	Unknown	Neurospora crassa	Unknown	bZIP
M0110_1.02	Unknown	Rattus norvegicus	Unknown	ARID/BRIGHT
M1449_1.02	Unknown	Mus musculus	Unknown	Nuclear receptor
M0395_1.02	Unknown	Mus musculus	Unknown	C2H2 ZF
M1613_1.02	Unknown	Saccharomyces cerevisiae	Unknown	Sox
M0356_1.02	Unknown	Saccharomyces cerevisiae	Unknown	bZIP
M0280_1.02	Unknown	Aspergillus nidulans	Unknown	bZIP
M1446_1.02	Unknown	Mus musculus	Unknown	Nuclear receptor
M0606_1.02	Unknown	Danio rerio	Unknown	CxxC
M0133_1.02	Unknown	Mus musculus	Unknown	AT hook
M0678_1.02	Unknown	Ostreococcus tauri	Unknown	E2F
M0158_1.02	Unknown	Arabidopsis thaliana	Unknown	bHLH
M0180_1.02	Unknown	Mus musculus	Unknown	bHLH
M0620_1.02	Unknown	Brugia malayi	Unknown	DM
M0861_1.02	Unknown	Caenorhabditis elegans	Unknown	Homeodomain
M1100_1.02	Unknown	Drosophila melanogaster	Unknown	Homeodomain
M0934_1.02	Unknown	Mus musculus	Unknown	Homeodomain
M0939_1.02	Unknown	Mus musculus	Unknown	Homeodomain
M0405_1.02	Unknown	Mus musculus	Unknown	C2H2 ZF
M1468_1.02	Unknown	Caenorhabditis elegans	Unknown	Nuclear receptor
M1514_1.02	Unknown	Caenorhabditis elegans	Unknown	Prospero
M1631_1.02	Unknown	Mus musculus	Unknown	T-box
M0495_1.02	Unknown	Caenorhabditis elegans	Unknown	C2H2 ZF
M1191_1.02	Unknown	Nematostella vectensis	Unknown	Homeodomain
M1472_1.02	Unknown	Drosophila pseudoobscura	Unknown	Nuclear receptor
M0224_1.02	Unknown	Mus musculus	Unknown	bHLH
M1014_1.02	Unknown	Mus musculus	Unknown	Homeodomain
M1037_1.02	Unknown	Mus musculus	Unknown	Homeodomain
M1038_1.02	Unknown	Mus musculus	Unknown	Homeodomain
M0301_1.02	Unknown	Mus musculus	Unknown	bZIP
M1009_1.02	Unknown	Mus musculus	Unknown	Homeodomain
M1010_1.02	Unknown	Mus musculus	Unknown	Homeodomain
M1268_1.02	Unknown	Mus musculus	Unknown	IRF
M1546_1.02	Unknown	Meleagris gallopavo	Unknown	SAND
M1485_1.02	Unknown	Caenorhabditis elegans	Unknown	Nuclear receptor
M1568_1.02	Unknown	Populus trichocarpa	Unknown	SBP
M0368_1.02	Unknown	Cryptococcus neoformans	Unknown	C2H2 ZF
M0880_1.02	Unknown	Ciona intestinalis	Unknown	Homeodomain
M1763_1.02	Unknown	Neurospora crassa	Unknown	Zinc cluster
M1623_1.02	Unknown	Nasonia vitripennis	Unknown	T-box
M1693_1.02	Unknown	Arabidopsis thaliana	Unknown	WRKY
M0406_1.02	Unknown	Mus musculus	Unknown	C2H2 ZF
M1633_1.02	Unknown	Mus musculus	Unknown	T-box
M1722_1.02	Unknown	Neurospora crassa	Unknown	Zinc cluster
M1807_1.02	Unknown	Saccharomyces cerevisiae	Unknown	Zinc cluster
M1806_1.02	Unknown	Saccharomyces cerevisiae	Unknown	Zinc cluster
M0852_1.02	Unknown	Arabidopsis thaliana	Unknown	Homeodomain
M0832_1.02	Unknown	Cryptococcus neoformans	Unknown	Homeodomain
M1528_1.02	Unknown	Mus musculus	Unknown	RFX
M0226_1.02	Unknown	Caenorhabditis elegans	Unknown	bHLH
M0350_1.02	Unknown	Caenorhabditis elegans	Unknown	bZIP
M1057_1.02	Unknown	Mus musculus	Unknown	Homeodomain
M0156_1.02	Unknown	Arabidopsis thaliana	Unknown	bHLH
M0207_1.02	Unknown	Mus musculus	Unknown	bHLH
M1338_1.02	Unknown	Arabidopsis thaliana	Unknown	Myb/SANT
M0526_1.02	Unknown	Saccharomyces cerevisiae	Unknown	C2H2 ZF
M1339_1.02	Unknown	Arabidopsis thaliana	Unknown	Myb/SANT
M0650_1.02	Unknown	Arabidopsis thaliana	Unknown	Dof
M1389_1.02	Unknown	Ostreococcus tauri	Unknown	Myb/SANT
M0177_1.02	Unknown	Mus musculus	Unknown	bHLH
M1104_1.02	Unknown	Drosophila melanogaster	Unknown	Homeodomain
M0150_1.02	Unknown	Arabidopsis thaliana	Unknown	bHLH
M0194_1.02	Unknown	Mus musculus	Unknown	bHLH
M1634_1.02	Unknown	Takifugu rubripes	Unknown	T-box
M0992_1.02	Unknown	Mus musculus	Unknown	Homeodomain
M0378_1.02	Unknown	Arabidopsis thaliana	Unknown	C2H2 ZF
M1020_1.02	Unknown	Mus musculus	Unknown	Homeodomain
M1103_1.02	Unknown	Drosophila melanogaster	Unknown	Homeodomain
M0793_1.02	Unknown	Saccharomyces cerevisiae	Unknown	GATA
M0794_1.02	Unknown	Saccharomyces cerevisiae	Unknown	GATA
M0126_1.02	Unknown	Danio rerio	Unknown	AT hook
M0759_1.02	Unknown	Arabidopsis thaliana	Unknown	GATA
M1381_1.02	Unknown	Trichomonas vaginalis	Unknown	Myb/SANT
M0922_1.02	Unknown	Mus musculus	Unknown	Homeodomain
M1685_1.02	Unknown	Arabidopsis thaliana	Unknown	WRKY
M1275_1.02	Unknown	Physcomitrella patens	Unknown	LOB
M0961_1.02	Unknown	Mus musculus	Unknown	Homeodomain
M1718_1.02	Unknown	Neurospora crassa	Unknown	Zinc cluster
M1098_1.02	Unknown	Drosophila melanogaster	Unknown	Homeodomain
M1808_1.02	Unknown	Saccharomyces cerevisiae	Unknown	Zinc cluster
M1809_1.02	Unknown	Saccharomyces cerevisiae	Unknown	Zinc cluster
M0492_1.02	Unknown	Caenorhabditis elegans	Unknown	C2H2 ZF
M0480_1.02	Unknown	Neurospora crassa	Unknown	C2H2 ZF
M1123_1.02	Unknown	Caenorhabditis elegans	Unknown	Homeodomain
M1464_1.02	Unknown	Caenorhabditis elegans	Unknown	Nuclear receptor
M1463_1.02	Unknown	Caenorhabditis elegans	Unknown	Nuclear receptor
M1016_1.02	Unknown	Mus musculus	Unknown	Homeodomain
M1386_1.02	Unknown	Phytophthora ramorum	Unknown	Myb/SANT
M0167_1.02	Unknown	Arabidopsis thaliana	Unknown	bHLH
M1773_1.02	Unknown	Saccharomyces cerevisiae	Unknown	Zinc cluster
M1772_1.02	Unknown	Saccharomyces cerevisiae	Unknown	Zinc cluster
M1225_1.02	Unknown	Caenorhabditis elegans	Unknown	Paired box;Homeodomain
M1011_1.02	Unknown	Mus musculus	Unknown	Homeodomain
M1392_1.02	Unknown	Ostreococcus tauri	Unknown	Myb/SANT
M1783_1.02	Unknown	Saccharomyces cerevisiae	Unknown	Zinc cluster
M0270_1.02	Unknown	Arabidopsis thaliana	Unknown	bZIP
M0496_1.02	Unknown	Caenorhabditis elegans	Unknown	C2H2 ZF
M1215_1.02	Unknown	Medicago truncatula	Unknown	Homeodomain
M1742_1.02	Unknown	Neurospora crassa	Unknown	Zinc cluster
M0154_1.02	Unknown	Arabidopsis thaliana	Unknown	bHLH
M0483_1.02	Unknown	Neurospora crassa	Unknown	C2H2 ZF
M1173_1.02	Unknown	Tripedalia cystophora	Unknown	Homeodomain
M0457_1.02	Unknown	Caenorhabditis elegans	Unknown	C2H2 ZF
M0124_1.02	Unknown	Anolis carolinensis	Unknown	AT hook
M0393_1.02	Unknown	Mus musculus	Unknown	C2H2 ZF
M1711_1.02	Unknown	Aspergillus nidulans	Unknown	Zinc cluster
M0202_1.02	Unknown	Mus musculus	Unknown	bHLH
M0201_1.02	Unknown	Mus musculus	Unknown	bHLH
M1145_1.02	Unknown	Encephalitozoon cuniculi	Unknown	Homeodomain
M1715_1.02	Unknown	Neurospora crassa	Unknown	Zinc cluster
M0443_1.02	Unknown	Mus musculus	Unknown	C2H2 ZF
M0037_1.02	Unknown	Arabidopsis thaliana	Unknown	AP2
M1309_1.02	Unknown	Cannabis sativa	Unknown	Myb/SANT
M1348_1.02	Unknown	Dictyostelium discoideum	Unknown	Myb/SANT
M1569_1.02	Unknown	PBM CONSTRUCTS	Unknown	SBP
M0006_1.02	Unknown	Arabidopsis thaliana	Unknown	AP2
M1281_1.02	Unknown	Xenopus tropicalis	Unknown	MADF
M1648_1.02	Unknown	Arabidopsis thaliana	Unknown	TCP
M1082_1.02	Unknown	Tetraodon nigroviridis	Unknown	Homeodomain
M0897_1.02	Unknown	Homo sapiens	Unknown	Homeodomain
M0816_1.02	Unknown	Takifugu rubripes	Unknown	GCM
M1027_1.02	Unknown	Mus musculus	Unknown	Homeodomain
M0915_1.02	Unknown	Mus musculus	Unknown	Homeodomain
M1597_1.02	Unknown	Mus musculus	Unknown	Sox
M1596_1.02	Unknown	Mus musculus	Unknown	Sox
M0864_1.02	Unknown	Caenorhabditis elegans	Unknown	Homeodomain
M0465_1.02	Unknown	Neurospora crassa	Unknown	C2H2 ZF
M0290_1.02	Unknown	Mus musculus	Unknown	bZIP
M1325_1.02	Unknown	Arabidopsis thaliana	Unknown	Myb/SANT
M0379_1.02	Unknown	Caenorhabditis elegans	Unknown	C2H2 ZF
M1646_1.02	Unknown	Arabidopsis thaliana	Unknown	TCP
M0913_1.02	Unknown	Mus musculus	Unknown	Homeodomain
M1640_1.02	Unknown	Strongylocentrotus purpuratus	Unknown	T-box
M0431_1.02	Unknown	Mus musculus	Unknown	C2H2 ZF
M0432_1.02	Unknown	Mus musculus	Unknown	C2H2 ZF
M0022_1.02	Unknown	Arabidopsis thaliana	Unknown	AP2
M1323_1.02	Unknown	Arabidopsis thaliana	Unknown	Myb/SANT
M1645_1.02	Unknown	Arabidopsis thaliana	Unknown	TCP
M0899_1.02	Unknown	Homo sapiens	Unknown	Homeodomain
M1096_1.02	Unknown	Drosophila melanogaster	Unknown	Homeodomain
M1047_1.02	Unknown	Mus musculus	Unknown	Homeodomain
M1048_1.02	Unknown	Mus musculus	Unknown	Homeodomain
M1046_1.02	Unknown	Mus musculus	Unknown	Homeodomain
M0024_1.02	Unknown	Arabidopsis thaliana	Unknown	AP2
M0879_1.02	Unknown	Ciona intestinalis	Unknown	Homeodomain
M0016_1.02	Unknown	Arabidopsis thaliana	Unknown	AP2
M0046_1.02	Unknown	Plasmodium falciparum	Unknown	AP2
M1222_1.02	Unknown	Xenopus laevis	Unknown	Homeodomain
M1563_1.02	Unknown	Arabidopsis thaliana	Unknown	SBP
M0497_1.02	Unknown	Caenorhabditis elegans	Unknown	C2H2 ZF
M0959_1.02	Unknown	Mus musculus	Unknown	Homeodomain
M0840_1.02	Unknown	Arabidopsis thaliana	Unknown	Homeodomain
M1081_1.02	Unknown	Tetraodon nigroviridis	Unknown	Homeodomain
M0341_1.02	Unknown	Schizosaccharomyces pombe	Unknown	bZIP
M1600_1.02	Unknown	Mus musculus	Unknown	Sox
M0699_1.02	Unknown	Mus musculus	Unknown	Ets
M1296_1.02	Unknown	Caenorhabditis elegans	Unknown	MADS box
M0148_1.02	Unknown	Caenorhabditis elegans	Unknown	BED ZF
M1351_1.02	Unknown	Dictyostelium discoideum	Unknown	Myb/SANT
M0682_1.02	Unknown	Arabidopsis thaliana	Unknown	EIN3
M0536_1.02	Unknown	Saccharomyces cerevisiae	Unknown	C2H2 ZF
M0866_1.02	Unknown	Aspergillus oryzae	Unknown	Homeodomain
M0912_1.02	Unknown	Mus musculus	Unknown	Homeodomain
M0506_1.02	Unknown	Saccharomyces cerevisiae	Unknown	C2H2 ZF
M0445_1.02	Unknown	Caenorhabditis elegans	Unknown	C2H2 ZF
M0524_1.02	Unknown	Saccharomyces cerevisiae	Unknown	C2H2 ZF
M1492_1.02	Unknown	Aplysia californica	Unknown	Nuclear receptor
M1679_1.02	Unknown	Arabidopsis thaliana	Unknown	WRKY
M0724_1.02	Unknown	Mus musculus	Unknown	Forkhead
M1769_1.02	Unknown	Saccharomyces cerevisiae	Unknown	Zinc cluster
M0363_1.02	Unknown	Ostreococcus tauri	Unknown	bZIP
M1310_1.02	Unknown	Cannabis sativa	Unknown	Myb/SANT
M0660_1.02	Unknown	Physcomitrella patens	Unknown	Dof
M0895_1.02	Unknown	Homo sapiens	Unknown	Homeodomain
M0235_1.02	Unknown	Neurospora crassa	Unknown	bHLH
M0442_1.02	Unknown	Mus musculus	Unknown	C2H2 ZF
M1204_1.02	Unknown	Nematostella vectensis	Unknown	Homeodomain
M1307_1.02	Unknown	Cannabis sativa	Unknown	Myb/SANT
M0364_1.02	Unknown	Ostreococcus tauri	Unknown	bZIP
M1026_1.02	Unknown	Mus musculus	Unknown	Homeodomain
M1295_1.02	Unknown	Xenopus laevis	Unknown	MADF
M0082_1.02	Unknown	Mus musculus	Unknown	AP-2
M0049_1.02	Unknown	Plasmodium falciparum	Unknown	AP2
M0048_1.02	Unknown	Plasmodium falciparum	Unknown	AP2
M0050_1.02	Unknown	Plasmodium falciparum	Unknown	AP2
M0659_1.02	Unknown	Physcomitrella patens	Unknown	Dof
M1318_1.02	Unknown	Arabidopsis thaliana	Unknown	Myb/SANT
M1248_1.02	Unknown	Aspergillus nidulans	Unknown	HSF
M1235_1.02	Unknown	Mus musculus	Unknown	POU;Homeodomain
M0884_1.02	Unknown	Danio rerio	Unknown	Homeodomain
M0293_1.02	Unknown	Mus musculus	Unknown	bZIP
M0671_1.02	Unknown	Ornithorhynchus anatinus	Unknown	E2F
M0178_1.02	Unknown	Mus musculus	Unknown	bHLH
M0904_1.02	Unknown	Mus musculus	Unknown	Homeodomain
M0875_1.02	Unknown	Dictyostelium discoideum	Unknown	Homeodomain
M0736_1.02	Unknown	Mus musculus	Unknown	Forkhead
M1541_1.02	Unknown	Schistosoma mansoni	Unknown	Runt
M0102_1.02	Unknown	Danio rerio	Unknown	ARID/BRIGHT
M1458_1.02	Unknown	Tetraodon nigroviridis	Unknown	Nuclear receptor
M0411_1.02	Unknown	Mus musculus	Unknown	C2H2 ZF
M1552_1.02	Unknown	Mus musculus	Unknown	SAND
M0374_1.02	Unknown	Arabidopsis thaliana	Unknown	C2H2 ZF
M0525_1.02	Unknown	Saccharomyces cerevisiae	Unknown	C2H2 ZF
M1378_1.02	Unknown	Trichomonas vaginalis	Unknown	Myb/SANT
M0820_1.02	Unknown	Gallus gallus	Unknown	Grainyhead
M1676_1.02	Unknown	Trichomonas vaginalis	Unknown	VHR1
M0498_1.02	Unknown	Caenorhabditis elegans	Unknown	C2H2 ZF
M0617_1.02	Unknown	PBM CONSTRUCTS	Unknown	CxxC
M0812_1.02	Unknown	Mus musculus	Unknown	GCM
M1548_1.02	Unknown	Monodelphis domestica	Unknown	SAND
M1732_1.02	Unknown	Neurospora crassa	Unknown	Zinc cluster
M0774_1.02	Unknown	Dictyostelium discoideum	Unknown	GATA
M1755_1.02	Unknown	Neurospora crassa	Unknown	Zinc cluster
M1707_1.02	Unknown	Fusarium graminearum	Unknown	Zinc cluster
M1083_1.02	Unknown	Tetraodon nigroviridis	Unknown	Homeodomain
M1212_1.02	Unknown	Phaeosphaeria nodorum	Unknown	Homeodomain
M0468_1.02	Unknown	Neurospora crassa	Unknown	C2H2 ZF
M0963_1.02	Unknown	Mus musculus	Unknown	Homeodomain
M0415_1.02	Unknown	Mus musculus	Unknown	C2H2 ZF
M1365_1.02	Unknown	Oryza sativa	Unknown	Myb/SANT
M0010_1.02	Unknown	Arabidopsis thaliana	Unknown	AP2
M1414_1.02	Unknown	Physcomitrella patens	Unknown	NAC/NAM
M0370_1.02	Unknown	Arabidopsis thaliana	Unknown	C2H2 ZF
M0439_1.02	Unknown	Mus musculus	Unknown	C2H2 ZF
M1331_1.02	Unknown	Arabidopsis thaliana	Unknown	Myb/SANT
M0284_1.02	Unknown	Dictyostelium discoideum	Unknown	bZIP
M0579_1.02	Unknown	Caenorhabditis elegans	Unknown	CENPB
M1767_1.02	Unknown	Saccharomyces cerevisiae	Unknown	Zinc cluster
M1768_1.02	Unknown	Saccharomyces cerevisiae	Unknown	Zinc cluster
M0808_1.02	Unknown	Ostreococcus tauri	Unknown	GATA
M0725_1.02	Unknown	Mus musculus	Unknown	Forkhead
M0967_1.02	Unknown	Mus musculus	Unknown	Homeodomain
M0099_1.02	Unknown	Nectria haematococca	Unknown	APSES
M1425_1.02	Unknown	Caenorhabditis elegans	Unknown	Nuclear receptor
M1632_1.02	Unknown	Mus musculus	Unknown	T-box
M1336_1.02	Unknown	Arabidopsis thaliana	Unknown	Myb/SANT
M1641_1.02	Unknown	Mus musculus	Unknown	TBP
M0566_1.02	Unknown	PBM CONSTRUCTS	Unknown	C2H2 ZF
M1515_1.02	Unknown	Saccharomyces cerevisiae	Unknown	Rap1
M1516_1.02	Unknown	Saccharomyces cerevisiae	Unknown	Rap1
M0657_1.02	Unknown	Arabidopsis thaliana	Unknown	Dof
M0603_1.02	Unknown	Homo sapiens	Unknown	CxxC
M1531_1.02	Unknown	Mus musculus	Unknown	RFX
M1004_1.02	Unknown	Mus musculus	Unknown	Homeodomain
M1005_1.02	Unknown	Mus musculus	Unknown	Homeodomain
M0475_1.02	Unknown	Neurospora crassa	Unknown	C2H2 ZF
M1709_1.02	Unknown	Histoplasma capsulatum	Unknown	Zinc cluster
M1810_1.02	Unknown	Saccharomyces cerevisiae	Unknown	Zinc cluster
M0849_1.02	Unknown	Arabidopsis thaliana	Unknown	Homeodomain
M1356_1.02	Unknown	Mus musculus	Unknown	Myb/SANT
M1183_1.02	Unknown	Lingula unguis	Unknown	Homeodomain
M0521_1.02	Unknown	Saccharomyces cerevisiae	Unknown	C2H2 ZF
M0433_1.02	Unknown	Mus musculus	Unknown	C2H2 ZF
M1562_1.02	Unknown	Arabidopsis thaliana	Unknown	SBP
M0559_1.02	Unknown	PBM CONSTRUCTS	Unknown	C2H2 ZF
M1055_1.02	Unknown	Mus musculus	Unknown	Homeodomain
M0611_1.02	Unknown	Meleagris gallopavo	Unknown	CxxC
M1708_1.02	Unknown	Histoplasma capsulatum	Unknown	Zinc cluster
M0355_1.02	Unknown	Saccharomyces cerevisiae	Unknown	bZIP
M0873_1.02	Unknown	Dictyostelium discoideum	Unknown	Homeodomain
M0625_1.02	Unknown	Caenorhabditis briggsae	Unknown	DM
M1443_1.02	Unknown	Mus musculus	Unknown	Nuclear receptor
M0304_1.02	Unknown	Mus musculus	Unknown	bZIP
M0047_1.02	Unknown	Plasmodium falciparum	Unknown	AP2
M0324_1.02	Unknown	Caenorhabditis elegans	Unknown	bZIP
M1251_1.02	Unknown	Caenorhabditis elegans	Unknown	HSF
M0646_1.02	Unknown	Arabidopsis thaliana	Unknown	Dof
M0746_1.02	Unknown	Mus musculus	Unknown	Forkhead
M1448_1.02	Unknown	Mus musculus	Unknown	Nuclear receptor
M0807_1.02	Unknown	Ostreococcus tauri	Unknown	GATA
M0842_1.02	Unknown	Arabidopsis thaliana	Unknown	Homeodomain
M1023_1.02	Unknown	Mus musculus	Unknown	Homeodomain
M0845_1.02	Unknown	Arabidopsis thaliana	Unknown	Homeodomain
M1406_1.02	Unknown	Arabidopsis thaliana	Unknown	NAC/NAM
M0953_1.02	Unknown	Mus musculus	Unknown	Homeodomain
M0906_1.02	Unknown	Mus musculus	Unknown	Homeodomain
M0469_1.02	Unknown	Neurospora crassa	Unknown	C2H2 ZF
M1156_1.02	Unknown	PBM CONSTRUCTS	Unknown	Homeodomain
M0456_1.02	Unknown	Caenorhabditis elegans	Unknown	C2H2 ZF
M0723_1.02	Unknown	Mus musculus	Unknown	Forkhead
M0452_1.02	Unknown	Caenorhabditis elegans	Unknown	C2H2 ZF
M1482_1.02	Unknown	Caenorhabditis briggsae	Unknown	Nuclear receptor
M1006_1.02	Unknown	Mus musculus	Unknown	Homeodomain
M0636_1.02	Unknown	Ornithorhynchus anatinus	Unknown	DM
M1602_1.02	Unknown	Mus musculus	Unknown	Sox
M1388_1.02	Unknown	Physcomitrella patens	Unknown	Myb/SANT
M1705_1.02	Unknown	Botrytis cinerea	Unknown	Zinc cluster
M1002_1.02	Unknown	Mus musculus	Unknown	Homeodomain
M0513_1.02	Unknown	Saccharomyces cerevisiae	Unknown	C2H2 ZF
M0514_1.02	Unknown	Saccharomyces cerevisiae	Unknown	C2H2 ZF
M0157_1.02	Unknown	Arabidopsis thaliana	Unknown	bHLH
M1205_1.02	Unknown	Nematostella vectensis	Unknown	Homeodomain
M0809_1.02	Unknown	Dasypus novemcinctus	Unknown	GCM
M1343_1.02	Unknown	Arabidopsis thaliana	Unknown	Myb/SANT
M0720_1.02	Unknown	Meleagris gallopavo	Unknown	Forkhead
M1459_1.02	Unknown	Tetraodon nigroviridis	Unknown	Nuclear receptor
M0184_1.02	Unknown	Mus musculus	Unknown	bHLH
M0186_1.02	Unknown	Mus musculus	Unknown	bHLH
M0185_1.02	Unknown	Mus musculus	Unknown	bHLH
M1294_1.02	Unknown	Malus x domestica	Unknown	MADF
M0360_1.02	Unknown	Phytophthora ramorum	Unknown	bZIP
M1064_1.02	Unknown	Mus musculus	Unknown	Homeodomain
M0482_1.02	Unknown	Neurospora crassa	Unknown	C2H2 ZF
M0670_1.02	Unknown	Mus musculus	Unknown	E2F
M1580_1.02	Unknown	Mus musculus	Unknown	Sox
M0305_1.02	Unknown	Mus musculus	Unknown	bZIP
M1045_1.02	Unknown	Mus musculus	Unknown	Homeodomain
M0019_1.02	Unknown	Arabidopsis thaliana	Unknown	AP2
M1019_1.02	Unknown	Mus musculus	Unknown	Homeodomain
M0871_1.02	Unknown	Caenorhabditis briggsae	Unknown	Homeodomain
M0772_1.02	Unknown	Caenorhabditis elegans	Unknown	GATA
M0534_1.02	Unknown	Saccharomyces cerevisiae	Unknown	C2H2 ZF
M0549_1.02	Unknown	PBM CONSTRUCTS	Unknown	C2H2 ZF
M0618_1.02	Unknown	Daphnia pulex	Unknown	CxxC
M0810_1.02	Unknown	Homo sapiens	Unknown	GCM
M1764_1.02	Unknown	Neurospora crassa	Unknown	Zinc cluster
M0107_1.02	Unknown	Mus musculus	Unknown	ARID/BRIGHT
M1120_1.02	Unknown	Schizosaccharomyces pombe	Unknown	Homeodomain
M0120_1.02	Unknown	Brachypodium distachyon	Unknown	AT hook
M1473_1.02	Unknown	Caenorhabditis elegans	Unknown	Nuclear receptor
M1735_1.02	Unknown	Neurospora crassa	Unknown	Zinc cluster
M1194_1.02	Unknown	Nematostella vectensis	Unknown	Homeodomain
M1549_1.02	Unknown	Mus musculus	Unknown	SAND
M1519_1.02	Unknown	Gallus gallus	Unknown	Rel
M1044_1.02	Unknown	Mus musculus	Unknown	Homeodomain
M1564_1.02	Unknown	Arabidopsis thaliana	Unknown	SBP
M0397_1.02	Unknown	Mus musculus	Unknown	C2H2 ZF
M0259_1.02	Unknown	Arabidopsis thaliana	Unknown	bZIP
M1148_1.02	Unknown	Trichomonas vaginalis	Unknown	Homeodomain
M0960_1.02	Unknown	Mus musculus	Unknown	Homeodomain
M1193_1.02	Unknown	Nematostella vectensis	Unknown	Homeodomain
M0090_1.02	Unknown	Neurospora crassa	Unknown	APSES
M0130_1.02	Unknown	Mus musculus	Unknown	AT hook
M0446_1.02	Unknown	Caenorhabditis elegans	Unknown	C2H2 ZF
M1313_1.02	Unknown	Cannabis sativa	Unknown	Myb/SANT
M0917_1.02	Unknown	Mus musculus	Unknown	Homeodomain
M1437_1.02	Unknown	Mus musculus	Unknown	Nuclear receptor
M1246_1.02	Unknown	Ailuropoda melanoleuca	Unknown	POU;Homeodomain
M1692_1.02	Unknown	Arabidopsis thaliana	Unknown	WRKY
M1702_1.02	Unknown	Arabidopsis thaliana	Unknown	WRKY
M1608_1.02	Unknown	Neurospora crassa	Unknown	Sox
M1526_1.02	Unknown	Cavia porcellus	Unknown	RFX
M1153_1.02	Unknown	Oikopleura dioica	Unknown	Homeodomain
M1262_1.02	Unknown	Mus musculus	Unknown	IRF
M1500_1.02	Unknown	Caenorhabditis elegans	Unknown	Paired box
M1498_1.02	Unknown	Caenorhabditis elegans	Unknown	Paired box
M0312_1.02	Unknown	Mus musculus	Unknown	bZIP
M1369_1.02	Unknown	Thalassiosira pseudonana	Unknown	Myb/SANT
M1090_1.02	Unknown	Drosophila melanogaster	Unknown	Homeodomain
M0273_1.02	Unknown	Arabidopsis thaliana	Unknown	bZIP
M1159_1.02	Unknown	Heterodontus francisci	Unknown	Homeodomain
M0026_1.02	Unknown	Arabidopsis thaliana	Unknown	AP2
M1161_1.02	Unknown	Kluyveromyces delphensis	Unknown	Homeodomain
M1761_1.02	Unknown	Neurospora crassa	Unknown	Zinc cluster
M1527_1.02	Unknown	Homo sapiens	Unknown	RFX
M1128_1.02	Unknown	Caenorhabditis elegans	Unknown	Homeodomain
M0281_1.02	Unknown	Caenorhabditis elegans	Unknown	bZIP
M1131_1.02	Unknown	Saccharomyces cerevisiae	Unknown	Homeodomain
M1595_1.02	Unknown	Mus musculus	Unknown	Sox
M1022_1.02	Unknown	Mus musculus	Unknown	Homeodomain
M1504_1.02	Unknown	Anolis carolinensis	Unknown	Pipsqueak
M1717_1.02	Unknown	Neurospora crassa	Unknown	Zinc cluster
M0061_1.02	Unknown	Plasmodium falciparum	Unknown	AP2
M0062_1.02	Unknown	Plasmodium falciparum	Unknown	AP2
M1663_1.02	Unknown	Lotus japonicus	Unknown	TCP
M1171_1.02	Unknown	Eleutheria dichotoma	Unknown	Homeodomain
M0747_1.02	Unknown	Mus musculus	Unknown	Forkhead
M0557_1.02	Unknown	PBM CONSTRUCTS	Unknown	C2H2 ZF
M0616_1.02	Unknown	Caenorhabditis elegans	Unknown	CxxC
M1353_1.02	Unknown	Dictyostelium discoideum	Unknown	Myb/SANT
M1267_1.02	Unknown	Mus musculus	Unknown	IRF
M1617_1.02	Unknown	Saccharomyces cerevisiae	Unknown	STE
M0543_1.02	Unknown	Saccharomyces cerevisiae	Unknown	C2H2 ZF
M0274_1.02	Unknown	Mus musculus	Unknown	bZIP
M1435_1.02	Unknown	Homo sapiens	Unknown	Nuclear receptor
M1289_1.02	Unknown	Caenorhabditis elegans	Unknown	MADF
M1678_1.02	Unknown	Arabidopsis thaliana	Unknown	WRKY
M0935_1.02	Unknown	Mus musculus	Unknown	Homeodomain
M0653_1.02	Unknown	Arabidopsis thaliana	Unknown	Dof
M0576_1.02	Unknown	Drosophila melanogaster	Unknown	CENPB
M1576_1.02	Unknown	Arabidopsis thaliana	Unknown	Sox
M1747_1.02	Unknown	Neurospora crassa	Unknown	Zinc cluster
M1642_1.02	Unknown	Saccharomyces cerevisiae	Unknown	TBP
M1106_1.02	Unknown	Drosophila melanogaster	Unknown	Homeodomain
M1450_1.02	Unknown	Mus musculus	Unknown	Nuclear receptor
M1372_1.02	Unknown	Saccharomyces cerevisiae	Unknown	Myb/SANT
M1583_1.02	Unknown	Mus musculus	Unknown	Sox
M0744_1.02	Unknown	Neurospora crassa	Unknown	Forkhead
M1779_1.02	Unknown	Saccharomyces cerevisiae	Unknown	Zinc cluster
M1780_1.02	Unknown	Saccharomyces cerevisiae	Unknown	Zinc cluster
M0142_1.02	Unknown	Saccharomyces cerevisiae	Unknown	AT hook
M0143_1.02	Unknown	Saccharomyces cerevisiae	Unknown	AT hook
M0558_1.02	Unknown	PBM CONSTRUCTS	Unknown	C2H2 ZF
M1202_1.02	Unknown	Nematostella vectensis	Unknown	Homeodomain
M1252_1.02	Unknown	Saccharomyces cerevisiae	Unknown	HSF
M1271_1.02	Unknown	Sus scrofa	Unknown	IRF
M0902_1.02	Unknown	Mus musculus	Unknown	Homeodomain
M1080_1.02	Unknown	Tetraodon nigroviridis	Unknown	Homeodomain
M0775_1.02	Unknown	Dictyostelium discoideum	Unknown	GATA
M1447_1.02	Unknown	Mus musculus	Unknown	Nuclear receptor
M1716_1.02	Unknown	Neurospora crassa	Unknown	Zinc cluster
M1812_1.02	Unknown	Saccharomyces cerevisiae	Unknown	Zinc cluster
M1029_1.02	Unknown	Mus musculus	Unknown	Homeodomain
M0728_1.02	Unknown	Mus musculus	Unknown	Forkhead
M0394_1.02	Unknown	Mus musculus	Unknown	C2H2 ZF
M0098_1.02	Unknown	Saccharomyces cerevisiae	Unknown	APSES
M1745_1.02	Unknown	Neurospora crassa	Unknown	Zinc cluster
M0523_1.02	Unknown	Saccharomyces cerevisiae	Unknown	C2H2 ZF
M0522_1.02	Unknown	Saccharomyces cerevisiae	Unknown	C2H2 ZF
M1185_1.02	Unknown	Nematostella vectensis	Unknown	Homeodomain
M1382_1.02	Unknown	Trichomonas vaginalis	Unknown	Myb/SANT
M0285_1.02	Unknown	Dictyostelium discoideum	Unknown	bZIP
M1129_1.02	Unknown	Saccharomyces cerevisiae	Unknown	Homeodomain
M1130_1.02	Unknown	Saccharomyces cerevisiae	Unknown	Homeodomain
M1018_1.02	Unknown	Mus musculus	Unknown	Homeodomain
M0376_1.02	Unknown	Arabidopsis thaliana	Unknown	C2H2 ZF
M0117_1.02	Unknown	Paramecium tetraurelia	Unknown	ARID/BRIGHT
M0773_1.02	Unknown	Dictyostelium discoideum	Unknown	GATA
M0160_1.02	Unknown	Arabidopsis thaliana	Unknown	bHLH
M1236_1.02	Unknown	Mus musculus	Unknown	POU;Homeodomain
M1237_1.02	Unknown	Mus musculus	Unknown	POU;Homeodomain
M0785_1.02	Unknown	Mus musculus	Unknown	GATA
M1524_1.02	Unknown	Apis mellifera	Unknown	RFX
M0007_1.02	Unknown	Arabidopsis thaliana	Unknown	AP2
M1084_1.02	Unknown	Xenopus tropicalis	Unknown	Homeodomain
M0139_1.02	Unknown	Neurospora crassa	Unknown	AT hook
M1789_1.02	Unknown	Saccharomyces cerevisiae	Unknown	Zinc cluster
M1790_1.02	Unknown	Saccharomyces cerevisiae	Unknown	Zinc cluster
M1102_1.02	Unknown	Drosophila melanogaster	Unknown	Homeodomain
M0976_1.02	Unknown	Mus musculus	Unknown	Homeodomain
M1214_1.02	Unknown	Phaeosphaeria nodorum	Unknown	Homeodomain
M0292_1.02	Unknown	Mus musculus	Unknown	bZIP
M0291_1.02	Unknown	Mus musculus	Unknown	bZIP
M1460_1.02	Unknown	Caenorhabditis elegans	Unknown	Nuclear receptor
M1721_1.02	Unknown	Neurospora crassa	Unknown	Zinc cluster
M0717_1.02	Unknown	Homo sapiens	Unknown	Forkhead
M0835_1.02	Unknown	Ustilago maydis	Unknown	Homeodomain
M1040_1.02	Unknown	Mus musculus	Unknown	Homeodomain
M0889_1.02	Unknown	Homo sapiens	Unknown	Homeodomain
M1054_1.02	Unknown	Mus musculus	Unknown	Homeodomain
M1643_1.02	Unknown	Cannabis sativa	Unknown	TCP
M1279_1.02	Unknown	Caenorhabditis elegans	Unknown	MADF
M0489_1.02	Unknown	Caenorhabditis elegans	Unknown	C2H2 ZF
M1216_1.02	Unknown	Tetrahymena thermophila	Unknown	Homeodomain
M0629_1.02	Unknown	Homo sapiens	Unknown	DM
M1358_1.02	Unknown	Mus musculus	Unknown	Myb/SANT
M1278_1.02	Unknown	Arabidopsis thaliana	Unknown	MADF
M0116_1.02	Unknown	Tetrahymena thermophila	Unknown	ARID/BRIGHT
M0243_1.02	Unknown	Saccharomyces cerevisiae	Unknown	bHLH
M0242_1.02	Unknown	Saccharomyces cerevisiae	Unknown	bHLH
M1451_1.02	Unknown	Mus musculus	Unknown	Nuclear receptor
M0609_1.02	Unknown	Homo sapiens	Unknown	CxxC
M0850_1.02	Unknown	Arabidopsis thaliana	Unknown	Homeodomain
M1407_1.02	Unknown	Arabidopsis thaliana	Unknown	NAC/NAM
M0644_1.02	Unknown	Caenorhabditis elegans	Unknown	DM
M0888_1.02	Unknown	Homo sapiens	Unknown	Homeodomain
M0921_1.02	Unknown	Mus musculus	Unknown	Homeodomain
M0530_1.02	Unknown	Saccharomyces cerevisiae	Unknown	C2H2 ZF
M0975_1.02	Unknown	Mus musculus	Unknown	Homeodomain
M1729_1.02	Unknown	Neurospora crassa	Unknown	Zinc cluster
M1311_1.02	Unknown	Cannabis sativa	Unknown	Myb/SANT
M0962_1.02	Unknown	Mus musculus	Unknown	Homeodomain
M0018_1.02	Unknown	Arabidopsis thaliana	Unknown	AP2
M1603_1.02	Unknown	Mus musculus	Unknown	Sox
M0282_1.02	Unknown	Dictyostelium discoideum	Unknown	bZIP
M1108_1.02	Unknown	Oryza sativa	Unknown	Homeodomain
M1264_1.02	Unknown	Mus musculus	Unknown	IRF
M0821_1.02	Unknown	Arabidopsis thaliana	Unknown	GRAS
M1393_1.02	Unknown	Tetrahymena thermophila	Unknown	Myb/SANT
M1021_1.02	Unknown	Mus musculus	Unknown	Homeodomain
M1581_1.02	Unknown	Mus musculus	Unknown	Sox
M0855_1.02	Unknown	Arabidopsis thaliana	Unknown	Homeodomain
M0187_1.02	Unknown	Mus musculus	Unknown	bHLH
M0188_1.02	Unknown	Mus musculus	Unknown	bHLH
M0790_1.02	Unknown	Oryza sativa	Unknown	GATA
M0819_1.02	Unknown	Candida albicans	Unknown	GCR1
M0905_1.02	Unknown	Mus musculus	Unknown	Homeodomain
M0307_1.02	Unknown	Mus musculus	Unknown	bZIP
M0052_1.02	Unknown	Plasmodium falciparum	Unknown	AP2
M0053_1.02	Unknown	Plasmodium falciparum	Unknown	AP2
M1423_1.02	Unknown	Anopheles gambiae	Unknown	Nuclear receptor
M0500_1.02	Unknown	Saccharomyces cerevisiae	Unknown	C2H2 ZF
M1286_1.02	Unknown	Oryza sativa	Unknown	MADF
M0938_1.02	Unknown	Mus musculus	Unknown	Homeodomain
M0937_1.02	Unknown	Mus musculus	Unknown	Homeodomain
M0118_1.02	Unknown	Arabidopsis thaliana	Unknown	AT hook
M0834_1.02	Unknown	Ustilago maydis	Unknown	Homeodomain
M0634_1.02	Unknown	Monodelphis domestica	Unknown	DM
M0881_1.02	Unknown	Ciona intestinalis	Unknown	Homeodomain
M0094_1.02	Unknown	Saccharomyces cerevisiae	Unknown	APSES
M0095_1.02	Unknown	Saccharomyces cerevisiae	Unknown	APSES
M0352_1.02	Unknown	Saccharomyces cerevisiae	Unknown	bZIP
M0795_1.02	Unknown	Saccharomyces cerevisiae	Unknown	GATA
M0796_1.02	Unknown	Saccharomyces cerevisiae	Unknown	GATA
M0843_1.02	Unknown	Arabidopsis thaliana	Unknown	Homeodomain
M1163_1.02	Unknown	PBM CONSTRUCTS	Unknown	Homeodomain
M0949_1.02	Unknown	Mus musculus	Unknown	Homeodomain
M0366_1.02	Unknown	Ostreococcus tauri	Unknown	bZIP
M0423_1.02	Unknown	Mus musculus	Unknown	C2H2 ZF
M0767_1.02	Unknown	Arabidopsis thaliana	Unknown	GATA
M0277_1.02	Unknown	Aspergillus nidulans	Unknown	bZIP
M0865_1.02	Unknown	Aspergillus nidulans	Unknown	Homeodomain
M1534_1.02	Unknown	Caenorhabditis elegans	Unknown	RFX
M0132_1.02	Unknown	Mus musculus	Unknown	AT hook
M1315_1.02	Unknown	Arabidopsis thaliana	Unknown	Myb/SANT
M1467_1.02	Unknown	Caenorhabditis elegans	Unknown	Nuclear receptor
M0574_1.02	Unknown	Caenorhabditis elegans	Unknown	C2HC ZF
M1609_1.02	Unknown	Caenorhabditis elegans	Unknown	Sox
M0196_1.02	Unknown	Mus musculus	Unknown	bHLH
M1405_1.02	Unknown	Arabidopsis thaliana	Unknown	NAC/NAM
M1820_1.02	Unknown	Saccharomyces cerevisiae	Unknown	Zinc cluster
M1821_1.02	Unknown	Saccharomyces cerevisiae	Unknown	Zinc cluster
M1282_1.02	Unknown	Arabidopsis lyrata	Unknown	MADF
M0311_1.02	Unknown	Mus musculus	Unknown	bZIP
M0461_1.02	Unknown	Caenorhabditis elegans	Unknown	C2H2 ZF
M0407_1.02	Unknown	Mus musculus	Unknown	C2H2 ZF
M0996_1.02	Unknown	Mus musculus	Unknown	Homeodomain
M1657_1.02	Unknown	Oryza sativa	Unknown	TCP
M0638_1.02	Unknown	Xenopus tropicalis	Unknown	DM
M1688_1.02	Unknown	Arabidopsis thaliana	Unknown	WRKY
M1599_1.02	Unknown	Mus musculus	Unknown	Sox
M0459_1.02	Unknown	Caenorhabditis elegans	Unknown	C2H2 ZF
M0800_1.02	Unknown	Saccharomyces cerevisiae	Unknown	GATA
M0799_1.02	Unknown	Saccharomyces cerevisiae	Unknown	GATA
M0028_1.02	Unknown	Arabidopsis thaliana	Unknown	AP2
M1731_1.02	Unknown	Neurospora crassa	Unknown	Zinc cluster
M0533_1.02	Unknown	Saccharomyces cerevisiae	Unknown	C2H2 ZF
M0089_1.02	Unknown	Neurospora crassa	Unknown	APSES
M0715_1.02	Unknown	Caenorhabditis briggsae	Unknown	Forkhead
M0059_1.02	Unknown	Plasmodium falciparum	Unknown	AP2
M0836_1.02	Unknown	Mus musculus	Unknown	Homeodomain
M1335_1.02	Unknown	Arabidopsis thaliana	Unknown	Myb/SANT
M1178_1.02	Unknown	Podocoryne carnea	Unknown	Homeodomain
M1091_1.02	Unknown	Drosophila melanogaster	Unknown	Homeodomain
M0134_1.02	Unknown	Pongo pygmaeus	Unknown	AT hook
M0608_1.02	Unknown	Homo sapiens	Unknown	CxxC
M0131_1.02	Unknown	Mus musculus	Unknown	AT hook
M1713_1.02	Unknown	Aspergillus nidulans	Unknown	Zinc cluster
M1671_1.02	Unknown	Tetraodon nigroviridis	Unknown	THAP finger
M0471_1.02	Unknown	Neurospora crassa	Unknown	C2H2 ZF
M0943_1.02	Unknown	Mus musculus	Unknown	Homeodomain
M0987_1.02	Unknown	Mus musculus	Unknown	Homeodomain
M1421_1.02	Unknown	Saccharomyces cerevisiae	Unknown	Ndt80/PhoG
M1347_1.02	Unknown	Dictyostelium discoideum	Unknown	Myb/SANT
M0749_1.02	Unknown	Saccharomyces cerevisiae	Unknown	Forkhead
M0058_1.02	Unknown	Plasmodium falciparum	Unknown	AP2
M1525_1.02	Unknown	Anolis carolinensis	Unknown	RFX
M0344_1.02	Unknown	Caenorhabditis elegans	Unknown	bZIP
M1598_1.02	Unknown	Mus musculus	Unknown	Sox
M1589_1.02	Unknown	Mus musculus	Unknown	Sox
M0924_1.02	Unknown	Mus musculus	Unknown	Homeodomain
M0925_1.02	Unknown	Mus musculus	Unknown	Homeodomain
M0551_1.02	Unknown	PBM CONSTRUCTS	Unknown	C2H2 ZF
M1342_1.02	Unknown	Arabidopsis thaliana	Unknown	Myb/SANT
M0111_1.02	Unknown	Drosophila melanogaster	Unknown	ARID/BRIGHT
M1666_1.02	Unknown	Danio rerio	Unknown	THAP finger
M1635_1.02	Unknown	Caenorhabditis elegans	Unknown	T-box
M0764_1.02	Unknown	Arabidopsis thaliana	Unknown	GATA
M0195_1.02	Unknown	Mus musculus	Unknown	bHLH
M0982_1.02	Unknown	Mus musculus	Unknown	Homeodomain
M0993_1.02	Unknown	Mus musculus	Unknown	Homeodomain
M0733_1.02	Unknown	Mus musculus	Unknown	Forkhead
M1187_1.02	Unknown	Nematostella vectensis	Unknown	Homeodomain
M1221_1.02	Unknown	Xenopus laevis	Unknown	Homeodomain
M1704_1.02	Unknown	Ostreococcus tauri	Unknown	WRKY
M0451_1.02	Unknown	Caenorhabditis elegans	Unknown	C2H2 ZF
M0766_1.02	Unknown	Arabidopsis thaliana	Unknown	GATA
M0458_1.02	Unknown	Caenorhabditis elegans	Unknown	C2H2 ZF
M1770_1.02	Unknown	Saccharomyces cerevisiae	Unknown	Zinc cluster
M1771_1.02	Unknown	Saccharomyces cerevisiae	Unknown	Zinc cluster
M1542_1.02	Unknown	Caenorhabditis elegans	Unknown	SAND
M1544_1.02	Unknown	Ciona intestinalis	Unknown	SAND
M0663_1.02	Unknown	Physcomitrella patens	Unknown	Dof
M0948_1.02	Unknown	Mus musculus	Unknown	Homeodomain
M1217_1.02	Unknown	Candida glabrata	Unknown	Homeodomain
M1532_1.02	Unknown	Ornithorhynchus anatinus	Unknown	RFX
M0101_1.02	Unknown	Dictyostelium discoideum	Unknown	ARID/BRIGHT
M0907_1.02	Unknown	Mus musculus	Unknown	Homeodomain
M1672_1.02	Unknown	Caenorhabditis elegans	Unknown	Unknown
M0706_1.02	Unknown	Mus musculus	Unknown	Ets
M0033_1.02	Unknown	Arabidopsis thaliana	Unknown	AP2
M0275_1.02	Unknown	Caenorhabditis elegans	Unknown	bZIP
M1710_1.02	Unknown	Puccinia graminis	Unknown	Zinc cluster
M0828_1.02	Unknown	Fusarium graminearum	Unknown	Homeodomain
M0122_1.02	Unknown	Aspergillus nidulans	Unknown	AT hook
M1605_1.02	Unknown	Mus musculus	Unknown	Sox
M1551_1.02	Unknown	Mus musculus	Unknown	SAND
M1673_1.02	Unknown	Dictyostelium discoideum	Unknown	Unknown
M1638_1.02	Unknown	Caenorhabditis elegans	Unknown	T-box
M0612_1.02	Unknown	Monodelphis domestica	Unknown	CxxC
M1127_1.02	Unknown	Mus musculus	Unknown	Homeodomain
M0704_1.02	Unknown	Mus musculus	Unknown	Ets
M1007_1.02	Unknown	Mus musculus	Unknown	Homeodomain
M0964_1.02	Unknown	Mus musculus	Unknown	Homeodomain
M1121_1.02	Unknown	Schizosaccharomyces pombe	Unknown	Homeodomain
M0758_1.02	Unknown	Arabidopsis thaliana	Unknown	GATA
M0537_1.02	Unknown	Saccharomyces cerevisiae	Unknown	C2H2 ZF
M1383_1.02	Unknown	PBM CONSTRUCTS	Unknown	Myb/SANT
M0647_1.02	Unknown	Arabidopsis thaliana	Unknown	Dof
M1828_1.02	Unknown	Saccharomyces cerevisiae	Unknown	Zinc cluster
M1829_1.02	Unknown	Saccharomyces cerevisiae	Unknown	Zinc cluster
M1399_1.02	Unknown	Paramecium tetraurelia	Unknown	Myb/SANT
M1329_1.02	Unknown	Arabidopsis thaliana	Unknown	Myb/SANT
M0197_1.02	Unknown	Mus musculus	Unknown	bHLH
M1593_1.02	Unknown	Mus musculus	Unknown	Sox
M0929_1.02	Unknown	Mus musculus	Unknown	Homeodomain
M1474_1.02	Unknown	Caenorhabditis elegans	Unknown	Nuclear receptor
M1610_1.02	Unknown	Caenorhabditis elegans	Unknown	Sox
M1677_1.02	Unknown	Arabidopsis thaliana	Unknown	WRC
M0791_1.02	Unknown	Neurospora crassa	Unknown	GATA
M1253_1.02	Unknown	Saccharomyces cerevisiae	Unknown	HSF
M1699_1.02	Unknown	Arabidopsis thaliana	Unknown	WRKY
M0295_1.02	Unknown	Mus musculus	Unknown	bZIP
M0294_1.02	Unknown	Mus musculus	Unknown	bZIP
M0454_1.02	Unknown	Caenorhabditis elegans	Unknown	C2H2 ZF
M0863_1.02	Unknown	Caenorhabditis elegans	Unknown	Homeodomain
M0585_1.02	Unknown	Bombyx mori	Unknown	CUT
M0264_1.02	Unknown	Arabidopsis thaliana	Unknown	bZIP
M0984_1.02	Unknown	Mus musculus	Unknown	Homeodomain
M0198_1.02	Unknown	Mus musculus	Unknown	bHLH
M1822_1.02	Unknown	Saccharomyces cerevisiae	Unknown	Zinc cluster
M1823_1.02	Unknown	Saccharomyces cerevisiae	Unknown	Zinc cluster
M1418_1.02	Unknown	Homo sapiens	Unknown	Ndt80/PhoG
M0588_1.02	Unknown	Arabidopsis thaliana	Unknown	CxC
M1412_1.02	Unknown	Physcomitrella patens	Unknown	NAC/NAM
M1659_1.02	Unknown	Arabidopsis lyrata	Unknown	TCP
M1276_1.02	Unknown	Arabidopsis thaliana	Unknown	MADF
M0380_1.02	Unknown	Caenorhabditis elegans	Unknown	C2H2 ZF
M0841_1.02	Unknown	Arabidopsis thaliana	Unknown	Homeodomain
M1290_1.02	Unknown	Ricinus communis	Unknown	MADF
M0159_1.02	Unknown	Arabidopsis thaliana	Unknown	bHLH
M0508_1.02	Unknown	Saccharomyces cerevisiae	Unknown	C2H2 ZF
M0642_1.02	Unknown	Caenorhabditis elegans	Unknown	DM
M1158_1.02	Unknown	PBM CONSTRUCTS	Unknown	Homeodomain
M1095_1.02	Unknown	Drosophila melanogaster	Unknown	Homeodomain
M0662_1.02	Unknown	Physcomitrella patens	Unknown	Dof
M0999_1.02	Unknown	Mus musculus	Unknown	Homeodomain
M1210_1.02	Unknown	Zea mays	Unknown	Homeodomain
M1655_1.02	Unknown	Arabidopsis lyrata	Unknown	TCP
M1665_1.02	Unknown	Saccharomyces cerevisiae	Unknown	TEA
M1664_1.02	Unknown	Saccharomyces cerevisiae	Unknown	TEA
M0105_1.02	Unknown	Mus musculus	Unknown	ARID/BRIGHT
M0106_1.02	Unknown	Mus musculus	Unknown	ARID/BRIGHT
M0155_1.02	Unknown	Arabidopsis thaliana	Unknown	bHLH
M0063_1.02	Unknown	Plasmodium falciparum	Unknown	AP2
M1030_1.02	Unknown	Mus musculus	Unknown	Homeodomain
M0597_1.02	Unknown	Bombyx mori	Unknown	CxC
M0571_1.02	Unknown	Neurospora crassa	Unknown	C2H2 ZF;Zinc cluster
M1714_1.02	Unknown	Dictyostelium discoideum	Unknown	Zinc cluster
M1328_1.02	Unknown	Arabidopsis thaliana	Unknown	Myb/SANT
M0909_1.02	Unknown	Mus musculus	Unknown	Homeodomain
M1662_1.02	Unknown	Lotus japonicus	Unknown	TCP
M1400_1.02	Unknown	Arabidopsis thaliana	Unknown	NAC/NAM
M1240_1.02	Unknown	Takifugu rubripes	Unknown	POU;Homeodomain
M0463_1.02	Unknown	Neurospora crassa	Unknown	C2H2 ZF
M1142_1.02	Unknown	Caenorhabditis elegans	Unknown	Homeodomain
M0351_1.02	Unknown	Saccharomyces cerevisiae	Unknown	bZIP
M0887_1.02	Unknown	Homo sapiens	Unknown	Homeodomain
M1277_1.02	Unknown	Arabidopsis thaliana	Unknown	MADF
M1260_1.02	Unknown	Gallus gallus	Unknown	IRF
M1520_1.02	Unknown	Meleagris gallopavo	Unknown	Rel
M0151_1.02	Unknown	Arabidopsis thaliana	Unknown	bHLH
M0114_1.02	Unknown	Caenorhabditis elegans	Unknown	ARID/BRIGHT
M1566_1.02	Unknown	Arabidopsis thaliana	Unknown	SBP
M0627_1.02	Unknown	Caenorhabditis japonica	Unknown	DM
M0580_1.02	Unknown	Bombyx mori	Unknown	CENPB
M1508_1.02	Unknown	Oryzias latipes	Unknown	Pipsqueak
M0547_1.02	Unknown	Caenorhabditis elegans	Unknown	C2H2 ZF
M0806_1.02	Unknown	Saccharomyces cerevisiae	Unknown	GATA
M1759_1.02	Unknown	Neurospora crassa	Unknown	Zinc cluster
M1739_1.02	Unknown	Neurospora crassa	Unknown	Zinc cluster
M1740_1.02	Unknown	Neurospora crassa	Unknown	Zinc cluster
M0009_1.02	Unknown	Arabidopsis thaliana	Unknown	AP2
M0060_1.02	Unknown	Plasmodium falciparum	Unknown	AP2
M0586_1.02	Unknown	Caenorhabditis elegans	Unknown	CUT;Homeodomain
M0172_1.02	Unknown	Caenorhabditis elegans	Unknown	bHLH
M0640_1.02	Unknown	Caenorhabditis elegans	Unknown	DM
M0128_1.02	Unknown	Meleagris gallopavo	Unknown	AT hook
M0703_1.02	Unknown	Mus musculus	Unknown	Ets
M0002_1.02	Unknown	Saccharomyces cerevisiae	Unknown	AFT
M0824_1.02	Unknown	Fusarium graminearum	Unknown	Homeodomain
M0138_1.02	Unknown	Neurospora crassa	Unknown	AT hook
M0040_1.02	Unknown	Arabidopsis thaliana	Unknown	AP2
M0460_1.02	Unknown	Caenorhabditis elegans	Unknown	C2H2 ZF
M0973_1.02	Unknown	Mus musculus	Unknown	Homeodomain
M0974_1.02	Unknown	Mus musculus	Unknown	Homeodomain
M0745_1.02	Unknown	Neurospora crassa	Unknown	Forkhead
M0908_1.02	Unknown	Mus musculus	Unknown	Homeodomain
M1753_1.02	Unknown	Neurospora crassa	Unknown	Zinc cluster
M1752_1.02	Unknown	Neurospora crassa	Unknown	Zinc cluster
M0038_1.02	Unknown	Arabidopsis thaliana	Unknown	AP2
M0561_1.02	Unknown	PBM CONSTRUCTS	Unknown	C2H2 ZF
M1694_1.02	Unknown	Arabidopsis thaliana	Unknown	WRKY
M0486_1.02	Unknown	Neurospora crassa	Unknown	C2H2 ZF
M1285_1.02	Unknown	Oryza sativa	Unknown	MADF
M1284_1.02	Unknown	Oryza sativa	Unknown	MADF
M0233_1.02	Unknown	Neurospora crassa	Unknown	bHLH
M1169_1.02	Unknown	Coprinellus disseminatus	Unknown	Homeodomain
M0434_1.02	Unknown	Mus musculus	Unknown	C2H2 ZF
M0765_1.02	Unknown	Arabidopsis thaliana	Unknown	GATA
M0421_1.02	Unknown	Mus musculus	Unknown	C2H2 ZF
M1575_1.02	Unknown	Arabidopsis thaliana	Unknown	Sox
M1316_1.02	Unknown	Arabidopsis thaliana	Unknown	Myb/SANT
M0553_1.02	Unknown	PBM CONSTRUCTS	Unknown	C2H2 ZF
M0029_1.02	Unknown	Arabidopsis thaliana	Unknown	AP2
M0894_1.02	Unknown	Homo sapiens	Unknown	Homeodomain
M0494_1.02	Unknown	Caenorhabditis elegans	Unknown	C2H2 ZF
M0721_1.02	Unknown	Mus musculus	Unknown	Forkhead
M0722_1.02	Unknown	Mus musculus	Unknown	Forkhead
M0219_1.02	Unknown	Mus musculus	Unknown	bHLH
M0582_1.02	Unknown	Arabidopsis thaliana	Unknown	CG-1
M1744_1.02	Unknown	Neurospora crassa	Unknown	Zinc cluster
M0362_1.02	Unknown	Ostreococcus tauri	Unknown	bZIP
M1334_1.02	Unknown	Arabidopsis thaliana	Unknown	Myb/SANT
M0719_1.02	Unknown	Homo sapiens	Unknown	Forkhead
M0590_1.02	Unknown	Arabidopsis thaliana	Unknown	CxC
M0831_1.02	Unknown	Coprinopsis cinerea	Unknown	Homeodomain
M0003_1.02	Unknown	Saccharomyces cerevisiae	Unknown	AFT
M1154_1.02	Unknown	Oikopleura dioica	Unknown	Homeodomain
M1067_1.02	Unknown	Mus musculus	Unknown	Homeodomain
M0145_1.02	Unknown	Medicago truncatula	Unknown	AT hook
M1493_1.02	Unknown	Petromyzon marinus	Unknown	Nuclear receptor
M1056_1.02	Unknown	Mus musculus	Unknown	Homeodomain
M0055_1.02	Unknown	Plasmodium falciparum	Unknown	AP2
M0626_1.02	Unknown	Caenorhabditis brenneri	Unknown	DM
M0505_1.02	Unknown	Saccharomyces cerevisiae	Unknown	C2H2 ZF
M1695_1.02	Unknown	Arabidopsis thaliana	Unknown	WRKY
M0455_1.02	Unknown	Caenorhabditis elegans	Unknown	C2H2 ZF
M0260_1.02	Unknown	Arabidopsis thaliana	Unknown	bZIP
M1590_1.02	Unknown	Mus musculus	Unknown	Sox
M1401_1.02	Unknown	Arabidopsis thaliana	Unknown	NAC/NAM
M0859_1.02	Unknown	Caenorhabditis elegans	Unknown	Homeodomain
M1113_1.02	Unknown	Neurospora crassa	Unknown	Homeodomain
M0416_1.02	Unknown	Mus musculus	Unknown	C2H2 ZF
M0057_1.02	Unknown	Plasmodium falciparum	Unknown	AP2
M0081_1.02	Unknown	Arabidopsis thaliana	Unknown	AP2;B3
M0080_1.02	Unknown	Arabidopsis thaliana	Unknown	AP2;B3
M1833_1.02	Unknown	Saccharomyces cerevisiae	Unknown	Zinc cluster
M0726_1.02	Unknown	Mus musculus	Unknown	Forkhead
M0727_1.02	Unknown	Mus musculus	Unknown	Forkhead
M0684_1.02	Unknown	Physcomitrella patens	Unknown	EIN3
M0932_1.02	Unknown	Mus musculus	Unknown	Homeodomain
M1766_1.02	Unknown	Neurospora crassa	Unknown	Zinc cluster
M0444_1.02	Unknown	Mus musculus	Unknown	C2H2 ZF
M1587_1.02	Unknown	Mus musculus	Unknown	Sox
M0417_1.02	Unknown	Mus musculus	Unknown	C2H2 ZF
M0418_1.02	Unknown	Mus musculus	Unknown	C2H2 ZF
M0419_1.02	Unknown	Mus musculus	Unknown	C2H2 ZF
M0655_1.02	Unknown	Arabidopsis thaliana	Unknown	Dof
M0656_1.02	Unknown	Arabidopsis thaliana	Unknown	Dof
M0153_1.02	Unknown	Arabidopsis thaliana	Unknown	bHLH
M0826_1.02	Unknown	Fusarium graminearum	Unknown	Homeodomain
M1245_1.02	Unknown	Branchiostoma floridae	Unknown	POU;Homeodomain
M1049_1.02	Unknown	Mus musculus	Unknown	Homeodomain
M1058_1.02	Unknown	Mus musculus	Unknown	Homeodomain
M0313_1.02	Unknown	Mus musculus	Unknown	bZIP
M0781_1.02	Unknown	Dictyostelium discoideum	Unknown	GATA
M0330_1.02	Unknown	Neurospora crassa	Unknown	bZIP
M0288_1.02	Unknown	Dictyostelium discoideum	Unknown	bZIP
M1817_1.02	Unknown	Saccharomyces cerevisiae	Unknown	Zinc cluster
M1071_1.02	Unknown	Mus musculus	Unknown	Homeodomain
M1647_1.02	Unknown	Arabidopsis thaliana	Unknown	TCP
M1409_1.02	Unknown	Arabidopsis lyrata	Unknown	NAC/NAM
M0229_1.02	Unknown	Oryza sativa	Unknown	bHLH
M1259_1.02	Unknown	Trichomonas vaginalis	Unknown	IBD
M0263_1.02	Unknown	Arabidopsis thaliana	Unknown	bZIP
M0676_1.02	Unknown	Trichomonas vaginalis	Unknown	E2F
M0709_1.02	Unknown	Mus musculus	Unknown	Ets
M0146_1.02	Unknown	Arabidopsis thaliana	Unknown	B3
M1197_1.02	Unknown	Nematostella vectensis	Unknown	Homeodomain
M1354_1.02	Unknown	Dictyostelium discoideum	Unknown	Myb/SANT
M1724_1.02	Unknown	Neurospora crassa	Unknown	Zinc cluster
M0340_1.02	Unknown	Caenorhabditis elegans	Unknown	bZIP
M0931_1.02	Unknown	Mus musculus	Unknown	Homeodomain
M0269_1.02	Unknown	Arabidopsis thaliana	Unknown	bZIP
M1725_1.02	Unknown	Neurospora crassa	Unknown	Zinc cluster
M1157_1.02	Unknown	PBM CONSTRUCTS	Unknown	Homeodomain
M0345_1.02	Unknown	Caenorhabditis elegans	Unknown	bZIP
M1445_1.02	Unknown	Mus musculus	Unknown	Nuclear receptor
M0065_1.02	Unknown	Plasmodium falciparum	Unknown	AP2
M0064_1.02	Unknown	Plasmodium falciparum	Unknown	AP2
M1461_1.02	Unknown	Caenorhabditis elegans	Unknown	Nuclear receptor
M0570_1.02	Unknown	PBM CONSTRUCTS	Unknown	C2H2 ZF
M0141_1.02	Unknown	Caenorhabditis elegans	Unknown	AT hook
M0234_1.02	Unknown	Neurospora crassa	Unknown	bHLH
M0217_1.02	Unknown	Mus musculus	Unknown	bHLH
M0777_1.02	Unknown	Dictyostelium discoideum	Unknown	GATA
M0225_1.02	Unknown	Mus musculus	Unknown	bHLH
M1684_1.02	Unknown	Arabidopsis thaliana	Unknown	WRKY
M1069_1.02	Unknown	Mus musculus	Unknown	Homeodomain
M0784_1.02	Unknown	Mus musculus	Unknown	GATA
M1719_1.02	Unknown	Neurospora crassa	Unknown	Zinc cluster
M1017_1.02	Unknown	Mus musculus	Unknown	Homeodomain
M0693_1.02	Unknown	Mus musculus	Unknown	Ets
M0694_1.02	Unknown	Mus musculus	Unknown	Ets
M0162_1.02	Unknown	Arabidopsis thaliana	Unknown	bHLH
M1616_1.02	Unknown	Saccharomyces cerevisiae	Unknown	Sox
M1094_1.02	Unknown	Drosophila melanogaster	Unknown	Homeodomain
M1256_1.02	Unknown	Saccharomyces cerevisiae	Unknown	HSF
M0236_1.02	Unknown	Neurospora crassa	Unknown	bHLH
M0075_1.02	Unknown	Physcomitrella patens	Unknown	AP2
M1341_1.02	Unknown	Arabidopsis thaliana	Unknown	Myb/SANT
M0910_1.02	Unknown	Mus musculus	Unknown	Homeodomain
M0012_1.02	Unknown	Arabidopsis thaliana	Unknown	AP2
M0639_1.02	Unknown	Caenorhabditis elegans	Unknown	DM
M0621_1.02	Unknown	Wuchereria bancrofti	Unknown	DM
M0877_1.02	Unknown	Dictyostelium discoideum	Unknown	Homeodomain
M1203_1.02	Unknown	Nematostella vectensis	Unknown	Homeodomain
M0254_1.02	Unknown	Caenorhabditis elegans	Unknown	Brinker
M0410_1.02	Unknown	Mus musculus	Unknown	C2H2 ZF
M0409_1.02	Unknown	Mus musculus	Unknown	C2H2 ZF
M1244_1.02	Unknown	Caenorhabditis elegans	Unknown	POU;Homeodomain
M1076_1.02	Unknown	Tetraodon nigroviridis	Unknown	Homeodomain
M0562_1.02	Unknown	PBM CONSTRUCTS	Unknown	C2H2 ZF
M1743_1.02	Unknown	Neurospora crassa	Unknown	Zinc cluster
M0251_1.02	Unknown	Physcomitrella patens	Unknown	bHLH
M0173_1.02	Unknown	Caenorhabditis elegans	Unknown	bHLH
M1442_1.02	Unknown	Mus musculus	Unknown	Nuclear receptor
M1165_1.02	Unknown	PBM CONSTRUCTS	Unknown	Homeodomain
M1247_1.02	Unknown	Xenopus laevis	Unknown	POU;Homeodomain
M1522_1.02	Unknown	Tetraodon nigroviridis	Unknown	Rel
M0729_1.02	Unknown	Mus musculus	Unknown	Forkhead
M0013_1.02	Unknown	Arabidopsis thaliana	Unknown	AP2
M0272_1.02	Unknown	Arabidopsis thaliana	Unknown	bZIP
M1624_1.02	Unknown	Caenorhabditis elegans	Unknown	T-box
M1379_1.02	Unknown	Trichomonas vaginalis	Unknown	Myb/SANT
M1231_1.02	Unknown	Homo sapiens	Unknown	POU;Homeodomain
M0034_1.02	Unknown	Arabidopsis thaliana	Unknown	AP2
M0823_1.02	Unknown	Fusarium graminearum	Unknown	Homeodomain
M0268_1.02	Unknown	Arabidopsis thaliana	Unknown	bZIP
M1689_1.02	Unknown	Arabidopsis thaliana	Unknown	WRKY
M1241_1.02	Unknown	Takifugu rubripes	Unknown	POU;Homeodomain
M1008_1.02	Unknown	Mus musculus	Unknown	Homeodomain
M1033_1.02	Unknown	Mus musculus	Unknown	Homeodomain
M0787_1.02	Unknown	Caenorhabditis elegans	Unknown	GATA
M0240_1.02	Unknown	Caenorhabditis elegans	Unknown	bHLH
M1547_1.02	Unknown	Meleagris gallopavo	Unknown	SAND
M1618_1.02	Unknown	Arabidopsis thaliana	Unknown	Storekeeper
M1455_1.02	Unknown	Mus musculus	Unknown	Nuclear receptor
M0903_1.02	Unknown	Mus musculus	Unknown	Homeodomain
M0589_1.02	Unknown	Arabidopsis thaliana	Unknown	CxC
M1124_1.02	Unknown	Xenopus tropicalis	Unknown	Homeodomain
M0267_1.02	Unknown	Arabidopsis thaliana	Unknown	bZIP
M1419_1.02	Unknown	Mus musculus	Unknown	Ndt80/PhoG
M0413_1.02	Unknown	Mus musculus	Unknown	C2H2 ZF
M0936_1.02	Unknown	Mus musculus	Unknown	Homeodomain
M1799_1.02	Unknown	Saccharomyces cerevisiae	Unknown	Zinc cluster
M1798_1.02	Unknown	Saccharomyces cerevisiae	Unknown	Zinc cluster
M1190_1.02	Unknown	Nematostella vectensis	Unknown	Homeodomain
M1395_1.02	Unknown	Ostreococcus tauri	Unknown	Myb/SANT
M0827_1.02	Unknown	Fusarium graminearum	Unknown	Homeodomain
M1479_1.02	Unknown	Caenorhabditis elegans	Unknown	Nuclear receptor
M0546_1.02	Unknown	Caenorhabditis elegans	Unknown	C2H2 ZF
M0025_1.02	Unknown	Arabidopsis thaliana	Unknown	AP2
M1776_1.02	Unknown	Saccharomyces cerevisiae	Unknown	Zinc cluster
M1344_1.02	Unknown	Arabidopsis thaliana	Unknown	Myb/SANT
M0870_1.02	Unknown	Caenorhabditis briggsae	Unknown	Homeodomain
M0359_1.02	Unknown	PBM CONSTRUCTS	Unknown	bZIP
M0404_1.02	Unknown	Mus musculus	Unknown	C2H2 ZF
M0377_1.02	Unknown	Arabidopsis thaliana	Unknown	C2H2 ZF
M1258_1.02	Unknown	Trichomonas vaginalis	Unknown	IBD
M0862_1.02	Unknown	Caenorhabditis elegans	Unknown	Homeodomain
M0568_1.02	Unknown	PBM CONSTRUCTS	Unknown	C2H2 ZF
M0718_1.02	Unknown	Homo sapiens	Unknown	Forkhead
M1337_1.02	Unknown	Arabidopsis thaliana	Unknown	Myb/SANT
M1299_1.02	Unknown	Saccharomyces cerevisiae	Unknown	MADS box
M0314_1.02	Unknown	Mus musculus	Unknown	bZIP
M0315_1.02	Unknown	Mus musculus	Unknown	bZIP
M0893_1.02	Unknown	Homo sapiens	Unknown	Homeodomain
M1512_1.02	Unknown	Phytophthora ramorum	Unknown	Pipsqueak
M1654_1.02	Unknown	Arabidopsis lyrata	Unknown	TCP
M1429_1.02	Unknown	Caenorhabditis briggsae	Unknown	Nuclear receptor
M1778_1.02	Unknown	Saccharomyces cerevisiae	Unknown	Zinc cluster
M1777_1.02	Unknown	Saccharomyces cerevisiae	Unknown	Zinc cluster
M1574_1.02	Unknown	Caenorhabditis elegans	Unknown	SMAD
M0108_1.02	Unknown	Mus musculus	Unknown	ARID/BRIGHT
M0507_1.02	Unknown	Saccharomyces cerevisiae	Unknown	C2H2 ZF
M1326_1.02	Unknown	Arabidopsis thaliana	Unknown	Myb/SANT
M0651_1.02	Unknown	Arabidopsis thaliana	Unknown	Dof
M1507_1.02	Unknown	Meleagris gallopavo	Unknown	Pipsqueak
M0306_1.02	Unknown	Mus musculus	Unknown	bZIP
M1471_1.02	Unknown	Drosophila melanogaster	Unknown	Nuclear receptor
M0183_1.02	Unknown	Mus musculus	Unknown	bHLH
M0714_1.02	Unknown	Mus musculus	Unknown	Ets
M0763_1.02	Unknown	Arabidopsis thaliana	Unknown	GATA
M1630_1.02	Unknown	Mus musculus	Unknown	T-box
M1712_1.02	Unknown	Aspergillus nidulans	Unknown	Zinc cluster
M0449_1.02	Unknown	Caenorhabditis elegans	Unknown	C2H2 ZF
M1426_1.02	Unknown	Caenorhabditis elegans	Unknown	Nuclear receptor
M0712_1.02	Unknown	Caenorhabditis elegans	Unknown	Ets
M1206_1.02	Unknown	Nematostella vectensis	Unknown	Homeodomain
M1826_1.02	Unknown	Saccharomyces cerevisiae	Unknown	Zinc cluster
M1827_1.02	Unknown	Saccharomyces cerevisiae	Unknown	Zinc cluster
M1741_1.02	Unknown	Neurospora crassa	Unknown	Zinc cluster
M0464_1.02	Unknown	Neurospora crassa	Unknown	C2H2 ZF
M1097_1.02	Unknown	Drosophila melanogaster	Unknown	Homeodomain
M1578_1.02	Unknown	Homo sapiens	Unknown	Sox
M0702_1.02	Unknown	Mus musculus	Unknown	Ets
M0701_1.02	Unknown	Mus musculus	Unknown	Ets
M0399_1.02	Unknown	Mus musculus	Unknown	C2H2 ZF
M0400_1.02	Unknown	Mus musculus	Unknown	C2H2 ZF
M0398_1.02	Unknown	Mus musculus	Unknown	C2H2 ZF
M0309_1.02	Unknown	Mus musculus	Unknown	bZIP
M0825_1.02	Unknown	Fusarium graminearum	Unknown	Homeodomain
M0555_1.02	Unknown	PBM CONSTRUCTS	Unknown	C2H2 ZF
M1042_1.02	Unknown	Mus musculus	Unknown	Homeodomain
M0487_1.02	Unknown	Caenorhabditis elegans	Unknown	C2H2 ZF
M0529_1.02	Unknown	Saccharomyces cerevisiae	Unknown	C2H2 ZF
M0265_1.02	Unknown	Arabidopsis thaliana	Unknown	bZIP
M0470_1.02	Unknown	Neurospora crassa	Unknown	C2H2 ZF
M0664_1.02	Unknown	Ostreococcus tauri	Unknown	Dof
M0914_1.02	Unknown	Mus musculus	Unknown	Homeodomain
M0945_1.02	Unknown	Mus musculus	Unknown	Homeodomain
M1013_1.02	Unknown	Mus musculus	Unknown	Homeodomain
M1444_1.02	Unknown	Mus musculus	Unknown	Nuclear receptor
M0023_1.02	Unknown	Arabidopsis thaliana	Unknown	AP2
M1146_1.02	Unknown	Encephalitozoon cuniculi	Unknown	Homeodomain
M0667_1.02	Unknown	Anolis carolinensis	Unknown	E2F
M0466_1.02	Unknown	Neurospora crassa	Unknown	C2H2 ZF
M0279_1.02	Unknown	Aspergillus nidulans	Unknown	bZIP
M0401_1.02	Unknown	Mus musculus	Unknown	C2H2 ZF
M0402_1.02	Unknown	Mus musculus	Unknown	C2H2 ZF
M1039_1.02	Unknown	Mus musculus	Unknown	Homeodomain
M1501_1.02	Unknown	Caenorhabditis elegans	Unknown	Paired box
M0054_1.02	Unknown	Plasmodium falciparum	Unknown	AP2
M1675_1.02	Unknown	Saccharomyces cerevisiae	Unknown	Unknown
M0258_1.02	Unknown	Arabidopsis thaliana	Unknown	bZIP
M0257_1.02	Unknown	Arabidopsis thaliana	Unknown	bZIP
M1496_1.02	Unknown	Schistosoma mansoni	Unknown	Nuclear receptor
M0232_1.02	Unknown	Neurospora crassa	Unknown	bHLH
M1517_1.02	Unknown	Homo sapiens	Unknown	Rel
M0983_1.02	Unknown	Mus musculus	Unknown	Homeodomain
M0283_1.02	Unknown	Dictyostelium discoideum	Unknown	bZIP
M1784_1.02	Unknown	Saccharomyces cerevisiae	Unknown	Zinc cluster
M1785_1.02	Unknown	Saccharomyces cerevisiae	Unknown	Zinc cluster
M0833_1.02	Unknown	Cryptococcus neoformans	Unknown	Homeodomain
M0336_1.02	Unknown	Neurospora crassa	Unknown	bZIP
M1518_1.02	Unknown	Homo sapiens	Unknown	Rel
M1588_1.02	Unknown	Mus musculus	Unknown	Sox
M0096_1.02	Unknown	Saccharomyces cerevisiae	Unknown	APSES
M0097_1.02	Unknown	Saccharomyces cerevisiae	Unknown	APSES
M1760_1.02	Unknown	Neurospora crassa	Unknown	Zinc cluster
M1403_1.02	Unknown	Arabidopsis thaliana	Unknown	NAC/NAM
M0208_1.02	Unknown	Mus musculus	Unknown	bHLH
M1111_1.02	Unknown	Neurospora crassa	Unknown	Homeodomain
M1112_1.02	Unknown	Neurospora crassa	Unknown	Homeodomain
M0477_1.02	Unknown	Neurospora crassa	Unknown	C2H2 ZF
M0628_1.02	Unknown	Cavia porcellus	Unknown	DM
M1032_1.02	Unknown	Mus musculus	Unknown	Homeodomain
M0599_1.02	Unknown	Chlorella vulgaris	Unknown	CxC
M0874_1.02	Unknown	Dictyostelium discoideum	Unknown	Homeodomain
M1661_1.02	Unknown	Glycine max	Unknown	TCP
M1155_1.02	Unknown	Echinococcus granulosus	Unknown	Homeodomain
M0071_1.02	Unknown	Plasmodium falciparum	Unknown	AP2
M1579_1.02	Unknown	Mus musculus	Unknown	Sox
M1317_1.02	Unknown	Arabidopsis thaliana	Unknown	Myb/SANT
M0333_1.02	Unknown	Neurospora crassa	Unknown	bZIP
M0731_1.02	Unknown	Mus musculus	Unknown	Forkhead
M1085_1.02	Unknown	Caenorhabditis elegans	Unknown	Homeodomain
M0716_1.02	Unknown	Ciona intestinalis	Unknown	Forkhead
M1754_1.02	Unknown	Neurospora crassa	Unknown	Zinc cluster
M1670_1.02	Unknown	Oryzias latipes	Unknown	THAP finger
M1626_1.02	Unknown	Mus musculus	Unknown	T-box
M1355_1.02	Unknown	Mus musculus	Unknown	Myb/SANT
M0607_1.02	Unknown	Homo sapiens	Unknown	CxxC
M1698_1.02	Unknown	Arabidopsis thaliana	Unknown	WRKY
M0778_1.02	Unknown	Dictyostelium discoideum	Unknown	GATA
M0119_1.02	Unknown	Arabidopsis thaliana	Unknown	AT hook
M0073_1.02	Unknown	Physcomitrella patens	Unknown	AP2
M1266_1.02	Unknown	Mus musculus	Unknown	IRF
M1801_1.02	Unknown	Saccharomyces cerevisiae	Unknown	Zinc cluster
M1800_1.02	Unknown	Saccharomyces cerevisiae	Unknown	Zinc cluster
M1477_1.02	Unknown	Caenorhabditis elegans	Unknown	Nuclear receptor
M1180_1.02	Unknown	Sarsia sp. Long Island Sound	Unknown	Homeodomain
M0424_1.02	Unknown	Mus musculus	Unknown	C2H2 ZF
M0375_1.02	Unknown	Arabidopsis thaliana	Unknown	C2H2 ZF
M0695_1.02	Unknown	Mus musculus	Unknown	Ets
M0995_1.02	Unknown	Mus musculus	Unknown	Homeodomain
M0239_1.02	Unknown	Caenorhabditis elegans	Unknown	bHLH
M1499_1.02	Unknown	Danio rerio	Unknown	Paired box
M1200_1.02	Unknown	Nematostella vectensis	Unknown	Homeodomain
M0320_1.02	Unknown	Mus musculus	Unknown	bZIP
M1000_1.02	Unknown	Mus musculus	Unknown	Homeodomain
M0988_1.02	Unknown	Mus musculus	Unknown	Homeodomain
M1119_1.02	Unknown	Caenorhabditis elegans	Unknown	Homeodomain
M0493_1.02	Unknown	Caenorhabditis elegans	Unknown	C2H2 ZF
M0502_1.02	Unknown	Saccharomyces cerevisiae	Unknown	C2H2 ZF
M0501_1.02	Unknown	Saccharomyces cerevisiae	Unknown	C2H2 ZF
M0438_1.02	Unknown	Mus musculus	Unknown	C2H2 ZF
M1561_1.02	Unknown	Arabidopsis thaliana	Unknown	SBP
M1269_1.02	Unknown	Oryctolagus cuniculus	Unknown	IRF
M0737_1.02	Unknown	Mus musculus	Unknown	Forkhead
M0830_1.02	Unknown	Coprinopsis cinerea	Unknown	Homeodomain
M0878_1.02	Unknown	Dictyostelium discoideum	Unknown	Homeodomain
M0838_1.02	Unknown	Anopheles gambiae	Unknown	Homeodomain
M1387_1.02	Unknown	Phytophthora ramorum	Unknown	Myb/SANT
M1312_1.02	Unknown	Cannabis sativa	Unknown	Myb/SANT
M1431_1.02	Unknown	Danio rerio	Unknown	Nuclear receptor
M0176_1.02	Unknown	Mus musculus	Unknown	bHLH
M0331_1.02	Unknown	Neurospora crassa	Unknown	bZIP
M1560_1.02	Unknown	Cannabis sativa	Unknown	SBP
M0741_1.02	Unknown	Caenorhabditis elegans	Unknown	Forkhead
M1491_1.02	Unknown	Brugia pahangi	Unknown	Nuclear receptor
M1223_1.02	Unknown	Mus musculus	Unknown	Paired box;Homeodomain
M0541_1.02	Unknown	Saccharomyces cerevisiae	Unknown	C2H2 ZF
M0540_1.02	Unknown	Saccharomyces cerevisiae	Unknown	C2H2 ZF
M0241_1.02	Unknown	Saccharomyces cerevisiae	Unknown	bHLH
M0193_1.02	Unknown	Mus musculus	Unknown	bHLH
M0422_1.02	Unknown	Mus musculus	Unknown	C2H2 ZF
M0253_1.02	Unknown	Ostreococcus tauri	Unknown	bHLH
M0743_1.02	Unknown	Neurospora crassa	Unknown	Forkhead
M0392_1.02	Unknown	Mus musculus	Unknown	C2H2 ZF
M0103_1.02	Unknown	Microcebus murinus	Unknown	ARID/BRIGHT
M0569_1.02	Unknown	PBM CONSTRUCTS	Unknown	C2H2 ZF
M1088_1.02	Unknown	Drosophila melanogaster	Unknown	Homeodomain
M1360_1.02	Unknown	Mus musculus	Unknown	Myb/SANT
M0593_1.02	Unknown	Danio rerio	Unknown	CxC
M1188_1.02	Unknown	Nematostella vectensis	Unknown	Homeodomain
M1550_1.02	Unknown	Mus musculus	Unknown	SAND
M0203_1.02	Unknown	Mus musculus	Unknown	bHLH
M0538_1.02	Unknown	Saccharomyces cerevisiae	Unknown	C2H2 ZF
M0539_1.02	Unknown	Saccharomyces cerevisiae	Unknown	C2H2 ZF
M0528_1.02	Unknown	Saccharomyces cerevisiae	Unknown	C2H2 ZF
M1681_1.02	Unknown	Arabidopsis thaliana	Unknown	WRKY
M1652_1.02	Unknown	Arabidopsis lyrata	Unknown	TCP
M0031_1.02	Unknown	Arabidopsis thaliana	Unknown	AP2
M0032_1.02	Unknown	Arabidopsis thaliana	Unknown	AP2
M0868_1.02	Unknown	Aspergillus terreus	Unknown	Homeodomain
M1250_1.02	Unknown	Neurospora crassa	Unknown	HSF
M0297_1.02	Unknown	Mus musculus	Unknown	bZIP
M0161_1.02	Unknown	Arabidopsis thaliana	Unknown	bHLH
M1775_1.02	Unknown	Saccharomyces cerevisiae	Unknown	Zinc cluster
M1774_1.02	Unknown	Saccharomyces cerevisiae	Unknown	Zinc cluster
M0839_1.02	Unknown	Anopheles gambiae	Unknown	Homeodomain
M1818_1.02	Unknown	Saccharomyces cerevisiae	Unknown	Zinc cluster
M1819_1.02	Unknown	Saccharomyces cerevisiae	Unknown	Zinc cluster
M0129_1.02	Unknown	Monodelphis domestica	Unknown	AT hook
M1611_1.02	Unknown	Caenorhabditis elegans	Unknown	Sox
M0556_1.02	Unknown	PBM CONSTRUCTS	Unknown	C2H2 ZF
M0697_1.02	Unknown	Mus musculus	Unknown	Ets
M0696_1.02	Unknown	Mus musculus	Unknown	Ets
M0572_1.02	Unknown	Neurospora crassa	Unknown	C2H2 ZF;Zinc cluster
M1218_1.02	Unknown	Kluyveromyces lactis	Unknown	Homeodomain
M0287_1.02	Unknown	Dictyostelium discoideum	Unknown	bZIP
M0163_1.02	Unknown	Arabidopsis thaliana	Unknown	bHLH
M1462_1.02	Unknown	Caenorhabditis elegans	Unknown	Nuclear receptor
M1495_1.02	Unknown	Bombyx mori	Unknown	Nuclear receptor
M0750_1.02	Unknown	Saccharomyces cerevisiae	Unknown	Forkhead
M1737_1.02	Unknown	Neurospora crassa	Unknown	Zinc cluster
M1649_1.02	Unknown	Arabidopsis thaliana	Unknown	TCP
M0872_1.02	Unknown	Dictyostelium discoideum	Unknown	Homeodomain
M0944_1.02	Unknown	Mus musculus	Unknown	Homeodomain
M0005_1.02	Unknown	Arabidopsis thaliana	Unknown	AP2
M0166_1.02	Unknown	Arabidopsis thaliana	Unknown	bHLH
M1070_1.02	Unknown	Mus musculus	Unknown	Homeodomain
M1749_1.02	Unknown	Neurospora crassa	Unknown	Zinc cluster
M1750_1.02	Unknown	Neurospora crassa	Unknown	Zinc cluster
M0926_1.02	Unknown	Mus musculus	Unknown	Homeodomain
M0705_1.02	Unknown	Mus musculus	Unknown	Ets
M0851_1.02	Unknown	Arabidopsis thaliana	Unknown	Homeodomain
M0214_1.02	Unknown	Mus musculus	Unknown	bHLH
M1402_1.02	Unknown	Arabidopsis thaliana	Unknown	NAC/NAM
M0381_1.02	Unknown	Caenorhabditis elegans	Unknown	C2H2 ZF
M1756_1.02	Unknown	Neurospora crassa	Unknown	Zinc cluster
M0998_1.02	Unknown	Mus musculus	Unknown	Homeodomain
M1653_1.02	Unknown	Arabidopsis lyrata	Unknown	TCP
M1730_1.02	Unknown	Neurospora crassa	Unknown	Zinc cluster
M1041_1.02	Unknown	Mus musculus	Unknown	Homeodomain
M0584_1.02	Unknown	Caenorhabditis elegans	Unknown	CSD
M1391_1.02	Unknown	Ostreococcus tauri	Unknown	Myb/SANT
M0587_1.02	Unknown	Cannabis sativa	Unknown	CxC
M0325_1.02	Unknown	Caenorhabditis elegans	Unknown	bZIP
M0213_1.02	Unknown	Mus musculus	Unknown	bHLH
M1063_1.02	Unknown	Mus musculus	Unknown	Homeodomain
M1452_1.02	Unknown	Mus musculus	Unknown	Nuclear receptor
M1319_1.02	Unknown	Arabidopsis thaliana	Unknown	Myb/SANT
M1184_1.02	Unknown	Acanthamoeba polyphaga mimivirus	Unknown	Homeodomain
M1167_1.02	Unknown	Petroselinum crispum	Unknown	Homeodomain
M0478_1.02	Unknown	Neurospora crassa	Unknown	C2H2 ZF
M0339_1.02	Unknown	Caenorhabditis elegans	Unknown	bZIP
M1506_1.02	Unknown	Gasterosteus aculeatus	Unknown	Pipsqueak
M0077_1.02	Unknown	Arabidopsis thaliana	Unknown	AP2;B3
M0078_1.02	Unknown	Arabidopsis thaliana	Unknown	AP2;B3
M0384_1.02	Unknown	Caenorhabditis elegans	Unknown	C2H2 ZF
M0970_1.02	Unknown	Mus musculus	Unknown	Homeodomain
M0527_1.02	Unknown	Saccharomyces cerevisiae	Unknown	C2H2 ZF
M1567_1.02	Unknown	Arabidopsis thaliana	Unknown	SBP
M1466_1.02	Unknown	Caenorhabditis elegans	Unknown	Nuclear receptor
M0262_1.02	Unknown	Arabidopsis thaliana	Unknown	bZIP
M0066_1.02	Unknown	Plasmodium falciparum	Unknown	AP2
M1073_1.02	Unknown	Mus musculus	Unknown	Homeodomain
M1072_1.02	Unknown	Mus musculus	Unknown	Homeodomain
M0051_1.02	Unknown	Plasmodium falciparum	Unknown	AP2
M1594_1.02	Unknown	Mus musculus	Unknown	Sox
M0732_1.02	Unknown	Mus musculus	Unknown	Forkhead
M0952_1.02	Unknown	Mus musculus	Unknown	Homeodomain
M1287_1.02	Unknown	Arabidopsis lyrata	Unknown	MADF
M0300_1.02	Unknown	Mus musculus	Unknown	bZIP
M1116_1.02	Unknown	Oryza sativa	Unknown	Homeodomain
M1701_1.02	Unknown	Arabidopsis thaliana	Unknown	WRKY
M1832_1.02	Unknown	Saccharomyces cerevisiae	Unknown	Zinc cluster
M1384_1.02	Unknown	Physcomitrella patens	Unknown	Myb/SANT
M0266_1.02	Unknown	Arabidopsis thaliana	Unknown	bZIP
M0867_1.02	Unknown	Aspergillus terreus	Unknown	Homeodomain
M0079_1.02	Unknown	Arabidopsis thaliana	Unknown	AP2;B3
M1209_1.02	Unknown	Zea mays	Unknown	Homeodomain
M1651_1.02	Unknown	Arabidopsis lyrata	Unknown	TCP
M1199_1.02	Unknown	Nematostella vectensis	Unknown	Homeodomain
M1465_1.02	Unknown	Caenorhabditis elegans	Unknown	Nuclear receptor
M1733_1.02	Unknown	Neurospora crassa	Unknown	Zinc cluster
M0770_1.02	Unknown	Arabidopsis thaliana	Unknown	GATA
M0436_1.02	Unknown	Mus musculus	Unknown	C2H2 ZF
M0989_1.02	Unknown	Mus musculus	Unknown	Homeodomain
M0980_1.02	Unknown	Mus musculus	Unknown	Homeodomain
M0396_1.02	Unknown	Mus musculus	Unknown	C2H2 ZF
M0135_1.02	Unknown	Drosophila melanogaster	Unknown	AT hook
M0783_1.02	Unknown	Mus musculus	Unknown	GATA
M0490_1.02	Unknown	Caenorhabditis elegans	Unknown	C2H2 ZF
M0900_1.02	Unknown	Homo sapiens	Unknown	Homeodomain
M1793_1.02	Unknown	Saccharomyces cerevisiae	Unknown	Zinc cluster
M1792_1.02	Unknown	Saccharomyces cerevisiae	Unknown	Zinc cluster
M1703_1.02	Unknown	Ostreococcus tauri	Unknown	WRKY
M1683_1.02	Unknown	Arabidopsis thaliana	Unknown	WRKY
M0004_1.02	Unknown	Cannabis sativa	Unknown	AP2
M1012_1.02	Unknown	Mus musculus	Unknown	Homeodomain
M0316_1.02	Unknown	Mus musculus	Unknown	bZIP
M0511_1.02	Unknown	Saccharomyces cerevisiae	Unknown	C2H2 ZF
M0512_1.02	Unknown	Saccharomyces cerevisiae	Unknown	C2H2 ZF
M1143_1.02	Unknown	Caenorhabditis elegans	Unknown	Homeodomain
M1140_1.02	Unknown	Saccharomyces cerevisiae	Unknown	Homeodomain
M1141_1.02	Unknown	Saccharomyces cerevisiae	Unknown	Homeodomain
M1232_1.02	Unknown	Mus musculus	Unknown	POU;Homeodomain
M1234_1.02	Unknown	Mus musculus	Unknown	POU;Homeodomain
M1233_1.02	Unknown	Mus musculus	Unknown	POU;Homeodomain
M1079_1.02	Unknown	Tetraodon nigroviridis	Unknown	Homeodomain
M0713_1.02	Unknown	Drosophila melanogaster	Unknown	Ets
M0510_1.02	Unknown	Saccharomyces cerevisiae	Unknown	C2H2 ZF
M0509_1.02	Unknown	Saccharomyces cerevisiae	Unknown	C2H2 ZF
M0121_1.02	Unknown	Brachypodium distachyon	Unknown	AT hook
M1304_1.02	Unknown	Cannabis sativa	Unknown	Myb/SANT
M1375_1.02	Unknown	Saccharomyces cerevisiae	Unknown	Myb/SANT
M0535_1.02	Unknown	Saccharomyces cerevisiae	Unknown	C2H2 ZF
M1565_1.02	Unknown	Arabidopsis thaliana	Unknown	SBP
M1488_1.02	Unknown	Caenorhabditis elegans	Unknown	Nuclear receptor
M1410_1.02	Unknown	Arabidopsis lyrata	Unknown	NAC/NAM
M1192_1.02	Unknown	Nematostella vectensis	Unknown	Homeodomain
M0990_1.02	Unknown	Mus musculus	Unknown	Homeodomain
M1687_1.02	Unknown	Arabidopsis thaliana	Unknown	WRKY
M0070_1.02	Unknown	Plasmodium falciparum	Unknown	AP2
M0069_1.02	Unknown	Plasmodium falciparum	Unknown	AP2
M0414_1.02	Unknown	Mus musculus	Unknown	C2H2 ZF
M0136_1.02	Unknown	Vitis vinifera	Unknown	AT hook
M1243_1.02	Unknown	Mus musculus	Unknown	POU;Homeodomain
M0665_1.02	Unknown	Arabidopsis thaliana	Unknown	E2F
M1107_1.02	Unknown	Oryza sativa	Unknown	Homeodomain
M0271_1.02	Unknown	Arabidopsis thaliana	Unknown	bZIP
M1490_1.02	Unknown	Pan paniscus	Unknown	Nuclear receptor
M1122_1.02	Unknown	Caenorhabditis elegans	Unknown	Homeodomain
M1174_1.02	Unknown	Marmota monax	Unknown	Homeodomain
M0923_1.02	Unknown	Mus musculus	Unknown	Homeodomain
M1815_1.02	Unknown	Saccharomyces cerevisiae	Unknown	Zinc cluster
M1816_1.02	Unknown	Saccharomyces cerevisiae	Unknown	Zinc cluster
M1585_1.02	Unknown	Mus musculus	Unknown	Sox
M1302_1.02	Unknown	Cannabis sativa	Unknown	Myb/SANT
M0930_1.02	Unknown	Mus musculus	Unknown	Homeodomain
M1748_1.02	Unknown	Neurospora crassa	Unknown	Zinc cluster
M0485_1.02	Unknown	Neurospora crassa	Unknown	C2H2 ZF
M0928_1.02	Unknown	Mus musculus	Unknown	Homeodomain
M0965_1.02	Unknown	Mus musculus	Unknown	Homeodomain
M1690_1.02	Unknown	Arabidopsis thaliana	Unknown	WRKY
M1668_1.02	Unknown	Homo sapiens	Unknown	THAP finger
M0814_1.02	Unknown	Taeniopygia guttata	Unknown	GCM
M0204_1.02	Unknown	Mus musculus	Unknown	bHLH
M0205_1.02	Unknown	Mus musculus	Unknown	bHLH
M0972_1.02	Unknown	Mus musculus	Unknown	Homeodomain
M0956_1.02	Unknown	Mus musculus	Unknown	Homeodomain
M1144_1.02	Unknown	Caenorhabditis elegans	Unknown	Homeodomain
M1584_1.02	Unknown	Mus musculus	Unknown	Sox
M0648_1.02	Unknown	Arabidopsis thaliana	Unknown	Dof
M0837_1.02	Unknown	Aedes aegypti	Unknown	Homeodomain
M1736_1.02	Unknown	Neurospora crassa	Unknown	Zinc cluster
M1195_1.02	Unknown	Physcomitrella patens	Unknown	Homeodomain
M1553_1.02	Unknown	Pteropus vampyrus	Unknown	SAND
M0652_1.02	Unknown	Arabidopsis thaliana	Unknown	Dof
M1349_1.02	Unknown	Dictyostelium discoideum	Unknown	Myb/SANT
M0453_1.02	Unknown	Caenorhabditis elegans	Unknown	C2H2 ZF
M0666_1.02	Unknown	Dictyostelium discoideum	Unknown	E2F
M0643_1.02	Unknown	Caenorhabditis elegans	Unknown	DM
M0020_1.02	Unknown	Arabidopsis thaliana	Unknown	AP2
M1219_1.02	Unknown	Strongylocentrotus purpuratus	Unknown	Homeodomain
M1024_1.02	Unknown	Mus musculus	Unknown	Homeodomain
M0289_1.02	Unknown	Dictyostelium discoideum	Unknown	bZIP
M1424_1.02	Unknown	Caenorhabditis elegans	Unknown	Nuclear receptor
M0885_1.02	Unknown	Danio rerio	Unknown	Homeodomain
M1639_1.02	Unknown	Branchiostoma floridae	Unknown	T-box
M1050_1.02	Unknown	Mus musculus	Unknown	Homeodomain
M1615_1.02	Unknown	Saccharomyces cerevisiae	Unknown	Sox
M0211_1.02	Unknown	Mus musculus	Unknown	bHLH
M1487_1.02	Unknown	Caenorhabditis elegans	Unknown	Nuclear receptor
M0632_1.02	Unknown	Homo sapiens	Unknown	DM
M0649_1.02	Unknown	Arabidopsis thaliana	Unknown	Dof
M1454_1.02	Unknown	Mus musculus	Unknown	Nuclear receptor
M1137_1.02	Unknown	Saccharomyces cerevisiae	Unknown	Homeodomain
M1136_1.02	Unknown	Saccharomyces cerevisiae	Unknown	Homeodomain
M0250_1.02	Unknown	Physcomitrella patens	Unknown	bHLH
M1781_1.02	Unknown	Saccharomyces cerevisiae	Unknown	Zinc cluster
M1782_1.02	Unknown	Saccharomyces cerevisiae	Unknown	Zinc cluster
M1650_1.02	Unknown	Arabidopsis thaliana	Unknown	TCP
M0601_1.02	Unknown	Ostreococcus tauri	Unknown	CxC
M0673_1.02	Unknown	Taeniopygia guttata	Unknown	E2F
M1503_1.02	Unknown	Aspergillus nidulans	Unknown	Pipsqueak
M0343_1.02	Unknown	Caenorhabditis elegans	Unknown	bZIP
M0484_1.02	Unknown	Neurospora crassa	Unknown	C2H2 ZF
M1706_1.02	Unknown	Fusarium graminearum	Unknown	Zinc cluster
M0247_1.02	Unknown	Saccharomyces cerevisiae	Unknown	bHLH
M0248_1.02	Unknown	Saccharomyces cerevisiae	Unknown	bHLH
M1352_1.02	Unknown	Dictyostelium discoideum	Unknown	Myb/SANT
M1625_1.02	Unknown	Gasterosteus aculeatus	Unknown	T-box
M1396_1.02	Unknown	Ostreococcus tauri	Unknown	Myb/SANT
M0212_1.02	Unknown	Mus musculus	Unknown	bHLH
M1727_1.02	Unknown	Neurospora crassa	Unknown	Zinc cluster
M1726_1.02	Unknown	Neurospora crassa	Unknown	Zinc cluster
M1003_1.02	Unknown	Mus musculus	Unknown	Homeodomain
M1196_1.02	Unknown	Phytophthora ramorum	Unknown	Homeodomain
M1469_1.02	Unknown	Drosophila melanogaster	Unknown	Nuclear receptor
M0093_1.02	Unknown	Saccharomyces cerevisiae	Unknown	APSES
M0661_1.02	Unknown	Physcomitrella patens	Unknown	Dof
M0425_1.02	Unknown	Mus musculus	Unknown	C2H2 ZF
M0440_1.02	Unknown	Mus musculus	Unknown	C2H2 ZF
M1535_1.02	Unknown	Pediculus humanus	Unknown	RFX
M1118_1.02	Unknown	Caenorhabditis elegans	Unknown	Homeodomain
M0615_1.02	Unknown	Xenopus tropicalis	Unknown	CxxC
M0112_1.02	Unknown	Neurospora crassa	Unknown	ARID/BRIGHT
M0635_1.02	Unknown	Mus musculus	Unknown	DM
M0595_1.02	Unknown	Tarsius syrichta	Unknown	CxC
M1571_1.02	Unknown	Physcomitrella patens	Unknown	SBP
M0847_1.02	Unknown	Arabidopsis thaliana	Unknown	Homeodomain
M1497_1.02	Unknown	Schistosoma mansoni	Unknown	Nuclear receptor
M0739_1.02	Unknown	Caenorhabditis elegans	Unknown	Forkhead
M1696_1.02	Unknown	Arabidopsis thaliana	Unknown	WRKY
M1186_1.02	Unknown	Nematostella vectensis	Unknown	Homeodomain
M1511_1.02	Unknown	Caenorhabditis elegans	Unknown	Pipsqueak
M1570_1.02	Unknown	Physcomitrella patens	Unknown	SBP
M0385_1.02	Unknown	Caenorhabditis elegans	Unknown	C2H2 ZF
M1182_1.02	Unknown	Discocelis tigrina	Unknown	Homeodomain
M0391_1.02	Unknown	Mus musculus	Unknown	C2H2 ZF
M0619_1.02	Unknown	Bombyx mori	Unknown	CxxC
M1510_1.02	Unknown	Xenopus tropicalis	Unknown	Pipsqueak
M1686_1.02	Unknown	Arabidopsis thaliana	Unknown	WRKY
M1368_1.02	Unknown	Neurospora crassa	Unknown	Myb/SANT
M1340_1.02	Unknown	Arabidopsis thaliana	Unknown	Myb/SANT
M1627_1.02	Unknown	Mus musculus	Unknown	T-box
M0550_1.02	Unknown	PBM CONSTRUCTS	Unknown	C2H2 ZF
M0237_1.02	Unknown	Neurospora crassa	Unknown	bHLH
M0822_1.02	Unknown	Coccidioides immitis	Unknown	Homeodomain
M0027_1.02	Unknown	Arabidopsis thaliana	Unknown	AP2
M1322_1.02	Unknown	Arabidopsis thaliana	Unknown	Myb/SANT
M1208_1.02	Unknown	Nematostella vectensis	Unknown	Homeodomain
M1207_1.02	Unknown	Nematostella vectensis	Unknown	Homeodomain
M1619_1.02	Unknown	Arabidopsis thaliana	Unknown	Storekeeper
M0933_1.02	Unknown	Mus musculus	Unknown	Homeodomain
M1189_1.02	Unknown	Nematostella vectensis	Unknown	Homeodomain
M1557_1.02	Unknown	Mus musculus	Unknown	SAND
M1556_1.02	Unknown	Mus musculus	Unknown	SAND
M0125_1.02	Unknown	Danio rerio	Unknown	AT hook
M0085_1.02	Unknown	Mus musculus	Unknown	AP-2
M0068_1.02	Unknown	Plasmodium falciparum	Unknown	AP2
M0067_1.02	Unknown	Plasmodium falciparum	Unknown	AP2
M0711_1.02	Unknown	Tetraodon nigroviridis	Unknown	Ets
M1582_1.02	Unknown	Mus musculus	Unknown	Sox
M0853_1.02	Unknown	Arabidopsis thaliana	Unknown	Homeodomain
M0986_1.02	Unknown	Mus musculus	Unknown	Homeodomain
M0985_1.02	Unknown	Mus musculus	Unknown	Homeodomain
M0738_1.02	Unknown	Oryzias latipes	Unknown	Forkhead
M0645_1.02	Unknown	Caenorhabditis elegans	Unknown	DM
M1489_1.02	Unknown	Caenorhabditis elegans	Unknown	Nuclear receptor
M0367_1.02	Unknown	Paramecium tetraurelia	Unknown	bZIP
M1545_1.02	Unknown	Homo sapiens	Unknown	SAND
M0152_1.02	Unknown	Arabidopsis thaliana	Unknown	bHLH
M0387_1.02	Unknown	Caenorhabditis elegans	Unknown	C2H2 ZF
M1502_1.02	Unknown	Nasonia vitripennis	Unknown	Pipsqueak
M0319_1.02	Unknown	Mus musculus	Unknown	bZIP
M0115_1.02	Unknown	Nematostella vectensis	Unknown	ARID/BRIGHT
M1746_1.02	Unknown	Neurospora crassa	Unknown	Zinc cluster
M0761_1.02	Unknown	Arabidopsis thaliana	Unknown	GATA
M0581_1.02	Unknown	Arabidopsis thaliana	Unknown	CG-1
M0742_1.02	Unknown	Caenorhabditis elegans	Unknown	Forkhead
M1162_1.02	Unknown	Pichia angusta	Unknown	Homeodomain
M1077_1.02	Unknown	Tetraodon nigroviridis	Unknown	Homeodomain
M0192_1.02	Unknown	Mus musculus	Unknown	bHLH
M0255_1.02	Unknown	Arabidopsis thaliana	Unknown	bZIP
M0730_1.02	Unknown	Mus musculus	Unknown	Forkhead
M0441_1.02	Unknown	Mus musculus	Unknown	C2H2 ZF
M1636_1.02	Unknown	Caenorhabditis elegans	Unknown	T-box
M0968_1.02	Unknown	Mus musculus	Unknown	Homeodomain
M0231_1.02	Unknown	Neurospora crassa	Unknown	bHLH
M0698_1.02	Unknown	Mus musculus	Unknown	Ets
M1791_1.02	Unknown	Saccharomyces cerevisiae	Unknown	Zinc cluster
M0041_1.02	Unknown	Arabidopsis thaliana	Unknown	AP2
M0252_1.02	Unknown	Physcomitrella patens	Unknown	bHLH
M1125_1.02	Unknown	Mus musculus	Unknown	Homeodomain
M1422_1.02	Unknown	Aedes aegypti	Unknown	Nuclear receptor
M1813_1.02	Unknown	Saccharomyces cerevisiae	Unknown	Zinc cluster
M0346_1.02	Unknown	Caenorhabditis elegans	Unknown	bZIP
M0210_1.02	Unknown	Mus musculus	Unknown	bHLH
M0209_1.02	Unknown	Mus musculus	Unknown	bHLH
M1453_1.02	Unknown	Mus musculus	Unknown	Nuclear receptor
M1263_1.02	Unknown	Mus musculus	Unknown	IRF
M0372_1.02	Unknown	Arabidopsis thaliana	Unknown	C2H2 ZF
M1521_1.02	Unknown	Monodelphis domestica	Unknown	Rel
M0170_1.02	Unknown	Caenorhabditis elegans	Unknown	bHLH
M0882_1.02	Unknown	Ciona intestinalis	Unknown	Homeodomain
M0091_1.02	Unknown	Saccharomyces cerevisiae	Unknown	APSES
M0092_1.02	Unknown	Saccharomyces cerevisiae	Unknown	APSES
M0390_1.02	Unknown	Mus musculus	Unknown	C2H2 ZF
M1224_1.02	Unknown	Xenopus tropicalis	Unknown	Paired box;Homeodomain
M0389_1.02	Unknown	Caenorhabditis elegans	Unknown	C2H2 ZF
M0358_1.02	Unknown	Caenorhabditis elegans	Unknown	bZIP
M0109_1.02	Unknown	Procavia capensis	Unknown	ARID/BRIGHT
M0221_1.02	Unknown	Mus musculus	Unknown	bHLH
M0223_1.02	Unknown	Mus musculus	Unknown	bHLH
M0222_1.02	Unknown	Mus musculus	Unknown	bHLH
M0206_1.02	Unknown	Mus musculus	Unknown	bHLH
M0829_1.02	Unknown	Candida albicans	Unknown	Homeodomain
M1025_1.02	Unknown	Mus musculus	Unknown	Homeodomain
M1436_1.02	Unknown	Mus musculus	Unknown	Nuclear receptor
M0563_1.02	Unknown	PBM CONSTRUCTS	Unknown	C2H2 ZF
M0076_1.02	Unknown	Ostreococcus tauri	Unknown	AP2
M1682_1.02	Unknown	Arabidopsis thaliana	Unknown	WRKY
M1475_1.02	Unknown	Gallus gallus	Unknown	Nuclear receptor
M1797_1.02	Unknown	Saccharomyces cerevisiae	Unknown	Zinc cluster
M1796_1.02	Unknown	Saccharomyces cerevisiae	Unknown	Zinc cluster
M1824_1.02	Unknown	Saccharomyces cerevisiae	Unknown	Zinc cluster
M1825_1.02	Unknown	Saccharomyces cerevisiae	Unknown	Zinc cluster
M1160_1.02	Unknown	PBM CONSTRUCTS	Unknown	Homeodomain
M0189_1.02	Unknown	Mus musculus	Unknown	bHLH
M0388_1.02	Unknown	Caenorhabditis elegans	Unknown	C2H2 ZF
M0658_1.02	Unknown	Physcomitrella patens	Unknown	Dof
M0776_1.02	Unknown	Dictyostelium discoideum	Unknown	GATA
M1814_1.02	Unknown	Saccharomyces cerevisiae	Unknown	Zinc cluster
M0901_1.02	Unknown	Homo sapiens	Unknown	Homeodomain
M0734_1.02	Unknown	Mus musculus	Unknown	Forkhead
M0165_1.02	Unknown	Arabidopsis thaliana	Unknown	bHLH
M0302_1.02	Unknown	Mus musculus	Unknown	bZIP
M0303_1.02	Unknown	Mus musculus	Unknown	bZIP
M0474_1.02	Unknown	Neurospora crassa	Unknown	C2H2 ZF
M0337_1.02	Unknown	Neurospora crassa	Unknown	bZIP
M1385_1.02	Unknown	Phytophthora ramorum	Unknown	Myb/SANT
M0969_1.02	Unknown	Mus musculus	Unknown	Homeodomain
M0594_1.02	Unknown	Gallus gallus	Unknown	CxC
M0261_1.02	Unknown	Arabidopsis thaliana	Unknown	bZIP
M0548_1.02	Unknown	PBM CONSTRUCTS	Unknown	C2H2 ZF
M0613_1.02	Unknown	Mus musculus	Unknown	CxxC
M1139_1.02	Unknown	Saccharomyces cerevisiae	Unknown	Homeodomain
M1138_1.02	Unknown	Saccharomyces cerevisiae	Unknown	Homeodomain
M0383_1.02	Unknown	Caenorhabditis elegans	Unknown	C2H2 ZF
M0516_1.02	Unknown	Saccharomyces cerevisiae	Unknown	C2H2 ZF
M0515_1.02	Unknown	Saccharomyces cerevisiae	Unknown	C2H2 ZF
M1105_1.02	Unknown	Drosophila melanogaster	Unknown	Homeodomain
M1480_1.02	Unknown	Caenorhabditis elegans	Unknown	Nuclear receptor
M1115_1.02	Unknown	Neurospora crassa	Unknown	Homeodomain
M0610_1.02	Unknown	Homo sapiens	Unknown	CxxC
M1362_1.02	Unknown	Oryza sativa	Unknown	Myb/SANT
M1089_1.02	Unknown	Drosophila melanogaster	Unknown	Homeodomain
M1249_1.02	Unknown	Danio rerio	Unknown	HSF
M0382_1.02	Unknown	Caenorhabditis elegans	Unknown	C2H2 ZF
M1765_1.02	Unknown	Neurospora crassa	Unknown	Zinc cluster
M0215_1.02	Unknown	Mus musculus	Unknown	bHLH
M0813_1.02	Unknown	Rattus norvegicus	Unknown	GCM
M0679_1.02	Unknown	Paramecium tetraurelia	Unknown	E2F
M0403_1.02	Unknown	Mus musculus	Unknown	C2H2 ZF
M1220_1.02	Unknown	Schistosoma mansoni	Unknown	Homeodomain
M0946_1.02	Unknown	Mus musculus	Unknown	Homeodomain
M0947_1.02	Unknown	Mus musculus	Unknown	Homeodomain
M0981_1.02	Unknown	Mus musculus	Unknown	Homeodomain
M0892_1.02	Unknown	Homo sapiens	Unknown	Homeodomain
M0354_1.02	Unknown	Saccharomyces cerevisiae	Unknown	bZIP
M0447_1.02	Unknown	Caenorhabditis elegans	Unknown	C2H2 ZF
M0473_1.02	Unknown	Neurospora crassa	Unknown	C2H2 ZF
M1164_1.02	Unknown	Cupiennius salei	Unknown	Homeodomain
M0481_1.02	Unknown	Neurospora crassa	Unknown	C2H2 ZF
M1751_1.02	Unknown	Neurospora crassa	Unknown	Zinc cluster
M0448_1.02	Unknown	Caenorhabditis elegans	Unknown	C2H2 ZF
M1152_1.02	Unknown	Oikopleura dioica	Unknown	Homeodomain
M1415_1.02	Unknown	Physcomitrella patens	Unknown	NAC/NAM
M0919_1.02	Unknown	Mus musculus	Unknown	Homeodomain
M0296_1.02	Unknown	Mus musculus	Unknown	bZIP
M0798_1.02	Unknown	Saccharomyces cerevisiae	Unknown	GATA
M0797_1.02	Unknown	Saccharomyces cerevisiae	Unknown	GATA
M0605_1.02	Unknown	Danio rerio	Unknown	CxxC
M1330_1.02	Unknown	Arabidopsis thaliana	Unknown	Myb/SANT
M0854_1.02	Unknown	Arabidopsis thaliana	Unknown	Homeodomain
M0846_1.02	Unknown	Arabidopsis thaliana	Unknown	Homeodomain
M0858_1.02	Unknown	Caenorhabditis elegans	Unknown	Homeodomain
M0021_1.02	Unknown	Arabidopsis thaliana	Unknown	AP2
M0672_1.02	Unknown	Tupaia belangeri	Unknown	E2F
M0624_1.02	Unknown	Caenorhabditis elegans	Unknown	DM
M0927_1.02	Unknown	Mus musculus	Unknown	Homeodomain
M0681_1.02	Unknown	Arabidopsis thaliana	Unknown	EIN3
M1031_1.02	Unknown	Mus musculus	Unknown	Homeodomain
M0690_1.02	Unknown	Mus musculus	Unknown	Ets
M0592_1.02	Unknown	Brachypodium distachyon	Unknown	CxC
M1036_1.02	Unknown	Mus musculus	Unknown	Homeodomain
M0371_1.02	Unknown	Arabidopsis thaliana	Unknown	C2H2 ZF
M1629_1.02	Unknown	Mus musculus	Unknown	T-box
M0754_1.02	Unknown	Saccharomyces cerevisiae	Unknown	Forkhead
M0753_1.02	Unknown	Saccharomyces cerevisiae	Unknown	Forkhead
M1228_1.02	Unknown	Nasonia vitripennis	Unknown	POU;Homeodomain
M0030_1.02	Unknown	Arabidopsis thaliana	Unknown	AP2
M1538_1.02	Unknown	Schistosoma mansoni	Unknown	RFX
M1078_1.02	Unknown	Tetraodon nigroviridis	Unknown	Homeodomain
M1332_1.02	Unknown	Arabidopsis thaliana	Unknown	Myb/SANT
M1333_1.02	Unknown	Arabidopsis thaliana	Unknown	Myb/SANT
M0228_1.02	Unknown	Caenorhabditis elegans	Unknown	bHLH
M0450_1.02	Unknown	Caenorhabditis elegans	Unknown	C2H2 ZF
M1432_1.02	Unknown	Homo sapiens	Unknown	Nuclear receptor
M1364_1.02	Unknown	Oryza sativa	Unknown	Myb/SANT
M1093_1.02	Unknown	Drosophila melanogaster	Unknown	Homeodomain
M1363_1.02	Unknown	Oryza sativa	Unknown	Myb/SANT
M1099_1.02	Unknown	Drosophila melanogaster	Unknown	Homeodomain
M0428_1.02	Unknown	Mus musculus	Unknown	C2H2 ZF
M0335_1.02	Unknown	Neurospora crassa	Unknown	bZIP
M0623_1.02	Unknown	Caenorhabditis elegans	Unknown	DM
M1283_1.02	Unknown	Vitis vinifera	Unknown	MADF
M1361_1.02	Unknown	Oryza sativa	Unknown	Myb/SANT
M1028_1.02	Unknown	Mus musculus	Unknown	Homeodomain
M1620_1.02	Unknown	Arabidopsis thaliana	Unknown	Storekeeper
M1700_1.02	Unknown	Arabidopsis thaliana	Unknown	WRKY
M1486_1.02	Unknown	Caenorhabditis elegans	Unknown	Nuclear receptor
M0039_1.02	Unknown	Arabidopsis thaliana	Unknown	AP2
M1440_1.02	Unknown	Mus musculus	Unknown	Nuclear receptor
M1066_1.02	Unknown	Mus musculus	Unknown	Homeodomain
M1811_1.02	Unknown	Saccharomyces cerevisiae	Unknown	Zinc cluster
M1612_1.02	Unknown	Saccharomyces cerevisiae	Unknown	Sox
M0554_1.02	Unknown	PBM CONSTRUCTS	Unknown	C2H2 ZF
M0545_1.02	Unknown	Caenorhabditis elegans	Unknown	C2H2 ZF
M0680_1.02	Unknown	Arabidopsis thaliana	Unknown	EIN3
M0942_1.02	Unknown	Mus musculus	Unknown	Homeodomain
M1805_1.02	Unknown	Saccharomyces cerevisiae	Unknown	Zinc cluster
M1804_1.02	Unknown	Saccharomyces cerevisiae	Unknown	Zinc cluster
M0504_1.02	Unknown	Saccharomyces cerevisiae	Unknown	C2H2 ZF
M0503_1.02	Unknown	Saccharomyces cerevisiae	Unknown	C2H2 ZF
M1255_1.02	Unknown	Saccharomyces cerevisiae	Unknown	HSF
M1254_1.02	Unknown	Saccharomyces cerevisiae	Unknown	HSF
M0072_1.02	Unknown	Physcomitrella patens	Unknown	AP2
M0692_1.02	Unknown	Mus musculus	Unknown	Ets
M0631_1.02	Unknown	Homo sapiens	Unknown	DM
M0630_1.02	Unknown	Homo sapiens	Unknown	DM
M0760_1.02	Unknown	Arabidopsis thaliana	Unknown	GATA
M0771_1.02	Unknown	Arabidopsis thaliana	Unknown	GATA
M0190_1.02	Unknown	Mus musculus	Unknown	bHLH
M1559_1.02	Unknown	Cannabis sativa	Unknown	SBP
M0955_1.02	Unknown	Mus musculus	Unknown	Homeodomain
M0246_1.02	Unknown	Saccharomyces cerevisiae	Unknown	bHLH
M0244_1.02	Unknown	Saccharomyces cerevisiae	Unknown	bHLH
M0245_1.02	Unknown	Saccharomyces cerevisiae	Unknown	bHLH
M1001_1.02	Unknown	Mus musculus	Unknown	Homeodomain
M1292_1.02	Unknown	Glycine max	Unknown	MADF
M0420_1.02	Unknown	Mus musculus	Unknown	C2H2 ZF
M1043_1.02	Unknown	Mus musculus	Unknown	Homeodomain
M1505_1.02	Unknown	Choloepus hoffmanni	Unknown	Pipsqueak
M1509_1.02	Unknown	Oryzias latipes	Unknown	Pipsqueak
M0979_1.02	Unknown	Mus musculus	Unknown	Homeodomain
M0762_1.02	Unknown	Arabidopsis thaliana	Unknown	GATA
M0238_1.02	Unknown	Neurospora crassa	Unknown	bHLH
M0199_1.02	Unknown	Mus musculus	Unknown	bHLH
M0780_1.02	Unknown	Dictyostelium discoideum	Unknown	GATA
M1604_1.02	Unknown	Mus musculus	Unknown	Sox
M1394_1.02	Unknown	Ostreococcus tauri	Unknown	Myb/SANT
M1555_1.02	Unknown	Tetraodon nigroviridis	Unknown	SAND
M1346_1.02	Unknown	Arabidopsis thaliana	Unknown	Myb/SANT
M1168_1.02	Unknown	Coprinellus disseminatus	Unknown	Homeodomain
M0891_1.02	Unknown	Homo sapiens	Unknown	Homeodomain
M0991_1.02	Unknown	Mus musculus	Unknown	Homeodomain
M0971_1.02	Unknown	Mus musculus	Unknown	Homeodomain
M1051_1.02	Unknown	Mus musculus	Unknown	Homeodomain
M1408_1.02	Unknown	Arabidopsis thaliana	Unknown	NAC/NAM
M1176_1.02	Unknown	Artemia franciscana	Unknown	Homeodomain
M0544_1.02	Unknown	Caenorhabditis elegans	Unknown	C2H2 ZF
M1533_1.02	Unknown	Tetraodon nigroviridis	Unknown	RFX
M0564_1.02	Unknown	PBM CONSTRUCTS	Unknown	C2H2 ZF
M0230_1.02	Unknown	Neurospora crassa	Unknown	bHLH
M0479_1.02	Unknown	Neurospora crassa	Unknown	C2H2 ZF
M0179_1.02	Unknown	Mus musculus	Unknown	bHLH
M1179_1.02	Unknown	Spadella cephaloptera	Unknown	Homeodomain
M0896_1.02	Unknown	Homo sapiens	Unknown	Homeodomain
M0857_1.02	Unknown	Caenorhabditis elegans	Unknown	Homeodomain
M1261_1.02	Unknown	Meleagris gallopavo	Unknown	IRF
M1441_1.02	Unknown	Mus musculus	Unknown	Nuclear receptor
M0600_1.02	Unknown	Paramecium tetraurelia	Unknown	CxC
M0898_1.02	Unknown	Homo sapiens	Unknown	Homeodomain
M1198_1.02	Unknown	Nematostella vectensis	Unknown	Homeodomain
M1135_1.02	Unknown	Saccharomyces cerevisiae	Unknown	Homeodomain
M1539_1.02	Unknown	Hydra magnipapillata	Unknown	RFX
M1720_1.02	Unknown	Neurospora crassa	Unknown	Zinc cluster
M1175_1.02	Unknown	Pleurobrachia pileus	Unknown	Homeodomain
M0373_1.02	Unknown	Arabidopsis thaliana	Unknown	C2H2 ZF
M1803_1.02	Unknown	Saccharomyces cerevisiae	Unknown	Zinc cluster
M1802_1.02	Unknown	Saccharomyces cerevisiae	Unknown	Zinc cluster
M1133_1.02	Unknown	Saccharomyces cerevisiae	Unknown	Homeodomain
M1132_1.02	Unknown	Saccharomyces cerevisiae	Unknown	Homeodomain
M1134_1.02	Unknown	Saccharomyces cerevisiae	Unknown	Homeodomain
M0689_1.02	Unknown	Mus musculus	Unknown	Ets
M0323_1.02	Unknown	Caenorhabditis elegans	Unknown	bZIP
M0342_1.02	Unknown	Caenorhabditis elegans	Unknown	bZIP
M1377_1.02	Unknown	Saccharomyces cerevisiae	Unknown	Myb/SANT
M1376_1.02	Unknown	Saccharomyces cerevisiae	Unknown	Myb/SANT
M1150_1.02	Unknown	Oikopleura dioica	Unknown	Homeodomain
M0911_1.02	Unknown	Mus musculus	Unknown	Homeodomain
M0036_1.02	Unknown	Arabidopsis thaliana	Unknown	AP2
M0369_1.02	Unknown	Arabidopsis thaliana	Unknown	C2H2 ZF
M1242_1.02	Unknown	Drosophila melanogaster	Unknown	POU;Homeodomain
M0677_1.02	Unknown	Physcomitrella patens	Unknown	E2F
M1723_1.02	Unknown	Neurospora crassa	Unknown	Zinc cluster
M0708_1.02	Unknown	Mus musculus	Unknown	Ets
M0668_1.02	Unknown	Homo sapiens	Unknown	E2F
M0683_1.02	Unknown	Oryza sativa	Unknown	EIN3
M0181_1.02	Unknown	Mus musculus	Unknown	bHLH
M0182_1.02	Unknown	Mus musculus	Unknown	bHLH
M0740_1.02	Unknown	Drosophila melanogaster	Unknown	Forkhead
M0137_1.02	Unknown	Oryza sativa	Unknown	AT hook
M0669_1.02	Unknown	Mus musculus	Unknown	E2F
M1572_1.02	Unknown	Prunus persica	Unknown	SBP
M0491_1.02	Unknown	Caenorhabditis elegans	Unknown	C2H2 ZF
M0365_1.02	Unknown	Ostreococcus tauri	Unknown	bZIP
M0978_1.02	Unknown	Mus musculus	Unknown	Homeodomain
M0768_1.02	Unknown	Arabidopsis thaliana	Unknown	GATA
M0818_1.02	Unknown	Candida albicans	Unknown	GCR1
M1273_1.02	Unknown	Xenopus laevis	Unknown	IRF
M1288_1.02	Unknown	Caenorhabditis elegans	Unknown	MADF
M1420_1.02	Unknown	Neurospora crassa	Unknown	Ndt80/PhoG
M0488_1.02	Unknown	Caenorhabditis elegans	Unknown	C2H2 ZF
M0014_1.02	Unknown	Arabidopsis thaliana	Unknown	AP2
M0674_1.02	Unknown	Caenorhabditis elegans	Unknown	E2F
M0675_1.02	Unknown	Caenorhabditis elegans	Unknown	E2F
M0348_1.02	Unknown	Mus musculus	Unknown	bZIP
M1540_1.02	Unknown	Saccharomyces cerevisiae	Unknown	RRM
M1126_1.02	Unknown	Caenorhabditis briggsae	Unknown	Homeodomain
M1484_1.02	Unknown	Caenorhabditis elegans	Unknown	Nuclear receptor
M1691_1.02	Unknown	Arabidopsis thaliana	Unknown	WRKY
M0174_1.02	Unknown	Mus musculus	Unknown	bHLH
M1762_1.02	Unknown	Neurospora crassa	Unknown	Zinc cluster
M1628_1.02	Unknown	Mus musculus	Unknown	T-box
M0084_1.02	Unknown	Mus musculus	Unknown	AP-2
M1543_1.02	Unknown	Anolis carolinensis	Unknown	SAND
M0334_1.02	Unknown	Neurospora crassa	Unknown	bZIP
M1305_1.02	Unknown	Cannabis sativa	Unknown	Myb/SANT
M1320_1.02	Unknown	Arabidopsis thaliana	Unknown	Myb/SANT
M1211_1.02	Unknown	Zea mays	Unknown	Homeodomain
M0691_1.02	Unknown	Mus musculus	Unknown	Ets
M1298_1.02	Unknown	Mus musculus	Unknown	MADS box
M1357_1.02	Unknown	Mus musculus	Unknown	Myb/SANT
M1366_1.02	Unknown	Neurospora crassa	Unknown	Myb/SANT
M1757_1.02	Unknown	Neurospora crassa	Unknown	Zinc cluster
M1478_1.02	Unknown	Caenorhabditis elegans	Unknown	Nuclear receptor
M1416_1.02	Unknown	Malus x domestica	Unknown	NAC/NAM
M1530_1.02	Unknown	Mus musculus	Unknown	RFX
M1529_1.02	Unknown	Mus musculus	Unknown	RFX
M1092_1.02	Unknown	Drosophila melanogaster	Unknown	Homeodomain
M0191_1.02	Unknown	Mus musculus	Unknown	bHLH
M0622_1.02	Unknown	Caenorhabditis elegans	Unknown	DM
M0200_1.02	Unknown	Mus musculus	Unknown	bHLH
M0567_1.02	Unknown	PBM CONSTRUCTS	Unknown	C2H2 ZF
M1074_1.02	Unknown	Oryzias latipes	Unknown	Homeodomain
M0083_1.02	Unknown	Mus musculus	Unknown	AP-2
M1291_1.02	Unknown	Manihot esculenta	Unknown	MADF
M1513_1.02	Unknown	Meloidogyne incognita	Unknown	Pipsqueak
M0462_1.02	Unknown	Neurospora crassa	Unknown	C2H2 ZF
M0997_1.02	Unknown	Mus musculus	Unknown	Homeodomain
M1494_1.02	Unknown	Acropora millepora	Unknown	Nuclear receptor
M1658_1.02	Unknown	Oryza sativa	Unknown	TCP
M1166_1.02	Unknown	Acipenser baerii	Unknown	Homeodomain
M1734_1.02	Unknown	Neurospora crassa	Unknown	Zinc cluster
M1656_1.02	Unknown	Vitis vinifera	Unknown	TCP
M0386_1.02	Unknown	Caenorhabditis elegans	Unknown	C2H2 ZF
M0552_1.02	Unknown	PBM CONSTRUCTS	Unknown	C2H2 ZF
M0164_1.02	Unknown	Arabidopsis thaliana	Unknown	bHLH
M1035_1.02	Unknown	Mus musculus	Unknown	Homeodomain
M1280_1.02	Unknown	Caenorhabditis briggsae	Unknown	MADF
M0782_1.02	Unknown	Mus musculus	Unknown	GATA
M1591_1.02	Unknown	Mus musculus	Unknown	Sox
M1170_1.02	Unknown	Eleutheria dichotoma	Unknown	Homeodomain
M1397_1.02	Unknown	Ostreococcus tauri	Unknown	Myb/SANT
M0918_1.02	Unknown	Mus musculus	Unknown	Homeodomain
M1229_1.02	Unknown	Caenorhabditis elegans	Unknown	POU;Homeodomain
M1834_1.02	Unknown	Saccharomyces cerevisiae	Unknown	Zinc cluster
M1835_1.02	Unknown	Saccharomyces cerevisiae	Unknown	Zinc cluster
M1398_1.02	Unknown	Paramecium tetraurelia	Unknown	Myb/SANT
M0542_1.02	Unknown	Saccharomyces cerevisiae	Unknown	C2H2 ZF
M0565_1.02	Unknown	PBM CONSTRUCTS	Unknown	C2H2 ZF
M0045_1.02	Unknown	Cryptosporidium parvum	Unknown	AP2
M0792_1.02	Unknown	Neurospora crassa	Unknown	GATA
M1034_1.02	Unknown	Mus musculus	Unknown	Homeodomain
M1644_1.02	Unknown	Arabidopsis thaliana	Unknown	TCP
M1830_1.02	Unknown	Saccharomyces cerevisiae	Unknown	Zinc cluster
M1831_1.02	Unknown	Saccharomyces cerevisiae	Unknown	Zinc cluster
M0317_1.02	Unknown	Mus musculus	Unknown	bZIP
M0318_1.02	Unknown	Mus musculus	Unknown	bZIP
M1417_1.02	Unknown	Danio rerio	Unknown	Ndt80/PhoG
M0531_1.02	Unknown	Saccharomyces cerevisiae	Unknown	C2H2 ZF
M0532_1.02	Unknown	Saccharomyces cerevisiae	Unknown	C2H2 ZF
M1433_1.02	Unknown	Homo sapiens	Unknown	Nuclear receptor
M1087_1.02	Unknown	Caenorhabditis elegans	Unknown	Homeodomain
M0216_1.02	Unknown	Mus musculus	Unknown	bHLH
M0149_1.02	Unknown	Cannabis sativa	Unknown	bHLH
M1015_1.02	Unknown	Mus musculus	Unknown	Homeodomain
M0430_1.02	Unknown	Mus musculus	Unknown	C2H2 ZF
M0429_1.02	Unknown	Mus musculus	Unknown	C2H2 ZF
M0437_1.02	Unknown	Mus musculus	Unknown	C2H2 ZF
M1697_1.02	Unknown	Arabidopsis thaliana	Unknown	WRKY
M0087_1.02	Unknown	Aspergillus nidulans	Unknown	APSES
M0957_1.02	Unknown	Mus musculus	Unknown	Homeodomain
M0860_1.02	Unknown	Caenorhabditis elegans	Unknown	Homeodomain
M0086_1.02	Unknown	Histoplasma capsulatum	Unknown	APSES
M1147_1.02	Unknown	Encephalitozoon cuniculi	Unknown	Homeodomain
M0088_1.02	Unknown	Aspergillus nidulans	Unknown	APSES
M1607_1.02	Unknown	Neurospora crassa	Unknown	Sox
M0954_1.02	Unknown	Mus musculus	Unknown	Homeodomain
M0147_1.02	Unknown	Arabidopsis thaliana	Unknown	B3
M0361_1.02	Unknown	Ostreococcus tauri	Unknown	bZIP
M0044_1.02	Unknown	Oryza sativa	Unknown	AP2
M1053_1.02	Unknown	Mus musculus	Unknown	Homeodomain
M1270_1.02	Unknown	Ochotona princeps	Unknown	IRF
M0140_1.02	Unknown	Caenorhabditis elegans	Unknown	AT hook
M1728_1.02	Unknown	Neurospora crassa	Unknown	Zinc cluster
M1065_1.02	Unknown	Mus musculus	Unknown	Homeodomain
M0472_1.02	Unknown	Neurospora crassa	Unknown	C2H2 ZF
M0707_1.02	Unknown	Mus musculus	Unknown	Ets
M0735_1.02	Unknown	Mus musculus	Unknown	Forkhead
M1592_1.02	Unknown	Mus musculus	Unknown	Sox
M1226_1.02	Unknown	Wuchereria bancrofti	Unknown	POU;Homeodomain
M1314_1.02	Unknown	Cannabis sativa	Unknown	Myb/SANT
M1230_1.02	Unknown	Danio rerio	Unknown	POU;Homeodomain
M0347_1.02	Unknown	Caenorhabditis elegans	Unknown	bZIP
M0757_1.02	Unknown	Strongylocentrotus purpuratus	Unknown	Forkhead
M1068_1.02	Unknown	Mus musculus	Unknown	Homeodomain
M0848_1.02	Unknown	Arabidopsis thaliana	Unknown	Homeodomain
M0577_1.02	Unknown	Neurospora crassa	Unknown	CENPB
M0578_1.02	Unknown	Neurospora crassa	Unknown	CENPB
M0876_1.02	Unknown	Dictyostelium discoideum	Unknown	Homeodomain
M0958_1.02	Unknown	Mus musculus	Unknown	Homeodomain
M0950_1.02	Unknown	Mus musculus	Unknown	Homeodomain
M0951_1.02	Unknown	Mus musculus	Unknown	Homeodomain
M1052_1.02	Unknown	Mus musculus	Unknown	Homeodomain
M0700_1.02	Unknown	Mus musculus	Unknown	Ets
M0017_1.02	Unknown	Arabidopsis thaliana	Unknown	AP2
M0614_1.02	Unknown	Tetraodon nigroviridis	Unknown	CxxC
M1523_1.02	Unknown	Xenopus tropicalis	Unknown	Rel
M0817_1.02	Unknown	Drosophila melanogaster	Unknown	GCM
M1265_1.02	Unknown	Mus musculus	Unknown	IRF
M1172_1.02	Unknown	Pleurotus djamor	Unknown	Homeodomain
M1308_1.02	Unknown	Cannabis sativa	Unknown	Myb/SANT
M1577_1.02	Unknown	Caenorhabditis elegans	Unknown	Sox
M1149_1.02	Unknown	Trichomonas vaginalis	Unknown	Homeodomain
M1306_1.02	Unknown	Cannabis sativa	Unknown	Myb/SANT
M1301_1.02	Unknown	Mus musculus	Unknown	MBD
M1428_1.02	Unknown	Caenorhabditis briggsae	Unknown	Nuclear receptor
M0966_1.02	Unknown	Mus musculus	Unknown	Homeodomain
M0602_1.02	Unknown	Strongylocentrotus purpuratus	Unknown	CxC
M1371_1.02	Unknown	Saccharomyces cerevisiae	Unknown	Myb/SANT
M1370_1.02	Unknown	Saccharomyces cerevisiae	Unknown	Myb/SANT
M0788_1.02	Unknown	Caenorhabditis elegans	Unknown	GATA
M0408_1.02	Unknown	Mus musculus	Unknown	C2H2 ZF
M0637_1.02	Unknown	Tursiops truncatus	Unknown	DM
M0994_1.02	Unknown	Mus musculus	Unknown	Homeodomain
M1061_1.02	Unknown	Mus musculus	Unknown	Homeodomain
M0779_1.02	Unknown	Dictyostelium discoideum	Unknown	GATA
M0756_1.02	Unknown	Strongylocentrotus purpuratus	Unknown	Forkhead
M0321_1.02	Unknown	Mus musculus	Unknown	bZIP
M1434_1.02	Unknown	Homo sapiens	Unknown	Nuclear receptor
