
                         MODELLER 10.3, 2022/07/08, r12388

     PROTEIN STRUCTURE MODELLING BY SATISFACTION OF SPATIAL RESTRAINTS


                     Copyright(c) 1989-2022 Andrej Sali
                            All Rights Reserved

                             Written by A. Sali
                               with help from
              B. Webb, M.S. Madhusudhan, M-Y. Shen, G.Q. Dong,
          M.A. Marti-Renom, N. Eswar, F. Alber, M. Topf, B. Oliva,
             A. Fiser, R. Sanchez, B. Yerkovich, A. Badretdinov,
                     F. Melo, J.P. Overington, E. Feyfant
                 University of California, San Francisco, USA
                    Rockefeller University, New York, USA
                      Harvard University, Cambridge, USA
                   Imperial Cancer Research Fund, London, UK
              Birkbeck College, University of London, London, UK


Kind, OS, HostName, Kernel, Processor: 4, Linux golem 5.15.0-124-generic x86_64
Date and time of compilation         : 2022/07/08 22:21:48
MODELLER executable type             : x86_64-intel8
Job starting time (YY/MM/DD HH:MM:SS): 2025/10/20 14:45:15

environ____W> The class 'environ' is deprecated; use 'Environ' instead
openf___224_> Open           $(LIB)/restyp.lib
openf___224_> Open           ${MODINSTALL10v3}/modlib/resgrp.lib
rdresgr_266_> Number of residue groups:        2
openf___224_> Open           ${MODINSTALL10v3}/modlib/sstruc.lib

Dynamically allocated memory at   amaxlibraries [B,KiB,MiB]:       191566     187.076     0.183

Dynamically allocated memory at   amaxlibraries [B,KiB,MiB]:       192094     187.592     0.183
openf___224_> Open           ${MODINSTALL10v3}/modlib/resdih.lib

Dynamically allocated memory at   amaxlibraries [B,KiB,MiB]:       240694     235.053     0.230
rdrdih__263_> Number of dihedral angle types         :        9
              Maximal number of dihedral angle optima:        3
              Dihedral angle names                   :  Alph Phi Psi Omeg chi1 chi2 chi3 chi4 chi5
openf___224_> Open           ${MODINSTALL10v3}/modlib/radii.lib

Dynamically allocated memory at   amaxlibraries [B,KiB,MiB]:       253994     248.041     0.242
openf___224_> Open           ${MODINSTALL10v3}/modlib/af_mnchdef.lib
rdwilmo_274_> Mainchain residue conformation classes:  APBLE
openf___224_> Open           ${MODINSTALL10v3}/modlib/mnch.lib
rdclass_257_> Number of classes:        5
openf___224_> Open           ${MODINSTALL10v3}/modlib/mnch1.lib
openf___224_> Open           ${MODINSTALL10v3}/modlib/mnch2.lib
openf___224_> Open           ${MODINSTALL10v3}/modlib/mnch3.lib
openf___224_> Open           ${MODINSTALL10v3}/modlib/xs4.mat
rdrrwgh_268_> Number of residue types:       21
automodel__W> The class 'automodel' is deprecated; use 'AutoModel' instead
openf___224_> Open           5nj8_A_alignment.pir

Dynamically allocated memory at   amaxalignment [B,KiB,MiB]:       265959     259.726     0.254

Dynamically allocated memory at   amaxalignment [B,KiB,MiB]:       267409     261.142     0.255

Dynamically allocated memory at   amaxalignment [B,KiB,MiB]:       270309     263.974     0.258

Dynamically allocated memory at   amaxalignment [B,KiB,MiB]:       276109     269.638     0.263

Dynamically allocated memory at   amaxalignment [B,KiB,MiB]:       405317     395.817     0.387

Dynamically allocated memory at    amaxsequence [B,KiB,MiB]:       405345     395.845     0.387

Dynamically allocated memory at    amaxsequence [B,KiB,MiB]:       405373     395.872     0.387

Dynamically allocated memory at    amaxsequence [B,KiB,MiB]:       405401     395.899     0.387

Dynamically allocated memory at    amaxsequence [B,KiB,MiB]:       405429     395.927     0.387

Dynamically allocated memory at    amaxsequence [B,KiB,MiB]:       406225     396.704     0.387

Dynamically allocated memory at    amaxsequence [B,KiB,MiB]:       406565     397.036     0.388
read_al_374_> Non-standard residue type,position,sequence:  .      177        1
read_al_374_> Non-standard residue type,position,sequence:  .      178        1
read_al_374_> Non-standard residue type,position,sequence:  .      179        1
read_al_374_> Non-standard residue type,position,sequence:  .      180        1
read_al_374_> Non-standard residue type,position,sequence:  .      181        1
read_al_374_> Non-standard residue type,position,sequence:  .      182        1
read_al_374_> Non-standard residue type,position,sequence:  .      183        1
read_al_374_> Non-standard residue type,position,sequence:  .      184        1
read_al_374_> Non-standard residue type,position,sequence:  .      185        1
read_al_374_> Non-standard residue type,position,sequence:  .      186        1
read_al_374_> Non-standard residue type,position,sequence:  .      187        1
read_al_374_> Non-standard residue type,position,sequence:  .      188        1
read_al_374_> Non-standard residue type,position,sequence:  .      189        1
read_al_374_> Non-standard residue type,position,sequence:  .      190        1
read_al_374_> Non-standard residue type,position,sequence:  .      191        1
read_al_374_> Non-standard residue type,position,sequence:  .      192        1
read_al_374_> Non-standard residue type,position,sequence:  .      193        1
read_al_374_> Non-standard residue type,position,sequence:  .      194        1
read_al_374_> Non-standard residue type,position,sequence:  .      195        1
read_al_374_> Non-standard residue type,position,sequence:  .      196        1
read_al_374_> Non-standard residue type,position,sequence:  .      197        1
read_al_374_> Non-standard residue type,position,sequence:  .      198        1
read_al_374_> Non-standard residue type,position,sequence:  .      199        1
read_al_374_> Non-standard residue type,position,sequence:  .      200        1
read_al_374_> Non-standard residue type,position,sequence:  .      177        2
read_al_374_> Non-standard residue type,position,sequence:  .      178        2
read_al_374_> Non-standard residue type,position,sequence:  .      179        2
read_al_374_> Non-standard residue type,position,sequence:  .      180        2
read_al_374_> Non-standard residue type,position,sequence:  .      181        2
read_al_374_> Non-standard residue type,position,sequence:  .      182        2
read_al_374_> Non-standard residue type,position,sequence:  .      183        2
read_al_374_> Non-standard residue type,position,sequence:  .      184        2
read_al_374_> Non-standard residue type,position,sequence:  .      185        2
read_al_374_> Non-standard residue type,position,sequence:  .      186        2
read_al_374_> Non-standard residue type,position,sequence:  .      187        2
read_al_374_> Non-standard residue type,position,sequence:  .      188        2
read_al_374_> Non-standard residue type,position,sequence:  .      189        2
read_al_374_> Non-standard residue type,position,sequence:  .      190        2
read_al_374_> Non-standard residue type,position,sequence:  .      191        2
read_al_374_> Non-standard residue type,position,sequence:  .      192        2
read_al_374_> Non-standard residue type,position,sequence:  .      193        2
read_al_374_> Non-standard residue type,position,sequence:  .      194        2
read_al_374_> Non-standard residue type,position,sequence:  .      195        2
read_al_374_> Non-standard residue type,position,sequence:  .      196        2
read_al_374_> Non-standard residue type,position,sequence:  .      197        2
read_al_374_> Non-standard residue type,position,sequence:  .      198        2
read_al_374_> Non-standard residue type,position,sequence:  .      199        2
read_al_374_> Non-standard residue type,position,sequence:  .      200        2

Read the alignment from file       : 5nj8_A_alignment.pir

Total number of alignment positions:   200

  #  Code        #_Res #_Segm PDB_code    Name
-------------------------------------------------------------------------------
  1       5nj8     200      3        5nj8
  2      query      86      3       query
check_a_343_> >> BEGINNING OF COMMAND
openf___224_> Open           5nj8.pdb

Dynamically allocated memory at amaxcoordinates [B,KiB,MiB]:       468290     457.314     0.447

Dynamically allocated memory at    amaxsequence [B,KiB,MiB]:       468290     457.314     0.447

Dynamically allocated memory at amaxcoordinates [B,KiB,MiB]:       468461     457.481     0.447

Dynamically allocated memory at amaxcoordinates [B,KiB,MiB]:       469311     458.312     0.448

Dynamically allocated memory at amaxcoordinates [B,KiB,MiB]:       470569     459.540     0.449

Dynamically allocated memory at amaxcoordinates [B,KiB,MiB]:       472473     461.399     0.451

Dynamically allocated memory at    amaxsequence [B,KiB,MiB]:       472473     461.399     0.451

Dynamically allocated memory at amaxcoordinates [B,KiB,MiB]:       472563     461.487     0.451

Dynamically allocated memory at amaxcoordinates [B,KiB,MiB]:       475419     464.276     0.453

Dynamically allocated memory at    amaxsequence [B,KiB,MiB]:       475419     464.276     0.453

Dynamically allocated memory at amaxcoordinates [B,KiB,MiB]:       475554     464.408     0.454

Dynamically allocated memory at amaxcoordinates [B,KiB,MiB]:       479838     468.592     0.458

Dynamically allocated memory at    amaxsequence [B,KiB,MiB]:       479838     468.592     0.458

Dynamically allocated memory at amaxcoordinates [B,KiB,MiB]:       480036     468.785     0.458

Dynamically allocated memory at amaxcoordinates [B,KiB,MiB]:       486462     475.061     0.464

Dynamically allocated memory at    amaxsequence [B,KiB,MiB]:       486462     475.061     0.464

Dynamically allocated memory at amaxcoordinates [B,KiB,MiB]:       486759     475.351     0.464

Dynamically allocated memory at amaxcoordinates [B,KiB,MiB]:       496381     484.747     0.473

Dynamically allocated memory at    amaxsequence [B,KiB,MiB]:       496381     484.747     0.473

Dynamically allocated memory at amaxcoordinates [B,KiB,MiB]:       496831     485.187     0.474

Dynamically allocated memory at amaxcoordinates [B,KiB,MiB]:       511281     499.298     0.488

Dynamically allocated memory at    amaxsequence [B,KiB,MiB]:       511281     499.298     0.488

Dynamically allocated memory at amaxcoordinates [B,KiB,MiB]:       511956     499.957     0.488

Dynamically allocated memory at amaxcoordinates [B,KiB,MiB]:       533614     521.107     0.509

Dynamically allocated memory at    amaxsequence [B,KiB,MiB]:       533614     521.107     0.509

Dynamically allocated memory at amaxcoordinates [B,KiB,MiB]:       533614     521.107     0.509

Dynamically allocated memory at   amaxstructure [B,KiB,MiB]:       533389     520.888     0.509
replace_706W> BLK ('.') residue type in alignment will force 'AutoModel'
              model building to treat residue type  DGUA as a rigid body,
              even though topology information appears to be at least
              partially available. To treat this residue flexibly
              instead, use 1-letter code ' l' in the alignment.
replace_706W> BLK ('.') residue type in alignment will force 'AutoModel'
              model building to treat residue type  DGUA as a rigid body,
              even though topology information appears to be at least
              partially available. To treat this residue flexibly
              instead, use 1-letter code ' l' in the alignment.
replace_706W> BLK ('.') residue type in alignment will force 'AutoModel'
              model building to treat residue type  DTHY as a rigid body,
              even though topology information appears to be at least
              partially available. To treat this residue flexibly
              instead, use 1-letter code ' t' in the alignment.
replace_706W> BLK ('.') residue type in alignment will force 'AutoModel'
              model building to treat residue type  DCYT as a rigid body,
              even though topology information appears to be at least
              partially available. To treat this residue flexibly
              instead, use 1-letter code ' j' in the alignment.
replace_706W> BLK ('.') residue type in alignment will force 'AutoModel'
              model building to treat residue type  DADE as a rigid body,
              even though topology information appears to be at least
              partially available. To treat this residue flexibly
              instead, use 1-letter code ' e' in the alignment.
replace_706W> BLK ('.') residue type in alignment will force 'AutoModel'
              model building to treat residue type  DCYT as a rigid body,
              even though topology information appears to be at least
              partially available. To treat this residue flexibly
              instead, use 1-letter code ' j' in the alignment.
replace_706W> BLK ('.') residue type in alignment will force 'AutoModel'
              model building to treat residue type  DGUA as a rigid body,
              even though topology information appears to be at least
              partially available. To treat this residue flexibly
              instead, use 1-letter code ' l' in the alignment.
replace_706W> BLK ('.') residue type in alignment will force 'AutoModel'
              model building to treat residue type  DCYT as a rigid body,
              even though topology information appears to be at least
              partially available. To treat this residue flexibly
              instead, use 1-letter code ' j' in the alignment.
replace_706W> BLK ('.') residue type in alignment will force 'AutoModel'
              model building to treat residue type  DADE as a rigid body,
              even though topology information appears to be at least
              partially available. To treat this residue flexibly
              instead, use 1-letter code ' e' in the alignment.
replace_706W> BLK ('.') residue type in alignment will force 'AutoModel'
              model building to treat residue type  DADE as a rigid body,
              even though topology information appears to be at least
              partially available. To treat this residue flexibly
              instead, use 1-letter code ' e' in the alignment.
replace_706W> BLK ('.') residue type in alignment will force 'AutoModel'
              model building to treat residue type  DCYT as a rigid body,
              even though topology information appears to be at least
              partially available. To treat this residue flexibly
              instead, use 1-letter code ' j' in the alignment.
replace_706W> BLK ('.') residue type in alignment will force 'AutoModel'
              model building to treat residue type  DCYT as a rigid body,
              even though topology information appears to be at least
              partially available. To treat this residue flexibly
              instead, use 1-letter code ' j' in the alignment.
replace_706W> BLK ('.') residue type in alignment will force 'AutoModel'
              model building to treat residue type  DGUA as a rigid body,
              even though topology information appears to be at least
              partially available. To treat this residue flexibly
              instead, use 1-letter code ' l' in the alignment.
replace_706W> BLK ('.') residue type in alignment will force 'AutoModel'
              model building to treat residue type  DGUA as a rigid body,
              even though topology information appears to be at least
              partially available. To treat this residue flexibly
              instead, use 1-letter code ' l' in the alignment.
replace_706W> BLK ('.') residue type in alignment will force 'AutoModel'
              model building to treat residue type  DTHY as a rigid body,
              even though topology information appears to be at least
              partially available. To treat this residue flexibly
              instead, use 1-letter code ' t' in the alignment.
replace_706W> BLK ('.') residue type in alignment will force 'AutoModel'
              model building to treat residue type  DTHY as a rigid body,
              even though topology information appears to be at least
              partially available. To treat this residue flexibly
              instead, use 1-letter code ' t' in the alignment.
replace_706W> BLK ('.') residue type in alignment will force 'AutoModel'
              model building to treat residue type  DGUA as a rigid body,
              even though topology information appears to be at least
              partially available. To treat this residue flexibly
              instead, use 1-letter code ' l' in the alignment.
replace_706W> BLK ('.') residue type in alignment will force 'AutoModel'
              model building to treat residue type  DCYT as a rigid body,
              even though topology information appears to be at least
              partially available. To treat this residue flexibly
              instead, use 1-letter code ' j' in the alignment.
replace_706W> BLK ('.') residue type in alignment will force 'AutoModel'
              model building to treat residue type  DGUA as a rigid body,
              even though topology information appears to be at least
              partially available. To treat this residue flexibly
              instead, use 1-letter code ' l' in the alignment.
replace_706W> BLK ('.') residue type in alignment will force 'AutoModel'
              model building to treat residue type  DTHY as a rigid body,
              even though topology information appears to be at least
              partially available. To treat this residue flexibly
              instead, use 1-letter code ' t' in the alignment.
replace_706W> BLK ('.') residue type in alignment will force 'AutoModel'
              model building to treat residue type  DGUA as a rigid body,
              even though topology information appears to be at least
              partially available. To treat this residue flexibly
              instead, use 1-letter code ' l' in the alignment.
replace_706W> BLK ('.') residue type in alignment will force 'AutoModel'
              model building to treat residue type  DADE as a rigid body,
              even though topology information appears to be at least
              partially available. To treat this residue flexibly
              instead, use 1-letter code ' e' in the alignment.
replace_706W> BLK ('.') residue type in alignment will force 'AutoModel'
              model building to treat residue type  DCYT as a rigid body,
              even though topology information appears to be at least
              partially available. To treat this residue flexibly
              instead, use 1-letter code ' j' in the alignment.
replace_706W> BLK ('.') residue type in alignment will force 'AutoModel'
              model building to treat residue type  DCYT as a rigid body,
              even though topology information appears to be at least
              partially available. To treat this residue flexibly
              instead, use 1-letter code ' j' in the alignment.
fndatmi_285W> Only      176 residues out of      200 contain atoms of type  CA
              (This is usually caused by non-standard residues, such
              as ligands, or by PDB files with missing atoms.)
fndatmi_285W> Only      176 residues out of      200 contain atoms of type  CA
              (This is usually caused by non-standard residues, such
              as ligands, or by PDB files with missing atoms.)

check_ali___> Checking the sequence-structure alignment. 

Implied intrachain target CA(i)-CA(i+1) distances longer than  8.0 angstroms:

ALN_POS  TMPL  RID1  RID2  NAM1  NAM2     DIST
----------------------------------------------
END OF TABLE
check_a_344_> << END OF COMMAND
openf___224_> Open           5nj8_A_alignment.pir
read_al_374_> Non-standard residue type,position,sequence:  .      177        1
read_al_374_> Non-standard residue type,position,sequence:  .      178        1
read_al_374_> Non-standard residue type,position,sequence:  .      179        1
read_al_374_> Non-standard residue type,position,sequence:  .      180        1
read_al_374_> Non-standard residue type,position,sequence:  .      181        1
read_al_374_> Non-standard residue type,position,sequence:  .      182        1
read_al_374_> Non-standard residue type,position,sequence:  .      183        1
read_al_374_> Non-standard residue type,position,sequence:  .      184        1
read_al_374_> Non-standard residue type,position,sequence:  .      185        1
read_al_374_> Non-standard residue type,position,sequence:  .      186        1
read_al_374_> Non-standard residue type,position,sequence:  .      187        1
read_al_374_> Non-standard residue type,position,sequence:  .      188        1
read_al_374_> Non-standard residue type,position,sequence:  .      189        1
read_al_374_> Non-standard residue type,position,sequence:  .      190        1
read_al_374_> Non-standard residue type,position,sequence:  .      191        1
read_al_374_> Non-standard residue type,position,sequence:  .      192        1
read_al_374_> Non-standard residue type,position,sequence:  .      193        1
read_al_374_> Non-standard residue type,position,sequence:  .      194        1
read_al_374_> Non-standard residue type,position,sequence:  .      195        1
read_al_374_> Non-standard residue type,position,sequence:  .      196        1
read_al_374_> Non-standard residue type,position,sequence:  .      197        1
read_al_374_> Non-standard residue type,position,sequence:  .      198        1
read_al_374_> Non-standard residue type,position,sequence:  .      199        1
read_al_374_> Non-standard residue type,position,sequence:  .      200        1

Read the alignment from file       : 5nj8_A_alignment.pir

Total number of alignment positions:   200

  #  Code        #_Res #_Segm PDB_code    Name
-------------------------------------------------------------------------------
  1       5nj8     200      3        5nj8
malign3_327W> Only one structure; nothing done.
openf___224_> Open           5nj8_A_alignment.pir
read_al_374_> Non-standard residue type,position,sequence:  .      177        1
read_al_374_> Non-standard residue type,position,sequence:  .      178        1
read_al_374_> Non-standard residue type,position,sequence:  .      179        1
read_al_374_> Non-standard residue type,position,sequence:  .      180        1
read_al_374_> Non-standard residue type,position,sequence:  .      181        1
read_al_374_> Non-standard residue type,position,sequence:  .      182        1
read_al_374_> Non-standard residue type,position,sequence:  .      183        1
read_al_374_> Non-standard residue type,position,sequence:  .      184        1
read_al_374_> Non-standard residue type,position,sequence:  .      185        1
read_al_374_> Non-standard residue type,position,sequence:  .      186        1
read_al_374_> Non-standard residue type,position,sequence:  .      187        1
read_al_374_> Non-standard residue type,position,sequence:  .      188        1
read_al_374_> Non-standard residue type,position,sequence:  .      189        1
read_al_374_> Non-standard residue type,position,sequence:  .      190        1
read_al_374_> Non-standard residue type,position,sequence:  .      191        1
read_al_374_> Non-standard residue type,position,sequence:  .      192        1
read_al_374_> Non-standard residue type,position,sequence:  .      193        1
read_al_374_> Non-standard residue type,position,sequence:  .      194        1
read_al_374_> Non-standard residue type,position,sequence:  .      195        1
read_al_374_> Non-standard residue type,position,sequence:  .      196        1
read_al_374_> Non-standard residue type,position,sequence:  .      197        1
read_al_374_> Non-standard residue type,position,sequence:  .      198        1
read_al_374_> Non-standard residue type,position,sequence:  .      199        1
read_al_374_> Non-standard residue type,position,sequence:  .      200        1
read_al_374_> Non-standard residue type,position,sequence:  .      177        2
read_al_374_> Non-standard residue type,position,sequence:  .      178        2
read_al_374_> Non-standard residue type,position,sequence:  .      179        2
read_al_374_> Non-standard residue type,position,sequence:  .      180        2
read_al_374_> Non-standard residue type,position,sequence:  .      181        2
read_al_374_> Non-standard residue type,position,sequence:  .      182        2
read_al_374_> Non-standard residue type,position,sequence:  .      183        2
read_al_374_> Non-standard residue type,position,sequence:  .      184        2
read_al_374_> Non-standard residue type,position,sequence:  .      185        2
read_al_374_> Non-standard residue type,position,sequence:  .      186        2
read_al_374_> Non-standard residue type,position,sequence:  .      187        2
read_al_374_> Non-standard residue type,position,sequence:  .      188        2
read_al_374_> Non-standard residue type,position,sequence:  .      189        2
read_al_374_> Non-standard residue type,position,sequence:  .      190        2
read_al_374_> Non-standard residue type,position,sequence:  .      191        2
read_al_374_> Non-standard residue type,position,sequence:  .      192        2
read_al_374_> Non-standard residue type,position,sequence:  .      193        2
read_al_374_> Non-standard residue type,position,sequence:  .      194        2
read_al_374_> Non-standard residue type,position,sequence:  .      195        2
read_al_374_> Non-standard residue type,position,sequence:  .      196        2
read_al_374_> Non-standard residue type,position,sequence:  .      197        2
read_al_374_> Non-standard residue type,position,sequence:  .      198        2
read_al_374_> Non-standard residue type,position,sequence:  .      199        2
read_al_374_> Non-standard residue type,position,sequence:  .      200        2

Read the alignment from file       : 5nj8_A_alignment.pir

Total number of alignment positions:   200

  #  Code        #_Res #_Segm PDB_code    Name
-------------------------------------------------------------------------------
  1       5nj8     200      3        5nj8
  2      query      86      3       query
openf___224_> Open           ${LIB}/top_heav.lib
read_to_681_> topology.submodel read from topology file:        3
openf___224_> Open           ${LIB}/par.lib

Dynamically allocated memory at  amaxparameters [B,KiB,MiB]:       672641     656.876     0.641

Dynamically allocated memory at  amaxparameters [B,KiB,MiB]:       674241     658.438     0.643

Dynamically allocated memory at  amaxparameters [B,KiB,MiB]:       678221     662.325     0.647

Dynamically allocated memory at  amaxparameters [B,KiB,MiB]:       680221     664.278     0.649

Dynamically allocated memory at  amaxparameters [B,KiB,MiB]:       683221     667.208     0.652

Dynamically allocated memory at  amaxparameters [B,KiB,MiB]:       687721     671.603     0.656

Dynamically allocated memory at  amaxparameters [B,KiB,MiB]:       693293     677.044     0.661

Dynamically allocated memory at  amaxparameters [B,KiB,MiB]:       696093     679.778     0.664

Dynamically allocated memory at  amaxparameters [B,KiB,MiB]:       700293     683.880     0.668

Dynamically allocated memory at  amaxparameters [B,KiB,MiB]:       706593     690.032     0.674

Dynamically allocated memory at  amaxparameters [B,KiB,MiB]:       709365     692.739     0.677

Dynamically allocated memory at  amaxparameters [B,KiB,MiB]:       710765     694.106     0.678
read_pa_232_> parameters    BONDS   ANGLS  DIHEDS IMPROPS    MODE
                              227     561     661     112       0

Dynamically allocated memory at       amaxmodel [B,KiB,MiB]:       720342     703.459     0.687

Dynamically allocated memory at       amaxmodel [B,KiB,MiB]:       770910     752.842     0.735

Dynamically allocated memory at       amaxmodel [B,KiB,MiB]:       778462     760.217     0.742

mkilst______> segment topology constructed from sequence and RTF:
              segments residues  atoms  bonds angles dihedrals impropers:
                     1       62    497    506      0         0       219

Dynamically allocated memory at       amaxmodel [B,KiB,MiB]:       799338     780.604     0.762

patch_______> segment topology patched using RTF:  1 ;  GLN  ;  NTER
              segments residues  atoms  bonds angles dihedrals impropers:
                     1       62    497    506    682       795       219


Dynamically allocated memory at       amaxmodel [B,KiB,MiB]:       820874     801.635     0.783
patch_______> segment topology patched using RTF:  62 ;  LEU  ;  CTER
              segments residues  atoms  bonds angles dihedrals impropers:
                     1       62    498    507    684       797       220

genseg______> segment topology constructed from sequence and RTF:
              segments residues  atoms  bonds angles dihedrals impropers:
                     1       62    498    507    684       797       220

Dynamically allocated memory at    amaxsequence [B,KiB,MiB]:       820902     801.662     0.783

Dynamically allocated memory at       amaxmodel [B,KiB,MiB]:       822786     803.502     0.785

Dynamically allocated memory at       amaxmodel [B,KiB,MiB]:       824844     805.512     0.787

Dynamically allocated memory at       amaxmodel [B,KiB,MiB]:       826804     807.426     0.789

Dynamically allocated memory at       amaxmodel [B,KiB,MiB]:       828764     809.340     0.790

Dynamically allocated memory at       amaxmodel [B,KiB,MiB]:       830822     811.350     0.792

Dynamically allocated memory at       amaxmodel [B,KiB,MiB]:       832880     813.359     0.794

Dynamically allocated memory at       amaxmodel [B,KiB,MiB]:       834938     815.369     0.796

Dynamically allocated memory at       amaxmodel [B,KiB,MiB]:       836996     817.379     0.798

Dynamically allocated memory at       amaxmodel [B,KiB,MiB]:       839054     819.389     0.800

Dynamically allocated memory at       amaxmodel [B,KiB,MiB]:       841112     821.398     0.802

Dynamically allocated memory at       amaxmodel [B,KiB,MiB]:       843170     823.408     0.804

Dynamically allocated memory at       amaxmodel [B,KiB,MiB]:       845228     825.418     0.806

mkilst______> segment topology constructed from sequence and RTF:
              segments residues  atoms  bonds angles dihedrals impropers:
                     2       74    738    507    684       797       220

genseg______> segment topology constructed from sequence and RTF:
              segments residues  atoms  bonds angles dihedrals impropers:
                     2       74    738    507    684       797       220

Dynamically allocated memory at    amaxsequence [B,KiB,MiB]:       845256     825.445     0.806

Dynamically allocated memory at       amaxmodel [B,KiB,MiB]:       847140     827.285     0.808

Dynamically allocated memory at       amaxmodel [B,KiB,MiB]:       849198     829.295     0.810

Dynamically allocated memory at       amaxmodel [B,KiB,MiB]:       851256     831.305     0.812

Dynamically allocated memory at       amaxmodel [B,KiB,MiB]:       853314     833.314     0.814

Dynamically allocated memory at       amaxmodel [B,KiB,MiB]:       855372     835.324     0.816

Dynamically allocated memory at       amaxmodel [B,KiB,MiB]:       857430     837.334     0.818

Dynamically allocated memory at       amaxmodel [B,KiB,MiB]:       859488     839.344     0.820

Dynamically allocated memory at       amaxmodel [B,KiB,MiB]:       861546     841.354     0.822

Dynamically allocated memory at       amaxmodel [B,KiB,MiB]:       863604     843.363     0.824

Dynamically allocated memory at       amaxmodel [B,KiB,MiB]:       865662     845.373     0.826

Dynamically allocated memory at       amaxmodel [B,KiB,MiB]:       867720     847.383     0.828

Dynamically allocated memory at       amaxmodel [B,KiB,MiB]:       869778     849.393     0.829

Dynamically allocated memory at       amaxmodel [B,KiB,MiB]:       871836     851.402     0.831

mkilst______> segment topology constructed from sequence and RTF:
              segments residues  atoms  bonds angles dihedrals impropers:
                     3       86    982    507    684       797       220

genseg______> segment topology constructed from sequence and RTF:
              segments residues  atoms  bonds angles dihedrals impropers:
                     3       86    982    507    684       797       220
fndatmi_285W> Only      176 residues out of      200 contain atoms of type  CA
              (This is usually caused by non-standard residues, such
              as ligands, or by PDB files with missing atoms.)
transfe_506_> MODEL is an average of all templates.
transfe_511_> Number of templates for coordinate transfer:        1
              After transferring coordinates of the equivalent template atoms,
              there are defined, undefined atoms in MODEL:      891       91
openf___224_> Open           query.ini
wrpdb___568_> Residues, atoms, selected atoms:       86      982      982
make_re_417_> Restraint type to be calculated:  stereo

Dynamically allocated memory at  amaxrestraints [B,KiB,MiB]:       979285     956.333     0.934

Dynamically allocated memory at  amaxrestraints [B,KiB,MiB]:       987477     964.333     0.942

Dynamically allocated memory at  amaxrestraints [B,KiB,MiB]:      1003861     980.333     0.957

Dynamically allocated memory at  amaxrestraints [B,KiB,MiB]:      1036629    1012.333     0.989

Dynamically allocated memory at  amaxrestraints [B,KiB,MiB]:      1069397    1044.333     1.020
r_stere_606_> Stereochemical restraints were constructed from RTF & PRMF.
              Added bond,angle,dihedral,improper restraints  :      507     684     752     219
              Total number of restraints before, now         :        0     2162
make_re_422_> Number of previous, current restraints         :        0     2162
make_re_423_> Number of previous, current selected restraints:        0     2162
make_re_417_> Restraint type to be calculated:  phi-psi_binormal

Dynamically allocated memory at   amaxstructure [B,KiB,MiB]:      1128394    1101.947     1.076
openf___224_> Open           ${MODINSTALL10v3}/modlib/mnch1.bin
openf___224_> Open           ${MODINSTALL10v3}/modlib/mnch1.mdt
errdih__638_> Missing atoms in a dihedral, residue index, residue type:        1      175  PRO
errdih__638_> Missing atoms in a dihedral, residue index, residue type:        1      176  LEU
errdih__638_> Missing atoms in a dihedral, residue index, residue type:        3      176  LEU
errdih__638_> Missing atoms in a dihedral, residue index, residue type:        4      176  LEU
errdih__638_> Missing atoms in a dihedral, residue index, residue type:        5       38  ARG
errdih__638_> Missing atoms in a dihedral, residue index, residue type:        5       55  LYS
errdih__638_> Missing atoms in a dihedral, residue index, residue type:        5       79  ASP
errdih__638_> Missing atoms in a dihedral, residue index, residue type:        5      126  GLU
errdih__638_> Missing atoms in a dihedral, residue index, residue type:        5      144  ASP
errdih__638_> Missing atoms in a dihedral, residue index, residue type:        5      163  GLN
errdih__638_> Missing atoms in a dihedral, residue index, residue type:        5      164  LYS
errdih__638_> Missing atoms in a dihedral, residue index, residue type:        6       38  ARG
errdih__638_> Missing atoms in a dihedral, residue index, residue type:        6       55  LYS
errdih__638_> Missing atoms in a dihedral, residue index, residue type:        6       79  ASP
errdih__638_> Missing atoms in a dihedral, residue index, residue type:        6      126  GLU
errdih__638_> Missing atoms in a dihedral, residue index, residue type:        6      144  ASP
errdih__638_> Missing atoms in a dihedral, residue index, residue type:        6      163  GLN
errdih__638_> Missing atoms in a dihedral, residue index, residue type:        6      164  LYS
errdih__638_> Missing atoms in a dihedral, residue index, residue type:        7       38  ARG
errdih__638_> Missing atoms in a dihedral, residue index, residue type:        7       55  LYS
errdih__638_> Missing atoms in a dihedral, residue index, residue type:        7      126  GLU
errdih__638_> Missing atoms in a dihedral, residue index, residue type:        7      163  GLN
errdih__638_> Missing atoms in a dihedral, residue index, residue type:        7      164  LYS
errdih__638_> Missing atoms in a dihedral, residue index, residue type:        8       38  ARG
errdih__638_> Missing atoms in a dihedral, residue index, residue type:        8       55  LYS
errdih__638_> Missing atoms in a dihedral, residue index, residue type:        8      164  LYS
getdata_643_> Protein accepted:  5nj8
getdata_289_> Proteins (all/accepted):        1        1
make_re_422_> Number of previous, current restraints         :     2162     2222
make_re_423_> Number of previous, current selected restraints:     2162     2222
make_re_417_> Restraint type to be calculated:  omega_dihedral

Dynamically allocated memory at   amaxstructure [B,KiB,MiB]:      1128410    1101.963     1.076
openf___224_> Open           ${MODINSTALL10v3}/modlib/omega.bin
openf___224_> Open           ${MODINSTALL10v3}/modlib/omega.mdt
getdata_643_> Protein accepted:  5nj8
getdata_289_> Proteins (all/accepted):        1        1
omgdel__425_> Unselected all O C +N +CA dihedrals:       62
              (This is to avoid clashes between STEREO
              and OMEGA_DIHEDRAL restraints)
make_re_422_> Number of previous, current restraints         :     2222     2283
make_re_423_> Number of previous, current selected restraints:     2222     2221
make_re_417_> Restraint type to be calculated:  chi1_dihedral

Dynamically allocated memory at   amaxstructure [B,KiB,MiB]:      1128410    1101.963     1.076
openf___224_> Open           ${MODINSTALL10v3}/modlib/chi1234.bin
openf___224_> Open           ${MODINSTALL10v3}/modlib/chi1.mdt
getdata_643_> Protein accepted:  5nj8
getdata_289_> Proteins (all/accepted):        1        1

Dynamically allocated memory at  amaxrestraints [B,KiB,MiB]:      1193946    1165.963     1.139
make_re_422_> Number of previous, current restraints         :     2283     2339
make_re_423_> Number of previous, current selected restraints:     2221     2277
make_re_417_> Restraint type to be calculated:  chi2_dihedral

Dynamically allocated memory at   amaxstructure [B,KiB,MiB]:      1193946    1165.963     1.139
openf___224_> Open           ${MODINSTALL10v3}/modlib/chi1234.bin
openf___224_> Open           ${MODINSTALL10v3}/modlib/chi2.mdt
getdata_643_> Protein accepted:  5nj8
getdata_289_> Proteins (all/accepted):        1        1

Dynamically allocated memory at  amaxrestraints [B,KiB,MiB]:      1226714    1197.963     1.170
make_re_422_> Number of previous, current restraints         :     2339     2384
make_re_423_> Number of previous, current selected restraints:     2277     2322
make_re_417_> Restraint type to be calculated:  chi3_dihedral

Dynamically allocated memory at   amaxstructure [B,KiB,MiB]:      1226714    1197.963     1.170
openf___224_> Open           ${MODINSTALL10v3}/modlib/chi1234.bin
openf___224_> Open           ${MODINSTALL10v3}/modlib/chi3.mdt
getdata_643_> Protein accepted:  5nj8
getdata_289_> Proteins (all/accepted):        1        1
make_re_422_> Number of previous, current restraints         :     2384     2400
make_re_423_> Number of previous, current selected restraints:     2322     2338
make_re_417_> Restraint type to be calculated:  chi4_dihedral

Dynamically allocated memory at   amaxstructure [B,KiB,MiB]:      1226714    1197.963     1.170
openf___224_> Open           ${MODINSTALL10v3}/modlib/chi1234.bin
openf___224_> Open           ${MODINSTALL10v3}/modlib/chi4.mdt
mdtrsr__446W> A potential that relies on one protein is used, yet you have at
              least one known structure available. MDT, not library, potential is used.
getdata_643_> Protein accepted:  5nj8
getdata_289_> Proteins (all/accepted):        1        1
make_re_422_> Number of previous, current restraints         :     2400     2403
make_re_423_> Number of previous, current selected restraints:     2338     2341
make_re_417_> Restraint type to be calculated:  DISTANCE

Dynamically allocated memory at amaxhash_contac [B,KiB,MiB]:      1509494    1474.115     1.440
iup2crm_280W> No topology library in memory or assigning a BLK residue.
              Default CHARMM atom type assigned:  C5' -->  CT2
              This message is written only for the first such atom.

Dynamically allocated memory at  amaxrestraints [B,KiB,MiB]:      1542262    1506.115     1.471
make_re_422_> Number of previous, current restraints         :     2403     3129
make_re_423_> Number of previous, current selected restraints:     2341     3067
make_re_417_> Restraint type to be calculated:  DISTANCE
make_re_422_> Number of previous, current restraints         :     3129     3990
make_re_423_> Number of previous, current selected restraints:     3067     3928
make_re_417_> Restraint type to be calculated:  DISTANCE

Dynamically allocated memory at  amaxrestraints [B,KiB,MiB]:      1607798    1570.115     1.533
make_re_422_> Number of previous, current restraints         :     3990     4644
make_re_423_> Number of previous, current selected restraints:     3928     4582
make_re_417_> Restraint type to be calculated:  DISTANCE

Dynamically allocated memory at  amaxrestraints [B,KiB,MiB]:      1738870    1698.115     1.658
make_re_422_> Number of previous, current restraints         :     4644     4756
make_re_423_> Number of previous, current selected restraints:     4582     4694
484 atoms in HETATM/BLK residues constrained
to protein atoms within 2.30 angstroms
and protein CA atoms within 10.00 angstroms
make_re_417_> Restraint type to be calculated:  DISTANCE
make_re_422_> Number of previous, current restraints         :     4756     4756
make_re_423_> Number of previous, current selected restraints:     4694     4694
make_re_417_> Restraint type to be calculated:  DISTANCE
make_re_422_> Number of previous, current restraints         :     4756     4756
make_re_423_> Number of previous, current selected restraints:     4694     4694
make_re_417_> Restraint type to be calculated:  DISTANCE

Dynamically allocated memory at  amaxrestraints [B,KiB,MiB]:      1739022    1698.264     1.658

Dynamically allocated memory at  amaxrestraints [B,KiB,MiB]:      1739102    1698.342     1.659
make_re_422_> Number of previous, current restraints         :     4756     4778
make_re_423_> Number of previous, current selected restraints:     4694     4716
make_re_417_> Restraint type to be calculated:  DISTANCE

Dynamically allocated memory at  amaxrestraints [B,KiB,MiB]:      1804638    1762.342     1.721

Dynamically allocated memory at  amaxrestraints [B,KiB,MiB]:      1870174    1826.342     1.784

Dynamically allocated memory at  amaxrestraints [B,KiB,MiB]:      2001246    1954.342     1.909

Dynamically allocated memory at  amaxrestraints [B,KiB,MiB]:      2263390    2210.342     2.159
make_re_422_> Number of previous, current restraints         :     4778    12336
make_re_423_> Number of previous, current selected restraints:     4716    12274
484 atoms in residues without defined topology
constrained to be rigid bodies
make_re_417_> Restraint type to be calculated:  DISTANCE

Dynamically allocated memory at  amaxrestraints [B,KiB,MiB]:      2394462    2338.342     2.284

Dynamically allocated memory at  amaxrestraints [B,KiB,MiB]:      2525534    2466.342     2.409

Dynamically allocated memory at  amaxrestraints [B,KiB,MiB]:      2787678    2722.342     2.659

Dynamically allocated memory at  amaxrestraints [B,KiB,MiB]:      3311966    3234.342     3.159
make_re_422_> Number of previous, current restraints         :    12336    21566
make_re_423_> Number of previous, current selected restraints:    12274    21504
rmdupl__427_>      372 redundant cosine dihedral restraints were unselected.
condens_443_> Restraints marked for deletion were removed.
              Total number of restraints before, now:    21566    21132
openf___224_> Open           query.rsr
openf___224_> Open           query.rsr

Dynamically allocated memory at  amaxrestraints [B,KiB,MiB]:      3506428    3424.246     3.344
rdcsr2__307_> Number of restraints read    :    21132
              Number of excluded pairs read:       22
              Number of pseudo atoms read  :        0
rdcsrs__304_> Restraints in memory, selected restraints:    21132    21132
              Explicitly excluded atom pairs in memory :       22
              Pseudo atoms in memory                   :        0
openf___224_> Open           query.ini

Dynamically allocated memory at       amaxmodel [B,KiB,MiB]:      3506460    3424.277     3.344
read_mo_297_> Segments, residues, atoms:        3       86      982
read_mo_298_> Segment:        1  1:A  62:A      498
read_mo_298_> Segment:        2  63:B  74:B      240
read_mo_298_> Segment:        3  75:C  86:C      244
randomi_498_> Atoms,selected atoms,random_seed,amplitude:      982      498        1        4.0000
randomi_496_> Amplitude is > 0; randomization is done.
pick_re_612_> Number of MODEL atoms, selected restraints;      982    17806
pick_re_612_> Number of MODEL atoms, selected restraints;      982    18303
pick_re_612_> Number of MODEL atoms, selected restraints;      982    18677
pick_re_612_> Number of MODEL atoms, selected restraints;      982    19261
pick_re_612_> Number of MODEL atoms, selected restraints;      982    20529
pick_re_612_> Number of MODEL atoms, selected restraints;      982    21032

Dynamically allocated memory at  amaxrestraints [B,KiB,MiB]:      3822600    3733.008     3.646
pick_re_612_> Number of MODEL atoms, selected restraints;      982    21132
pick_re_612_> Number of MODEL atoms, selected restraints;      982    21132
pick_re_612_> Number of MODEL atoms, selected restraints;      982    21132
iupac_m_485_> OD1/2 will be swapped:      176.7873        3  3
iupac_m_486_> OE1/2 will be swapped:     -178.5030       11  11
iupac_m_483_> CD1/2 CE1/2 swapped:       95.5092       13  13
iupac_m_397W> Atoms were not swapped because of the uncertainty of how to handle the H atom.
iupac_m_485_> OD1/2 will be swapped:      140.4734       20  20
iupac_m_486_> OE1/2 will be swapped:     -178.6775       40  40
iupac_m_486_> OE1/2 will be swapped:      167.7207       56  56
iupac_m_487_> NH1/2 swapped:     -179.0278       59  59
openf___224_> Open           ${LIB}/atmcls-mf.lib

Dynamically allocated memory at amaxgroup_restr [B,KiB,MiB]:      3823028    3733.426     3.646

Dynamically allocated memory at amaxgroup_restr [B,KiB,MiB]:      3823092    3733.488     3.646

Dynamically allocated memory at amaxgroup_restr [B,KiB,MiB]:      3823150    3733.545     3.646

Dynamically allocated memory at amaxgroup_restr [B,KiB,MiB]:      3823214    3733.607     3.646

Dynamically allocated memory at amaxgroup_restr [B,KiB,MiB]:      3823280    3733.672     3.646

Dynamically allocated memory at amaxgroup_restr [B,KiB,MiB]:      3823344    3733.734     3.646

Dynamically allocated memory at amaxgroup_restr [B,KiB,MiB]:      3823500    3733.887     3.646

Dynamically allocated memory at amaxgroup_restr [B,KiB,MiB]:      3823628    3734.012     3.646

Dynamically allocated memory at amaxgroup_restr [B,KiB,MiB]:      3823922    3734.299     3.647

Dynamically allocated memory at amaxgroup_restr [B,KiB,MiB]:      3824114    3734.486     3.647

Dynamically allocated memory at amaxgroup_restr [B,KiB,MiB]:      3824618    3734.979     3.647

Dynamically allocated memory at amaxgroup_restr [B,KiB,MiB]:      3824874    3735.229     3.648

Dynamically allocated memory at amaxgroup_restr [B,KiB,MiB]:      3825870    3736.201     3.649

Dynamically allocated memory at amaxgroup_restr [B,KiB,MiB]:      3826254    3736.576     3.649

Dynamically allocated memory at amaxgroup_restr [B,KiB,MiB]:      3826830    3737.139     3.650

Dynamically allocated memory at amaxgroup_restr [B,KiB,MiB]:      3828864    3739.125     3.651

Dynamically allocated memory at amaxgroup_restr [B,KiB,MiB]:      3829760    3740.000     3.652

Dynamically allocated memory at amaxgroup_restr [B,KiB,MiB]:      3834212    3744.348     3.657

Dynamically allocated memory at amaxgroup_restr [B,KiB,MiB]:      3835556    3745.660     3.658

Dynamically allocated memory at amaxgroup_restr [B,KiB,MiB]:      3845174    3755.053     3.667

Dynamically allocated memory at amaxgroup_restr [B,KiB,MiB]:      3847158    3756.990     3.669

Dynamically allocated memory at amaxgroup_restr [B,KiB,MiB]:      3867804    3777.152     3.689

Dynamically allocated memory at amaxgroup_restr [B,KiB,MiB]:      3870812    3780.090     3.691

Dynamically allocated memory at amaxgroup_restr [B,KiB,MiB]:      3916778    3824.979     3.735

Dynamically allocated memory at amaxgroup_restr [B,KiB,MiB]:      3921258    3829.354     3.740

Dynamically allocated memory at amaxgroup_restr [B,KiB,MiB]:      4022478    3928.201     3.836
openf___224_> Open           ${LIB}/dist-mf.lib

Dynamically allocated memory at amaxgroup_restr [B,KiB,MiB]:      4022874    3928.588     3.837

Dynamically allocated memory at amaxgroup_restr [B,KiB,MiB]:      4023670    3929.365     3.837

Dynamically allocated memory at amaxgroup_restr [B,KiB,MiB]:      4024466    3930.143     3.838

Dynamically allocated memory at amaxgroup_restr [B,KiB,MiB]:      4025654    3931.303     3.839

Dynamically allocated memory at amaxgroup_restr [B,KiB,MiB]:      4026054    3931.693     3.840

Dynamically allocated memory at amaxgroup_restr [B,KiB,MiB]:      4026654    3932.279     3.840

Dynamically allocated memory at amaxgroup_restr [B,KiB,MiB]:      4027554    3933.158     3.841

Dynamically allocated memory at amaxgroup_restr [B,KiB,MiB]:      4028902    3934.475     3.842

Dynamically allocated memory at amaxgroup_restr [B,KiB,MiB]:      4029102    3934.670     3.842

Dynamically allocated memory at amaxgroup_restr [B,KiB,MiB]:      4031126    3936.646     3.844

Dynamically allocated memory at amaxgroup_restr [B,KiB,MiB]:      4031426    3936.939     3.845

Dynamically allocated memory at amaxgroup_restr [B,KiB,MiB]:      4034462    3939.904     3.848

Dynamically allocated memory at amaxgroup_restr [B,KiB,MiB]:      4034910    3940.342     3.848

Dynamically allocated memory at amaxgroup_restr [B,KiB,MiB]:      4039462    3944.787     3.852

Dynamically allocated memory at amaxgroup_restr [B,KiB,MiB]:      4040134    3945.443     3.853

Dynamically allocated memory at amaxgroup_restr [B,KiB,MiB]:      4046962    3952.111     3.859

Dynamically allocated memory at amaxgroup_restr [B,KiB,MiB]:      4047970    3953.096     3.860

Dynamically allocated memory at amaxgroup_restr [B,KiB,MiB]:      4058214    3963.100     3.870

Dynamically allocated memory at amaxgroup_restr [B,KiB,MiB]:      4058814    3963.686     3.871

Dynamically allocated memory at amaxgroup_restr [B,KiB,MiB]:      4059214    3964.076     3.871

Dynamically allocated memory at amaxgroup_restr [B,KiB,MiB]:      4060726    3965.553     3.873

Dynamically allocated memory at amaxgroup_restr [B,KiB,MiB]:      4076090    3980.557     3.887

Dynamically allocated memory at amaxgroup_restr [B,KiB,MiB]:      4076990    3981.436     3.888

Dynamically allocated memory at amaxgroup_restr [B,KiB,MiB]:      4077590    3982.021     3.889

Dynamically allocated memory at amaxgroup_restr [B,KiB,MiB]:      4079858    3984.236     3.891

Dynamically allocated memory at amaxgroup_restr [B,KiB,MiB]:      4102906    4006.744     3.913

Dynamically allocated memory at amaxgroup_restr [B,KiB,MiB]:      4104250    4008.057     3.914

Dynamically allocated memory at amaxgroup_restr [B,KiB,MiB]:      4105150    4008.936     3.915

Dynamically allocated memory at amaxgroup_restr [B,KiB,MiB]:      4108554    4012.260     3.918

Dynamically allocated memory at amaxgroup_restr [B,KiB,MiB]:      4143126    4046.021     3.951

Dynamically allocated memory at amaxgroup_restr [B,KiB,MiB]:      4145142    4047.990     3.953

Dynamically allocated memory at amaxgroup_restr [B,KiB,MiB]:      4146490    4049.307     3.954

Dynamically allocated memory at amaxgroup_restr [B,KiB,MiB]:      4151594    4054.291     3.959

Dynamically allocated memory at amaxgroup_restr [B,KiB,MiB]:      4203450    4104.932     4.009

Dynamically allocated memory at amaxgroup_restr [B,KiB,MiB]:      4206474    4107.885     4.012

Dynamically allocated memory at amaxgroup_restr [B,KiB,MiB]:      4208498    4109.861     4.014

Dynamically allocated memory at amaxgroup_restr [B,KiB,MiB]:      4216154    4117.338     4.021

Dynamically allocated memory at amaxgroup_restr [B,KiB,MiB]:      4293938    4193.299     4.095

Dynamically allocated memory at amaxgroup_restr [B,KiB,MiB]:      4298474    4197.729     4.099

Dynamically allocated memory at amaxgroup_restr [B,KiB,MiB]:      4301510    4200.693     4.102

Dynamically allocated memory at amaxgroup_restr [B,KiB,MiB]:      4312994    4211.908     4.113

Dynamically allocated memory at amaxgroup_restr [B,KiB,MiB]:      4429670    4325.850     4.224

Dynamically allocated memory at amaxgroup_restr [B,KiB,MiB]:      4436474    4332.494     4.231

Dynamically allocated memory at amaxgroup_restr [B,KiB,MiB]:      4441026    4336.939     4.235

Dynamically allocated memory at amaxgroup_restr [B,KiB,MiB]:      4458254    4353.764     4.252

Dynamically allocated memory at amaxgroup_restr [B,KiB,MiB]:      4633270    4524.678     4.419

Dynamically allocated memory at amaxgroup_restr [B,KiB,MiB]:      4643482    4534.650     4.428

Dynamically allocated memory at amaxgroup_restr [B,KiB,MiB]:      4650310    4541.318     4.435

Dynamically allocated memory at amaxgroup_restr [B,KiB,MiB]:      4676150    4566.553     4.460

Dynamically allocated memory at amaxgroup_restr [B,KiB,MiB]:      4938674    4822.924     4.710

Dynamically allocated memory at amaxgroup_restr [B,KiB,MiB]:      4953986    4837.877     4.724

Dynamically allocated memory at amaxgroup_restr [B,KiB,MiB]:      4964230    4847.881     4.734

Dynamically allocated memory at amaxgroup_restr [B,KiB,MiB]:      5002990    4885.732     4.771

Dynamically allocated memory at amaxgroup_restr [B,KiB,MiB]:      5396774    5270.287     5.147

Dynamically allocated memory at amaxgroup_restr [B,KiB,MiB]:      5419742    5292.717     5.169

Dynamically allocated memory at amaxgroup_restr [B,KiB,MiB]:      5435106    5307.721     5.183

Dynamically allocated memory at amaxgroup_restr [B,KiB,MiB]:      5493246    5364.498     5.239

Dynamically allocated memory at amaxgroup_restr [B,KiB,MiB]:      6083922    5941.330     5.802

Dynamically allocated memory at amaxgroup_restr [B,KiB,MiB]:      6118374    5974.975     5.835

Dynamically allocated memory at amaxgroup_restr [B,KiB,MiB]:      6141422    5997.482     5.857

Dynamically allocated memory at amaxgroup_restr [B,KiB,MiB]:      6228634    6082.650     5.940

Dynamically allocated memory at amaxgroup_restr [B,KiB,MiB]:      7114650    6947.900     6.785

Dynamically allocated memory at amaxgroup_restr [B,KiB,MiB]:      7166334    6998.373     6.834

Dynamically allocated memory at amaxgroup_restr [B,KiB,MiB]:      7200906    7032.135     6.867

Dynamically allocated memory at amaxgroup_restr [B,KiB,MiB]:      7331722    7159.885     6.992

Dynamically allocated memory at amaxgroup_restr [B,KiB,MiB]:      8660746    8457.760     8.260
read_pa_232_> parameters    BONDS   ANGLS  DIHEDS IMPROPS    MODE
                                0       0       0       0   12561
>> Model assessment by DOPE potential
iatmcls_286W> MODEL atom not classified:  LEU:OXT  LEU

Dynamically allocated memory at  amaxrestraints [B,KiB,MiB]:      8977086    8766.686     8.561

Dynamically allocated memory at  amaxrestraints [B,KiB,MiB]:      9024222    8812.717     8.606

Dynamically allocated memory at  amaxrestraints [B,KiB,MiB]:      9118494    8904.779     8.696

Dynamically allocated memory at  amaxrestraints [B,KiB,MiB]:      9307038    9088.904     8.876

Dynamically allocated memory at  amaxrestraints [B,KiB,MiB]:      9684126    9457.154     9.236

Dynamically allocated memory at  amaxrestraints [B,KiB,MiB]:     10438302   10193.654     9.955


>> ENERGY; Differences between the model's features and restraints:
Number of all residues in MODEL                   :       86
Number of all, selected real atoms                :      982     982
Number of all, selected pseudo atoms              :        0       0
Number of all static, selected restraints         :    21132   21132
COVALENT_CYS                                      :        F
NONBONDED_SEL_ATOMS                               :        1
Number of non-bonded pairs (excluding 1-2,1-3,1-4):   103668
Dynamic pairs routine                             : 1, NATM x NATM double loop
Atomic shift for contacts update (UPDATE_DYNAMIC) :    0.390
LENNARD_JONES_SWITCH                              :    6.500   7.500
COULOMB_JONES_SWITCH                              :    6.500   7.500
RESIDUE_SPAN_RANGE                                :        1    9999
NLOGN_USE                                         :       15
CONTACT_SHELL                                     :   15.000
DYNAMIC_PAIRS,_SPHERE,_COULOMB,_LENNARD,_MODELLER :        T       F       F       F       T
SPHERE_STDV                                       :    0.050
RADII_FACTOR                                      :    0.820
Current energy                                    :       -4805.2124




<< end of ENERGY.
DOPE score               : -4805.212402
>> Model assessment by GA341 potential

Surface library          : /soft/system/software/Modeller/10.3/modlib/surf5.de
Pair library             : /soft/system/software/Modeller/10.3/modlib/pair9.de
Chain identifier         : _
% sequence identity      :    50.000000
Sequence length          :           62
Compactness              :     0.217466
Native energy (pair)     :   -29.081710
Native energy (surface)  :     2.728397
Native energy (combined) :    -0.391397
Z score (pair)           :    -3.886164
Z score (surface)        :    -2.377990
Z score (combined)       :    -4.257627
GA341 score              :     0.998664

openf___224_> Open           ${LIB}/atmcls-mf.lib

Dynamically allocated memory at amaxgroup_restr [B,KiB,MiB]:     10145958    9908.162     9.676

Dynamically allocated memory at amaxgroup_restr [B,KiB,MiB]:     10146022    9908.225     9.676

Dynamically allocated memory at amaxgroup_restr [B,KiB,MiB]:     10146080    9908.281     9.676

Dynamically allocated memory at amaxgroup_restr [B,KiB,MiB]:     10146144    9908.344     9.676

Dynamically allocated memory at amaxgroup_restr [B,KiB,MiB]:     10146210    9908.408     9.676

Dynamically allocated memory at amaxgroup_restr [B,KiB,MiB]:     10146274    9908.471     9.676

Dynamically allocated memory at amaxgroup_restr [B,KiB,MiB]:     10146430    9908.623     9.676

Dynamically allocated memory at amaxgroup_restr [B,KiB,MiB]:     10146558    9908.748     9.677

Dynamically allocated memory at amaxgroup_restr [B,KiB,MiB]:     10146852    9909.035     9.677

Dynamically allocated memory at amaxgroup_restr [B,KiB,MiB]:     10147044    9909.223     9.677

Dynamically allocated memory at amaxgroup_restr [B,KiB,MiB]:     10147548    9909.715     9.677

Dynamically allocated memory at amaxgroup_restr [B,KiB,MiB]:     10147804    9909.965     9.678

Dynamically allocated memory at amaxgroup_restr [B,KiB,MiB]:     10148800    9910.938     9.679

Dynamically allocated memory at amaxgroup_restr [B,KiB,MiB]:     10149184    9911.312     9.679

Dynamically allocated memory at amaxgroup_restr [B,KiB,MiB]:     10149760    9911.875     9.680

Dynamically allocated memory at amaxgroup_restr [B,KiB,MiB]:     10151794    9913.861     9.682

Dynamically allocated memory at amaxgroup_restr [B,KiB,MiB]:     10152690    9914.736     9.682

Dynamically allocated memory at amaxgroup_restr [B,KiB,MiB]:     10157142    9919.084     9.687

Dynamically allocated memory at amaxgroup_restr [B,KiB,MiB]:     10158486    9920.396     9.688

Dynamically allocated memory at amaxgroup_restr [B,KiB,MiB]:     10168104    9929.789     9.697

Dynamically allocated memory at amaxgroup_restr [B,KiB,MiB]:     10170088    9931.727     9.699

Dynamically allocated memory at amaxgroup_restr [B,KiB,MiB]:     10190734    9951.889     9.719

Dynamically allocated memory at amaxgroup_restr [B,KiB,MiB]:     10193742    9954.826     9.722

Dynamically allocated memory at amaxgroup_restr [B,KiB,MiB]:     10239708    9999.715     9.765

Dynamically allocated memory at amaxgroup_restr [B,KiB,MiB]:     10244188   10004.090     9.770

Dynamically allocated memory at amaxgroup_restr [B,KiB,MiB]:     10345408   10102.938     9.866
openf___224_> Open           ${LIB}/dist-mfhr.lib

Dynamically allocated memory at amaxgroup_restr [B,KiB,MiB]:     10345804   10103.324     9.867

Dynamically allocated memory at amaxgroup_restr [B,KiB,MiB]:     10346600   10104.102     9.867

Dynamically allocated memory at amaxgroup_restr [B,KiB,MiB]:     10347396   10104.879     9.868

Dynamically allocated memory at amaxgroup_restr [B,KiB,MiB]:     10347796   10105.270     9.868

Dynamically allocated memory at amaxgroup_restr [B,KiB,MiB]:     10348984   10106.430     9.870

Dynamically allocated memory at amaxgroup_restr [B,KiB,MiB]:     10349584   10107.016     9.870

Dynamically allocated memory at amaxgroup_restr [B,KiB,MiB]:     10350484   10107.895     9.871

Dynamically allocated memory at amaxgroup_restr [B,KiB,MiB]:     10351832   10109.211     9.872

Dynamically allocated memory at amaxgroup_restr [B,KiB,MiB]:     10353856   10111.188     9.874

Dynamically allocated memory at amaxgroup_restr [B,KiB,MiB]:     10356892   10114.152     9.877

Dynamically allocated memory at amaxgroup_restr [B,KiB,MiB]:     10361444   10118.598     9.881

Dynamically allocated memory at amaxgroup_restr [B,KiB,MiB]:     10368272   10125.266     9.888

Dynamically allocated memory at amaxgroup_restr [B,KiB,MiB]:     10368472   10125.461     9.888

Dynamically allocated memory at amaxgroup_restr [B,KiB,MiB]:     10378716   10135.465     9.898

Dynamically allocated memory at amaxgroup_restr [B,KiB,MiB]:     10379016   10135.758     9.898

Dynamically allocated memory at amaxgroup_restr [B,KiB,MiB]:     10394380   10150.762     9.913

Dynamically allocated memory at amaxgroup_restr [B,KiB,MiB]:     10394828   10151.199     9.913

Dynamically allocated memory at amaxgroup_restr [B,KiB,MiB]:     10417876   10173.707     9.935

Dynamically allocated memory at amaxgroup_restr [B,KiB,MiB]:     10418548   10174.363     9.936

Dynamically allocated memory at amaxgroup_restr [B,KiB,MiB]:     10453120   10208.125     9.969

Dynamically allocated memory at amaxgroup_restr [B,KiB,MiB]:     10454128   10209.109     9.970

Dynamically allocated memory at amaxgroup_restr [B,KiB,MiB]:     10454728   10209.695     9.970

Dynamically allocated memory at amaxgroup_restr [B,KiB,MiB]:     10455128   10210.086     9.971

Dynamically allocated memory at amaxgroup_restr [B,KiB,MiB]:     10506984   10260.727    10.020

Dynamically allocated memory at amaxgroup_restr [B,KiB,MiB]:     10508496   10262.203    10.022

Dynamically allocated memory at amaxgroup_restr [B,KiB,MiB]:     10509396   10263.082    10.023

Dynamically allocated memory at amaxgroup_restr [B,KiB,MiB]:     10509996   10263.668    10.023

Dynamically allocated memory at amaxgroup_restr [B,KiB,MiB]:     10587780   10339.629    10.097

Dynamically allocated memory at amaxgroup_restr [B,KiB,MiB]:     10590048   10341.844    10.099

Dynamically allocated memory at amaxgroup_restr [B,KiB,MiB]:     10591392   10343.156    10.101

Dynamically allocated memory at amaxgroup_restr [B,KiB,MiB]:     10592292   10344.035    10.102

Dynamically allocated memory at amaxgroup_restr [B,KiB,MiB]:     10708968   10457.977    10.213

Dynamically allocated memory at amaxgroup_restr [B,KiB,MiB]:     10712372   10461.301    10.216

Dynamically allocated memory at amaxgroup_restr [B,KiB,MiB]:     10714388   10463.270    10.218

Dynamically allocated memory at amaxgroup_restr [B,KiB,MiB]:     10715736   10464.586    10.219

Dynamically allocated memory at amaxgroup_restr [B,KiB,MiB]:     10890752   10635.500    10.386

Dynamically allocated memory at amaxgroup_restr [B,KiB,MiB]:     10895856   10640.484    10.391

Dynamically allocated memory at amaxgroup_restr [B,KiB,MiB]:     10898880   10643.438    10.394

Dynamically allocated memory at amaxgroup_restr [B,KiB,MiB]:     10900904   10645.414    10.396

Dynamically allocated memory at amaxgroup_restr [B,KiB,MiB]:     11163428   10901.785    10.646

Dynamically allocated memory at amaxgroup_restr [B,KiB,MiB]:     11171084   10909.262    10.654

Dynamically allocated memory at amaxgroup_restr [B,KiB,MiB]:     11175620   10913.691    10.658

Dynamically allocated memory at amaxgroup_restr [B,KiB,MiB]:     11178656   10916.656    10.661

Dynamically allocated memory at amaxgroup_restr [B,KiB,MiB]:     11572440   11301.211    11.036

Dynamically allocated memory at amaxgroup_restr [B,KiB,MiB]:     11583924   11312.426    11.047

Dynamically allocated memory at amaxgroup_restr [B,KiB,MiB]:     11590728   11319.070    11.054

Dynamically allocated memory at amaxgroup_restr [B,KiB,MiB]:     11595280   11323.516    11.058

Dynamically allocated memory at amaxgroup_restr [B,KiB,MiB]:     12185956   11900.348    11.621

Dynamically allocated memory at amaxgroup_restr [B,KiB,MiB]:     12203184   11917.172    11.638

Dynamically allocated memory at amaxgroup_restr [B,KiB,MiB]:     12213396   11927.145    11.648

Dynamically allocated memory at amaxgroup_restr [B,KiB,MiB]:     12220224   11933.812    11.654

Dynamically allocated memory at amaxgroup_restr [B,KiB,MiB]:     13106240   12799.062    12.499

Dynamically allocated memory at amaxgroup_restr [B,KiB,MiB]:     13132080   12824.297    12.524

Dynamically allocated memory at amaxgroup_restr [B,KiB,MiB]:     13147392   12839.250    12.538

Dynamically allocated memory at amaxgroup_restr [B,KiB,MiB]:     13157636   12849.254    12.548

Dynamically allocated memory at amaxgroup_restr [B,KiB,MiB]:     14486660   14147.129    13.816

Dynamically allocated memory at amaxgroup_restr [B,KiB,MiB]:     14525420   14184.980    13.853

Dynamically allocated memory at amaxgroup_restr [B,KiB,MiB]:     14548388   14207.410    13.874

Dynamically allocated memory at amaxgroup_restr [B,KiB,MiB]:     14563752   14222.414    13.889

Dynamically allocated memory at amaxgroup_restr [B,KiB,MiB]:     16557288   16169.227    15.790

Dynamically allocated memory at amaxgroup_restr [B,KiB,MiB]:     16615428   16226.004    15.846

Dynamically allocated memory at amaxgroup_restr [B,KiB,MiB]:     16649880   16259.648    15.879

Dynamically allocated memory at amaxgroup_restr [B,KiB,MiB]:     16672928   16282.156    15.901

Dynamically allocated memory at amaxgroup_restr [B,KiB,MiB]:     19663232   19202.375    18.752

Dynamically allocated memory at amaxgroup_restr [B,KiB,MiB]:     19750444   19287.543    18.835

Dynamically allocated memory at amaxgroup_restr [B,KiB,MiB]:     19802128   19338.016    18.885

Dynamically allocated memory at amaxgroup_restr [B,KiB,MiB]:     19836700   19371.777    18.918

Dynamically allocated memory at amaxgroup_restr [B,KiB,MiB]:     24322156   23752.105    23.195

Dynamically allocated memory at amaxgroup_restr [B,KiB,MiB]:     24452972   23879.855    23.320
read_pa_232_> parameters    BONDS   ANGLS  DIHEDS IMPROPS    MODE
                                0       0       0       0   12561
>> Model assessment by DOPE-HR potential
iatmcls_286W> MODEL atom not classified:  LEU:OXT  LEU


>> ENERGY; Differences between the model's features and restraints:
Number of all residues in MODEL                   :       86
Number of all, selected real atoms                :      982     982
Number of all, selected pseudo atoms              :        0       0
Number of all static, selected restraints         :    21132   21132
COVALENT_CYS                                      :        F
NONBONDED_SEL_ATOMS                               :        1
Number of non-bonded pairs (excluding 1-2,1-3,1-4):   103668
Dynamic pairs routine                             : 1, NATM x NATM double loop
Atomic shift for contacts update (UPDATE_DYNAMIC) :    0.390
LENNARD_JONES_SWITCH                              :    6.500   7.500
COULOMB_JONES_SWITCH                              :    6.500   7.500
RESIDUE_SPAN_RANGE                                :        1    9999
NLOGN_USE                                         :       15
CONTACT_SHELL                                     :   15.000
DYNAMIC_PAIRS,_SPHERE,_COULOMB,_LENNARD,_MODELLER :        T       F       F       F       T
SPHERE_STDV                                       :    0.050
RADII_FACTOR                                      :    0.820
Current energy                                    :       -3495.1836




<< end of ENERGY.
DOPE-HR score               : -3495.183594


>> ENERGY; Differences between the model's features and restraints:
Number of all residues in MODEL                   :       86
Number of all, selected real atoms                :      982     982
Number of all, selected pseudo atoms              :        0       0
Number of all static, selected restraints         :    21132   21132
COVALENT_CYS                                      :        F
NONBONDED_SEL_ATOMS                               :        1
Number of non-bonded pairs (excluding 1-2,1-3,1-4):     2255
Dynamic pairs routine                             : 2, NATM x NATM cell sorting
Atomic shift for contacts update (UPDATE_DYNAMIC) :    0.390
LENNARD_JONES_SWITCH                              :    6.500   7.500
COULOMB_JONES_SWITCH                              :    6.500   7.500
RESIDUE_SPAN_RANGE                                :        0   99999
NLOGN_USE                                         :       15
CONTACT_SHELL                                     :    4.000
DYNAMIC_PAIRS,_SPHERE,_COULOMB,_LENNARD,_MODELLER :        T       T       F       F       F
SPHERE_STDV                                       :    0.050
RADII_FACTOR                                      :    0.820
Current energy                                    :         874.8489





Summary of the restraint violations: 

   NUM     ... number of restraints.
   NUMVI   ... number of restraints with RVIOL > VIOL_REPORT_CUT[i].
   RVIOL   ... relative difference from the best value.
   NUMVP   ... number of restraints with -Ln(pdf) > VIOL_REPORT_CUT2[i].
   RMS_1   ... RMS(feature, minimally_violated_basis_restraint, NUMB).
   RMS_2   ... RMS(feature, best_value, NUMB).
   MOL.PDF ... scaled contribution to -Ln(Molecular pdf).

 #                     RESTRAINT_GROUP      NUM   NUMVI  NUMVP   RMS_1   RMS_2         MOL.PDF     S_i
------------------------------------------------------------------------------------------------------
 1 Bond length potential              :     507       0      0   0.005   0.005      4.0529       1.000
 2 Bond angle potential               :     684       1      6   2.426   2.426      74.679       1.000
 3 Stereochemical cosine torsion poten:     318       0      6  45.018  45.018      102.90       1.000
 4 Stereochemical improper torsion pot:     219       1      1   2.733   2.733      29.169       1.000
 5 Soft-sphere overlap restraints     :    2255       1     20   0.024   0.024      155.22       1.000
 6 Lennard-Jones 6-12 potential       :       0       0      0   0.000   0.000      0.0000       1.000
 7 Coulomb point-point electrostatic p:       0       0      0   0.000   0.000      0.0000       1.000
 8 H-bonding potential                :       0       0      0   0.000   0.000      0.0000       1.000
 9 Distance restraints 1 (CA-CA)      :     726       0      0   0.177   0.177      28.645       1.000
10 Distance restraints 2 (N-O)        :     861       0     11   0.309   0.309      85.766       1.000
11 Mainchain Phi dihedral restraints  :       0       0      0   0.000   0.000      0.0000       1.000
12 Mainchain Psi dihedral restraints  :       0       0      0   0.000   0.000      0.0000       1.000
13 Mainchain Omega dihedral restraints:      61       0      2   5.428   5.428      21.193       1.000
14 Sidechain Chi_1 dihedral restraints:      56       0      1  72.484  72.484      17.179       1.000
15 Sidechain Chi_2 dihedral restraints:      45       0      0  84.059  84.059      30.664       1.000
16 Sidechain Chi_3 dihedral restraints:      16       0      1  62.782  62.782      12.675       1.000
17 Sidechain Chi_4 dihedral restraints:       3       0      0  89.703  89.703      2.5879       1.000
18 Disulfide distance restraints      :       0       0      0   0.000   0.000      0.0000       1.000
19 Disulfide angle restraints         :       0       0      0   0.000   0.000      0.0000       1.000
20 Disulfide dihedral angle restraints:       0       0      0   0.000   0.000      0.0000       1.000
21 Lower bound distance restraints    :       0       0      0   0.000   0.000      0.0000       1.000
22 Upper bound distance restraints    :       0       0      0   0.000   0.000      0.0000       1.000
23 Distance restraints 3 (SDCH-MNCH)  :     654       0      0   0.538   0.538      42.207       1.000
24 Sidechain Chi_5 dihedral restraints:       0       0      0   0.000   0.000      0.0000       1.000
25 Phi/Psi pair of dihedral restraints:      60       5      5  30.146  45.559      21.598       1.000
26 Distance restraints 4 (SDCH-SDCH)  :     112       0      4   1.221   1.221      31.119       1.000
27 Distance restraints 5 (X-Y)        :   16810       0     17   0.032   0.032      215.19       1.000
28 NMR distance restraints 6 (X-Y)    :       0       0      0   0.000   0.000      0.0000       1.000
29 NMR distance restraints 7 (X-Y)    :       0       0      0   0.000   0.000      0.0000       1.000
30 Minimal distance restraints        :       0       0      0   0.000   0.000      0.0000       1.000
31 Non-bonded restraints              :       0       0      0   0.000   0.000      0.0000       1.000
32 Atomic accessibility restraints    :       0       0      0   0.000   0.000      0.0000       1.000
33 Atomic density restraints          :       0       0      0   0.000   0.000      0.0000       1.000
34 Absolute position restraints       :       0       0      0   0.000   0.000      0.0000       1.000
35 Dihedral angle difference restraint:       0       0      0   0.000   0.000      0.0000       1.000
36 GBSA implicit solvent potential    :       0       0      0   0.000   0.000      0.0000       1.000
37 EM density fitting potential       :       0       0      0   0.000   0.000      0.0000       1.000
38 SAXS restraints                    :       0       0      0   0.000   0.000      0.0000       1.000
39 Symmetry restraints                :       0       0      0   0.000   0.000      0.0000       1.000



openf___224_> Open           query.V99990001
# Heavy relative violation of each residue is written to: query.V99990001
# The profile is NOT normalized by the number of restraints.
# The profiles are smoothed over a window of residues:    1
# The sum of all numbers in the file:   10837.5410



List of the violated restraints:
   A restraint is violated when the relative difference
   from the best value (RVIOL) is larger than CUTOFF.

   ICSR   ... index of a restraint in the current set.
   RESNO  ... residue numbers of the first two atoms.
   ATM    ... IUPAC atom names of the first two atoms.
   FEAT   ... the value of the feature in the model.
   restr  ... the mean of the basis restraint with the smallest
              difference from the model (local minimum).
   viol   ... difference from the local minimum.
   rviol  ... relative difference from the local minimum.
   RESTR  ... the best value (global minimum).
   VIOL   ... difference from the best value.
   RVIOL  ... relative difference from the best value.


-------------------------------------------------------------------------------------------------

Feature 25                           : Phi/Psi pair of dihedral restraints     
List of the RVIOL violations larger than   :       6.5000

    #   ICSR  RESNO1/2 ATM1/2   INDATM1/2    FEAT   restr    viol   rviol   RESTR    VIOL   RVIOL
    1   1761  33F  34M C   N     261  263 -116.30  -63.40   66.64    9.11  -63.40   66.64    9.11
    1         34M  34M N   CA    263  264    0.02  -40.50                  -40.50
    2   1777  49F  50T C   N     386  388  -56.12  -63.20   35.52    4.13 -124.80  155.57    8.58
    2         50T  50T N   CA    388  389  -76.91  -42.10                  143.50
    3   1778  50T  51H C   N     393  395  128.23 -125.60  106.62    3.53  -67.60  164.40   12.10
    3         51H  51H N   CA    395  396  148.53  138.80                  140.00
    4   1779  51H  52P C   N     403  405  -71.29  -64.50   26.18    1.64  -58.70  157.52   14.05
    4         52P  52P N   CA    405  406  172.49  147.20                  -30.50
    5   1780  52P  53C C   N     410  412   78.09  -63.00  144.12   22.28  -63.00  144.12   22.28
    5         53C  53C N   CA    412  413  -70.46  -41.10                  -41.10


report______> Distribution of short non-bonded contacts:


DISTANCE1:  0.00 2.10 2.20 2.30 2.40 2.50 2.60 2.70 2.80 2.90 3.00 3.10 3.20 3.30 3.40
DISTANCE2:  2.10 2.20 2.30 2.40 2.50 2.60 2.70 2.80 2.90 3.00 3.10 3.20 3.30 3.40 3.50
FREQUENCY:     0    0    0    0    0    7   86   66   53   90   93   94  102  124  139


<< end of ENERGY.
openf___224_> Open           query.B99990001.pdb
wrpdb___568_> Residues, atoms, selected atoms:       86      982      982
openf___224_> Open           query.ini

Dynamically allocated memory at       amaxmodel [B,KiB,MiB]:     24453004   23879.887    23.320
read_mo_297_> Segments, residues, atoms:        3       86      982
read_mo_298_> Segment:        1  1:A  62:A      498
read_mo_298_> Segment:        2  63:B  74:B      240
read_mo_298_> Segment:        3  75:C  86:C      244
randomi_498_> Atoms,selected atoms,random_seed,amplitude:      982      498        1        4.0000
randomi_496_> Amplitude is > 0; randomization is done.
pick_re_612_> Number of MODEL atoms, selected restraints;      982    17806
pick_re_612_> Number of MODEL atoms, selected restraints;      982    18303
pick_re_612_> Number of MODEL atoms, selected restraints;      982    18677
pick_re_612_> Number of MODEL atoms, selected restraints;      982    19261
pick_re_612_> Number of MODEL atoms, selected restraints;      982    20529
pick_re_612_> Number of MODEL atoms, selected restraints;      982    21032
pick_re_612_> Number of MODEL atoms, selected restraints;      982    21132
pick_re_612_> Number of MODEL atoms, selected restraints;      982    21132
pick_re_612_> Number of MODEL atoms, selected restraints;      982    21132
iupac_m_485_> OD1/2 will be swapped:      170.1608       22  22
iupac_m_485_> OD1/2 will be swapped:      178.5587       48  48
iupac_m_487_> NH1/2 swapped:      179.5019       59  59
>> Model assessment by DOPE potential
iatmcls_286W> MODEL atom not classified:  LEU:OXT  LEU


>> ENERGY; Differences between the model's features and restraints:
Number of all residues in MODEL                   :       86
Number of all, selected real atoms                :      982     982
Number of all, selected pseudo atoms              :        0       0
Number of all static, selected restraints         :    21132   21132
COVALENT_CYS                                      :        F
NONBONDED_SEL_ATOMS                               :        1
Number of non-bonded pairs (excluding 1-2,1-3,1-4):   103672
Dynamic pairs routine                             : 1, NATM x NATM double loop
Atomic shift for contacts update (UPDATE_DYNAMIC) :    0.390
LENNARD_JONES_SWITCH                              :    6.500   7.500
COULOMB_JONES_SWITCH                              :    6.500   7.500
RESIDUE_SPAN_RANGE                                :        1    9999
NLOGN_USE                                         :       15
CONTACT_SHELL                                     :   15.000
DYNAMIC_PAIRS,_SPHERE,_COULOMB,_LENNARD,_MODELLER :        T       F       F       F       T
SPHERE_STDV                                       :    0.050
RADII_FACTOR                                      :    0.820
Current energy                                    :       -4853.0928




<< end of ENERGY.
DOPE score               : -4853.092773
>> Model assessment by GA341 potential

Surface library          : /soft/system/software/Modeller/10.3/modlib/surf5.de
Pair library             : /soft/system/software/Modeller/10.3/modlib/pair9.de
Chain identifier         : _
% sequence identity      :    50.000000
Sequence length          :           62
Compactness              :     0.219741
Native energy (pair)     :   -36.394200
Native energy (surface)  :     3.036009
Native energy (combined) :    -0.685685
Z score (pair)           :    -4.529667
Z score (surface)        :    -2.497398
Z score (combined)       :    -4.494904
GA341 score              :     0.999779

>> Model assessment by DOPE-HR potential
iatmcls_286W> MODEL atom not classified:  LEU:OXT  LEU


>> ENERGY; Differences between the model's features and restraints:
Number of all residues in MODEL                   :       86
Number of all, selected real atoms                :      982     982
Number of all, selected pseudo atoms              :        0       0
Number of all static, selected restraints         :    21132   21132
COVALENT_CYS                                      :        F
NONBONDED_SEL_ATOMS                               :        1
Number of non-bonded pairs (excluding 1-2,1-3,1-4):   103672
Dynamic pairs routine                             : 1, NATM x NATM double loop
Atomic shift for contacts update (UPDATE_DYNAMIC) :    0.390
LENNARD_JONES_SWITCH                              :    6.500   7.500
COULOMB_JONES_SWITCH                              :    6.500   7.500
RESIDUE_SPAN_RANGE                                :        1    9999
NLOGN_USE                                         :       15
CONTACT_SHELL                                     :   15.000
DYNAMIC_PAIRS,_SPHERE,_COULOMB,_LENNARD,_MODELLER :        T       F       F       F       T
SPHERE_STDV                                       :    0.050
RADII_FACTOR                                      :    0.820
Current energy                                    :       -3952.1147




<< end of ENERGY.
DOPE-HR score               : -3952.114746


>> ENERGY; Differences between the model's features and restraints:
Number of all residues in MODEL                   :       86
Number of all, selected real atoms                :      982     982
Number of all, selected pseudo atoms              :        0       0
Number of all static, selected restraints         :    21132   21132
COVALENT_CYS                                      :        F
NONBONDED_SEL_ATOMS                               :        1
Number of non-bonded pairs (excluding 1-2,1-3,1-4):     2221
Dynamic pairs routine                             : 2, NATM x NATM cell sorting
Atomic shift for contacts update (UPDATE_DYNAMIC) :    0.390
LENNARD_JONES_SWITCH                              :    6.500   7.500
COULOMB_JONES_SWITCH                              :    6.500   7.500
RESIDUE_SPAN_RANGE                                :        0   99999
NLOGN_USE                                         :       15
CONTACT_SHELL                                     :    4.000
DYNAMIC_PAIRS,_SPHERE,_COULOMB,_LENNARD,_MODELLER :        T       T       F       F       F
SPHERE_STDV                                       :    0.050
RADII_FACTOR                                      :    0.820
Current energy                                    :         619.4675





Summary of the restraint violations: 

   NUM     ... number of restraints.
   NUMVI   ... number of restraints with RVIOL > VIOL_REPORT_CUT[i].
   RVIOL   ... relative difference from the best value.
   NUMVP   ... number of restraints with -Ln(pdf) > VIOL_REPORT_CUT2[i].
   RMS_1   ... RMS(feature, minimally_violated_basis_restraint, NUMB).
   RMS_2   ... RMS(feature, best_value, NUMB).
   MOL.PDF ... scaled contribution to -Ln(Molecular pdf).

 #                     RESTRAINT_GROUP      NUM   NUMVI  NUMVP   RMS_1   RMS_2         MOL.PDF     S_i
------------------------------------------------------------------------------------------------------
 1 Bond length potential              :     507       0      0   0.004   0.004      2.1711       1.000
 2 Bond angle potential               :     684       0      0   1.634   1.634      35.840       1.000
 3 Stereochemical cosine torsion poten:     318       0      4  45.650  45.650      101.66       1.000
 4 Stereochemical improper torsion pot:     219       0      0   1.099   1.099      5.5296       1.000
 5 Soft-sphere overlap restraints     :    2221       1     12   0.023   0.023      144.62       1.000
 6 Lennard-Jones 6-12 potential       :       0       0      0   0.000   0.000      0.0000       1.000
 7 Coulomb point-point electrostatic p:       0       0      0   0.000   0.000      0.0000       1.000
 8 H-bonding potential                :       0       0      0   0.000   0.000      0.0000       1.000
 9 Distance restraints 1 (CA-CA)      :     726       0      0   0.108   0.108      9.4587       1.000
10 Distance restraints 2 (N-O)        :     861       0      0   0.202   0.202      28.360       1.000
11 Mainchain Phi dihedral restraints  :       0       0      0   0.000   0.000      0.0000       1.000
12 Mainchain Psi dihedral restraints  :       0       0      0   0.000   0.000      0.0000       1.000
13 Mainchain Omega dihedral restraints:      61       0      0   3.485   3.485      8.7390       1.000
14 Sidechain Chi_1 dihedral restraints:      56       0      0  77.500  77.500      12.654       1.000
15 Sidechain Chi_2 dihedral restraints:      45       0      0  79.401  79.401      20.461       1.000
16 Sidechain Chi_3 dihedral restraints:      16       0      0  57.143  57.143      12.457       1.000
17 Sidechain Chi_4 dihedral restraints:       3       0      0  83.538  83.538      1.9179       1.000
18 Disulfide distance restraints      :       0       0      0   0.000   0.000      0.0000       1.000
19 Disulfide angle restraints         :       0       0      0   0.000   0.000      0.0000       1.000
20 Disulfide dihedral angle restraints:       0       0      0   0.000   0.000      0.0000       1.000
21 Lower bound distance restraints    :       0       0      0   0.000   0.000      0.0000       1.000
22 Upper bound distance restraints    :       0       0      0   0.000   0.000      0.0000       1.000
23 Distance restraints 3 (SDCH-MNCH)  :     654       0      0   0.324   0.324      13.540       1.000
24 Sidechain Chi_5 dihedral restraints:       0       0      0   0.000   0.000      0.0000       1.000
25 Phi/Psi pair of dihedral restraints:      60       2      4  22.915  25.888     0.27032E-01   1.000
26 Distance restraints 4 (SDCH-SDCH)  :     112       0      0   0.572   0.572      6.1641       1.000
27 Distance restraints 5 (X-Y)        :   16810       0     21   0.032   0.032      215.87       1.000
28 NMR distance restraints 6 (X-Y)    :       0       0      0   0.000   0.000      0.0000       1.000
29 NMR distance restraints 7 (X-Y)    :       0       0      0   0.000   0.000      0.0000       1.000
30 Minimal distance restraints        :       0       0      0   0.000   0.000      0.0000       1.000
31 Non-bonded restraints              :       0       0      0   0.000   0.000      0.0000       1.000
32 Atomic accessibility restraints    :       0       0      0   0.000   0.000      0.0000       1.000
33 Atomic density restraints          :       0       0      0   0.000   0.000      0.0000       1.000
34 Absolute position restraints       :       0       0      0   0.000   0.000      0.0000       1.000
35 Dihedral angle difference restraint:       0       0      0   0.000   0.000      0.0000       1.000
36 GBSA implicit solvent potential    :       0       0      0   0.000   0.000      0.0000       1.000
37 EM density fitting potential       :       0       0      0   0.000   0.000      0.0000       1.000
38 SAXS restraints                    :       0       0      0   0.000   0.000      0.0000       1.000
39 Symmetry restraints                :       0       0      0   0.000   0.000      0.0000       1.000



openf___224_> Open           query.V99990002
# Heavy relative violation of each residue is written to: query.V99990002
# The profile is NOT normalized by the number of restraints.
# The profiles are smoothed over a window of residues:    1
# The sum of all numbers in the file:    9559.9893



List of the violated restraints:
   A restraint is violated when the relative difference
   from the best value (RVIOL) is larger than CUTOFF.

   ICSR   ... index of a restraint in the current set.
   RESNO  ... residue numbers of the first two atoms.
   ATM    ... IUPAC atom names of the first two atoms.
   FEAT   ... the value of the feature in the model.
   restr  ... the mean of the basis restraint with the smallest
              difference from the model (local minimum).
   viol   ... difference from the local minimum.
   rviol  ... relative difference from the local minimum.
   RESTR  ... the best value (global minimum).
   VIOL   ... difference from the best value.
   RVIOL  ... relative difference from the best value.


-------------------------------------------------------------------------------------------------

Feature 25                           : Phi/Psi pair of dihedral restraints     
List of the RVIOL violations larger than   :       6.5000

    #   ICSR  RESNO1/2 ATM1/2   INDATM1/2    FEAT   restr    viol   rviol   RESTR    VIOL   RVIOL
    1   1776  48D  49F C   N     375  377 -116.47  -63.20  100.06   11.31  -63.20  100.06   11.31
    1         49F  49F N   CA    377  378   40.40  -44.30                  -44.30
    2   1788  60E  61N C   N     480  482  -95.37 -119.90   80.55    3.05  -63.20  106.35   11.83
    2         61N  61N N   CA    482  483   60.27  137.00                  -41.10


report______> Distribution of short non-bonded contacts:


DISTANCE1:  0.00 2.10 2.20 2.30 2.40 2.50 2.60 2.70 2.80 2.90 3.00 3.10 3.20 3.30 3.40
DISTANCE2:  2.10 2.20 2.30 2.40 2.50 2.60 2.70 2.80 2.90 3.00 3.10 3.20 3.30 3.40 3.50
FREQUENCY:     0    0    0    0    0    8   85   53   51   93   82   94  106  116  153


<< end of ENERGY.
openf___224_> Open           query.B99990002.pdb
wrpdb___568_> Residues, atoms, selected atoms:       86      982      982

>> Summary of successfully produced models:
Filename                          molpdf     DOPE score  DOPE-HR score    GA341 score
-------------------------------------------------------------------------------------
query.B99990001.pdb            874.84888    -4805.21240    -3495.18359        0.99866
query.B99990002.pdb            619.46747    -4853.09277    -3952.11475        0.99978

