Jaspar_ID	PDB_ID	Jaspar_BS_len	PDB_BS_len	Offset	P-value
MA1169.1	1msf_1C	13	11	-2	0.36672
MA1150.1	1a6y_1B	11	20	-9	0.010146
MA0026.1	1dux_1F	7	11	3	0.49755
MA0825.1	1nkp_1B	10	18	-4	0.0279381
MA0482.1	4hc7_1A	11	18	-7	0.023065
MA1248.1	1gcc_1A	20	11	6	0.455253
MA1116.1	3v79_1C	10	18	-5	0.00753982
MA1260.1	1gcc_1A	21	11	1	0.764041
MA0535.1	3kmp_1A	15	14	-6	0.520293
MA0895.1	4j19_1A	10	16	-3	0.27014
MA1217.1	1gcc_1A	15	11	3	0.0712265
MA0449.1	4atk_1B	10	16	-3	0.00117656
MA0164.1	4nqa_1A	7	16	2	0.888999
MA0181.1	3a01_1F	7	17	-2	0.0336371
MA0688.1	1h6f_1B	11	18	-6	7.7411e-07
MA1245.1	1gcc_1A	15	11	6	0.205539
MA0470.1	1cf7_1A	11	15	0	0.473343
MA0092.1	2ypa_1B	10	11	-2	0.742073
MA0495.2	3a5t_1B	21	15	3	0.0131667
MA0747.1	5ke7_1A	12	10	2	0.0185203
MA0520.1	5d39_1D	15	18	1	0.14756
MA0102.3	1nwq_1C	11	20	-4	0.035284
MA0131.2	5t0u_1D	12	17	0	0.0172709
MA1238.1	1gcc_1A	15	11	0	0.186638
MA0832.1	2ypa_1A	14	11	2	0.00336929
MA0014.3	1mdm_1A	12	25	-5	0.321887
MA1266.1	1gcc_1A	15	11	3	0.0593285
MA1303.1	2lex_1A	13	10	1	0.189533
MA0069.1	6pax_1A	14	24	-5	3.40296e-07
MA0274.1	1gd2_1E	8	12	-2	0.951864
MA0122.2	3rkq_1B	9	17	-8	0.0518981
MA0666.1	1ig7_1A	8	13	-3	0.141962
MA0200.1	3a01_1F	7	17	-2	0.0124326
MA0217.1	6fqp_1B	5	16	-2	0.0126854
MA0746.1	5ke6_1A	11	10	1	0.00775312
MA0670.1	2lkx_1A	10	13	-2	0.24419
MA0686.1	1yo5_1C	11	13	-1	0.000569982
MA0822.1	4h10_1A	12	14	-1	0.811698
MA0788.1	2xsd_1C	13	10	4	0.213992
MA0196.1	2me6_1A	7	14	-3	0.232309
MA0054.1	1msf_1C	9	11	-2	0.0415149
MA1352.1	1iv6_1A	21	13	6	0.000213057
MA0827.1	2ql2_1B	10	16	-3	0.00103107
MA1225.1	1gcc_1A	15	11	3	0.258869
MA1140.1	5vpf_1B	10	18	-3	0.656027
MA1338.1	5zko_1C	15	20	-4	0.222239
MA1254.1	1gcc_1A	15	11	2	0.105225
MA0027.2	3hdd_1B	8	13	-9	0.151446
MA1141.1	5vpf_1B	13	18	-2	0.000703813
MA0240.1	3a01_1F	7	17	-2	0.154927
MA0258.2	1hcq_1A	15	16	-1	0.00348612
MA1383.1	5lxu_1A	15	9	5	0.413817
MA0476.1	2wt7_1A	11	15	-3	0.00105068
MA1310.1	2lex_1A	21	10	9	0.123974
MA0040.1	2hdc_1A	11	17	-5	0.799009
MA0839.1	5zko_1C	14	20	-3	0.00875219
MA0214.1	4rdu_1D	7	12	-2	0.103326
MA1179.1	1msf_1C	19	11	7	0.228773
MA0526.2	1an4_1B	16	20	-1	2.23016e-05
MA0693.2	1kb6_1B	8	18	-10	0.0678943
MA0639.1	2e42_1B	12	15	-1	0.996772
MA0136.2	3jtg_1A	11	15	-3	0.0100971
MA0551.1	5zko_1C	16	20	-2	0.922366
MA0226.1	3a01_1F	7	17	-2	0.0599753
MA1337.1	1gd2_1F	15	12	3	0.65113
MA0170.1	3a01_1A	7	17	-7	0.16688
MA0062.2	1awc_1A	11	20	-4	0.0013638
MA1296.1	2lex_1A	11	10	-1	0.0791948
MA0954.2	3hdd_1A	13	19	0	0.733824
MA0150.2	1skn_1P	15	13	1	0.374196
MA0157.2	2uzk_1A	8	13	-4	0.00055044
MA0198.1	3a01_1F	7	17	-2	0.0199458
MA1235.1	1gcc_1A	11	11	1	0.943075
MA0759.1	1hbx_1G	10	25	-13	0.00550367
MA0048.2	2ypb_1A	10	11	0	0.0306228
MA0867.1	3u2b_1C	16	16	3	0.0182312
MA1301.1	2lex_1A	11	10	-1	0.0432067
MA0222.1	5zjr_1B	8	14	-6	0.56508
MA0065.2	4nqa_1A	15	16	9	0.274577
MA1349.1	1dh3_1C	15	19	-4	0.456418
MA1153.1	3qsv_1A	8	16	-3	0.694822
MA1122.1	1cf7_1B	11	15	2	0.0207989
MA0738.1	5wjq_1D	9	28	-15	0.973906
MA0202.1	3a01_1F	7	17	-2	0.00729894
MA0241.1	2me6_1A	7	14	-3	0.00162021
MA1417.1	1ysa_1D	13	17	1	0.891791
MA0142.1	1gt0_1D	15	18	-1	0.167258
MA0658.1	5hod_1A	10	16	-7	0.107065
MA0469.2	1cf7_1A	18	15	2	0.130965
MA0620.2	4ati_1B	18	16	1	0.0299298
MA0819.1	4h10_1B	10	14	-2	0.000206058
MA0119.1	3a01_1A	14	17	-3	0.91125
MA1374.1	2i13_1A	18	21	4	0.148842
MA1363.1	5gnj_1F	15	13	-2	0.114288
MA0557.1	2l1g_1A	12	16	3	0.471397
MA0215.1	1puf_1A	7	19	-8	0.00851897
MA0662.1	1fjl_1A	10	14	-5	0.125668
MA0039.3	5ke7_1A	11	10	2	0.0947643
MA1156.1	2i13_1A	20	21	4	0.0574092
MA1182.1	3osg_1A	12	12	0	0.499682
MA0742.1	5ke6_1A	15	10	4	0.0247306
MA0193.1	2ld5_1A	7	11	0	0.993829
MA0161.2	2lkx_1A	11	13	-1	0.953351
MA0743.1	2i13_1B	15	18	-1	0.996223
MA0084.1	1j46_1A	9	14	-1	0.178483
MA0256.1	1ahd_1P	7	14	-5	0.0121854
MA0908.1	1puf_1A	10	19	-6	0.00045161
MA0479.1	5x07_1L	11	16	-5	0.139668
MA1249.1	1gcc_1A	15	11	2	0.156413
MA0712.1	3a01_1F	8	17	-2	0.0591271
MA0051.1	2irf_1L	18	21	-12	0.0831186
MA0720.1	3a01_1F	8	17	-2	0.00403062
MA0860.1	5uan_1B	17	17	-1	0.129553
MA1205.1	6bz1_1D	19	13	2	0.144876
MA1273.1	2drp_1A	19	18	-3	0.0482254
MA1207.1	3osg_1D	17	10	9	0.601149
MA0594.1	1puf_1A	11	19	-5	0.0716673
MA0752.1	2i13_1B	17	18	3	0.62543
MA0036.3	4hc7_1A	11	18	-8	0.0728445
MA0858.1	5uan_1B	17	17	-2	0.174165
MA0340.1	2kmk_1A	6	16	-6	0.376511
MA1369.1	5zjq_1A	11	14	0	0.153937
MA0578.1	6gmh_1B	16	14	9	0.115403
MA0135.1	5hod_1A	13	16	-9	0.656262
MA0518.1	1bf5_2A	14	15	1	0.801161
MA1121.1	5gzb_1A	13	13	-2	0.589689
MA0637.1	1hlv_1A	15	21	-13	0.99783
MA0184.1	3a01_1F	7	17	-2	0.0173054
MA1389.1	5lxu_1A	15	9	5	0.375189
MA0841.1	1skn_1P	11	13	0	0.0549196
MA0321.1	5i50_1B	9	22	-7	0.99843
MA1170.1	1msf_1C	17	11	2	0.0924756
MA1185.1	1h8a_1C	10	19	0	0.764542
MA0643.1	4nqa_1A	10	16	3	0.0607572
MA0112.3	1hcq_1A	17	16	0	0.0225172
MA0694.1	2i13_1B	12	18	-3	0.878472
MA0111.1	6gmh_1B	11	14	7	0.804382
MA1269.1	6e33_1A	14	19	-13	0.931947
MA0481.2	2as5_1G	12	17	-14	0.98846
MA1297.1	2lex_1A	13	10	1	0.026214
MA0696.1	2gli_1A	14	20	-2	0.126361
MA1390.1	5lxu_1A	13	9	7	0.211206
MA0649.1	4h10_1A	10	14	-2	0.103996
MA0652.1	2irf_1L	14	21	-11	0.699643
MA0483.1	2kmk_1A	11	16	-3	0.00485054
MA0462.1	5vpf_1B	11	18	-5	0.00323185
MA0496.2	3a5t_1B	19	15	2	0.0197503
MA1152.1	1gt0_1D	10	18	0	0.0445736
MA0474.2	4iri_1A	10	12	-1	0.000100212
MA1176.1	1msf_1C	11	11	0	0.0162267
MA1181.1	1h8a_1C	11	19	-8	0.00433722
MA0070.1	1lfu_1P	12	14	-3	0.129013
MA1159.1	2i13_1B	15	18	-1	0.692953
MA1346.1	1dh3_1C	15	19	-4	0.259929
MA1384.1	5lxu_1A	13	9	-2	0.590333
MA0913.1	1puf_1A	10	19	-6	0.0244157
MA0083.3	1hbx_1E	16	15	-1	0.982667
MA1339.1	1gd2_1E	12	12	-1	0.53943
MA0735.1	2gli_1A	16	20	-1	0.00867919
MA1304.1	2lex_1A	12	10	-1	0.00846435
MA1101.1	1skn_1P	14	13	3	0.413813
MA0675.1	3a01_1A	8	17	-7	0.0314304
MA0698.1	2i13_1B	13	18	2	0.757344
MA0653.1	2irf_1L	15	21	-10	0.23279
MA1243.1	1gcc_1A	17	11	5	0.412885
MA1334.1	1dh3_1C	15	19	-1	0.478816
MA1401.1	1h8a_1C	12	19	-9	0.311102
MA0769.1	2lef_1A	12	15	-3	0.0133587
MA0060.3	4awl_1A	11	23	-5	0.0908018
MA0571.1	1gcc_1A	21	11	6	0.985414
MA0777.1	1h88_1C	15	19	-3	0.0336817
MA0143.3	1gt0_1D	8	18	0	0.0074384
MA0017.2	4nqa_1A	13	16	3	0.430402
MA0032.2	6ako_1C	11	16	-3	0.0405515
MA0322.1	1hlo_1B	9	11	-2	0.809941
MA1221.1	1gcc_1A	15	11	6	0.138376
MA1213.1	3hdd_1A	14	19	0	0.680276
MA1103.1	2c6y_1A	11	15	-1	0.0205412
MA0774.1	4xrm_1B	8	16	-7	0.000637761
MA1314.1	2lex_1A	13	10	1	0.110705
MA0153.2	2h8r_1B	13	19	-3	0.782988
MA0458.1	6ako_1C	11	16	-3	0.0156545
MA0646.1	1odh_1A	11	13	-1	0.00220028
MA0892.1	4zux_1e	10	93	-81	0.00714451
MA0527.1	2lt7_1A	15	19	-5	0.451435
MA0588.1	1dh3_1C	11	19	-3	0.388841
MA0734.1	2gli_1A	12	20	-6	0.00722569
MA0787.1	2xsd_1C	12	10	4	0.119564
MA0911.1	1puf_1A	12	19	-5	0.000439053
MA1250.1	1gcc_1A	15	11	0	0.277919
MA1154.1	2i13_1A	17	21	1	0.134137
MA1228.1	1gcc_1A	17	11	7	0.422104
MA0782.1	4xrm_1B	12	16	-2	0.000616893
MA0116.1	2i13_1B	15	18	7	0.870309
MA0846.1	6ako_1C	12	16	-3	0.00167459
MA0178.1	5hod_1A	7	16	-8	0.0437524
MA0078.1	3f27_1D	9	16	-3	0.00887967
MA0891.1	2lkx_1A	10	13	-2	0.000249339
MA1174.1	1msf_1C	15	11	3	0.169179
MA0035.3	4hc9_1A	11	18	-1	0.367459
MA0477.1	2wt7_1A	11	15	-3	0.0054248
MA0006.1	5sy7_1A	6	18	-12	1.0
MA1358.1	4atk_1A	11	16	-2	0.0499184
MA1313.1	2lex_1A	14	10	1	0.269752
MA0417.1	1gd2_1G	6	12	-8	0.67525
MA0726.1	3a01_1F	8	17	-2	0.0190005
MA1229.1	1gcc_1A	15	11	-3	0.291951
MA1136.1	5vpf_1B	10	18	-3	0.509324
MA0677.1	4nqa_1A	14	16	1	0.374388
MA0276.1	4hc7_1B	10	17	1	0.332871
MA0655.1	2wt7_1A	9	15	-4	0.00466495
MA0248.1	5hod_1D	7	18	-1	0.230446
MA0176.1	1ig7_1A	7	13	-3	0.135502
MA0117.2	2wty_1B	12	19	1	6.57392e-05
MA0519.1	5d39_1B	11	18	-3	0.56688
MA0730.1	5uan_1B	17	17	9	0.369584
MA1223.1	1gcc_1A	14	11	-3	0.352598
MA0018.3	5zko_1C	12	20	-4	0.13868
MA1246.1	1gcc_1A	21	11	1	0.420497
MA0523.1	2lef_1A	14	15	-1	0.00195935
MA0834.1	1t2k_1D	14	15	0	0.377
MA1171.1	1msf_1C	11	11	-2	0.16394
MA1199.1	6bz1_1D	15	13	1	0.128115
MA0203.1	2r5z_1A	7	19	-8	0.0204792
MA1284.1	4ux5_1B	30	14	16	0.944491
MA0807.1	4s0h_1E	8	18	-9	0.626915
MA0801.1	4s0h_1E	8	18	-9	0.600958
MA1315.1	2lex_1A	14	10	0	0.0739698
MA0091.1	2ypa_1B	12	11	2	8.61562e-05
MA0659.1	3a5t_1B	21	15	3	0.0667763
MA0660.1	1n6j_1A	12	14	2	0.859621
MA0175.1	2me6_1A	7	14	-3	0.0632627
MA1392.1	1h89_1C	15	19	-3	0.0166115
MA0015.1	2i13_1A	10	21	-4	0.961979
MA1198.1	1puf_1A	11	19	-11	0.393338
MA0394.1	4is1_1C	8	16	-8	0.364485
MA1085.2	2lex_1A	10	10	-1	0.019985
MA1202.1	1mnm_1A	6	23	-10	0.998671
MA0144.2	1bf5_2A	11	15	-3	0.842428
MA1403.1	1s0v_3C	30	8	21	0.999998
MA0852.2	2c6y_1A	14	15	0	0.151538
MA1211.1	3rkq_1A	11	17	1	0.263153
MA0456.1	2gli_1A	12	20	-4	0.161392
MA0791.1	2xsd_1C	16	10	7	0.00955475
MA0445.1	1gt0_1D	11	18	1	0.103392
MA0864.1	1cf7_1A	16	15	1	0.1066
MA0636.1	4h10_1A	10	14	-2	0.0155707
MA0180.1	3a01_1F	9	17	-2	0.173916
MA1105.1	5mpf_1B	15	12	2	0.788153
MA1350.1	1gd2_1E	12	12	-1	0.509203
MA0475.2	5jvt_1A	10	19	0	0.00219918
MA0593.1	2as5_1G	11	17	-8	0.935715
MA0584.1	6bz1_1D	18	13	3	0.454964
MA0640.1	3jtg_1A	13	15	-2	0.2537
MA0186.1	2r5z_1A	7	19	-8	0.0206476
MA0679.1	2d5v_1B	14	20	-8	0.245867
MA0502.1	4awl_1B	15	25	-4	0.996068
MA0056.1	5wjq_1D	6	28	-22	0.836942
MA0732.1	4r2d_1A	15	10	3	0.00204432
MA0426.1	1fjl_1A	6	14	-2	0.593237
MA0140.2	2ypa_1A	18	11	-5	0.337281
MA0784.1	5wc9_1A	14	17	2	0.567985
MA1255.1	1gcc_1A	15	11	1	0.232406
MA0549.1	5zd4_1B	11	14	3	0.547872
MA1347.1	1dh3_1C	15	19	-4	0.290663
MA1166.1	5lxu_1A	14	9	3	0.645509
MA0713.1	3a01_1F	11	17	-3	0.187656
MA0132.2	2h1k_1B	8	14	-4	0.946234
MA0899.1	1puf_1A	11	19	-6	0.0149612
MA1326.1	3hdd_1B	11	13	-7	0.225946
MA0665.1	2ypa_1A	10	11	0	0.000603277
MA0553.1	1gcc_1A	8	11	1	0.986283
MA0224.1	2me6_1A	7	14	-3	0.0353487
MA0218.1	2d5v_1B	6	20	-12	0.306178
MA0169.1	3a01_1A	7	17	-7	0.0690279
MA0697.1	2gli_1A	15	20	-1	0.0891495
MA1299.1	2lex_1A	14	10	1	0.117368
MA1000.2	1gcc_1A	15	11	2	0.205682
MA0149.1	5jvt_1A	18	19	11	0.768479
MA0130.1	5wjq_1D	6	28	-16	0.976293
MA0457.1	3a01_1F	7	17	-2	0.0092098
MA1305.1	2lex_1A	12	10	1	0.124674
MA0484.1	4iqr_2F	15	17	-1	0.00915611
MA1271.1	6e33_1A	11	19	-3	0.541085
MA0252.1	6fqp_1A	6	16	-2	0.00115682
MA1102.1	5t0u_1A	14	23	-7	9.16893e-05
MA0271.1	1mnm_1A	6	23	-18	0.999979
MA0104.4	1nkp_1A	12	18	-3	0.808439
MA0531.1	5t0u_1A	15	23	-7	0.00183929
MA1231.1	1gcc_1A	15	11	5	0.136345
MA0488.1	5vpf_1B	13	18	-3	0.241097
MA1399.1	1vfc_1A	13	13	0	0.00299067
MA0836.1	1h88_1B	10	16	-2	0.0274363
MA0101.1	1gji_1B	10	16	-2	0.000321576
MA0532.1	4y5w_1B	15	17	8	0.270951
MA0199.1	5zjr_1B	5	14	-6	0.0338491
MA0650.1	2ld5_1A	10	11	3	0.799765
MA0877.1	3a01_1A	10	17	-6	0.123408
MA0123.1	1gcc_1A	10	11	3	0.833432
MA1208.1	4wzs_1B	14	19	1	0.477156
MA0089.1	1skn_1P	6	13	-5	0.00189121
MA1142.1	5vpf_1B	10	18	-3	0.00119521
MA0221.1	1jgg_1B	7	10	0	0.17893
MA0485.1	1puf_1A	13	19	-4	0.0108166
MA1147.1	4nqa_1A	15	16	0	0.797124
MA0399.1	1pyi_1B	7	14	-8	0.673178
MA1360.1	5gnj_1F	21	13	7	0.138744
MA1341.1	1dh3_1C	15	19	-1	0.496057
MA0124.2	4s0h_1F	9	8	1	0.644582
MA0905.1	1puf_1A	10	19	-6	0.00025608
MA0736.1	2gli_1A	14	20	-2	0.00056183
MA0031.1	2hdc_1A	8	17	-4	0.817001
MA1026.2	5hod_1A	15	16	-11	0.929055
MA0556.1	1egw_1D	15	9	4	0.43752
MA1104.1	4hc9_1A	13	18	-2	0.425776
MA1247.1	1gcc_1A	15	11	6	0.185929
MA0466.2	1h88_1B	10	16	-2	0.031474
MA0641.1	1dux_1F	12	13	0	0.426444
MA0708.1	1ig7_1A	8	13	-3	0.101637
MA1119.1	1lfu_1P	16	14	1	0.820007
MA0797.1	6fqp_1A	12	16	-2	1.546e-07
MA0562.1	4ati_1A	8	16	-4	0.00133039
MA1145.1	5vpf_1B	15	18	0	0.817494
MA1227.1	1gcc_1A	21	11	11	0.519053
MA0194.1	5hod_1A	7	16	-8	0.0581242
MA0672.1	3rkq_1A	10	17	1	0.0182425
MA0778.1	3do7_1B	13	9	2	0.000142341
MA1263.1	1gcc_1A	14	11	-3	0.22048
MA0110.2	2r5z_1A	13	19	-5	0.181478
MA0673.1	1nk2_1P	9	14	-2	8.2521e-05
MA0890.1	2me6_1A	10	14	-2	0.00953532
MA0887.1	1jgg_1B	10	10	2	0.396351
MA1184.1	3osg_1D	14	10	3	0.149325
MA1391.1	1h89_1C	11	19	-8	0.163719
MA0701.1	3a01_1B	8	17	-3	0.052417
MA1183.1	3osg_1D	11	10	2	0.146034
MA0793.1	3d1n_1O	10	11	6	0.371874
MA0849.1	2uzk_1A	7	13	-4	0.00424877
MA0560.1	5gnj_1F	10	13	-1	0.526857
MA1155.1	2i13_1A	15	21	1	0.795349
MA0748.1	1ubd_1C	11	20	-2	0.0658129
MA0499.1	1mdy_1A	13	19	1	0.0143186
MA0024.3	1cf7_1A	12	15	-1	0.76927
MA0838.1	1h88_1B	10	16	-2	0.0214582
MA0682.1	2lkx_1A	8	13	-3	0.000225865
MA1302.1	2lex_1A	11	10	-1	0.107138
MA0507.1	1cqt_1A	13	14	0	0.00250775
MA0508.2	2i13_1B	10	18	-4	0.424432
MA0179.1	3a01_1F	7	17	-2	0.0182675
MA1419.1	2irf_1L	15	21	-9	0.78355
MA1335.1	1dh3_1C	11	19	-6	0.430289
MA0009.2	6f59_1B	16	20	1	0.000423819
MA0501.1	1skn_1P	15	13	5	0.877792
MA0071.1	1a6y_1B	10	20	-9	0.000429017
MA0156.2	3zp5_1A	10	10	0	0.000232671
MA1253.1	1gcc_1A	14	11	-4	0.324489
MA0227.1	4xrm_1B	6	16	-8	0.00148196
MA1132.1	5vpf_1B	10	18	-3	0.00111766
MA1421.1	2lef_1A	12	15	-3	0.0247232
MA0100.3	1h88_1C	10	19	-7	0.230747
MA0717.1	3a01_1F	8	17	-2	0.00569497
MA0206.1	4uus_1A	7	13	-2	0.00563084
MA0893.1	2h1k_1B	10	14	-3	0.250572
MA0094.2	4uus_1A	8	13	-2	0.0104411
MA0188.1	1ig7_1A	7	13	-3	0.152219
MA0067.1	1mdm_1A	8	25	-3	0.960448
MA0781.1	1mdm_1A	17	25	-9	0.888167
MA0716.1	1fjl_1A	8	14	-1	0.256986
MA0146.2	5wjq_1D	14	28	-7	0.851041
MA1415.1	1ubd_1C	11	20	-3	0.254902
MA1203.1	1n6j_1A	15	14	6	0.77145
MA0703.1	5hod_1A	8	16	-8	0.0656401
MA0573.1	5hod_1A	19	16	5	0.920758
MA0147.3	5i50_1A	12	22	-5	0.655362
MA0025.1	5zko_1C	11	20	-6	0.107457
MA1398.1	3sjm_1B	15	17	5	0.743514
MA1112.1	1cit_1A	10	16	-3	0.00192399
MA0211.1	3rkq_1A	7	17	0	0.0233089
MA0638.1	1dh3_1C	14	19	-3	0.864223
MA0709.1	1ig7_1A	8	13	-3	0.0892319
MA0856.1	4nqa_1A	14	16	-3	0.338961
MA0177.1	2h1k_1B	7	14	-4	0.517567
MA0154.3	3mlp_1A	14	22	-4	6.52831e-06
MA0516.1	5ke6_1A	15	10	5	0.0162783
MA0167.1	5hod_1A	7	16	-9	0.0086692
MA0882.1	4rdu_1D	8	12	-1	0.0476348
MA0840.1	1t2k_1D	12	15	-1	0.048187
MA1300.1	2lex_1A	19	10	-1	0.126709
MA1163.1	5lxu_1A	14	9	4	0.676574
MA0555.1	1egw_1C	20	12	13	0.281388
MA0589.1	2lex_1A	11	10	-3	0.0722547
MA1362.1	5gnj_1F	15	13	-2	0.166558
MA0870.1	1gt0_1D	15	18	1	0.418439
MA0505.1	5l0m_1A	15	12	2	8.73715e-06
MA0737.1	2gli_1A	14	20	-2	0.000149153
MA0723.1	2h1k_1B	8	14	-4	0.985487
MA1130.1	5vpf_1B	12	18	-3	0.000621308
MA1115.1	3l1p_1A	11	22	-8	0.0374536
MA0804.1	6f59_1B	20	20	3	0.00028381
MA1351.1	6gys_2J	15	16	-1	0.789698
MA0753.1	5ei9_1E	10	20	-9	0.31847
MA0889.1	2me6_1A	10	14	-2	0.00222318
MA1386.1	5lxu_1A	11	9	4	0.256605
MA0232.1	3a01_1A	6	17	-8	0.222663
MA0729.1	5uan_1B	18	17	-1	0.00254052
MA0327.1	1b72_1B	7	19	-3	0.563069
MA0082.1	6bz1_1D	14	13	-1	0.582384
MA1336.1	1dh3_1C	14	19	-5	0.26571
MA1293.1	1h8a_1C	14	19	-7	0.0167861
MA1125.1	5wjq_1D	12	28	-11	0.924099
MA0580.1	5gnj_1F	14	13	3	0.328701
MA0683.1	5wc9_1E	16	16	-1	0.136815
MA0690.1	5t1j_1B	10	19	-3	0.0133242
MA1264.1	1gcc_1A	15	11	3	0.255153
MA0715.1	3a01_1F	11	17	2	0.350081
MA0674.1	3a01_1A	8	17	-7	0.064305
MA0914.1	5hod_1A	8	16	-9	0.527391
MA0871.1	4ati_1B	10	16	-3	0.00846753
MA0809.1	5gzb_1A	10	13	0	0.985217
MA1168.1	5lxu_1A	14	9	4	0.244965
MA1120.1	3f27_1D	11	16	-2	0.0323513
MA1380.1	5fd3_1A	15	10	3	0.569826
MA0762.1	2nny_1B	11	21	-9	0.000644437
MA0764.1	4uuv_1P	10	9	1	0.742973
MA1294.1	1h8a_1C	15	19	-8	0.253796
MA0125.1	3a01_1F	8	17	-3	0.0374284
MA1375.1	4cyc_1A	11	13	-2	0.537847
MA0805.1	4a04_1B	8	18	-7	3.36166e-05
MA0576.1	1msf_1C	13	11	3	0.138293
MA0463.1	2i13_1A	14	21	0	0.783275
MA0654.1	3a01_1F	8	17	-2	0.00493559
MA0087.1	3f27_1D	7	16	-6	0.0506287
MA0731.1	2i13_1A	17	21	1	0.667728
MA0529.1	6e94_1A	15	18	-5	0.710208
MA0076.2	1hbx_1G	11	25	-12	0.00987526
MA1012.1	6bz1_1D	14	13	-1	0.28825
MA1298.1	2lex_1A	11	10	-1	0.124022
MA1256.1	1gcc_1A	21	11	0	0.325736
MA1348.1	1dh3_1C	11	19	-5	0.706251
MA0598.2	3jtg_1A	12	15	-3	0.0401263
MA1148.1	4nqa_1A	18	16	11	0.435415
MA0824.1	2ypb_1A	10	11	0	0.155295
MA0046.2	1ic8_1B	15	20	-3	0.482805
MA1371.1	2i13_1A	17	21	4	0.410384
MA0826.1	2ql2_1B	10	16	-3	0.00124305
MA1232.1	1gcc_1A	20	11	6	0.340311
MA1251.1	1gcc_1A	19	11	5	0.150867
MA0744.1	2i13_1B	13	18	3	0.973064
MA1396.1	5gat_1A	13	13	3	0.471572
MA0761.1	4bnc_1A	10	10	0	0.000593293
MA1158.1	2i13_1A	20	21	4	0.0633189
MA1135.1	5vpf_1B	10	18	-3	0.000729049
MA0808.1	5gzb_1A	8	13	-4	0.99809
MA1240.1	1gcc_1A	21	11	10	0.320127
MA0833.1	1t2k_1D	13	15	0	0.29415
MA0047.2	1vtn_1C	12	13	-1	0.00232787
MA0128.1	5zko_1C	8	20	-6	0.40031
MA0739.1	5wjq_1D	9	28	-15	0.811146
MA0095.2	1ubd_1C	12	20	-3	0.000449934
MA1292.1	1msf_1C	15	11	4	0.0871106
MA1144.1	5vpf_1B	10	18	-3	0.000779106
MA0790.1	5wc9_1E	14	16	-1	0.114168
MA0763.1	3zp5_1A	10	10	0	6.72739e-05
MA1295.1	2lex_1A	13	10	1	0.0142011
MA0554.1	1egw_1D	15	9	6	0.869996
MA0741.1	5ke7_1A	11	10	1	0.00568637
MA1218.1	1gcc_1A	13	11	1	0.069462
MA0850.1	3qrf_1G	7	19	-10	0.270898
MA1117.1	3do7_1A	11	9	-1	0.00307542
MA0503.1	3rkq_1A	11	17	-2	0.793217
MA0530.1	3a5t_1B	15	15	-2	0.0134998
MA1381.1	2kmk_1A	15	16	0	0.477877
MA0451.1	1hlz_1B	12	20	0	0.068619
MA0208.1	3a01_1F	7	17	-2	0.383917
MA0845.1	1vtn_1C	11	13	-3	0.0047121
MA1190.1	2fio_1B	11	28	-7	0.284342
MA1124.1	2i13_1B	13	18	2	0.773486
MA1108.1	1nlw_1A	13	18	-2	0.0454822
MA1318.1	2lex_1A	13	10	1	0.253215
MA1106.1	4zpr_1B	10	17	0	0.99339
MA1165.1	5lxu_1A	11	9	5	0.143041
MA0768.1	2lef_1A	15	15	0	0.01145
MA0216.2	6es3_1M	11	18	-4	0.00739823
MA1345.1	1dh3_1C	14	19	-1	0.274628
MA0459.1	3cbb_1B	10	19	-6	0.000546985
MA0163.1	5wjq_1D	14	28	-13	0.0110277
MA0019.1	1nwq_1C	12	20	-2	0.918507
MA0802.1	5t1j_1B	10	19	-2	0.010717
MA0733.1	4r2d_1A	16	10	4	0.000866018
MA0129.1	1dh3_1C	7	19	-6	0.393434
MA0855.1	4nqa_1A	14	16	-3	0.305644
MA0190.1	3a01_1F	6	17	-3	0.101854
MA0671.1	2lkx_1A	9	13	-3	0.829069
MA0861.1	4g82_1B	18	10	-1	0.0171906
MA0810.1	6ff4_1C	12	8	1	0.702269
MA0037.3	4hc7_1A	8	18	-10	0.0675492
MA0770.1	5d8l_1H	13	25	-10	0.384434
MA0522.2	2ypa_1B	10	11	0	0.0062363
MA1222.1	1gcc_1A	15	11	0	0.282238
MA0230.1	1b72_1A	7	18	-7	0.0195726
MA0835.1	1fos_1G	14	13	-1	0.37007
MA1364.1	5gnj_1F	15	13	-1	0.150124
MA0242.1	3wtx_1B	9	17	-2	0.935648
MA0796.1	6fqp_1A	12	16	-2	7.34582e-08
MA0088.2	5wjq_1D	16	28	-13	0.669097
MA0642.1	3hdd_1B	10	13	-8	0.0533239
MA0798.1	6a5v_1B	16	14	-2	0.869173
MA0669.1	2ql2_1B	10	16	-3	0.00766798
MA0806.1	4s0h_1E	8	18	-9	0.644782
MA0239.1	1mdm_1A	9	25	-15	0.997653
MA1307.1	2lex_1A	19	10	-1	0.178258
MA0513.1	3qsv_1A	13	16	-1	0.924013
MA1361.1	5gnj_1F	17	13	0	0.0232156
MA0868.1	4s2q_1D	16	13	-4	0.280395
MA1311.1	2lex_1A	13	10	1	0.0713153
MA0521.1	2ypa_1B	11	11	1	0.0093153
MA0044.1	2gzk_1A	9	16	-2	0.883818
MA0754.1	2d5v_1B	10	20	-9	0.234083
MA0440.1	2i13_1A	15	21	5	0.959948
MA0727.1	5cbz_1B	17	16	-4	0.0901374
MA0648.1	3a01_1F	10	17	-1	0.00745907
MA1265.1	1gcc_1A	20	11	-3	0.785139
MA0335.1	2e42_1A	8	15	0	0.257279
MA0468.1	6e8c_1A	11	17	-3	1.43565e-05
MA0755.1	2d5v_1B	10	20	-9	0.215932
MA1113.1	1lfu_1P	12	14	-4	0.0266826
MA0512.2	4nqa_1A	14	16	-3	0.330015
MA0718.1	3a01_1F	10	17	-1	0.0159942
MA0151.1	1kqq_1A	6	15	-5	0.0242585
MA1325.1	5gat_1A	15	13	3	0.800141
MA0884.1	5zfz_1A	13	19	-3	0.00398058
MA0450.1	5ke7_1A	9	10	0	0.0803867
MA1164.1	5lxu_1A	11	9	4	0.302416
MA0478.1	2wt7_1A	11	15	-2	0.00234855
MA0029.1	2i13_1B	14	18	-1	0.999948
MA0599.1	5ke6_1A	10	10	0	0.0182058
MA0705.1	1fjl_1C	8	9	0	0.36915
MA0902.1	2h1k_1B	10	14	-1	0.98034
MA1356.1	1iv6_1A	21	13	5	0.000250419
MA1320.1	2fo1_1A	14	13	2	0.328262
MA1373.1	2i13_1A	15	21	-1	0.564386
MA0086.2	2i13_1A	13	21	5	0.863769
MA0172.1	3a01_1F	7	17	-2	0.219504
MA1353.1	3sjm_1B	15	17	3	0.0113983
MA0471.1	1cf7_1A	11	15	0	0.654816
MA0534.1	4nqa_1A	15	16	-4	0.273767
MA1308.1	2lex_1A	13	10	1	0.113451
MA0251.1	2me6_1A	7	14	-3	0.0313576
MA0585.1	1tqe_1Q	18	14	-7	0.818975
MA0865.1	4yo2_1A	12	15	-1	1.69309e-06
MA0370.1	6b0q_1D	10	13	-2	0.233374
MA0681.1	3a01_1F	11	17	-3	0.165865
MA0494.1	4nqa_1A	19	16	3	1.08191e-08
MA0500.1	1mdy_1A	11	19	-2	0.00286295
MA0121.1	5lxu_1A	8	9	0	0.000154034
MA0504.1	4cn2_1D	15	16	1	0.00377058
MA1206.1	4ldx_1B	10	17	1	0.153808
MA1137.1	5vpf_1B	13	18	-2	0.000724526
MA1342.1	5zko_1C	17	20	-3	0.00170195
MA0207.1	6fqp_1A	6	16	-2	0.00270329
MA0182.1	5hod_1A	7	16	1	0.276905
MA1357.1	4ati_1B	11	16	-3	0.00851998
MA0246.1	4xrm_1A	6	16	-2	0.361033
MA0552.1	5gnj_1F	14	13	-3	0.285679
MA0722.1	2h1k_1B	8	14	-1	0.975153
MA1324.1	5gat_1A	8	13	1	0.16255
MA0492.1	5vpf_1B	15	18	-2	0.521926
MA1100.1	2ypb_1A	13	11	1	0.00393835
MA0684.1	4l18_1A	10	15	-1	0.0107561
MA1139.1	5vpf_1B	12	18	-3	0.866028
MA0030.1	6ako_1C	14	16	-1	0.200763
MA1309.1	2lex_1A	11	10	-1	0.0545981
MA0847.1	2hdc_1A	7	17	-7	0.869388
MA1200.1	6bz1_1D	18	13	2	0.525384
MA0093.2	1an4_1B	11	20	-4	1.01365e-05
MA1244.1	1gcc_1A	19	11	-1	0.460002
MA1162.1	5fd3_1A	15	10	11	0.542986
MA0105.4	2o61_1B	13	26	-11	0.0249147
MA0442.2	4s2q_1D	11	13	-2	0.000210933
MA1167.1	5lxu_1A	11	9	2	0.63886
MA0831.2	4ati_1B	8	16	-5	0.00825561
MA0714.1	2lkx_1A	9	13	-2	0.00245398
MA0590.1	4bhk_1B	19	23	2	0.961186
MA1261.1	1gcc_1A	15	11	-3	0.320805
MA1331.1	5zd4_1B	11	14	3	0.698297
MA1210.1	1puf_1A	10	19	-11	0.536109
MA0166.1	1ahd_1P	7	14	-5	0.0506825
MA0189.1	2me6_1A	7	14	-3	0.0099458
MA0515.1	3f27_1D	10	16	-4	3.12209e-05
MA1239.1	1gcc_1A	19	11	8	0.361852
MA0863.1	1tf6_1A	14	30	-9	0.445473
MA0757.1	2d5v_1B	14	20	-8	0.0494465
MA0872.1	6ff4_1C	13	8	3	0.458475
MA0236.1	3a01_1F	7	17	-2	0.0515863
MA0038.1	2kmk_1A	10	16	-2	0.000885071
MA1110.1	5uan_1B	11	17	-1	0.0116457
MA0702.1	5hod_1A	8	16	-8	0.0500468
MA1370.1	2i13_1A	16	21	4	0.569412
MA0869.1	3u2b_1C	15	16	3	0.184295
MA0059.1	5i50_1A	11	22	2	0.865785
MA0745.1	2i13_1B	9	18	-6	0.7835
MA0171.1	2me6_1A	7	14	0	0.273283
MA0238.1	2h1k_1B	7	14	-4	0.397329
MA0558.1	6bz1_1D	21	13	4	0.148572
MA1418.1	2pi0_1B	21	26	-4	0.727793
MA1138.1	5vpf_1B	10	18	-3	0.000721472
MA0848.1	3l2c_1A	7	13	-4	0.0473919
MA0004.1	5sy7_1A	6	18	-12	1.0
MA0050.2	2irf_1L	21	21	-8	0.00178454
MA0751.1	2gli_1A	15	20	-1	0.0898021
MA0173.1	4xrm_1A	7	16	-9	0.670567
MA0137.3	1bf5_2A	11	15	5	0.986795
MA0635.1	3a01_1A	10	17	-5	0.751758
MA0209.1	3a01_1F	7	17	-2	0.00933998
MA0711.1	1fjl_1C	8	9	-4	0.440706
MA0126.1	2i13_1B	9	18	-5	0.963601
MA0332.1	1nwq_1C	6	20	-14	0.201852
MA0053.1	1f2i_1L	5	9	-3	0.89628
MA1224.1	1gcc_1A	12	11	1	0.0869316
MA1157.1	2i13_1A	20	21	4	0.062166
MA0028.2	1dux_1F	10	11	-4	0.504976
MA0183.1	3a01_1A	8	17	-2	0.635042
MA0290.1	1pyi_1B	19	14	-3	0.418118
MA0443.1	5ke7_1A	10	10	-1	0.121225
MA0465.1	6es3_1M	11	18	-5	0.122372
MA1107.1	5ke7_1A	13	10	2	0.0253935
MA0756.1	2d5v_1B	14	20	-8	0.177463
MA0480.1	3co6_1C	11	16	-2	0.144501
MA1328.1	9ant_2B	15	14	4	0.405766
MA0467.1	1fjl_1A	11	14	-6	0.912171
MA1173.1	1msf_1C	15	11	3	0.0252016
MA1204.1	1tqe_1Q	18	14	-6	0.340574
MA0820.1	2ypa_1A	10	11	0	0.000172538
MA0779.1	1mdm_1A	17	25	-6	0.817461
MA0888.1	1jgg_1B	10	10	2	0.271007
MA1118.1	4uus_1F	11	13	4	0.581708
MA0789.1	2xsd_1C	9	10	2	0.112525
MA0005.2	3mu6_1D	18	12	-7	0.993404
MA0837.1	1io4_1B	10	23	-3	0.222314
MA0058.3	1nkp_1B	10	18	-4	0.00445737
MA0174.1	4s0h_1F	7	8	-1	0.463711
MA1146.1	4nqa_1A	15	16	1	0.821809
MA0644.1	3a01_1F	10	17	-1	0.0210205
MA0138.2	2i13_1B	21	18	12	0.982044
MA0066.1	3e00_1D	20	20	-3	0.122393
MA0145.3	5mpf_1B	10	12	0	0.320568
MA0821.1	4h10_1A	12	14	-1	0.723309
MA0661.1	2h1k_1B	10	14	2	0.999169
MA1123.1	2ypb_1A	13	11	1	0.00175971
MA0074.1	1kb6_1B	15	18	-3	0.0342813
MA0664.1	1nkp_1B	10	18	-4	0.434261
MA1111.1	4nqa_1A	11	16	3	0.191319
MA0886.1	2me6_1A	10	14	-2	0.00738712
MA0042.2	6ako_1C	7	16	-6	0.0263442
MA0452.2	2i13_1A	14	21	-1	0.479572
MA0766.1	4hc7_1A	8	18	-10	0.0650602
MA0225.1	1ahd_1P	7	14	-5	0.0209849
MA0724.1	2me6_1A	9	14	-3	0.0161996
MA1252.1	1gcc_1A	15	11	6	0.254237
MA0866.1	1gt0_1D	15	18	1	0.399993
MA0454.1	2i13_1A	11	21	4	0.943084
MA0765.1	4uno_1A	10	9	0	0.000122234
MA0106.3	3ts8_1D	18	19	7	0.0689803
MA0096.1	1dh3_1C	7	19	-5	0.770789
MA0022.1	1gji_1B	12	16	-1	0.0272063
MA0760.1	3zp5_1A	10	10	0	0.000103147
MA0645.1	4mhg_1A	10	13	-1	0.000167228
MA0678.1	2ql2_1B	10	16	-3	0.000703604
MA0162.3	4r2d_1A	14	10	3	0.00254362
MA1151.1	1a6y_1B	12	20	-7	0.000430622
MA0721.1	3a01_1F	8	17	-2	0.0118274
MA0016.1	4nqa_1A	10	16	1	0.022611
MA0785.1	1cqt_1A	12	14	1	0.000243143
MA1388.1	5lxu_1A	8	9	1	0.0583238
MA1414.1	1cf7_1A	10	15	-1	0.39133
MA0472.2	4r2d_1A	11	10	1	0.0119188
MA1143.1	5vpf_1B	10	18	-3	0.281507
MA0064.1	2drp_1D	5	12	-5	0.196658
MA0597.1	2l1g_1A	9	16	-5	0.00312231
MA0570.1	1dh3_1C	19	19	6	0.0678403
MA0191.1	3a01_1A	7	17	-7	0.442045
MA0786.1	2xsd_1C	12	10	4	0.0983752
MA0461.2	2ql2_1B	10	16	-3	0.000884343
MA1312.1	2lex_1A	14	10	4	0.0790657
MA1214.1	2me6_1A	21	14	-6	0.579488
MA0859.1	5uan_1B	16	17	-1	0.000476107
MA1175.1	1msf_1C	11	11	-1	0.0615638
MA1241.1	1gcc_1A	16	11	-1	0.292309
MA1215.1	2me6_1A	11	14	0	0.063063
MA1114.1	1lfu_1P	17	14	-2	0.316674
MA0823.1	4h10_1A	10	14	-2	0.0521055
MA0195.1	5hod_1A	7	16	-9	0.00314563
MA0489.1	5vpf_1B	14	18	-4	0.00142392
MA0228.1	1b72_1A	7	18	-7	0.00682588
MA1209.1	9ant_2B	11	14	-4	0.235449
MA0491.1	5vpf_1B	11	18	-3	0.00126303
MA0667.1	1mdy_1A	10	19	-2	0.000508476
MA1161.1	5fd3_1A	15	10	10	0.815147
MA1259.1	1gcc_1A	15	11	-2	0.453003
MA1191.1	3osg_1D	15	10	4	0.182102
MA0233.1	6fqp_1B	5	16	-2	0.0590016
MA0090.2	5gzb_1A	10	13	-9	0.986119
MA0574.1	1msf_1C	13	11	-1	0.337325
MA0099.3	5vpf_1B	10	18	-3	0.000314607
MA0043.2	1h8a_1A	12	20	-1	0.976205
MA0511.2	4l0z_1A	9	15	-1	0.0663078
MA1149.1	4nqa_1A	18	16	1	0.00353578
MA0033.2	6ako_1C	7	16	-6	0.0309029
MA1333.1	5zd4_1C	11	14	1	0.952729
MA0098.3	3mfk_1A	10	15	1	0.00121846
MA0077.1	4s2q_1D	9	13	-3	0.000201751
MA0728.1	4nqa_1A	15	16	-3	0.199699
MA0719.1	3a01_1F	8	17	1	0.137192
MA0707.1	2h1k_1B	10	14	0	0.836128
MA0493.1	5ke7_1A	11	10	0	0.0196529
MA0586.2	5nss_1C	11	18	0	0.73138
MA1133.1	5vpf_1B	12	18	-2	0.153031
MA0148.3	1vtn_1C	15	13	-2	0.00370037
MA0247.2	3rkq_1A	10	17	2	0.0293457
MA0561.1	5gnj_1F	8	13	-2	0.266421
MA0187.1	4rdu_1D	7	12	-1	0.229781
MA0575.1	1msf_1C	13	11	-1	0.00587683
MA1368.1	5eyb_1A	21	25	-4	0.47568
MA1220.1	1gcc_1A	15	11	-1	0.472819
MA0710.1	3a01_1F	10	17	-1	0.0520625
MA1344.1	5t01_1B	15	18	1	0.359453
MA0514.1	1gt0_1D	10	18	0	0.0093942
MA0212.1	1zq3_1P	6	13	-4	0.00368306
MA0550.2	5zd4_1B	20	14	12	0.944638
MA0353.1	1zme_1D	8	16	-10	0.943955
MA0903.1	2h1k_1B	10	14	-1	0.994555
MA0034.1	1h89_1C	10	19	-7	0.582377
MA1377.1	1gcc_1A	19	11	0	0.995324
MA0876.1	3rkq_1A	8	17	0	0.0382226
MA0907.1	2ld5_1A	11	11	-4	0.23611
MA0725.1	3a01_1F	8	17	-2	0.015554
MA0940.1	6bz1_1D	13	13	-1	0.213794
MA1257.1	1gcc_1A	21	11	3	0.4339
MA0842.1	2wty_1B	11	19	1	2.8572e-05
MA0685.1	5ke6_1A	17	10	4	0.00226105
MA0245.1	2me6_1A	7	14	-3	0.0702754
MA1230.1	1gcc_1A	14	11	-3	0.324886
MA1332.1	5zd4_1B	11	14	3	0.693949
MA0250.1	3a01_1F	7	17	-2	0.0281226
MA0210.1	6fqp_1B	5	16	-2	0.0771207
MA1279.1	2drp_1A	21	18	1	0.0316548
MA0592.2	4nqa_1A	11	16	4	0.109895
MA0818.1	2ql2_1B	10	16	-3	0.00252911
MA0776.1	1h88_1C	12	19	-4	0.00902085
MA0234.1	1fjl_1A	6	14	-2	0.264179
MA1226.1	1gcc_1A	15	11	4	0.511717
MA0165.1	5zjt_1A	7	14	-1	0.0122273
MA0771.1	5d5v_1D	13	12	3	0.67422
MA0885.1	4rdu_1D	8	12	-1	0.0805881
MA1178.1	1h88_1C	15	19	-8	0.41589
MA0525.2	3qym_1E	18	26	3	0.11289
MA0114.3	4iqr_2F	16	17	-2	0.00153438
MA0536.1	4hc7_1A	11	18	-4	0.198215
MA1242.1	1gcc_1A	11	11	-3	0.267309
MA0041.1	2hdc_1A	12	17	-7	0.588289
MA0473.2	1dux_1F	12	11	-3	0.971713
MA0115.1	4nqa_1A	17	16	2	0.21947
MA0103.3	5t0u_1D	11	17	-4	0.083037
MA0656.1	2wt7_1A	12	15	-2	0.193663
MA0775.1	4xrm_1B	8	16	-7	0.00194737
MA0692.1	4ati_1B	10	16	-3	0.0159211
MA0740.1	5ke7_1A	14	10	3	0.0110873
MA0460.1	2drp_1A	9	18	-4	0.000325488
MA0875.1	2me6_1A	8	14	-3	0.0491727
MA0634.1	3a01_1F	10	17	-1	0.0558806
MA0704.1	5hod_1A	8	16	-8	0.0243005
MA0657.1	5ke7_1A	18	10	6	0.00283875
MA1354.1	1iv6_1A	29	13	10	0.000395356
MA0490.1	5vpf_1B	11	18	-2	0.000666115
MA0448.1	2h1k_1A	7	14	-5	0.0552881
MA0758.1	4yo2_1A	14	15	0	7.08243e-07
MA1127.1	5vpf_1B	11	18	-3	0.667709
MA0878.1	5lux_1K	9	16	-5	0.755841
MA0229.1	1hdd_1D	8	13	-8	0.245472
MA0668.1	2ql2_1B	10	16	-3	0.000592321
MA0498.2	4xrm_1B	7	16	-8	0.000543104
MA1212.1	4xid_1A	11	14	-4	0.304314
MA1237.1	1gcc_1A	15	11	-1	0.291636
MA1420.1	2irf_1L	14	21	-5	0.881247
MA1126.1	5vpf_1B	16	18	-2	0.255082
MA0591.1	3a5t_1B	15	15	0	0.0687339
MA0794.1	1xpx_1A	12	10	2	0.935936
MA1187.1	3osg_1A	10	12	-2	0.506077
MA0559.1	6bz1_1D	14	13	-1	0.516814
MA1387.1	5lxu_1A	15	9	0	0.0831405
MA0237.2	2lef_1A	14	15	3	0.0158088
MA0689.1	4a04_1B	11	18	-6	2.24194e-05
MA0003.3	6ff4_1C	11	8	0	0.967208
MA0486.2	5d5v_1D	13	12	3	0.510975
MA0204.1	4xrm_1A	6	16	-2	0.202645
MA0072.1	1a6y_1B	14	20	-6	0.00046574
MA0272.1	1pyi_1B	8	14	-7	0.987505
MA1340.1	1gd2_1E	15	12	-2	0.879129
MA0008.2	2me6_1A	12	14	0	0.702284
MA1160.1	2i13_1A	20	21	4	0.0559473
MA0075.2	1fjl_1A	8	14	-1	0.356683
MA0773.1	3p57_3IJ	12	14	-1	0.66624
MA0857.1	5uan_1B	16	17	0	0.000848321
MA1359.1	4atk_1B	21	16	3	1.17525e-05
MA0001.2	6bz1_1D	18	13	3	0.307188
MA1317.1	2lex_1A	13	10	-1	0.0290753
MA1109.1	2ql2_1B	13	16	-1	0.00116415
MA0663.1	1hlo_1A	10	11	-1	0.0244375
MA0844.1	5vpe_1D	14	9	-2	0.378562
MA0235.1	2d5v_1B	7	20	-12	0.0303358
MA1216.1	1gcc_1A	13	11	-3	0.220097
MA0691.1	2ypa_1A	10	11	0	0.00111871
MA1131.1	5vpf_1B	11	18	-3	0.655279
MA0097.1	1ysa_1D	12	17	-6	0.640022
MA0800.1	5t1j_1B	13	19	0	0.00274848
MA1177.1	1msf_1C	13	11	2	0.00903922
MA0168.1	2me6_1A	7	14	0	0.0269623
MA0528.1	5wjq_1D	21	28	-7	0.107048
MA0706.1	2h1k_1B	10	14	0	0.946484
MA1323.1	5gat_1A	11	13	1	0.261016
MA0464.2	4h10_1A	10	14	-2	0.0215572
MA0219.1	2me6_1A	7	14	-3	0.032134
MA0002.2	4l0z_1A	11	15	-1	0.0615683
MA1372.1	5yel_1A	11	9	1	0.960958
MA0909.1	2ld5_1A	10	11	0	0.705553
MA0817.1	2ql2_1B	12	16	-2	0.00603235
MA0192.1	3a01_1A	7	17	-7	0.0432969
MA0007.3	1r4i_1A	17	18	-1	0.675096
MA0699.1	3a01_1A	10	17	-6	0.275178
MA0447.1	1dh3_1C	10	19	-5	0.998989
MA0792.1	3l1p_1A	9	22	-9	0.0300866
MA0063.1	3rkq_1A	7	17	0	0.154264
MA0120.1	2i13_1A	12	21	-3	0.014449
MA0045.1	5wcu_1V	16	159	2	0.813161
MA0843.1	2e42_1B	12	15	-2	0.989986
MA0894.1	1fjl_1A	10	14	-4	0.693883
MA0253.1	1nk2_1P	9	14	-1	0.000207227
MA0257.1	1ahd_1P	7	14	-5	0.0456799
MA1128.1	5vpf_1B	13	18	-2	0.0010771
MA0816.1	2ypb_1A	10	11	0	0.00501824
MA0201.1	2lkx_1A	7	13	-3	0.00328116
MA0220.1	1hdd_1D	7	13	-9	0.14528
MA1180.1	1h88_1C	15	19	-4	0.571247
MA1172.1	1h88_1C	15	19	-3	0.551503
MA0651.1	1puf_1A	11	19	-6	0.000470008
MA0783.1	4xrm_1B	12	16	-2	0.00216501
MA1262.1	1gcc_1A	21	11	9	0.233167
MA0231.1	3a01_1A	6	17	-8	0.640248
MA0057.1	5wjq_1D	10	28	-10	0.60122
MA0830.1	2ypa_1B	10	11	0	0.0103231
MA0444.1	2me6_1A	7	14	0	0.150966
MA0676.1	4nqa_1A	9	16	-2	0.16216
MA0023.1	1gji_1B	10	16	-2	0.00189723
MA1343.1	1dh3_1C	14	19	-5	0.468279
MA1189.1	3sjm_1B	15	17	7	0.836529
MA1201.1	6byy_1D	7	13	3	0.996488
MA1234.1	1gcc_1A	14	11	-3	0.329946
MA0446.1	1vtn_1C	11	13	-2	0.00390576
MA1129.1	5vpf_1B	10	18	-3	0.605818
MA0767.1	1odh_1A	10	13	-1	0.0014681
MA0141.3	4nqa_1A	11	16	3	0.0637875
MA0079.3	5ke6_1A	11	10	1	0.0242631
MA0700.1	3a01_1F	10	17	-1	0.0315918
MA1306.1	2lex_1A	14	10	1	0.369648
MA0197.2	1oct_1C	12	14	-1	0.00010345
MA0900.1	2h1k_1B	10	14	-4	0.998933
MA1134.1	5vpf_1B	12	18	-3	0.00138882
MA1316.1	2lex_1A	11	10	-1	0.0846519
MA0517.1	1bf5_2A	15	15	7	0.945768
MA0803.1	4a04_1B	8	18	-7	9.2983e-06
MA0647.1	5mpf_1B	12	12	1	0.361541
MA0068.2	6pax_1A	8	24	-9	0.497797
