Jaspar_ID	Uniprot_ID	Specie	Specie_ID	Family
MA0001.2	P29383	Arabidopsis thaliana	3702	Unknown
MA0002.2	Q01196	Mus musculus	10090	Runt-related factors
MA0003.3	P05549	Homo sapiens	9606	AP-2
MA0004.1	P53762	Mus musculus	10090	PAS domain factors
MA0005.2	P17839	Arabidopsis thaliana	3702	Unknown
MA0006.1	P30561	Mus musculus	10090	PAS domain factors
MA0007.3	P19091	Mus musculus	10090	Steroid hormone receptors (NR3)
MA0008.2	Q02283	Arabidopsis thaliana	3702	Unknown
MA0009.2	O15178	Homo sapiens	9606	Brachyury-related factors
MA0010.1	Q01295	Drosophila melanogaster	7227	Other factors with up to three adjacent zinc fingers
MA0011.1	Q01295	Drosophila melanogaster	7227	Other factors with up to three adjacent zinc fingers
MA0012.1	Q01295	Drosophila melanogaster	7227	Other factors with up to three adjacent zinc fingers
MA0013.1	Q24206	Drosophila melanogaster	7227	Other factors with up to three adjacent zinc fingers
MA0014.3	Q02548	Homo sapiens	9606	Paired domain only
MA0015.1	P20385	Drosophila melanogaster	7227	Factors with multiple dispersed zinc fingers
MA0016.1	P20153	Drosophila melanogaster	7227	Unknown
MA0017.2	P10589	Homo sapiens	9606	RXR-related receptors (NR2)
MA0018.3	P16220	Homo sapiens	9606	CREB-related factors
MA0019.1	Q62857	Rattus norvegicus	10116	C/EBP-related
MA0020.1	Q41800	Zea mays	4577	Dof-type
MA0021.1	Q41801	Zea mays	4577	Dof-type
MA0022.1	P15330	Drosophila melanogaster	7227	Unknown
MA0023.1	P15330	Drosophila melanogaster	7227	Unknown
MA0024.3	Q01094	Homo sapiens	9606	E2F-related factors
MA0025.1	Q16649	Homo sapiens	9606	C/EBP-related
MA0026.1	P20105	Drosophila melanogaster	7227	Ets-related factors
MA0027.2	Q05925	Homo sapiens	9606	NK-related factors
MA0028.2	P19419	Homo sapiens	9606	Ets-related factors
MA0029.1	A4QPC8	Mus musculus	10090	Factors with multiple dispersed zinc fingers
MA0030.1	Q12947	Homo sapiens	9606	Forkhead box (FOX) factors
MA0031.1	Q16676	Homo sapiens	9606	Forkhead box (FOX) factors
MA0032.2	Q12948	Homo sapiens	9606	Forkhead box (FOX) factors
MA0033.2	Q12952	Homo sapiens	9606	Forkhead box (FOX) factors
MA0034.1	Q96464	Hordeum vulgare	4513	Myb/SANT domain factors
MA0035.3	P17679	Mus musculus	10090	GATA-type zinc fingers
MA0036.3	P23769	Homo sapiens	9606	GATA-type zinc fingers
MA0037.3	P23771  	Homo sapiens	9606	GATA-type zinc fingers
MA0038.1	Q07120	Rattus norvegicus	10116	More than 3 adjacent zinc finger factors
MA0039.3	O43474	Homo sapiens	9606	Three-zinc finger Kruppel-related factors
MA0040.1	Q63244	Rattus norvegicus	10116	Forkhead box (FOX) factors
MA0041.1	Q63245	Rattus norvegicus	10116	Forkhead box (FOX) factors
MA0042.2	Q12951	Homo sapiens	9606	Forkhead box (FOX) factors
MA0043.2	Q16534	Homo sapiens	9606	C/EBP-related
MA0044.1	Q41026	Pisum sativum	3888	Unknown
MA0045.1	Q43877	Pisum sativum	3888	Unknown
MA0046.2	P20823	Homo sapiens	9606	POU domain factors
MA0047.2	P35583	Mus musculus	10090	Forkhead box (FOX) factors
MA0048.2	Q02575	Homo sapiens	9606	Tal-related factors
MA0049.1	P05084	Drosophila melanogaster	7227	Factors with multiple dispersed zinc fingers
MA0050.2	P10914	Homo sapiens	9606	Interferon-regulatory factors
MA0051.1	P14316	Homo sapiens	9606	Interferon-regulatory factors
MA0052.3	Q02078	Homo sapiens	9606	Regulators of differentiation
MA0053.1	P38564	Zea mays	4577	Dof-type
MA0054.1	Q02994	Petunia x hybrida	4102	Myb/SANT domain factors
MA0056.1	P28698	Homo sapiens	9606	More than 3 adjacent zinc finger factors
MA0057.1	P28698	Homo sapiens	9606	More than 3 adjacent zinc finger factors
MA0058.3	P61244	Homo sapiens	9606	bHLH-ZIP factors
MA0059.1	P61244	Homo sapiens	9606	bHLH-ZIP factors
MA0060.3	P23511	Homo sapiens	9606	NFY
MA0062.2	Q91YY8	Mus musculus	10090	Ets-related factors
MA0063.1	P42582	Mus musculus	10090	NK-related factors
MA0064.1	O24463	Zea mays	4577	Dof-type
MA0065.2	P37238	Mus musculus	10090	Thyroid hormone receptor-related factors (NR1)
MA0066.1	P37231	Homo sapiens	9606	Thyroid hormone receptor-related factors (NR1)
MA0067.1	P32114	Mus musculus	10090	Paired domain only
MA0068.2	O43316	Homo sapiens	9606	Paired plus homeo domain
MA0069.1	P26367	Homo sapiens	9606	Paired plus homeo domain
MA0070.1	P40424	Homo sapiens	9606	TALE-type homeo domain factors
MA0071.1	P35398	Homo sapiens	9606	Thyroid hormone receptor-related factors (NR1)
MA0072.1	P35398	Homo sapiens	9606	Thyroid hormone receptor-related factors (NR1)
MA0073.1	Q92766	Homo sapiens	9606	Factors with multiple dispersed zinc fingers
MA0074.1	P19793	Homo sapiens	9606	RXR-related receptors (NR2)
MA0075.2	Q06348	Mus musculus	10090	Paired-related HD factors
MA0076.2	P28324	Homo sapiens	9606	Ets-related factors
MA0077.1	P48436	Homo sapiens	9606	SOX-related factors
MA0078.1	Q61473	Mus musculus	10090	SOX-related factors
MA0079.3	P08047	Homo sapiens	9606	Three-zinc finger Krüppel-related factors
MA0080.4	P17947	Homo sapiens	9606	Ets-related factors
MA0081.1	Q01892	Homo sapiens	9606	Ets-related factors
MA0082.1	Q38742	Antirrhinum majus	4151	Unknown
MA0083.3	P11831	Homo sapiens	9606	Responders to external signals (SRF/RLM1)
MA0084.1	Q05066	Homo sapiens	9606	SOX-related factors
MA0085.1	P28159	Drosophila melanogaster	7227	Unknown
MA0086.2	P08044	Drosophila melanogaster	7227	More than 3 adjacent zinc finger factors
MA0087.1	P35710	Mus musculus	10090	SOX-related factors
MA0088.2	P52747	Homo sapiens	9606	More than 3 adjacent zinc finger factors
MA0089.1	Q90889	Gallus gallus	9031	Maf-related factors
MA0090.2	P28347	Homo sapiens	9606	TEF-1-related factors
MA0091.1	P17542	Homo sapiens	9606	Tal-related factors
MA0092.1	Q64279	Mus musculus	10090	Tal-related factors
MA0093.2	P22415	Homo sapiens	9606	bHLH-ZIP factors
MA0094.2	P83949	Drosophila melanogaster	7227	HOX-related factors
MA0095.2	P25490	Homo sapiens	9606	More than 3 adjacent zinc finger factors
MA0096.1	O22676	Antirrhinum majus	4151	Unknown
MA0097.1	O22677	Antirrhinum majus	4151	Unknown
MA0098.3	P14921	Homo sapiens	9606	Ets-related factors
MA0099.3	P01100	Homo sapiens	9606	Fos-related factors
MA0100.3	P10242	Homo sapiens	9606	Myb/SANT domain factors
MA0101.1	Q04864	Homo sapiens	9606	NF-kappaB-related factors
MA0102.3	P49715	Homo sapiens	9606	C/EBP-related
MA0103.3	P37275	Homo sapiens	9606	HD-ZF factors
MA0104.4	P04198	Homo sapiens	9606	bHLH-ZIP factors
MA0105.4	P19838	Homo sapiens	9606	NF-kappaB-related factors
MA0106.3	P04637	Homo sapiens	9606	p53-related factors
MA0107.1	Q04206	Homo sapiens	9606	NF-kappaB-related factors
MA0108.2	P20226	Unknown	Unknown	TBP-related factors
MA0109.1	Q95216	Oryctolagus cuniculus	9986	Myb/SANT domain factors
MA0110.2	P46667	Arabidopsis thaliana	3702	Unknown
MA0111.1	Q99MY0	Mus musculus	10090	Unknown
MA0112.3	P03372	Homo sapiens	9606	Steroid hormone receptors (NR3)
MA0113.3	P04150	Homo sapiens	9606	Steroid hormone receptors (NR3)
MA0114.3	P49698	Mus musculus	10090	RXR-related receptors (NR2)
MA0115.1	P55055	Homo sapiens	9606	Thyroid hormone receptor-related factors (NR1)
MA0116.1	O08961	Rattus norvegicus	10116	Factors with multiple dispersed zinc fingers
MA0117.2	P54841	Mus musculus	10090	Maf-related factors
MA0119.1	P08651	Homo sapiens	9606	Nuclear factor 1
MA0120.1	O65215	Zea mays	4577	Unknown
MA0121.1	O49397	Arabidopsis thaliana	3702	Myb/SANT domain factors
MA0122.2	P78367	Homo sapiens	9606	NK-related factors
MA0123.1	Q8L7W9	Zea mays	4577	Unknown
MA0124.2	P97436	Mus musculus	10090	NK-related factors
MA0125.1	Q8VIH1	Mus musculus	10090	Paired-related HD factors
MA0126.1	P51521	Drosophila melanogaster	7227	More than 3 adjacent zinc finger factors
MA0127.1	Q5DW98	Pisum sativum	3888	Unknown
MA0128.1	P25032	Triticum aestivum	4565	Unknown
MA0129.1	P14232	Nicotiana sp.	4094	Unknown
MA0130.1	Q86Y25	Homo sapiens	9606	More than 3 adjacent zinc finger factors
MA0131.2	Q9BQA5	Homo sapiens	9606	Factors with multiple dispersed zinc fingers
MA0132.2	P52945	Homo sapiens	9606	HOX-related factors
MA0135.1	P50481	Mus musculus	10090	HD-LIM factors
MA0136.2	Q9UKW6	Homo sapiens	9606	Ets-related factors
MA0137.3	P42224	Homo sapiens	9606	STAT factors
MA0138.2	Q13127	Homo sapiens	9606	Factors with multiple dispersed zinc fingers
MA0139.1	P49711	Homo sapiens	9606	More than 3 adjacent zinc finger factors
MA0140.2	P15976	Homo sapiens	9606	GATA-type zinc fingers
MA0141.3	O95718	Homo sapiens	9606	Steroid hormone receptors (NR3)
MA0142.1	P20263	Mus musculus	10090	POU domain factors
MA0143.3	P48432	Mus musculus	10090	SOX-related factors
MA0144.2	P40763	Homo sapiens	9606	STAT factors
MA0145.3	Q12800	Homo sapiens	9606	CP2-related factors
MA0146.2	P17012	Mus musculus	10090	More than 3 adjacent zinc finger factors
MA0147.3	P01106	Homo sapiens	9606	bHLH-ZIP factors
MA0148.3	P55317	Homo sapiens	9606	Forkhead box (FOX) factors
MA0149.1	F1JVV7	Homo sapiens	9606	Ets-related factors
MA0150.2	Q60795	Mus musculus	10090	Jun-related factors
MA0151.1	Q62431	Mus musculus	10090	ARID-related factors
MA0152.1	Q13469	Mus musculus	10090	NFAT-related factors
MA0153.2	P35680	Homo sapiens	9606	POU domain factors
MA0154.3	Q9UH73	Homo sapiens	9606	Early B-Cell Factor-related factors
MA0155.1	Q01101	Homo sapiens	9606	Factors with multiple dispersed zinc fingers
MA0156.2	Q99581	Homo sapiens	9606	Ets-related factors
MA0157.2	O43524	Homo sapiens	9606	Forkhead box (FOX) factors
MA0158.1	P20719	Mus musculus	10090	HOX-related factors
MA0159.1	P10276	Homo sapiens	9606	Thyroid hormone receptor-related factors (NR1)
MA0160.1	P43354	Mus musculus	10090	NGFI-B-related receptors (NR4)
MA0161.2	P08651	Homo sapiens	9606	Nuclear factor 1
MA0162.3	P18146	Homo sapiens	9606	Three-zinc finger Kruppel-related factors 
MA0163.1	Q6DJT9	Homo sapiens	9606	More than 3 adjacent zinc finger factors
MA0164.1	Q9QXZ7	Mus musculus	10090	RXR-related receptors (NR2)
MA0165.1	P09087	Drosophila melanogaster	7227	HOX-related factors
MA0166.1	P02833	Drosophila melanogaster	7227	HOX-related factors
MA0167.1	Q8IRC7	Drosophila melanogaster	7227	Unknown
MA0168.1	Q24255	Drosophila melanogaster	7227	HOX-related factors
MA0169.1	Q24256	Drosophila melanogaster	7227	HOX-related factors
MA0170.1	Q7KS72	Drosophila melanogaster	7227	Unknown
MA0171.1	Q9VYL0	Drosophila melanogaster	7227	Unknown
MA0172.1	Q9W3C6	Drosophila melanogaster	7227	Unknown
MA0173.1	Q9VPL4	Drosophila melanogaster	7227	Unknown
MA0174.1	Q9W064	Drosophila melanogaster	7227	Unknown
MA0175.1	Q8MZ02	Drosophila melanogaster	7227	Unknown
MA0176.1	Q9VDH9	Drosophila melanogaster	7227	Unknown
MA0177.1	Q9VEA3	Drosophila melanogaster	7227	Unknown
MA0178.1	Q9VTW5	Drosophila melanogaster	7227	Unknown
MA0179.1	Q9VWH1	Drosophila melanogaster	7227	Unknown
MA0180.1	Q9W4B3	Drosophila melanogaster	7227	Paired-related HD factors
MA0181.1	Q5U1D9	Drosophila melanogaster	7227	Paired-related HD factors
MA0182.1	Q9VTW3	Drosophila melanogaster	7227	Unknown
MA0183.1	Q9VDF0	Drosophila melanogaster	7227	Unknown
MA0184.1	Q7YU61	Drosophila melanogaster	7227	Unknown
MA0185.1	Q24180	Drosophila melanogaster	7227	DEAF
MA0186.1	P07548	Drosophila melanogaster	7227	HOX-related factors
MA0187.1	P20009	Drosophila melanogaster	7227	Unknown
MA0188.1	Q03372	Drosophila melanogaster	7227	NK-related factors
MA0189.1	Q9VFQ3	Drosophila melanogaster	7227	Unknown
MA0190.1	P54366	Drosophila melanogaster	7227	Paired-related HD factors
MA0191.1	Q9NHP8	Drosophila melanogaster	7227	NK-related factors
MA0192.1	Q9VEI9	Drosophila melanogaster	7227	NK-related factors
MA0193.1	Q9W423	Drosophila melanogaster	7227	Unknown
MA0194.1	Q9V472	Drosophila melanogaster	7227	HD-LIM factors
MA0195.1	Q9VJ02	Drosophila melanogaster	7227	HD-LIM factors
MA0196.1	O61640	Drosophila melanogaster	7227	NK-related factors
MA0197.2	P31368	Drosophila melanogaster	7227	POU domain factors
MA0198.1	O96616	Drosophila melanogaster	7227	Paired-related HD factors
MA0199.1	Q95RW8	Drosophila melanogaster	7227	HD-SINE factors
MA0200.1	Q8T0V5	Drosophila melanogaster	7227	Unknown
MA0201.1	O18400	Drosophila melanogaster	7227	Paired-related HD factors
MA0202.1	Q9W2Q1	Drosophila melanogaster	7227	Paired-related HD factors
MA0203.1	P09077	Drosophila melanogaster	7227	HOX-related factors
MA0204.1	Q9Y1P6	Drosophila melanogaster	7227	HD-SINE factors
MA0205.1	Q08605	Drosophila melanogaster	7227	Unknown
MA0206.1	P29555	Drosophila melanogaster	7227	HOX-related factors
MA0207.1	A1Z916	Drosophila melanogaster	7227	Unknown
MA0208.1	Q06453	Drosophila melanogaster	7227	Paired-related HD factors
MA0209.1	P29673	Drosophila melanogaster	7227	Unknown
MA0210.1	Q24248	Drosophila melanogaster	7227	TALE-type homeo domain factors
MA0211.1	P22809	Drosophila melanogaster	7227	NK-related factors
MA0212.1	P09081	Drosophila melanogaster	7227	Paired-related HD factors
MA0213.1	Q9XTN4	Drosophila melanogaster	7227	Unknown
MA0214.1	Q04787	Drosophila melanogaster	7227	NK-related factors
MA0215.1	Q9U984	Drosophila melanogaster	7227	Unknown
MA0216.2	P09085	Drosophila melanogaster	7227	HOX-related factors
MA0217.1	P54269	Drosophila melanogaster	7227	TALE-type homeo domain factors
MA0218.1	P10180	Drosophila melanogaster	7227	HD-CUT factors
MA0219.1	P18488	Drosophila melanogaster	7227	NK-related factors
MA0220.1	P02836	Drosophila melanogaster	7227	NK-related factors
MA0221.1	P06602	Drosophila melanogaster	7227	HOX-related factors
MA0222.1	P40427	Drosophila melanogaster	7227	TALE-type homeo domain factors
MA0224.1	Q9VSC2	Drosophila melanogaster	7227	Unknown
MA0225.1	P02835	Drosophila melanogaster	7227	HOX-related factors
MA0226.1	Q9W2P8	Drosophila melanogaster	7227	Unknown
MA0227.1	O46339	Drosophila melanogaster	7227	TALE-type homeo domain factors
MA0228.1	O96620	Drosophila melanogaster	7227	Unknown
MA0229.1	P05527	Drosophila melanogaster	7227	NK-related factors
MA0230.1	P10105	Drosophila melanogaster	7227	HOX-related factors
MA0231.1	Q9VDA1	Drosophila melanogaster	7227	Unknown
MA0232.1	P91626	Drosophila melanogaster	7227	Unknown
MA0233.1	O01667	Drosophila melanogaster	7227	Unknown
MA0234.1	P22810	Drosophila melanogaster	7227	Paired-related HD factors
MA0235.1	Q9NJB5	Drosophila melanogaster	7227	HD-CUT factors
MA0236.1	P56672	Drosophila melanogaster	7227	Paired-related HD factors
MA0237.2	Q8IMA8	Drosophila melanogaster	7227	Unknown
MA0238.1	P31264	Drosophila melanogaster	7227	HOX-related factors
MA0239.1	P23758	Drosophila melanogaster	7227	Unknown
MA0240.1	Q24477	Drosophila melanogaster	7227	Unknown
MA0241.1	P10181	Drosophila melanogaster	7227	Unknown
MA0242.1	Q24040	Drosophila melanogaster	7227	Runt-related factors
MA0243.1	P30052	Drosophila melanogaster	7227	Unknown
MA0244.1	Q02637	Drosophila melanogaster	7227	C/EBP-related
MA0245.1	P22807	Drosophila melanogaster	7227	NK-related factors
MA0246.1	Q27350	Drosophila melanogaster	7227	HD-SINE factors
MA0247.2	P22711	Drosophila melanogaster	7227	Unknown
MA0248.1	Q9VJ37	Drosophila melanogaster	7227	HD-LIM factors
MA0249.1	P10627	Drosophila melanogaster	7227	Unknown
MA0250.1	O77215	Drosophila melanogaster	7227	Paired-related HD factors
MA0251.1	Q4V5A3	Drosophila melanogaster	7227	Unknown
MA0252.1	A1Z913	Drosophila melanogaster	7227	Unknown
MA0253.1	P22808	Drosophila melanogaster	7227	NK-related factors
MA0254.1	P16241	Drosophila melanogaster	7227	POU domain factors
MA0255.1	P09956	Drosophila melanogaster	7227	Unknown
MA0256.1	P09089	Drosophila melanogaster	7227	Unknown
MA0257.1	P09090	Drosophila melanogaster	7227	Unknown
MA0258.2	Q92731	Homo sapiens	9606	Steroid hormone receptors (NR3)
MA0259.1	P27540	Mus musculus	10090	PAS domain factors
MA0260.1	Q966L8	Caenorhabditis elegans	6239	More than 3 adjacent zinc finger factors
MA0261.1	Q21446	Caenorhabditis elegans	6239	Unknown
MA0262.1	O18214	Caenorhabditis elegans	6239	Unknown
MA0263.1	P41935	Caenorhabditis elegans	6239	Paired-related HD factors
MA0264.1	P41936	Caenorhabditis elegans	6239	NK-related factors
MA0265.1	P14164	Saccharomyces cerevisiae	4932	Unknown
MA0266.1	Q02486	Saccharomyces cerevisiae	4932	Unknown
MA0267.1	P21192	Saccharomyces cerevisiae	4932	Other factors with up to three adjacent zinc fingers
MA0268.1	P07248	Saccharomyces cerevisiae	4932	Other factors with up to three adjacent zinc fingers
MA0269.1	P22149	Saccharomyces cerevisiae	4932	Unknown
MA0270.1	Q08957	Saccharomyces cerevisiae	4932	Unknown
MA0271.1	P07249	Saccharomyces cerevisiae	4932	Unknown
MA0272.1	P05085	Saccharomyces cerevisiae	4932	Unknown
MA0273.1	Q04052	Saccharomyces cerevisiae	4932	Unknown
MA0274.1	Q06596	Saccharomyces cerevisiae	4932	Unknown
MA0275.1	P40467	Saccharomyces cerevisiae	4932	Unknown
MA0276.1	P34233	Saccharomyces cerevisiae	4932	GATA-type zinc fingers
MA0277.1	P41696	Saccharomyces cerevisiae	4932	Unknown
MA0278.1	P22035	Saccharomyces cerevisiae	4932	Myb/SANT domain factors
MA0279.1	P24813	Saccharomyces cerevisiae	4932	Unknown
MA0280.1	P39113	Saccharomyces cerevisiae	4932	Unknown
MA0281.1	P17106	Saccharomyces cerevisiae	4932	Unknown
MA0282.1	P40969	Saccharomyces cerevisiae	4932	Unknown
MA0283.1	P43634	Saccharomyces cerevisiae	4932	Unknown
MA0284.1	P40917	Saccharomyces cerevisiae	4932	Unknown
MA0285.1	P53968	Saccharomyces cerevisiae	4932	Other factors with up to three adjacent zinc fingers
MA0286.1	P40535	Saccharomyces cerevisiae	4932	Unknown
MA0287.1	P15315	Saccharomyces cerevisiae	4932	Unknown
MA0288.1	P41817	Saccharomyces cerevisiae	4932	TALE-type homeo domain factors
MA0289.1	P26343	Saccharomyces cerevisiae	4932	GATA-type zinc fingers
MA0290.1	P21657	Saccharomyces cerevisiae	4932	Unknown
MA0291.1	P21705	Saccharomyces cerevisiae	4932	Unknown
MA0292.1	Q05958	Saccharomyces cerevisiae	4932	Unknown
MA0293.1	Q02710	Saccharomyces cerevisiae	4932	GATA-type zinc fingers
MA0294.1	P38073	Saccharomyces cerevisiae	4932	Unknown
MA0295.1	P39521	Saccharomyces cerevisiae	4932	Forkhead box (FOX) factors
MA0296.1	P40466	Saccharomyces cerevisiae	4932	Forkhead box (FOX) factors
MA0297.1	P41813	Saccharomyces cerevisiae	4932	Forkhead box (FOX) factors
MA0298.1	P32805	Saccharomyces cerevisiae	4932	Factors with multiple dispersed zinc fingers
MA0299.1	P04386	Saccharomyces cerevisiae	4932	Unknown
MA0300.1	P43574	Saccharomyces cerevisiae	4932	GATA-type zinc fingers
MA0301.1	Q07928	Saccharomyces cerevisiae	4932	GATA-type zinc fingers
MA0302.1	P40569	Saccharomyces cerevisiae	4932	GATA-type zinc fingers
MA0303.1	P03069	Saccharomyces cerevisiae	4932	Unknown
MA0304.1	P07261	Saccharomyces cerevisiae	4932	Unknown
MA0305.1	Q01722	Saccharomyces cerevisiae	4932	Unknown
MA0306.1	Q03833	Saccharomyces cerevisiae	4932	Other factors with up to three adjacent zinc fingers
MA0307.1	P18494	Saccharomyces cerevisiae	4932	GATA-type zinc fingers
MA0308.1	P42950	Saccharomyces cerevisiae	4932	Unknown
MA0309.1	P42944	Saccharomyces cerevisiae	4932	GATA-type zinc fingers
MA0310.1	P41546	Saccharomyces cerevisiae	4932	Unknown
MA0311.1	Q12180	Saccharomyces cerevisiae	4932	Unknown
MA0312.1	P0CE41	Saccharomyces cerevisiae	4932	Unknown
MA0313.1	P06774	Saccharomyces cerevisiae	4932	Heteromeric CCAAT-binding factors
MA0314.1	P13434	Saccharomyces cerevisiae	4932	Heteromeric CCAAT-binding factors
MA0316.1	Q02516	Saccharomyces cerevisiae	4932	Heteromeric CCAAT-binding factors
MA0317.1	P25364	Saccharomyces cerevisiae	4932	Forkhead box (FOX) factors
MA0318.1	P0CY13	Saccharomyces cerevisiae	4932	TALE-type homeo domain factors
MA0319.1	P10961	Saccharomyces cerevisiae	4932	HSF factors
MA0320.1	P21190	Saccharomyces cerevisiae	4932	Unknown
MA0321.1	P26798	Saccharomyces cerevisiae	4932	Unknown
MA0322.1	P13902	Saccharomyces cerevisiae	4932	Unknown
MA0323.1	P33417	Saccharomyces cerevisiae	4932	Unknown
MA0324.1	P08638	Saccharomyces cerevisiae	4932	Unknown
MA0325.1	P40971	Saccharomyces cerevisiae	4932	Unknown
MA0326.1	P35192	Saccharomyces cerevisiae	4932	Unknown
MA0327.1	P0CY11	Saccharomyces cerevisiae	4932	Unknown
MA0328.2	P0CY08	Saccharomyces cerevisiae S288c	559292	TALE-type homeo domain factors
MA0329.1	P39678	Saccharomyces cerevisiae	4932	Unknown
MA0330.1	P39678	Saccharomyces cerevisiae	4932	Unknown
MA0331.1	P11746	Saccharomyces cerevisiae	4932	Unknown
MA0332.1	P40573	Saccharomyces cerevisiae	4932	Unknown
MA0333.1	Q03081	Saccharomyces cerevisiae	4932	Unknown
MA0334.1	Q12041	Saccharomyces cerevisiae	4932	Other factors with up to three adjacent zinc fingers
MA0335.1	P32389	Saccharomyces cerevisiae	4932	Unknown
MA0336.1	P53050	Saccharomyces cerevisiae	4932	HSF factors
MA0337.1	P27705	Saccharomyces cerevisiae	4932	Other factors with up to three adjacent zinc fingers
MA0338.1	P53035	Saccharomyces cerevisiae	4932	Other factors with up to three adjacent zinc fingers
MA0339.1	P39943	Saccharomyces cerevisiae	4932	Other factors with up to three adjacent zinc fingers
MA0340.1	P54785	Saccharomyces cerevisiae	4932	Other factors with up to three adjacent zinc fingers
MA0341.1	P33748	Saccharomyces cerevisiae	4932	Other factors with up to three adjacent zinc fingers
MA0342.1	P33749	Saccharomyces cerevisiae	4932	Other factors with up to three adjacent zinc fingers
MA0343.1	P38830	Saccharomyces cerevisiae	4932	Unknown
MA0344.1	Q03435	Saccharomyces cerevisiae	4932	Unknown
MA0345.1	P11632	Saccharomyces cerevisiae	4932	Unknown
MA0346.1	P11633	Saccharomyces cerevisiae	4932	Unknown
MA0347.1	Q03125	Saccharomyces cerevisiae	4932	Other factors with up to three adjacent zinc fingers
MA0348.1	P39720	Saccharomyces cerevisiae	4932	Unknown
MA0349.1	P21957	Saccharomyces cerevisiae	4932	Unknown
MA0350.1	P34219	Saccharomyces cerevisiae	4932	Myb/SANT domain factors
MA0351.1	P40059	Saccharomyces cerevisiae	4932	Myb/SANT domain factors
MA0352.1	P12383	Saccharomyces cerevisiae	4932	Unknown
MA0353.1	P33200	Saccharomyces cerevisiae	4932	Unknown
MA0354.1	Q06149	Saccharomyces cerevisiae	4932	Unknown
MA0355.1	P36093	Saccharomyces cerevisiae	4932	Unknown
MA0356.1	P07269	Saccharomyces cerevisiae	4932	Unknown
MA0357.1	P07270	Saccharomyces cerevisiae	4932	Unknown
MA0358.1	P25502	Saccharomyces cerevisiae	4932	Unknown
MA0359.1	P11938	Saccharomyces cerevisiae	4932	Myb/SANT domain factors
MA0360.1	Q08904	Saccharomyces cerevisiae	4932	Unknown
MA0361.1	P25611	Saccharomyces cerevisiae	4932	Unknown
MA0362.1	P19541	Saccharomyces cerevisiae	4932	Unknown
MA0363.1	P21538	Saccharomyces cerevisiae	4932	Myb/SANT domain factors
MA0364.1	P38344	Saccharomyces cerevisiae	4932	Factors with multiple dispersed zinc fingers
MA0365.1	P48743	Saccharomyces cerevisiae	4932	RFX-related factors
MA0366.1	Q00453	Saccharomyces cerevisiae	4932	Unknown
MA0367.1	P32862	Saccharomyces cerevisiae	4932	Unknown
MA0368.1	P33400	Saccharomyces cerevisiae	4932	Factors with multiple dispersed zinc fingers
MA0369.1	Q12224	Saccharomyces cerevisiae	4932	Regulators of differentiation
MA0370.1	P32338	Saccharomyces cerevisiae	4932	Factors with multiple dispersed zinc fingers
MA0371.1	P25042	Saccharomyces cerevisiae	4932	Unknown
MA0372.1	P39956	Saccharomyces cerevisiae	4932	Other factors with up to three adjacent zinc fingers
MA0373.1	Q03465	Saccharomyces cerevisiae	4932	Unknown
MA0374.1	Q06639	Saccharomyces cerevisiae	4932	Unknown
MA0375.1	P38781	Saccharomyces cerevisiae	4932	Unknown
MA0376.1	P38165	Saccharomyces cerevisiae	4932	Unknown
MA0377.1	P20134	Saccharomyces cerevisiae	4932	HSF factors
MA0378.1	P32432	Saccharomyces cerevisiae	4932	Factors with multiple dispersed zinc fingers
MA0379.1	P34909	Saccharomyces cerevisiae	4932	Unknown
MA0380.1	P46954	Saccharomyces cerevisiae	4932	Unknown
MA0381.1	P38889	Saccharomyces cerevisiae	4932	HSF factors
MA0382.1	Q02100	Saccharomyces cerevisiae	4932	Unknown
MA0383.1	P38128	Saccharomyces cerevisiae	4932	Regulators of differentiation
MA0384.1	P53127	Saccharomyces cerevisiae	4932	Myb/SANT domain factors
MA0385.1	P53438	Saccharomyces cerevisiae	4932	Unknown
MA0386.1	P13393	Saccharomyces cerevisiae	4932	TBP-related factors
MA0387.1	P06843	Saccharomyces cerevisiae	4932	Unknown
MA0388.1	P35210	Saccharomyces cerevisiae	4932	Unknown
MA0389.1	P09007	Saccharomyces cerevisiae	4932	GATA-type zinc fingers
MA0390.1	Q12427	Saccharomyces cerevisiae	4932	Unknown
MA0391.1	P50104	Saccharomyces cerevisiae	4932	Unknown
MA0392.1	P38699	Saccharomyces cerevisiae	4932	Unknown
MA0393.1	P13574	Saccharomyces cerevisiae	4932	Unknown
MA0394.1	Q00947	Saccharomyces cerevisiae	4932	Factors with multiple dispersed zinc fingers
MA0395.1	P38704	Saccharomyces cerevisiae	4932	Factors with multiple dispersed zinc fingers
MA0396.1	Q05937	Saccharomyces cerevisiae	4932	Unknown
MA0397.1	Q07351	Saccharomyces cerevisiae	4932	Unknown
MA0398.1	P46676	Saccharomyces cerevisiae	4932	Unknown
MA0399.1	P53032	Saccharomyces cerevisiae	4932	Unknown
MA0400.1	Q12286	Saccharomyces cerevisiae	4932	Unknown
MA0401.1	P25302	Saccharomyces cerevisiae	4932	Unknown
MA0402.1	P08153	Saccharomyces cerevisiae	4932	Unknown
MA0403.1	Q02457	Saccharomyces cerevisiae	4932	Myb/SANT domain factors
MA0404.1	P38114	Saccharomyces cerevisiae	4932	Unknown
MA0405.1	P47988	Saccharomyces cerevisiae	4932	Unknown
MA0406.1	P18412	Saccharomyces cerevisiae	4932	Unknown
MA0407.1	P38141	Saccharomyces cerevisiae	4932	Unknown
MA0408.1	P53147	Saccharomyces cerevisiae	4932	TALE-type homeo domain factors
MA0409.1	P33122	Saccharomyces cerevisiae	4932	Unknown
MA0410.1	P26370	Saccharomyces cerevisiae	4932	Unknown
MA0411.1	Q12151	Saccharomyces cerevisiae	4932	Unknown
MA0412.1	P39001	Saccharomyces cerevisiae	4932	Unknown
MA0413.1	Q12132	Saccharomyces cerevisiae	4932	Unknown
MA0414.1	P40489	Saccharomyces cerevisiae	4932	Unknown
MA0415.1	P19880	Saccharomyces cerevisiae	4932	Unknown
MA0416.1	P38749	Saccharomyces cerevisiae	4932	Unknown
MA0417.1	P40574	Saccharomyces cerevisiae	4932	Unknown
MA0418.1	Q03935	Saccharomyces cerevisiae	4932	Unknown
MA0419.1	Q08182	Saccharomyces cerevisiae	4932	Unknown
MA0420.1	P38140	Saccharomyces cerevisiae	4932	Unknown
MA0421.1	Q12457	Saccharomyces cerevisiae	4932	Myb/SANT domain factors
MA0422.1	Q04411	Saccharomyces cerevisiae	4932	Unknown
MA0423.1	P39959	Saccharomyces cerevisiae	4932	Other factors with up to three adjacent zinc fingers
MA0424.1	P39961	Saccharomyces cerevisiae	4932	Unknown
MA0425.1	P53243	Saccharomyces cerevisiae	4932	Other factors with up to three adjacent zinc fingers
MA0426.1	Q04116	Saccharomyces cerevisiae	4932	Unknown
MA0428.1	P35995	Saccharomyces cerevisiae	4932	Unknown
MA0429.1	Q12244	Saccharomyces cerevisiae	4932	Unknown
MA0430.1	Q05854	Saccharomyces cerevisiae	4932	Unknown
MA0431.1	Q04545	Saccharomyces cerevisiae	4932	Other factors with up to three adjacent zinc fingers
MA0432.1	P53749	Saccharomyces cerevisiae	4932	Unknown
MA0433.1	P34161	Saccharomyces cerevisiae	4932	Unknown
MA0434.1	Q12145	Saccharomyces cerevisiae	4932	Other factors with up to three adjacent zinc fingers
MA0435.1	Q12531	Saccharomyces cerevisiae	4932	Other factors with up to three adjacent zinc fingers
MA0436.1	Q12139	Saccharomyces cerevisiae	4932	Other factors with up to three adjacent zinc fingers
MA0437.1	Q06595	Saccharomyces cerevisiae	4932	Unknown
MA0438.1	Q12340	Saccharomyces cerevisiae	4932	Unknown
MA0439.1	Q12172	Saccharomyces cerevisiae	4932	Unknown
MA0440.1	P47043	Saccharomyces cerevisiae	4932	Factors with multiple dispersed zinc fingers
MA0441.1	P46974	Saccharomyces cerevisiae	4932	Other factors with up to three adjacent zinc fingers
MA0442.2	P56693	Homo sapiens	9606	SOX-related factors
MA0443.1	Q24266	Drosophila melanogaster	7227	Other factors with up to three adjacent zinc fingers
MA0444.1	M9NDG6	Drosophila melanogaster	7227	Unknown
MA0445.1	Q24533	Drosophila melanogaster	7227	Unknown
MA0446.1	P14734	Drosophila melanogaster	7227	Forkhead box (FOX) factors
MA0447.1	P39572	Drosophila melanogaster	7227	Unknown
MA0448.1	P10035	Drosophila melanogaster	7227	NK-related factors
MA0449.1	P14003	Drosophila melanogaster	7227	Helix-Loop-Helix
MA0450.1	Q9VN10	Drosophila melanogaster	7227	Unknown
MA0451.1	P10734	Drosophila melanogaster	7227	Unknown
MA0452.2	P07247	Drosophila melanogaster	7227	More than 3 adjacent zinc finger factors
MA0454.1	P23803	Drosophila melanogaster	7227	More than 3 adjacent zinc finger factors
MA0456.1	P39768	Drosophila melanogaster	7227	More than 3 adjacent zinc finger factors
MA0457.1	Q9W1H7	Drosophila melanogaster	7227	Unknown
MA0458.1	P32030	Drosophila melanogaster	7227	Forkhead box (FOX) factors
MA0459.1	P18102	Drosophila melanogaster	7227	Unknown
MA0460.1	P17789	Drosophila melanogaster	7227	Other factors with up to three adjacent zinc fingers
MA0461.2	P48985	Mus musculus	10090	Tal-related factors
MA0462.1	Q16520	Homo sapiens	9606	B-ATF-related factors
MA0463.1	P41183	Mus musculus	10090	More than 3 adjacent zinc finger factors
MA0464.2	O14503	Homo sapiens	9606	Hairy-related factors
MA0465.1	Q99626	Homo sapiens	9606	HOX-related factors
MA0466.2	P17676	Homo sapiens	9606	C/EBP-related
MA0467.1	O54751	Mus musculus	10090	Paired-related HD factors
MA0468.1	Q9UBX2	Homo sapiens	9606	Paired-related HD factors
MA0469.2	O00716	Homo sapiens	9606	E2F-related factors
MA0470.1	Q16254	Homo sapiens	9606	E2F-related factors
MA0471.1	O75461	Homo sapiens	9606	E2F-related factors
MA0472.2	P11161	Homo sapiens	9606	Three-zinc finger Krüppel-related factors
MA0473.2	P32519	Homo sapiens	9606	Ets-related factors
MA0474.2	P11308	Homo sapiens	9606	Ets-related factors
MA0475.2	Q01543	Homo sapiens	9606	Ets-related factors
MA0476.1	P01100	Homo sapiens	9606	Fos-related factors
MA0477.1	P15407	Homo sapiens	9606	Fos-related factors
MA0478.1	P15408	Homo sapiens	9606	Fos-related factors
MA0479.1	O75593	Homo sapiens	9606	Forkhead box (FOX) factors
MA0480.1	Q9R1E0	Mus musculus	10090	Forkhead box (FOX) factors
MA0481.2	Q9H334	Homo sapiens	9606	Forkhead box (FOX) factors
MA0482.1	Q08369	Mus musculus	10090	GATA-type zinc fingers
MA0483.1	O70237	Mus musculus	10090	More than 3 adjacent zinc finger factors
MA0484.1	Q14541	Homo sapiens	9606	RXR-related receptors (NR2)
MA0485.1	P09633	Mus musculus	10090	HOX-related factors
MA0486.2	Q00613	Homo sapiens	9606	HSF factors
MA0488.1	P05412	Homo sapiens	9606	Jun-related factors
MA0489.1	P05412	Homo sapiens	9606	Jun-related factors
MA0490.1	P17275	Homo sapiens	9606	Jun-related factors
MA0491.1	P17535	Homo sapiens	9606	Jun-related factors
MA0492.1	P17535	Homo sapiens	9606	Jun-related factors
MA0493.1	P46099	Mus musculus	10090	Three-zinc finger Krüppel-related factors
MA0494.1	Q9Z0Y9	Mus musculus	10090	Thyroid hormone receptor-related factors (NR1)
MA0495.2	Q9ULX9	Homo sapiens	9606	Maf-related factors
MA0496.2	O60675	Homo sapiens	9606	Maf-related factors
MA0497.1	Q06413	Homo sapiens	9606	Regulators of differentiation
MA0498.2	O00470	Homo sapiens	9606	TALE-type homeo domain factors
MA0499.1	P10085	Mus musculus	10090	MyoD / ASC-related factors
MA0500.1	P12979	Mus musculus	10090	MyoD / ASC-related factors
MA0501.1	O75444	Homo sapiens	9606	Maf-related factors
MA0502.1	P25208	Homo sapiens	9606	NFY
MA0503.1	P42582	Mus musculus	10090	NK-related factors
MA0504.1	P49116	Homo sapiens	9606	RXR-related receptors (NR2)
MA0505.1	P45448	Mus musculus	10090	FTZ-F1-related receptors (NR5)
MA0506.1	Q16656	Homo sapiens	9606	Jun-related factors
MA0507.1	P09086	Homo sapiens	9606	POU domain factors
MA0508.2	O75626	Homo sapiens	9606	More than 3 adjacent zinc finger factors
MA0509.1	P48377	Mus musculus	10090	RFX-related factors
MA0510.2	P48382	Homo sapiens	9606	RFX-related factors
MA0511.2	Q13950	Homo sapiens	9606	Runt-related factors
MA0512.2	P28700	Mus musculus	10090	RXR-related receptors (NR2)
MA0513.1	Q15796	Homo sapiens	9606	SMAD factors
MA0514.1	P53784	Mus musculus	10090	SOX-related factors
MA0515.1	P40645	Mus musculus	10090	SOX-related factors
MA0516.1	Q02086	Homo sapiens	9606	Three-zinc finger Krüppel-related factors
MA0517.1	P42224	Homo sapiens	9606	STAT factors
MA0518.1	P42228	Mus musculus	10090	STAT factors
MA0519.1	P42230	Mus musculus	10090	STAT factors
MA0520.1	P52633	Mus musculus	10090	STAT factors
MA0521.1	Q61286	Mus musculus	10090	E2A-related factors
MA0522.2	P15923	Homo sapiens	9606	E2A-related factors
MA0523.1	Q9NQB0	Homo sapiens	9606	TCF-7-related factors
MA0524.2	Q92754	Homo sapiens	9606	AP-2
MA0525.2	Q9H3D4	Homo sapiens	9606	p53-related factors
MA0526.2	Q15853	Homo sapiens	9606	bHLH-ZIP factors
MA0527.1	Q86T24	Homo sapiens	9606	Other factors with up to three adjacent zinc fingers
MA0528.1	O14978	Homo sapiens	9606	More than 3 adjacent zinc finger factors
MA0529.1	Q7JN06	Drosophila melanogaster	7227	Unknown
MA0530.1	P20482	Drosophila melanogaster	7227	Jun-related factors
MA0531.1	Q9VS55	Drosophila melanogaster	7227	More than 3 adjacent zinc finger factors
MA0532.1	Q24151	Drosophila melanogaster	7227	STAT factors
MA0533.1	P08970	Drosophila melanogaster	7227	Factors with multiple dispersed zinc fingers
MA0534.1	P34021	Drosophila melanogaster	7227	Unknown
MA0535.1	P42003	Drosophila melanogaster	7227	SMAD factors
MA0536.1	Q9VEZ8	Drosophila melanogaster	7227	GATA-type zinc fingers
MA0537.1	Q93560	Caenorhabditis elegans	6239	More than 3 adjacent zinc finger factors
MA0538.1	G5EFF5	Caenorhabditis elegans	6239	GATA-type zinc fingers
MA0540.1	P48996	Caenorhabditis elegans	6239	Unknown
MA0541.1	G5EF11	Caenorhabditis elegans	6239	E2F-related factors
MA0542.1	G5ECF7	Caenorhabditis elegans	6239	GATA-type zinc fingers
MA0543.1	G5EDU4	Caenorhabditis elegans	6239	Unknown
MA0544.1	P91868	Caenorhabditis elegans	6239	Myb/SANT domain factors
MA0545.1	P22980	Caenorhabditis elegans	6239	Unknown
MA0546.1	Q17381	Caenorhabditis elegans	6239	Forkhead box (FOX) factors
MA0547.1	P34707	Caenorhabditis elegans	6239	Unknown
MA0548.2	Q38847	Arabidopsis thaliana	3702	Unknown
MA0549.1	Q9LN63	Arabidopsis thaliana	3702	Unknown
MA0550.2	Q8S307	Arabidopsis thaliana	3702	BES1
MA0551.1	O24646	Arabidopsis thaliana	3702	Unknown
MA0552.1	Q8GZM7	Arabidopsis thaliana	3702	Unknown
MA0553.1	Q6PV68	Arabidopsis thaliana	3702	Unknown
MA0554.1	O64645	Arabidopsis thaliana	3702	Unknown
MA0555.1	Q9FVC1	Arabidopsis thaliana	3702	Unknown
MA0556.1	P35632	Arabidopsis thaliana	3702	Unknown
MA0557.1	Q9LIE5	Arabidopsis thaliana	3702	Unknown
MA0558.1	Q5Q9J1	Arabidopsis thaliana	3702	Unknown
MA0559.1	P48007	Arabidopsis thaliana	3702	Unknown
MA0560.1	O80536	Arabidopsis thaliana	3702	Unknown
MA0561.1	Q8W2F3	Arabidopsis thaliana	3702	Unknown
MA0562.1	Q84LH8	Arabidopsis thaliana	3702	Unknown
MA0563.1	O22456	Arabidopsis thaliana	3702	Unknown
MA0564.1	Q01593	Arabidopsis thaliana	3702	Unknown
MA0565.1	Q9LW31	Arabidopsis thaliana	3702	Unknown
MA0566.1	Q39204	Arabidopsis thaliana	3702	Unknown
MA0567.1	Q8LDC8	Arabidopsis thaliana	3702	Unknown
MA0568.1	Q9FIP9	Arabidopsis thaliana	3702	Unknown
MA0569.1	O49687	Arabidopsis thaliana	3702	Unknown
MA0570.1	Q9M7Q5	Arabidopsis thaliana	3702	Unknown
MA0571.1	Q38914	Arabidopsis thaliana	3702	Unknown
MA0573.1	O04292	Arabidopsis thaliana	3702	Unknown
MA0574.1	Q9LTC4	Arabidopsis thaliana	3702	Myb/SANT domain factors
MA0575.1	Q9SN12	Arabidopsis thaliana	3702	Myb/SANT domain factors
MA0576.1	Q9M2Y9	Arabidopsis thaliana	3702	Myb/SANT domain factors
MA0577.1	P93015	Arabidopsis thaliana	3702	Unknown
MA0578.1	Q8GXL3	Arabidopsis thaliana	3702	Unknown
MA0579.1	P92948	Arabidopsis thaliana	3702	Myb/SANT domain factors
MA0580.1	O81900	Arabidopsis thaliana	3702	Unknown
MA0581.1	Q1PFR7	Arabidopsis thaliana	3702	Unknown
MA0582.1	Q9ZWM9	Arabidopsis thaliana	3702	Unknown
MA0583.1	Q9ZWM9	Arabidopsis thaliana	3702	Unknown
MA0584.1	P29382	Arabidopsis thaliana	3702	Unknown
MA0585.1	P29381	Arabidopsis thaliana	3702	Unknown
MA0586.2	Q8RY95	Arabidopsis thaliana	3702	Unknown
MA0587.1	Q9M1U4	Arabidopsis thaliana	3702	TCP domain
MA0588.1	Q39237	Arabidopsis thaliana	3702	Unknown
MA0589.1	Q9SI37	Arabidopsis thaliana	3702	Unknown
MA0590.1	Q00958	Arabidopsis thaliana	3702	Unknown
MA0591.1	P97302	Mus musculus	10090	Jun-related factors
MA0592.2	O08580	Mus musculus	10090	Steroid hormone receptors (NR3)
MA0593.1	O15409	Homo sapiens	9606	Forkhead box (FOX) factors
MA0594.1	P09631	Mus musculus	10090	HOX-related factors
MA0595.1	P36956	Homo sapiens	9606	bHLH-ZIP factors
MA0596.1	Q12772	Homo sapiens	9606	bHLH-ZIP factors
MA0597.1	Q9NVV9	Homo sapiens	9606	THAP-related factors
MA0598.2	Q9NZC4	Homo sapiens	9606	Ets-related factors
MA0599.1	Q13887	Homo sapiens	9606	Three-zinc finger Krüppel-related factors
MA0600.2	P48378	Homo sapiens	9606	RFX-related factors
MA0601.1	Q9Z1N7	Mus musculus	10090	ARID-related factors
MA0602.1	Q3U108	Mus musculus	10090	ARID-related factors
MA0603.1	Q9WTL8	Mus musculus	10090	PAS domain factors
MA0604.1	P81269	Mus musculus	10090	CREB-related factors
MA0605.1	Q60765	Mus musculus	10090	Fos-related factors
MA0606.1	A0A1D5NT38	Gallus gallus	9031	NFAT-related factors
MA0607.1	Q9QYC3	Mus musculus	10090	Tal-related factors
MA0608.1	Q8BH52	Mus musculus	10090	CREB-related factors
MA0609.1	P27699	Mus musculus	10090	CREB-related factors
MA0610.1	Q9NQL9	Homo sapiens	9606	DMRT
MA0611.1	A1JVI8	Mus musculus	10090	Paired-related HD factors
MA0612.1	Q04741	Homo sapiens	9606	NK-related factors
MA0613.1	P55316	Homo sapiens	9606	Forkhead box (FOX) factors
MA0614.1	Q9ES18	Mus musculus	10090	Forkhead box (FOX) factors
MA0615.1	Q9JL60	Mus musculus	10090	GMEB
MA0616.1	O54792	Mus musculus	10090	Hairy-related factors
MA0617.1	P41136	Mus musculus	10090	HLH domain only
MA0618.1	P52954	Homo sapiens	9606	NK-related factors
MA0619.1	F1NCE0	Gallus gallus	9031	Unknown
MA0620.2	O75030	Homo sapiens	9606	bHLH-ZIP factors
MA0621.1	P21711	Xenopus laevis	8355	Paired-related HD factors
MA0622.1	Q2VPU4	Mus musculus	10090	bHLH-ZIP factors
MA0623.1	P70660	Mus musculus	10090	Tal-related factors
MA0624.1	G1MTN6	Meleagris gallopavo	9103	NFAT-related factors
MA0625.1	Q12968	Homo sapiens	9606	NFAT-related factors
MA0626.1	P97460	Mus musculus	10090	PAS domain factors
MA0627.1	P31362	Mus musculus	10090	POU domain factors
MA0628.1	Q14863	Homo sapiens	9606	POU domain factors
MA0629.1	Q810N8	Mus musculus	10090	Paired-related HD factors
MA0630.1	O15266	Homo sapiens	9606	Paired-related HD factors
MA0631.1	Q62233	Mus musculus	10090	HD-SINE factors
MA0632.1	Q32NY8	Mus musculus	10090	PAS domain factors
MA0633.1	Q9D030	Mus musculus	10090	Tal-related factors
MA0634.1	O95076	Homo sapiens	9606	Paired-related HD factors
MA0635.1	Q9NY43	Homo sapiens	9606	NK-related factors
MA0636.1	Q9C0J9	Homo sapiens	9606	Hairy-related factors
MA0637.1	P07199	Homo sapiens	9606	Unknown
MA0638.1	O43889	Homo sapiens	9606	CREB-related factors
MA0639.1	Q10586	Homo sapiens	9606	C/EBP-related
MA0640.1	P78545	Homo sapiens	9606	Ets-related factors
MA0641.1	Q99607	Homo sapiens	9606	Ets-related factors
MA0642.1	P19622	Homo sapiens	9606	NK-related factors
MA0643.1	P62509	Mus musculus	10090	Steroid hormone receptors (NR3)
MA0644.1	Q8N693	Homo sapiens	9606	Paired-related HD factors
MA0645.1	P41212	Homo sapiens	9606	Ets-related factors
MA0646.1	Q9NP62	Homo sapiens	9606	GCM factors
MA0647.1	Q9NZI5	Homo sapiens	9606	Grainyhead-related factors
MA0648.1	P56915	Homo sapiens	9606	Paired-related HD factors
MA0649.1	Q9UBP5	Homo sapiens	9606	Hairy-related factors
MA0650.1	P31271	Homo sapiens	9606	HOX-related factors
MA0651.1	O43248	Homo sapiens	9606	HOX-related factors
MA0652.1	Q02556	Homo sapiens	9606	Interferon-regulatory factors
MA0653.1	Q00978	Homo sapiens	9606	Interferon-regulatory factors
MA0654.1	Q2M1V0	Homo sapiens	9606	Paired-related HD factors
MA0655.1	Q8WYK2	Homo sapiens	9606	Fos-related factors
MA0656.1	Q8WYK2	Homo sapiens	9606	Fos-related factors
MA0657.1	Q9Y2Y9	Homo sapiens	9606	Three-zinc finger Krüppel-related factors
MA0658.1	Q9UPM6	Homo sapiens	9606	HD-LIM factors
MA0659.1	O15525	Homo sapiens	9606	Maf-related factors
MA0660.1	Q02080	Homo sapiens	9606	Regulators of differentiation
MA0661.1	P50221	Homo sapiens	9606	HOX-related factors
MA0662.1	Q9H2W2	Homo sapiens	9606	Paired-related HD factors
MA0663.1	Q9UH92	Homo sapiens	9606	bHLH-ZIP factors
MA0664.1	Q9NP71	Homo sapiens	9606	bHLH-ZIP factors
MA0665.1	O60682	Homo sapiens	9606	Tal-related factors
MA0666.1	P28360	Homo sapiens	9606	NK-related factors
MA0667.1	P23409	Homo sapiens	9606	MyoD / ASC-related factors
MA0668.1	Q15784	Homo sapiens	9606	Tal-related factors
MA0669.1	Q9H2A3	Homo sapiens	9606	Tal-related factors
MA0670.1	Q12857	Homo sapiens	9606	Nuclear factor 1
MA0671.1	Q14938	Homo sapiens	9606	Nuclear factor 1
MA0672.1	Q8TAU0	Homo sapiens	9606	NK-related factors
MA0673.1	O15522	Homo sapiens	9606	NK-related factors
MA0674.1	P78426	Homo sapiens	9606	NK-related factors
MA0675.1	Q9C056	Homo sapiens	9606	NK-related factors
MA0676.1	Q9Y466	Mus musculus	10090	RXR-related receptors (NR2)
MA0677.1	P43136	Mus musculus	10090	RXR-related receptors (NR2)
MA0678.1	Q13516	Homo sapiens	9606	Tal-related factors
MA0679.1	Q9UBC0	Homo sapiens	9606	HD-CUT factors
MA0680.1	P23759	Homo sapiens	9606	Paired plus homeo domain
MA0681.1	Q99453	Mus musculus	10090	Paired-related HD factors
MA0682.1	P70314	Mus musculus	10090	Paired-related HD factors
MA0683.1	Q12837	Homo sapiens	9606	POU domain factors
MA0684.1	Q13761	Homo sapiens	9606	Runt-related factors
MA0685.1	Q02446	Homo sapiens	9606	Three-zinc finger Krüppel-related factors
MA0686.1	O95238	Homo sapiens	9606	Ets-related factors
MA0687.1	Q8N5J4	Homo sapiens	9606	Ets-related factors
MA0688.1	Q13207	Homo sapiens	9606	TBX2-related factors
MA0689.1	Q9UMR3	Homo sapiens	9606	TBX1-related factors
MA0690.1	Q9UL17	Homo sapiens	9606	TBrain-related factors
MA0691.1	Q01664	Homo sapiens	9606	bHLH-ZIP factors
MA0692.1	P19484	Homo sapiens	9606	bHLH-ZIP factors
MA0693.2	P11473	Homo sapiens	9606	Thyroid hormone receptor-related factors (NR1)
MA0694.1	O15156	Homo sapiens	9606	More than 3 adjacent zinc finger factors
MA0695.1	A1YPR0	Homo sapiens	9606	More than 3 adjacent zinc finger factors
MA0696.1	Q15915	Homo sapiens	9606	More than 3 adjacent zinc finger factors
MA0697.1	O60481	Homo sapiens	9606	More than 3 adjacent zinc finger factors
MA0698.1	Q99592	Homo sapiens	9606	More than 3 adjacent zinc finger factors
MA0699.1	Q6XYB7	Homo sapiens	9606	NK-related factors
MA0700.1	P50458	Homo sapiens	9606	HD-LIM factors
MA0701.1	Q9NQ69	Homo sapiens	9606	HD-LIM factors
MA0702.1	Q8TE12	Homo sapiens	9606	HD-LIM factors
MA0703.1	O60663	Homo sapiens	9606	HD-LIM factors
MA0704.1	P53776	Mus musculus	10090	HD-LIM factors
MA0705.1	O35652	Mus musculus	10090	HD-LIM factors
MA0706.1	Q6FHY5	Homo sapiens	9606	HOX-related factors
MA0707.1	P50219	Homo sapiens	9606	HOX-related factors
MA0708.1	P35548	Homo sapiens	9606	NK-related factors
MA0709.1	P70354	Mus musculus	10090	NK-related factors
MA0710.1	A8MTQ0	Homo sapiens	9606	NK-related factors
MA0711.1	P32242	Homo sapiens	9606	Paired-related HD factors
MA0712.1	P32243	Homo sapiens	9606	Paired-related HD factors
MA0713.1	O14813	Homo sapiens	9606	Paired-related HD factors
MA0714.1	O75364	Homo sapiens	9606	Paired-related HD factors
MA0715.1	O75360	Homo sapiens	9606	Paired-related HD factors
MA0716.1	P54821	Homo sapiens	9606	Paired-related HD factors
MA0717.1	Q96IS3	Homo sapiens	9606	Paired-related HD factors
MA0718.1	Q9Y2V3	Homo sapiens	9606	Paired-related HD factors
MA0719.1	Q8NHV9	Homo sapiens	9606	Paired-related HD factors
MA0720.1	P70390	Mus musculus	10090	Paired-related HD factors
MA0721.1	A6NJT0	Homo sapiens	9606	Paired-related HD factors
MA0722.1	Q5SQQ9	Homo sapiens	9606	NK-related factors
MA0723.1	Q9UIW0	Homo sapiens	9606	NK-related factors
MA0724.1	O95231	Homo sapiens	9606	NK-related factors
MA0725.1	Q9NZR4	Homo sapiens	9606	Paired-related HD factors
MA0726.1	P58304	Homo sapiens	9606	Paired-related HD factors
MA0727.1	P08235	Homo sapiens	9606	Steroid hormone receptors (NR3)
MA0728.1	P43136	Mus musculus	10090	RXR-related receptors (NR2)
MA0729.1	P10276	Homo sapiens	9606	Thyroid hormone receptor-related factors (NR1)
MA0730.1	P10276	Homo sapiens	9606	Thyroid hormone receptor-related factors (NR1)
MA0731.1	A8KA13	Homo sapiens	9606	More than 3 adjacent zinc finger factors
MA0732.1	Q06889	Homo sapiens	9606	Three-zinc finger Krüppel-related factors
MA0733.1	Q05215	Homo sapiens	9606	Three-zinc finger Krüppel-related factors
MA0734.1	P10070	Homo sapiens	9606	More than 3 adjacent zinc finger factors
MA0735.1	Q8NBF1	Homo sapiens	9606	More than 3 adjacent zinc finger factors
MA0736.1	Q9BZE0	Homo sapiens	9606	More than 3 adjacent zinc finger factors
MA0737.1	Q8NEA6	Homo sapiens	9606	More than 3 adjacent zinc finger factors
MA0738.1	Q96JB3	Homo sapiens	9606	Factors with multiple dispersed zinc fingers
MA0739.1	Q9R1Y5	Mus musculus	10090	Factors with multiple dispersed zinc fingers
MA0740.1	Q8TD94	Homo sapiens	9606	Three-zinc finger Krüppel-related factors
MA0741.1	Q9BXK1	Homo sapiens	9606	Three-zinc finger Krüppel-related factors
MA0742.1	O35738	Mus musculus	10090	Three-zinc finger Krüppel-related factors
MA0743.1	Q9BWW7	Homo sapiens	9606	More than 3 adjacent zinc finger factors
MA0744.1	Q9NQ03	Homo sapiens	9606	More than 3 adjacent zinc finger factors
MA0745.1	O43623	Homo sapiens	9606	More than 3 adjacent zinc finger factors
MA0746.1	Q02447	Homo sapiens	9606	Three-zinc finger Krüppel-related factors
MA0747.1	Q8IXZ3	Homo sapiens	9606	Three-zinc finger Krüppel-related factors
MA0748.1	O15391	Homo sapiens	9606	More than 3 adjacent zinc finger factors
MA0749.1	O96006	Homo sapiens	9606	BED zinc finger factors
MA0750.2	O95365	Homo sapiens	9606	More than 3 adjacent zinc finger factors
MA0751.1	Q8N9L1	Homo sapiens	9606	More than 3 adjacent zinc finger factors
MA0752.1	Q86VK4	Homo sapiens	9606	More than 3 adjacent zinc finger factors
MA0753.1	Q8NDX6	Homo sapiens	9606	Other factors with up to three adjacent zinc fingers
MA0754.1	P39880	Homo sapiens	9606	HD-CUT factors
MA0755.1	O14529	Homo sapiens	9606	HD-CUT factors
MA0756.1	O95948	Homo sapiens	9606	HD-CUT factors
MA0757.1	O60422	Homo sapiens	9606	HD-CUT factors
MA0758.1	Q96AV8	Homo sapiens	9606	E2F-related factors
MA0759.1	P41970	Homo sapiens	9606	Ets-related factors
MA0760.1	P50548	Homo sapiens	9606	Ets-related factors
MA0761.1	P50549	Homo sapiens	9606	Ets-related factors
MA0762.1	Q3KNT2	Homo sapiens	9606	Ets-related factors
MA0763.1	P41162	Homo sapiens	9606	Ets-related factors
MA0764.1	P43268	Homo sapiens	9606	Ets-related factors
MA0765.1	P41161	Homo sapiens	9606	Ets-related factors
MA0766.1	Q9BWX5	Homo sapiens	9606	GATA-type zinc fingers
MA0767.1	O75603	Homo sapiens	9606	GCM factors
MA0768.1	Q9UJU2	Homo sapiens	9606	TCF-7-related factors
MA0769.1	Q00417	Mus musculus	10090	TCF-7-related factors
MA0770.1	Q03933	Homo sapiens	9606	HSF factors
MA0771.1	Q9ULV5	Homo sapiens	9606	HSF factors
MA0772.1	Q92985	Homo sapiens	9606	Interferon-regulatory factors
MA0773.1	Q05BX2	Homo sapiens	9606	Regulators of differentiation
MA0774.1	O14770	Homo sapiens	9606	TALE-type homeo domain factors
MA0775.1	Q99687	Homo sapiens	9606	TALE-type homeo domain factors
MA0776.1	P10243	Homo sapiens	9606	Myb/SANT domain factors
MA0777.1	P10244	Homo sapiens	9606	Myb/SANT domain factors
MA0778.1	Q00653	Homo sapiens	9606	NF-kappaB-related factors
MA0779.1	P15863	Homo sapiens	9606	Paired domain only
MA0780.1	P23760	Homo sapiens	9606	Paired plus homeo domain
MA0781.1	P55771	Homo sapiens	9606	Paired domain only
MA0782.1	P55347	Homo sapiens	9606	TALE-type homeo domain factors
MA0783.1	Q96KN3	Homo sapiens	9606	TALE-type homeo domain factors
MA0784.1	P28069	Homo sapiens	9606	POU domain factors
MA0785.1	P14859	Homo sapiens	9606	POU domain factors
MA0786.1	Q03052	Homo sapiens	9606	POU domain factors
MA0787.1	P20265	Homo sapiens	9606	POU domain factors
MA0788.1	P20264	Homo sapiens	9606	POU domain factors
MA0789.1	P49335	Homo sapiens	9606	POU domain factors
MA0790.1	Q01851	Homo sapiens	9606	POU domain factors
MA0791.1	Q15319	Homo sapiens	9606	POU domain factors
MA0792.1	Q06416	Homo sapiens	9606	POU domain factors
MA0793.1	P78424	Homo sapiens	9606	POU domain factors
MA0794.1	Q92786	Homo sapiens	9606	HD-PROS factors
MA0795.1	P84022	Homo sapiens	9606	SMAD factors
MA0796.1	Q15583	Homo sapiens	9606	TALE-type homeo domain factors
MA0797.1	Q9GZN2	Homo sapiens	9606	TALE-type homeo domain factors
MA0798.1	P48380	Homo sapiens	9606	RFX-related factors
MA0799.1	Q33E94	Homo sapiens	9606	RFX-related factors
MA0800.1	O95936	Homo sapiens	9606	TBrain-related factors
MA0801.1	Q8IWI9	Homo sapiens	9606	TBX6-related factors
MA0802.1	Q16650	Homo sapiens	9606	TBrain-related factors
MA0803.1	Q96SF7	Homo sapiens	9606	TBX1-related factors
MA0804.1	O60806	Homo sapiens	9606	Brachyury-related factors
MA0805.1	O43435	Homo sapiens	9606	TBX1-related factors
MA0806.1	P57082	Homo sapiens	9606	TBX2-related factors
MA0807.1	Q99593	Homo sapiens	9606	TBX2-related factors
MA0808.1	Q99594	Homo sapiens	9606	TEF-1-related factors
MA0809.1	Q15561	Homo sapiens	9606	TEF-1-related factors
MA0810.1	P05549	Homo sapiens	9606	AP-2
MA0811.1	Q92481	Homo sapiens	9606	AP-2
MA0812.1	Q92481	Homo sapiens	9606	AP-2
MA0813.1	Q92481	Homo sapiens	9606	AP-2
MA0814.1	Q92754	Homo sapiens	9606	AP-2
MA0815.1	Q92754	Homo sapiens	9606	AP-2
MA0816.1	O35885	Mus musculus	10090	MyoD / ASC-related factors
MA0817.1	Q8NDY6	Homo sapiens	9606	Tal-related factors
MA0818.1	Q8NFJ8	Homo sapiens	9606	Tal-related factors
MA0819.1	O15516	Homo sapiens	9606	PAS domain factors
MA0820.1	Q6QHK4	Homo sapiens	9606	Tal-related factors
MA0821.1	Q5TA89	Homo sapiens	9606	Hairy-related factors
MA0822.1	Q9BYE0	Homo sapiens	9606	Hairy-related factors
MA0823.1	Q9Y5J3	Homo sapiens	9606	Hairy-related factors
MA0824.1	P47928	Homo sapiens	9606	HLH domain only
MA0825.1	Q99583	Homo sapiens	9606	bHLH-ZIP factors
MA0826.1	Q8TAK6	Homo sapiens	9606	Tal-related factors
MA0827.1	Q7RTU3	Homo sapiens	9606	Tal-related factors
MA0828.1	Q12772	Homo sapiens	9606	bHLH-ZIP factors
MA0829.1	Q9WTN3	Mus musculus	10090	bHLH-ZIP factors
MA0830.1	P15884	Homo sapiens	9606	E2A-related factors
MA0831.2	P19532  	Homo sapiens	9606	bHLH-ZIP factors
MA0832.1	O35437	Mus musculus	10090	Tal-related factors
MA0833.1	P18848	Homo sapiens	9606	ATF-4-related factors
MA0834.1	P17544	Homo sapiens	9606	Jun-related factors
MA0835.1	Q9NR55	Homo sapiens	9606	B-ATF-related factors
MA0836.1	P49716	Homo sapiens	9606	C/EBP-related
MA0837.1	Q15744	Homo sapiens	9606	C/EBP-related
MA0838.1	P53567	Homo sapiens	9606	C/EBP-related
MA0839.1	Q96BA8	Homo sapiens	9606	CREB-related factors
MA0840.1	Q8K1L0	Mus musculus	10090	CREB-related factors
MA0841.1	Q16621	Homo sapiens	9606	Jun-related factors
MA0842.1	P54845	Homo sapiens	9606	Maf-related factors
MA0843.1	Q10587	Homo sapiens	9606	TEF-1-related factors
MA0844.1	P17861	Homo sapiens	9606	XBP-1-related factors
MA0845.1	Q99853	Homo sapiens	9606	Forkhead box (FOX) factors
MA0846.1	Q99958	Homo sapiens	9606	Forkhead box (FOX) factors
MA0847.1	O60548	Homo sapiens	9606	Forkhead box (FOX) factors
MA0848.1	P98177	Homo sapiens	9606	Forkhead box (FOX) factors
MA0849.1	A8MYZ6	Homo sapiens	9606	Forkhead box (FOX) factors
MA0850.1	B7ZLG1	Homo sapiens	9606	Forkhead box (FOX) factors
MA0851.1	Q8BUR3	Mus musculus	10090	Forkhead box (FOX) factors
MA0852.2	P85037	Homo sapiens	9606	Forkhead box (FOX) factors
MA0853.1	O35137	Mus musculus	10090	Paired-related HD factors
MA0854.1	Q8C8B0	Mus musculus	10090	Paired-related HD factors
MA0855.1	P28702	Homo sapiens	9606	RXR-related receptors (NR2)
MA0856.1	P48443	Homo sapiens	9606	RXR-related receptors (NR2)
MA0857.1	P22605	Mus musculus	10090	Thyroid hormone receptor-related factors (NR1)
MA0858.1	P22605	Mus musculus	10090	Thyroid hormone receptor-related factors (NR1)
MA0859.1	P18911	Mus musculus	10090	Thyroid hormone receptor-related factors (NR1)
MA0860.1	P18911	Mus musculus	10090	Thyroid hormone receptor-related factors (NR1)
MA0861.1	O15350	Homo sapiens	9606	p53-related factors
MA0862.1	Q9UKD1	Homo sapiens	9606	GMEB
MA0863.1	Q14872	Homo sapiens	9606	More than 3 adjacent zinc finger factors
MA0864.1	Q14209	Homo sapiens	9606	E2F-related factors
MA0865.1	A0AVK6	Homo sapiens	9606	E2F-related factors
MA0866.1	Q9Y651	Homo sapiens	9606	SOX-related factors
MA0867.1	Q06945	Homo sapiens	9606	SOX-related factors
MA0868.1	P57073	Homo sapiens	9606	SOX-related factors
MA0869.1	Q7M6Y2	Mus musculus	10090	SOX-related factors
MA0870.1	P53783	Mus musculus	10090	SOX-related factors
MA0871.1	O14948	Homo sapiens	9606	bHLH-ZIP factors
MA0872.1	P05549	Homo sapiens	9606	AP-2
MA0873.1	P35452	Homo sapiens	9606	HOX-related factors
MA0874.1	O35085	Mus musculus	10090	Paired-related HD factors
MA0875.1	Q9HBU1	Homo sapiens	9606	NK-related factors
MA0876.1	Q3C1V8	Homo sapiens	9606	NK-related factors
MA0877.1	P63157	Mus musculus	10090	NK-related factors
MA0878.1	P47902	Homo sapiens	9606	HOX-related factors
MA0879.1	Q64317	Mus musculus	10090	NK-related factors
MA0880.1	Q64205	Mus musculus	10090	NK-related factors
MA0881.1	P70436	Mus musculus	10090	NK-related factors
MA0882.1	P56179	Homo sapiens	9606	NK-related factors
MA0883.1	Q91ZK4	Mus musculus	10090	Paired-related HD factors
MA0884.1	A6NLW8	Homo sapiens	9606	Paired-related HD factors
MA0885.1	P40764	Mus musculus	10090	NK-related factors
MA0886.1	Q04743	Homo sapiens	9606	NK-related factors
MA0887.1	P49640	Homo sapiens	9606	HOX-related factors
MA0888.1	Q03828	Homo sapiens	9606	HOX-related factors
MA0889.1	Q14549	Homo sapiens	9606	HOX-related factors
MA0890.1	P52951	Homo sapiens	9606	HOX-related factors
MA0891.1	O15499	Homo sapiens	9606	Paired-related HD factors
MA0892.1	A4IFQ3	Homo sapiens	9606	HOX-related factors
MA0893.1	Q9BZM3	Homo sapiens	9606	HOX-related factors
MA0894.1	Q9UBX0	Homo sapiens	9606	Paired-related HD factors
MA0895.1	Q6NT76	Homo sapiens	9606	POU domain factors
MA0896.1	O70218	Mus musculus	10090	NK-related factors
MA0897.1	P43687	Mus musculus	10090	NK-related factors
MA0898.1	P42581	Mus musculus	10090	NK-related factors
MA0899.1	P31260	Homo sapiens	9606	HOX-related factors
MA0900.1	O43364	Homo sapiens	9606	HOX-related factors
MA0901.1	Q92826	Homo sapiens	9606	HOX-related factors
MA0902.1	P14652	Homo sapiens	9606	HOX-related factors
MA0903.1	P14651	Homo sapiens	9606	HOX-related factors
MA0904.1	P09079	Mus musculus	10090	HOX-related factors
MA0905.1	Q9NYD6	Homo sapiens	9606	HOX-related factors
MA0906.1	P31275	Homo sapiens	9606	HOX-related factors
MA0907.1	P31276	Homo sapiens	9606	HOX-related factors
MA0908.1	P31277	Homo sapiens	9606	HOX-related factors
MA0909.1	P35453	Homo sapiens	9606	HOX-related factors
MA0910.1	P23463	Mus musculus	10090	HOX-related factors
MA0911.1	P31270	Mus musculus	10090	HOX-related factors
MA0912.1	P09027	Mus musculus	10090	HOX-related factors
MA0913.1	P28357	Mus musculus	10090	HOX-related factors
MA0914.1	Q96A47	Homo sapiens	9606	HD-LIM factors
MA0915.1	Q9W268	Drosophila melanogaster	7227	Unknown
MA0916.1	P29776	Drosophila melanogaster	7227	Ets-related factors
MA0917.1	Q9VLA2	Drosophila melanogaster	7227	GCM factors
MA0918.1	A8WL06	Caenorhabditis briggsae	6238	TALE-type homeo domain factors
MA0919.1	A8X4D9	Caenorhabditis briggsae	6238	Unknown
MA0920.1	A8XJN7	Caenorhabditis briggsae	6238	Forkhead box (FOX) factors
MA0921.1	O45080	Caenorhabditis elegans	6239	HD-CUT factors
MA0922.1	Q94126	Caenorhabditis elegans	6239	Unknown
MA0923.1	G5EEA1	Caenorhabditis elegans	6239	HD-LIM factors
MA0924.1	P34766	Caenorhabditis elegans	6239	HOX-related factors
MA0925.1	P45897	Caenorhabditis elegans	6239	SMAD factors
MA0926.1	P13528	Caenorhabditis elegans	6239	POU domain factors
MA0927.1	Q93899	Caenorhabditis elegans	6239	HOX-related factors
MA0928.1	V6CLN5	Caenorhabditis elegans	6239	Unknown
MA0929.1	Q7RY86	Neurospora crassa	5141	Forkhead box (FOX) factors
MA0930.1	Q9M7Q3	Arabidopsis thaliana	3702	Unknown
MA0931.1	Q9SJN0	Arabidopsis thaliana	3702	Unknown
MA0932.1	Q8LPN5	Arabidopsis thaliana	3702	HMGA factors
MA0933.1	Q8GWQ2	Arabidopsis thaliana	3702	HMGA factors
MA0934.1	Q6DBQ1	Arabidopsis thaliana	3702	HMGA factors
MA0935.1	Q8GY42	Arabidopsis thaliana	3702	Unknown
MA0936.1	Q9SQQ6	Arabidopsis thaliana	3702	Unknown
MA0937.1	Q9LDY8	Arabidopsis thaliana	3702	Unknown
MA0938.1	Q9LS50	Arabidopsis thaliana	3702	Unknown
MA0939.1	Q9FLR3	Arabidopsis thaliana	3702	Unknown
MA0940.1	P35631	Arabidopsis thaliana	3702	Unknown
MA0941.1	Q9M7Q4	Arabidopsis thaliana	3702	Unknown
MA0942.1	Q8L7G0	Arabidopsis thaliana	3702	Unknown
MA0943.1	P93024	Arabidopsis thaliana	3702	Unknown
MA0944.1	Q9FGV1	Arabidopsis thaliana	3702	Unknown
MA0945.1	Q940D0	Arabidopsis thaliana	3702	Myb/SANT domain factors
MA0946.1	Q9FXD6	Arabidopsis thaliana	3702	Myb/SANT domain factors
MA0947.1	Q8L9Y3	Arabidopsis thaliana	3702	Myb/SANT domain factors
MA0948.1	Q9FGT7	Arabidopsis thaliana	3702	Myb/SANT domain factors
MA0949.1	Q9ZWJ9	Arabidopsis thaliana	3702	Myb/SANT domain factors
MA0950.1	Q9M276	Arabidopsis thaliana	3702	HD-ZIP factors
MA0951.1	Q940J1	Arabidopsis thaliana	3702	HD-ZIP factors
MA0952.1	Q9LZR0	Arabidopsis thaliana	3702	HD-ZIP factors
MA0953.1	P46668	Arabidopsis thaliana	3702	HD-ZIP factors
MA0954.2	P46897	Arabidopsis thaliana	3702	Unknown
MA0955.1	B9GPL8	Populus trichocarpa	3694	Unknown
MA0956.1	Q93VJ4	Arabidopsis thaliana	3702	Unknown
MA0957.1	O23487	Arabidopsis thaliana	3702	Unknown
MA0958.1	Q9LNJ5	Arabidopsis thaliana	3702	Unknown
MA0959.1	Q9ZPY8	Arabidopsis thaliana	3702	Unknown
MA0960.1	Q8L467	Arabidopsis thaliana	3702	Unknown
MA0961.1	Q94JL3	Oryza sativa Japonica Group	39947	Unknown
MA0962.1	Q9LTC7	Arabidopsis thaliana	3702	Unknown
MA0963.1	Q9FJL4	Arabidopsis thaliana	3702	Unknown
MA0964.1	Q9LEZ3	Arabidopsis thaliana	3702	Unknown
MA0965.1	Q9CAA4	Arabidopsis thaliana	3702	Unknown
MA0966.1	Q9FMB6	Arabidopsis thaliana	3702	Unknown
MA0967.1	Q9C7S0	Arabidopsis thaliana	3702	Unknown
MA0968.1	Q84LG2	Arabidopsis thaliana	3702	Unknown
MA0969.1	Q6NPP4	Arabidopsis thaliana	3702	Unknown
MA0970.1	Q8GSA7	Arabidopsis thaliana	3702	Unknown
MA0971.1	Q9M0L0	Arabidopsis thaliana	3702	Unknown
MA0972.1	P92973	Arabidopsis thaliana	3702	Myb/SANT domain factors
MA0973.1	Q93ZL5	Arabidopsis thaliana	3702	Dof-type
MA0974.1	Q8LFV3	Arabidopsis thaliana	3702	Dof-type
MA0975.1	Q9SUQ2	Arabidopsis thaliana	3702	Unknown
MA0976.1	Q9SUE3	Arabidopsis thaliana	3702	Unknown
MA0977.1	Q9ZPY0	Arabidopsis thaliana	3702	Dof-type
MA0978.1	Q9SGJ6	Arabidopsis thaliana	3702	Unknown
MA0979.1	O22174	Arabidopsis thaliana	3702	Unknown
MA0980.1	Q9SW63	Arabidopsis thaliana	3702	Unknown
MA0981.1	Q84JQ8	Arabidopsis thaliana	3702	Dof-type
MA0982.1	O80928	Arabidopsis thaliana	3702	Dof-type
MA0983.1	Q9FM03	Arabidopsis thaliana	3702	Dof-type
MA0984.1	Q9LSL6	Arabidopsis thaliana	3702	Dof-type
MA0985.1	Q9SYS6	Arabidopsis thaliana	3702	AP2 MBD_like
MA0986.1	Q8LFR2	Arabidopsis thaliana	3702	Unknown
MA0987.1	A9T5V8	Physcomitrella patens	3218	Dof-type
MA0988.1	A9TDF9	Physcomitrella patens	3218	Unknown
MA0989.1	A9TZW5	Physcomitrella patens	3218	Dof-type
MA0990.1	Q9FX31	Arabidopsis thaliana	3702	HD-ZIP factors
MA0992.1	O80340	Arabidopsis thaliana	3702	Unknown
MA0993.1	Q9LDE4	Arabidopsis thaliana	3702	Unknown
MA0994.1	Q9MAI5	Arabidopsis thaliana	3702	Unknown
MA0995.1	Q9SUK8	Arabidopsis thaliana	3702	Unknown
MA0996.1	Q9M080	Arabidopsis thaliana	3702	Unknown
MA0997.1	Q8W4I5	Arabidopsis thaliana	3702	Unknown
MA0998.1	Q9LSX0	Arabidopsis thaliana	3702	Unknown
MA0999.1	Q9LTC5	Arabidopsis thaliana	3702	Unknown
MA1000.2	Q8VY90	Arabidopsis thaliana	3702	Unknown
MA1001.1	Q9C5I3	Arabidopsis thaliana	3702	Unknown
MA1002.1	P93007	Arabidopsis thaliana	3702	Unknown
MA1004.1	Q8L9K1	Arabidopsis thaliana	3702	Unknown
MA1005.1	O80339	Arabidopsis thaliana	3702	Unknown
MA1006.1	Q8VZ91	Arabidopsis thaliana	3702	Unknown
MA1007.1	A9U3V6	Physcomitrella patens	3218	Unknown
MA1008.1	A9S898	Physcomitrella patens	3218	Unknown
MA1009.1	O23661	Arabidopsis thaliana	3702	Unknown
MA1010.1	A9RC32	Physcomitrella patens	3218	Unknown
MA1011.1	A9RZ73	Physcomitrella patens	3218	Unknown
MA1012.1	Q9AT76	Arabidopsis thaliana	3702	Unknown
MA1013.1	Q8VZP4	Arabidopsis thaliana	3702	GATA-type zinc fingers
MA1014.1	Q6DBP8	Arabidopsis thaliana	3702	GATA-type zinc fingers
MA1015.1	P69781	Arabidopsis thaliana	3702	GATA-type zinc fingers
MA1016.1	Q8LG10	Arabidopsis thaliana	3702	GATA-type zinc fingers
MA1017.1	Q9SV30	Arabidopsis thaliana	3702	GATA-type zinc fingers
MA1018.1	O82632	Arabidopsis thaliana	3702	GATA-type zinc fingers
MA1019.1	I1N7U7	Glycine max	3847	TCP domain
MA1020.1	Q9FX53	Arabidopsis thaliana	3702	Trihelix
MA1021.1	A9TN45	Physcomitrella patens	3218	Unknown
MA1022.1	A9TZG0	Physcomitrella patens	3218	Dof-type
MA1023.1	A9RGN0	Physcomitrella patens	3218	Unknown
MA1024.1	P46600	Arabidopsis thaliana	3702	HD-ZIP factors
MA1025.1	Q9ZPW3	Arabidopsis thaliana	3702	Unknown
MA1026.2	Q9ZU11	Arabidopsis thaliana	3702	HD-ZIP factors
MA1027.1	Q93WJ9	Arabidopsis thaliana	3702	Myb/SANT domain factors
MA1028.1	Q9FJV5	Arabidopsis thaliana	3702	Myb/SANT domain factors
MA1030.1	Q5N9C9	Oryza sativa Japonica Group	39947	Myb/SANT domain factors
MA1031.1	Q6H878	Oryza sativa Japonica Group	39947	TCP domain
MA1032.1	Q6EP77	Oryza sativa Japonica Group	39947	Unknown
MA1033.1	Q75HX9	Oryza sativa Japonica Group	39947	Unknown
MA1034.1	Q75K84	Oryza sativa Japonica Group	39947	Unknown
MA1035.1	Q8LPR5	Arabidopsis thaliana	3702	TCP domain
MA1036.1	Q9FJ07	Arabidopsis thaliana	3702	Myb/SANT domain factors
MA1037.1	Q9SPG9	Arabidopsis thaliana	3702	Myb/SANT domain factors
MA1038.1	Q9S9K9	Arabidopsis thaliana	3702	Myb/SANT domain factors
MA1039.1	Q9SZP1	Arabidopsis thaliana	3702	Myb/SANT domain factors
MA1040.1	Q9LXV2	Arabidopsis thaliana	3702	Myb/SANT domain factors
MA1041.1	Q9M118	Arabidopsis thaliana	3702	Myb/SANT domain factors
MA1042.1	Q4JL84	Arabidopsis thaliana	3702	Myb/SANT domain factors
MA1043.1	Q9FY93	Arabidopsis thaliana	3702	Unknown
MA1044.1	Q9FKA0	Arabidopsis thaliana	3702	Unknown
MA1045.1	Q84WP6	Arabidopsis thaliana	3702	Unknown
MA1046.1	F4JN35	Arabidopsis thaliana	3702	Unknown
MA1047.1	Q39163	Arabidopsis thaliana	3702	Unknown
MA1048.1	Q9S7L5	Arabidopsis thaliana	3702	Unknown
MA1049.1	Q9LND1	Arabidopsis thaliana	3702	Unknown
MA1050.1	A2X7K8	Oryza sativa Indica Group	39946	TCP domain
MA1051.1	P42736	Arabidopsis thaliana	3702	Unknown
MA1052.1	Q7G1L2	Arabidopsis thaliana	3702	Unknown
MA1053.1	Q9SZ06	Arabidopsis thaliana	3702	Unknown
MA1054.1	D7L3Y2	Arabidopsis lyrata subsp. lyrata	81972	TCP domain
MA1055.1	Q9SMX9	Arabidopsis thaliana	3702	Unknown
MA1056.1	Q9FZK0	Arabidopsis thaliana	3702	Unknown
MA1057.1	Q9S7P5	Arabidopsis thaliana	3702	Unknown
MA1058.1	Q9S7A9	Arabidopsis thaliana	3702	Unknown
MA1059.2	Q9S758	Arabidopsis thaliana	3702	Unknown
MA1060.1	Q8S9G8	Arabidopsis thaliana	3702	Unknown
MA1061.1	Q9FUA4	Arabidopsis thaliana	3702	Unknown
MA1062.1	Q9C9L2	Arabidopsis thaliana	3702	TCP domain
MA1063.1	Q9LT89	Arabidopsis thaliana	3702	TCP domain
MA1064.1	Q93V43	Arabidopsis thaliana	3702	TCP domain
MA1065.1	Q9LSD5	Arabidopsis thaliana	3702	TCP domain
MA1066.1	Q9LQF0	Arabidopsis thaliana	3702	TCP domain
MA1067.1	Q9FME3	Arabidopsis thaliana	3702	TCP domain
MA1068.1	P43273	Arabidopsis thaliana	3702	Unknown
MA1069.1	Q39140	Arabidopsis thaliana	3702	Unknown
MA1070.1	Q93ZE2	Arabidopsis thaliana	3702	Unknown
MA1071.1	Q84TE9	Arabidopsis thaliana	3702	Dof-type
MA1073.1	Q9FJW5	Arabidopsis thaliana	3702	Myb/SANT domain factors
MA1074.1	Q8GZ38	Arabidopsis thaliana	3702	Unknown
MA1075.1	Q93WY4	Arabidopsis thaliana	3702	Unknown
MA1076.1	O22176	Arabidopsis thaliana	3702	Unknown
MA1077.1	Q9C5T4	Arabidopsis thaliana	3702	Unknown
MA1078.1	Q9FG77	Arabidopsis thaliana	3702	Unknown
MA1079.1	O04336	Arabidopsis thaliana	3702	Unknown
MA1080.1	O22900	Arabidopsis thaliana	3702	Unknown
MA1081.1	O22921	Arabidopsis thaliana	3702	Unknown
MA1083.1	Q9FL62	Arabidopsis thaliana	3702	Unknown
MA1084.1	Q8GWF1	Arabidopsis thaliana	3702	Unknown
MA1085.2	Q9SAH7	Arabidopsis thaliana	3702	Unknown
MA1086.1	Q8GY11	Arabidopsis thaliana	3702	Unknown
MA1087.1	Q9S763	Arabidopsis thaliana	3702	Unknown
MA1088.1	Q9FGZ4	Arabidopsis thaliana	3702	Unknown
MA1089.1	Q9C983	Arabidopsis thaliana	3702	Unknown
MA1090.1	Q9SK33	Arabidopsis thaliana	3702	Unknown
MA1091.1	Q9LZV6	Arabidopsis thaliana	3702	Unknown
MA1092.1	Q9C6H5	Arabidopsis thaliana	3702	Unknown
MA1093.1	Q9FYA2	Arabidopsis thaliana	3702	Unknown
MA1094.1	Q9FL26	Arabidopsis thaliana	3702	Unknown
MA1095.1	D7MRK3	Arabidopsis lyrata subsp. lyrata	81972	TCP domain
MA1096.1	D7MUG0	Arabidopsis lyrata subsp. lyrata	81972	TCP domain
MA1097.1	D7MCT1	Arabidopsis lyrata subsp. lyrata	81972	TCP domain
MA1098.1	D7LRC3	Arabidopsis lyrata subsp. lyrata	81972	TCP domain
MA1099.1	P35428	Mus musculus	10090	Hairy-related factors
MA1100.1	P50553	Homo sapiens	9606	MyoD / ASC-related factors
MA1101.1	Q9BYV9	Homo sapiens	9606	Jun-related factors
MA1102.1	Q8NI51	Homo sapiens	9606	More than 3 adjacent zinc finger factors
MA1103.1	Q01167	Homo sapiens	9606	Forkhead box (FOX) factors
MA1104.1	Q92908	Homo sapiens	9606	GATA-type zinc fingers
MA1105.1	Q6ISB3	Homo sapiens	9606	Grainyhead-related factors
MA1106.1	Q16665	Homo sapiens	9606	PAS domain factors
MA1107.1	Q13886	Homo sapiens	9606	Three-zinc finger Kruppel-related factors
MA1108.1	P50539	Homo sapiens	9606	bHLH-ZIP factors
MA1109.1	Q13562	Homo sapiens	9606	Tal-related factors
MA1110.1	Q96RI1	Homo sapiens	9606	Thyroid hormone receptor-related factors (NR1)
MA1111.1	P24468	Homo sapiens	9606	RXR-related receptors (NR2)
MA1112.1	P22736	Homo sapiens	9606	NGFI-B-related receptors (NR4)
MA1113.1	P40425	Homo sapiens	9606	TALE-type homeo domain factors
MA1114.1	P40426	Homo sapiens	9606	TALE-type homeo domain factors
MA1115.1	Q01860	Homo sapiens	9606	POU domain factors
MA1116.1	Q06330	Homo sapiens	9606	CSL-related factors
MA1117.1	Q01201	Homo sapiens	9606	NF-kappaB-related factors
MA1118.1	Q15475	Homo sapiens	9606	HD-SINE factors
MA1119.1	Q9NPC8	Homo sapiens	9606	HD-SINE factors
MA1120.1	Q9UN79	Homo sapiens	9606	SOX-related factors
MA1121.1	Q15562	Homo sapiens	9606	TEF-1-related factors
MA1122.1	Q14186	Homo sapiens	9606	E2F-related factors
MA1123.1	Q15672	Homo sapiens	9606	Tal-related factors
MA1124.1	P17028	Homo sapiens	9606	More than 3 adjacent zinc finger factors
MA1125.1	Q8TF68	Homo sapiens	9606	More than 3 adjacent zinc finger factors
MA1126.1	P01100	Homo sapiens	9606	Fos-related factors
MA1127.1	P53539	Homo sapiens	9606	Fos-related factors
MA1128.1	P15407	Homo sapiens	9606	Fos-related factors
MA1129.1	P15407	Homo sapiens	9606	Fos-related factors
MA1130.1	P15408	Homo sapiens	9606	Fos-related factors
MA1131.1	P15408	Homo sapiens	9606	Fos-related factors
MA1132.1	P05412	Homo sapiens	9606	Jun-related factors
MA1133.1	P05412	Homo sapiens	9606	Jun-related factors
MA1134.1	P01100	Homo sapiens	9606	Fos-related factors
MA1135.1	P53539	Homo sapiens	9606	Fos-related factors
MA1136.1	P53539	Homo sapiens	9606	Fos-related factors
MA1137.1	P15407	Homo sapiens	9606	Fos-related factors
MA1138.1	P15408	Homo sapiens	9606	Fos-related factors
MA1139.1	P15408	Homo sapiens	9606	Fos-related factors
MA1140.1	P17275	Homo sapiens	9606	Jun-related factors
MA1141.1	P01100	Homo sapiens	9606	Fos-related factors
MA1142.1	P15407	Homo sapiens	9606	Fos-related factors
MA1143.1	P15407	Homo sapiens	9606	Fos-related factors
MA1144.1	P15408	Homo sapiens	9606	Fos-related factors
MA1145.1	P15408	Homo sapiens	9606	Fos-related factors
MA1146.1	Q96RI1	Homo sapiens	9606	Thyroid hormone receptor-related factors (NR1)
MA1147.1	P43354	Homo sapiens	9606	NGFI-B-related receptors (NR4)
MA1148.1	Q07869	Homo sapiens	9606	Thyroid hormone receptor-related factors (NR1)
MA1149.1	P10276	Homo sapiens	9606	Thyroid hormone receptor-related factors (NR1)
MA1150.1	Q92753	Homo sapiens	9606	Thyroid hormone receptor-related factors (NR1)
MA1151.1	P51449	Homo sapiens	9606	Thyroid hormone receptor-related factors (NR1)
MA1152.1	O60248	Homo sapiens	9606	SOX-related factors
MA1153.1	P97471	Mus musculus	10090	SMAD factors
MA1154.1	Q9UDV7	Homo sapiens	9606	More than 3 adjacent zinc finger factors
MA1155.1	Q8NAM6	Homo sapiens	9606	More than 3 adjacent zinc finger factors
MA1156.1	Q700D2	Arabidopsis thaliana	3702	Unknown
MA1157.1	Q9FFH3	Arabidopsis thaliana	3702	Unknown
MA1158.1	Q9ZWA6	Arabidopsis thaliana	3702	Unknown
MA1159.1	F4IPE3	Arabidopsis thaliana	3702	Unknown
MA1160.1	Q8RWX7	Arabidopsis thaliana	3702	Unknown
MA1161.1	Q9LUI3	Arabidopsis thaliana	3702	CPP
MA1162.1	F4JIF5	Arabidopsis thaliana	3702	CPP
MA1163.1	C0SVS4	Arabidopsis thaliana	3702	G2like
MA1164.1	F4JRB0	Arabidopsis thaliana	3702	G2like
MA1165.1	Q9FX84	Arabidopsis thaliana	3702	G2like
MA1166.1	Q8VYI2	Arabidopsis thaliana	3702	G2like
MA1167.1	Q9ZQ85	Arabidopsis thaliana	3702	G2like
MA1168.1	Q9SQQ9	Arabidopsis thaliana	3702	G2like
MA1169.1	Q9SEZ4	Arabidopsis thaliana	3702	Myb
MA1170.1	Q9LVW4	Arabidopsis thaliana	3702	Myb
MA1171.1	Q6R0C4	Arabidopsis thaliana	3702	Myb
MA1172.1	Q6R032	Arabidopsis thaliana	3702	Myb
MA1173.1	O80883	Arabidopsis thaliana	3702	Myb
MA1174.1	Q6R053	Arabidopsis thaliana	3702	Myb
MA1175.1	Q9SLH1	Arabidopsis thaliana	3702	Myb
MA1176.1	Q9FIM4	Arabidopsis thaliana	3702	Myb
MA1177.1	Q9FR97	Arabidopsis thaliana	3702	Myb
MA1178.1	Q9S7G7	Arabidopsis thaliana	3702	Myb
MA1179.1	Q42575	Arabidopsis thaliana	3702	Myb
MA1180.1	Q94FL9	Arabidopsis thaliana	3702	Myb
MA1181.1	Q9FNV9	Arabidopsis thaliana	3702	Myb
MA1182.1	Q8RWU3	Arabidopsis thaliana	3702	Myb-related
MA1183.1	Q8H0W3	Arabidopsis thaliana	3702	Myb-related
MA1184.1	F4KGY6	Arabidopsis thaliana	3702	Myb-related
MA1185.1	F4HQG9	Arabidopsis thaliana	3702	Myb-related
MA1186.1	Unknown	Arabidopsis thaliana	3702	Myb-related
MA1187.1	Q6R0G4	Arabidopsis thaliana	3702	Myb-related
MA1188.1	Unknown	Arabidopsis thaliana	3702	Myb-related
MA1189.1	Q9FKF9	Arabidopsis thaliana	3702	Myb-related
MA1190.1	C0SVG5	Arabidopsis thaliana	3702	Myb-related
MA1191.1	F4J2J6	Arabidopsis thaliana	3702	Myb-related
MA1192.1	Unknown	Arabidopsis thaliana	3702	Myb-related
MA1193.1	Unknown	Arabidopsis thaliana	3702	Myb-related
MA1194.1	Unknown	Arabidopsis thaliana	3702	Myb-related
MA1195.1	Unknown	Arabidopsis thaliana	3702	Myb-related
MA1196.1	Unknown	Arabidopsis thaliana	3702	Myb-related
MA1197.1	Q9FY74	Arabidopsis thaliana	3702	CAMTA
MA1198.1	P46601	Arabidopsis thaliana	3702	Unknown
MA1199.1	A2RVQ5	Arabidopsis thaliana	3702	Unknown
MA1200.1	Q9S7Q7	Arabidopsis thaliana	3702	Unknown
MA1201.1	Q9FIS1	Arabidopsis thaliana	3702	Unknown
MA1202.1	Q9C960	Arabidopsis thaliana	3702	Unknown
MA1203.1	Q9SA07	Arabidopsis thaliana	3702	Unknown
MA1204.1	Q38837	Arabidopsis thaliana	3702	Unknown
MA1205.1	P29386	Arabidopsis thaliana	3702	Unknown
MA1206.1	Q94JM3	Arabidopsis thaliana	3702	Unknown
MA1207.1	Q9SDW0	Arabidopsis thaliana	3702	Trihelix
MA1208.1	Q39117	Arabidopsis thaliana	3702	Trihelix
MA1209.1	Q8LAT0	Arabidopsis thaliana	3702	Unknown
MA1210.1	P46604	Arabidopsis thaliana	3702	Unknown
MA1211.1	A9Z1E8	Arabidopsis thaliana	3702	Unknown
MA1212.1	Q8LC03	Arabidopsis thaliana	3702	Unknown
MA1213.1	Q9ZU70	Arabidopsis thaliana	3702	HD-ZIP factors
MA1214.1	O23208	Arabidopsis thaliana	3702	HD-ZIP factors
MA1215.1	Q9LVR0	Arabidopsis thaliana	3702	HD-ZIP factors
MA1216.1	Q8LC30	Arabidopsis thaliana	3702	Unknown
MA1217.1	Q9SYS6	Arabidopsis thaliana	3702	Unknown
MA1218.1	Q9FJ93	Arabidopsis thaliana	3702	Unknown
MA1219.1	Unknown	Arabidopsis thaliana	3702	Unknown
MA1220.1	Q39127	Arabidopsis thaliana	3702	Unknown
MA1221.1	Q7G1L2	Arabidopsis thaliana	3702	Unknown
MA1222.1	Q9LPE8	Arabidopsis thaliana	3702	Unknown
MA1223.1	Q9M210	Arabidopsis thaliana	3702	Unknown
MA1224.1	P93835	Arabidopsis thaliana	3702	Unknown
MA1225.1	O80341	Arabidopsis thaliana	3702	Unknown
MA1226.1	P61827	Arabidopsis thaliana	3702	Unknown
MA1227.1	Q38Q39	Arabidopsis thaliana	3702	Unknown
MA1228.1	Q8LBQ7	Arabidopsis thaliana	3702	Unknown
MA1229.1	Q8LBQ7	Arabidopsis thaliana	3702	Unknown
MA1230.1	O80654	Arabidopsis thaliana	3702	Unknown
MA1231.1	Q8VYM0	Arabidopsis thaliana	3702	Unknown
MA1232.1	Q9M0J3	Arabidopsis thaliana	3702	Unknown
MA1233.1	Q9C912	Arabidopsis thaliana	3702	Unknown
MA1234.1	Q84QC2	Arabidopsis thaliana	3702	Unknown
MA1235.1	Q6J9N8	Arabidopsis thaliana	3702	Unknown
MA1236.1	Unknown	Arabidopsis thaliana	3702	Unknown
MA1237.1	Q9SUK8	Arabidopsis thaliana	3702	Unknown
MA1238.1	Q9ZQP3	Arabidopsis thaliana	3702	Unknown
MA1239.1	Q9FKG1	Arabidopsis thaliana	3702	Unknown
MA1240.1	Q9ZWA2	Arabidopsis thaliana	3702	Unknown
MA1241.1	Q9M080	Arabidopsis thaliana	3702	Unknown
MA1242.1	Q9SVX5	Arabidopsis thaliana	3702	Unknown
MA1243.1	O80917	Arabidopsis thaliana	3702	Unknown
MA1244.1	Q9FGF8	Arabidopsis thaliana	3702	Unknown
MA1245.1	P93007	Arabidopsis thaliana	3702	Unknown
MA1246.1	Q9M644	Arabidopsis thaliana	3702	Unknown
MA1247.1	Q9FZ90	Arabidopsis thaliana	3702	Unknown
MA1248.1	Q9SFE4	Arabidopsis thaliana	3702	Unknown
MA1249.1	Q9SW63	Arabidopsis thaliana	3702	Unknown
MA1250.1	Q9LQZ2	Arabidopsis thaliana	3702	Unknown
MA1251.1	Q8W3M3	Arabidopsis thaliana	3702	Unknown
MA1252.1	Q6J9Q2	Arabidopsis thaliana	3702	Unknown
MA1253.1	Q9LU18	Arabidopsis thaliana	3702	Unknown
MA1254.1	Q8L9k1	Arabidopsis thaliana	3702	Unknown
MA1255.1	O80542	Arabidopsis thaliana	3702	Unknown
MA1256.1	Q9SSA8	Arabidopsis thaliana	3702	Unknown
MA1257.1	Q9FE67	Arabidopsis thaliana	3702	Unknown
MA1258.1	Unknown	Arabidopsis thaliana	3702	Unknown
MA1259.1	Q1ECI2	Arabidopsis thaliana	3702	Unknown
MA1260.1	Q9CAP4	Arabidopsis thaliana	3702	Unknown
MA1261.1	Q38Q40	Arabidopsis thaliana	3702	Unknown
MA1262.1	O80338	Arabidopsis thaliana	3702	Unknown
MA1263.1	Q9SKW5	Arabidopsis thaliana	3702	Unknown
MA1264.1	A0A178VAV2	Arabidopsis thaliana	3702	Unknown
MA1265.1	Q6NLD5	Arabidopsis thaliana	3702	Unknown
MA1266.1	Q6J9S1	Arabidopsis thaliana	3702	Unknown
MA1267.1	Q9FGD6	Arabidopsis thaliana	3702	Dof-type
MA1268.1	Q9SEZ3	Arabidopsis thaliana	3702	Dof-type
MA1269.1	O49550	Arabidopsis thaliana	3702	Dof-type
MA1270.1	Q9M1E6	Arabidopsis thaliana	3702	Dof-type
MA1271.1	Q9ZPY0	Arabidopsis thaliana	3702	Dof-type
MA1272.1	Q9ZV33	Arabidopsis thaliana	3702	Dof-type
MA1273.1	Q9SUB1	Arabidopsis thaliana	3702	Dof-type
MA1274.1	Q9M2U1	Arabidopsis thaliana	3702	Dof-type
MA1275.1	Q9SX97	Arabidopsis thaliana	3702	Dof-type
MA1276.1	Q9SVC5	Arabidopsis thaliana	3702	Dof-type
MA1277.1	O82155	Arabidopsis thaliana	3702	Dof-type
MA1278.1	Q39088	Arabidopsis thaliana	3702	Dof-type
MA1279.1	P68350	Arabidopsis thaliana	3702	Dof-type
MA1280.1	Q8LDR0	Arabidopsis thaliana	3702	Dof-type
MA1281.1	Q9LZ56	Arabidopsis thaliana	3702	Dof-type
MA1282.1	Q9S7W5	Arabidopsis thaliana	3702	TCP domain
MA1283.1	Q93Z00	Arabidopsis thaliana	3702	TCP domain
MA1284.1	Q9FYG7	Arabidopsis thaliana	3702	TCP domain
MA1285.1	O64647	Arabidopsis thaliana	3702	TCP domain
MA1286.1	Q9C758	Arabidopsis thaliana	3702	TCP domain
MA1287.1	Q9FTA2	Arabidopsis thaliana	3702	TCP domain
MA1288.1	Q9C7G4	Arabidopsis thaliana	3702	TCP domain
MA1289.1	Q9MAH8	Arabidopsis thaliana	3702	TCP domain
MA1290.1	Q9LEZ9	Arabidopsis thaliana	3702	TCP domain
MA1291.1	Q9FMX2	Arabidopsis thaliana	3702	TCP domain
MA1292.1	Q9SCP1	Arabidopsis thaliana	3702	TCP domain
MA1293.1	Q9SSA1	Arabidopsis thaliana	3702	TCP domain
MA1294.1	Q9C9G7	Arabidopsis thaliana	3702	TCP domain
MA1295.1	Q93WV0	Arabidopsis thaliana	3702	Unknown
MA1296.1	Q9SKD9	Arabidopsis thaliana	3702	Unknown
MA1297.1	Q9C5T3	Arabidopsis thaliana	3702	Unknown
MA1298.1	Q9SUS1	Arabidopsis thaliana	3702	Unknown
MA1299.1	Q9SJA8	Arabidopsis thaliana	3702	Unknown
MA1300.1	Q9C519	Arabidopsis thaliana	3702	Unknown
MA1301.1	Q8S8P5	Arabidopsis thaliana	3702	Unknown
MA1302.1	Q9LP56	Arabidopsis thaliana	3702	Unknown
MA1303.1	O04609	Arabidopsis thaliana	3702	Unknown
MA1304.1	Q9SJ09	Arabidopsis thaliana	3702	Unknown
MA1305.1	Q9SHB5	Arabidopsis thaliana	3702	Unknown
MA1306.1	Q9SV15	Arabidopsis thaliana	3702	Unknown
MA1307.1	Q93WT0	Arabidopsis thaliana	3702	Unknown
MA1308.1	Q9LY00	Arabidopsis thaliana	3702	Unknown
MA1309.1	Q9ZQ70	Arabidopsis thaliana	3702	Unknown
MA1310.1	Q9XEC3	Arabidopsis thaliana	3702	Unknown
MA1311.1	Q8VWJ2	Arabidopsis thaliana	3702	Unknown
MA1312.1	Q9ZSI7	Arabidopsis thaliana	3702	Unknown
MA1313.1	Q9STX0	Arabidopsis thaliana	3702	Unknown
MA1314.1	Q9SA80	Arabidopsis thaliana	3702	Unknown
MA1315.1	Q9FFS3	Arabidopsis thaliana	3702	Unknown
MA1316.1	Q93WV4	Arabidopsis thaliana	3702	Unknown
MA1317.1	Q8VWQ5	Arabidopsis thaliana	3702	Unknown
MA1318.1	Q9FLX8	Arabidopsis thaliana	3702	Unknown
MA1319.1	P93015	Arabidopsis thaliana	3702	Unknown
MA1320.1	Q9M2Q6	Arabidopsis thaliana	3702	Unknown
MA1321.1	B9DI20	Arabidopsis thaliana	3702	Unknown
MA1322.1	Q700W2	Arabidopsis thaliana	3702	Unknown
MA1323.1	Q6QPM2	Arabidopsis thaliana	3702	GATA-type zinc fingers
MA1324.1	Q9ZPX0	Arabidopsis thaliana	3702	GATA-type zinc fingers
MA1325.1	Q9M1U2	Arabidopsis thaliana	3702	GATA-type zinc fingers
MA1326.1	Q9FRL5	Arabidopsis thaliana	3702	ZF-HD
MA1327.1	Unknown	Arabidopsis thaliana	3702	ZF-HD
MA1328.1	Q8LFD3	Arabidopsis thaliana	3702	ZF-HD
MA1329.1	Unknown	Arabidopsis thaliana	3702	ZF-HD
MA1330.1	Unknown	Arabidopsis thaliana	3702	ZF-HD
MA1331.1	Q9ZV88	Arabidopsis thaliana	3702	BES1
MA1332.1	Q94A43	Arabidopsis thaliana	3702	BES2
MA1333.1	O49404	Arabidopsis thaliana	3702	BES3
MA1334.1	O65683	Arabidopsis thaliana	3702	Unknown
MA1335.1	Q39162	Arabidopsis thaliana	3702	Unknown
MA1336.1	Q39234	Arabidopsis thaliana	3702	Unknown
MA1337.1	C0Z2L5	Arabidopsis thaliana	3702	Unknown
MA1338.1	Q9LES3	Arabidopsis thaliana	3702	Unknown
MA1339.1	Q9FMC2	Arabidopsis thaliana	3702	Unknown
MA1340.1	Q9LFU3	Arabidopsis thaliana	3702	Unknown
MA1341.1	Q9LZP8	Arabidopsis thaliana	3702	Unknown
MA1342.1	Q93ZE2	Arabidopsis thaliana	3702	Unknown
MA1343.1	Q8VWG0	Arabidopsis thaliana	3702	Unknown
MA1344.1	Q9SG86	Arabidopsis thaliana	3702	Unknown
MA1345.1	Q8RU59	Arabidopsis thaliana	3702	Unknown
MA1346.1	E3VNM4	Arabidopsis thaliana	3702	Unknown
MA1347.1	Q84LG2	Arabidopsis thaliana	3702	Unknown
MA1348.1	Q93XM6	Arabidopsis thaliana	3702	Unknown
MA1349.1	Q501B2	Arabidopsis thaliana	3702	Unknown
MA1350.1	Q9LW45	Arabidopsis thaliana	3702	Unknown
MA1351.1	Q42510	Arabidopsis thaliana	3702	Unknown
MA1352.1	Q8L7L8	Arabidopsis thaliana	3702	Myb-related
MA1353.1	F4IEY4	Arabidopsis thaliana	3702	Myb-related
MA1354.1	Q700D7	Arabidopsis thaliana	3702	Myb-related
MA1355.1	Q9JFW5	Arabidopsis thaliana	3702	Myb-related
MA1356.1	Q9SNB9	Arabidopsis thaliana	3702	Myb-related
MA1357.1	Q9C8P8	Arabidopsis thaliana	3702	Unknown
MA1358.1	Q66GR3	Arabidopsis thaliana	3702	Unknown
MA1359.1	Q0JXE7	Arabidopsis thaliana	3702	Unknown
MA1360.1	Q6NKN9	Arabidopsis thaliana	3702	Unknown
MA1361.1	Q1PF17	Arabidopsis thaliana	3702	Unknown
MA1362.1	Q9LK48	Arabidopsis thaliana	3702	Unknown
MA1363.1	Q8S3D5	Arabidopsis thaliana	3702	Unknown
MA1364.1	Q570R7	Arabidopsis thaliana	3702	Unknown
MA1365.1	Unknown	Arabidopsis thaliana	3702	Trihelix
MA1366.1	Unknown	Arabidopsis thaliana	3702	Trihelix
MA1367.1	Unknown	Arabidopsis thaliana	3702	Trihelix
MA1368.1	Q9LU92	Arabidopsis thaliana	3702	Trihelix
MA1369.1	Q9M2E8	Arabidopsis thaliana	3702	Unknown
MA1370.1	Q9ZUL3	Arabidopsis thaliana	3702	Unknown
MA1371.1	Q8GYC1	Arabidopsis thaliana	3702	Unknown
MA1372.1	Q96289	Arabidopsis thaliana	3702	Unknown
MA1373.1	Q9SCQ6	Arabidopsis thaliana	3702	Unknown
MA1374.1	Q8H1F5	Arabidopsis thaliana	3702	Unknown
MA1375.1	Q0WV12	Arabidopsis thaliana	3702	HD-ZIP factors
MA1376.1	Unknown	Arabidopsis thaliana	3702	Unknown
MA1377.1	Q5YGP8	Arabidopsis thaliana	3702	Unknown
MA1378.1	Unknown	Arabidopsis thaliana	3702	Unknown
MA1379.1	Q9M9H7	Arabidopsis thaliana	3702	CPP
MA1380.1	Q9SL70	Arabidopsis thaliana	3702	CPP
MA1381.1	Q9LX86	Arabidopsis thaliana	3702	Unknown
MA1382.1	Q9SWG3	Arabidopsis thaliana	3702	C3H Zinc Figer
MA1383.1	Q9C616	Arabidopsis thaliana	3702	G2-like
MA1384.1	Q9SJW0	Arabidopsis thaliana	3702	G2-like
MA1385.1	Unknown	Arabidopsis thaliana	3702	G2-like
MA1386.1	Q9FPE8	Arabidopsis thaliana	3702	G2-like
MA1387.1	Q9FX67	Arabidopsis thaliana	3702	G2-like
MA1388.1	Q94A57	Arabidopsis thaliana	3702	G2-like
MA1389.1	Q8GUN5	Arabidopsis thaliana	3702	G2-like
MA1390.1	Q8VZS3	Arabidopsis thaliana	3702	G2-like
MA1391.1	Q8W1W6	Arabidopsis thaliana	3702	Myb
MA1392.1	Q9S7L2	Arabidopsis thaliana	3702	Myb
MA1393.1	Unknown	Arabidopsis thaliana	3702	Myb
MA1394.1	Unknown	Arabidopsis thaliana	3702	Myb
MA1395.1	Unknown	Arabidopsis thaliana	3702	Myb
MA1396.1	Q9SD38	Arabidopsis thaliana	3702	GATA-type zinc fingers
MA1397.1	Unknown	Arabidopsis thaliana	3702	Myb-related
MA1398.1	Q9LVS0	Arabidopsis thaliana	3702	Myb-related
MA1399.1	Q9FNN6	Arabidopsis thaliana	3702	Myb-related
MA1400.1	Unknown	Arabidopsis thaliana	3702	Myb-related
MA1401.1	B3H5A8	Arabidopsis thaliana	3702	Myb-related
MA1402.1	Q8L999	Arabidopsis thaliana	3702	BBR-BPC
MA1403.1	F4JUI3	Arabidopsis thaliana	3702	BBR-BPC
MA1404.1	Q9SKD0	Arabidopsis thaliana	3702	BBR-BPC
MA1405.1	I3NN78	Solanum lycopersicum	4081	Unknown
MA1406.1	P92953	Arabidopsis thaliana	3702	HD-ZIP factors
MA1407.1	Q84JK2	Phaeodactylum tricornutum	2850	Unknown
MA1408.1	Unknown	Fragaria x ananassa	3747	Myb-related
MA1409.1	Q5SML5	Oryza sativa	4530	ARR
MA1410.1	Unknown	Solanum lycopersicum	4081	TCP domain
MA1411.1	Unknown	Medicago truncatula	3880	Unknown
MA1412.1	Unknown	Medicago truncatula	3880	Unknown
MA1413.1	F4JRB0	Arabidopsis thaliana	3702	Myb-related
MA1414.1	Q9FNY0	Arabidopsis thaliana	3702	E2F
MA1415.1	Q9STM3	Arabidopsis thaliana	3702	Unknown
MA1416.1	Unknown	Zea mays	4577	Unknown
MA1417.1	P12959	Zea mays	4577	Unknown
MA1418.1	Q14653	Homo sapiens	9606	Interferon-regulatory factors  
MA1419.1	Q15306	Homo sapiens	9606	Interferon-regulatory factors  
MA1420.1	Q13568	Homo sapiens	9606	Interferon-regulatory factors  
MA1421.1	Q9HCS4	Homo sapiens	9606	TCF-7-related factors
